2024-04-22 17:48:33,293 [INFO] Activator:176 - 


2024-04-22 17:48:33,302 [INFO] Activator:177 - !SESSION log4j initialized
2024-04-22 17:48:44,129 [INFO] LogOutputStream:77 - [STDOUT_REDIRECT] 
2024-04-22 17:48:48,255 [INFO] ApplicationProperties:184 - Using Application install path: C:\ST\STM32CubeIDE_1.15.0\STM32CubeIDE\plugins\com.st.stm32cube.common.mx_6.11.0.202403141607
2024-04-22 17:48:48,292 [INFO] DbMcusXml:78 - Set database path to: C:\ST\STM32CubeIDE_1.15.0\STM32CubeIDE\plugins\com.st.stm32cube.common.mx_6.11.0.202403141607\\db\/mcu/
2024-04-22 17:48:48,292 [INFO] ApiDb:274 - Set plugin database path to: C:\ST\STM32CubeIDE_1.15.0\STM32CubeIDE\plugins\com.st.stm32cube.common.mx_6.11.0.202403141607\\db\/plugins/boardmanager/
2024-04-22 17:48:48,293 [WARN] ApiDb:259 - Overriding images path with different value:  => C:\ST\STM32CubeIDE_1.15.0\STM32CubeIDE\plugins\com.st.stm32cube.common.mx_6.11.0.202403141607\\db\/plugins/mcufinder/images/
2024-04-22 17:48:48,311 [INFO] ApiDb:250 - Set database path to: C:\Users\shrey\.stmcufinder\plugins\mcufinder//mcu/
2024-04-22 17:48:48,313 [INFO] DbMcusAds:125 - Set database path to: C:\Users\shrey\.stmcufinder\plugins\mcufinder//mcu/
2024-04-22 17:48:48,316 [INFO] CrossReferenceDbSqlite:203 - Set database path to: C:\Users\shrey\.stmcufinder\plugins\mcufinder//mcu/cs/
2024-04-22 17:48:48,545 [INFO] RulesReader:64 - Compatibility file has been processed (297 Rules)
2024-04-22 17:48:48,671 [INFO] DbMcusXml:78 - Set database path to: C:\ST\STM32CubeIDE_1.15.0\STM32CubeIDE\plugins\com.st.stm32cube.common.mx_6.11.0.202403141607\\db\/mcu/
2024-04-22 17:48:48,671 [INFO] ApiDb:274 - Set plugin database path to: C:\ST\STM32CubeIDE_1.15.0\STM32CubeIDE\plugins\com.st.stm32cube.common.mx_6.11.0.202403141607\\db\/plugins/boardmanager/
2024-04-22 17:48:48,671 [INFO] ApiDb:261 - Set plugin images path to: C:\ST\STM32CubeIDE_1.15.0\STM32CubeIDE\plugins\com.st.stm32cube.common.mx_6.11.0.202403141607\\db\/plugins/mcufinder/images/
2024-04-22 17:48:48,672 [WARN] DbFile:41 - Overriding database path with different value: C:\Users\shrey\.stmcufinder\plugins\mcufinder/ => C:\Users\shrey\.stmcufinder\plugins\mcufinder
2024-04-22 17:48:48,672 [INFO] ApiDb:250 - Set database path to: C:\Users\shrey\.stmcufinder\plugins\mcufinder//mcu/
2024-04-22 17:48:48,672 [WARN] DbFile:41 - Overriding database path with different value: C:\Users\shrey\.stmcufinder\plugins\mcufinder/ => C:\Users\shrey\.stmcufinder\plugins\mcufinder
2024-04-22 17:48:48,672 [INFO] DbMcusAds:125 - Set database path to: C:\Users\shrey\.stmcufinder\plugins\mcufinder//mcu/
2024-04-22 17:48:48,672 [WARN] DbFile:41 - Overriding database path with different value: C:\Users\shrey\.stmcufinder\plugins\mcufinder/ => C:\Users\shrey\.stmcufinder\plugins\mcufinder
2024-04-22 17:48:48,672 [WARN] DbFile:41 - Overriding database path with different value: C:\Users\shrey\.stmcufinder\plugins\mcufinder/ => C:\Users\shrey\.stmcufinder\plugins\mcufinder
2024-04-22 17:48:48,672 [INFO] CrossReferenceDbSqlite:203 - Set database path to: C:\Users\shrey\.stmcufinder\plugins\mcufinder//mcu/cs/
2024-04-22 17:48:48,790 [INFO] MainPanel:264 - HeapMemory: 268435456
2024-04-22 17:48:48,941 [INFO] DbMcusXml:78 - Set database path to: C:\ST\STM32CubeIDE_1.15.0\STM32CubeIDE\plugins\com.st.stm32cube.common.mx_6.11.0.202403141607\\db\/mcu/
2024-04-22 17:48:48,942 [INFO] ApiDb:274 - Set plugin database path to: C:\ST\STM32CubeIDE_1.15.0\STM32CubeIDE\plugins\com.st.stm32cube.common.mx_6.11.0.202403141607\\db\/plugins/boardmanager/
2024-04-22 17:48:48,942 [INFO] ApiDb:261 - Set plugin images path to: C:\ST\STM32CubeIDE_1.15.0\STM32CubeIDE\plugins\com.st.stm32cube.common.mx_6.11.0.202403141607\\db\/plugins/mcufinder/images/
2024-04-22 17:48:48,942 [WARN] DbFile:41 - Overriding database path with different value: C:\Users\shrey\.stmcufinder\plugins\mcufinder/ => C:\Users\shrey\.stmcufinder\plugins\mcufinder
2024-04-22 17:48:48,942 [INFO] ApiDb:250 - Set database path to: C:\Users\shrey\.stmcufinder\plugins\mcufinder//mcu/
2024-04-22 17:48:48,942 [WARN] DbFile:41 - Overriding database path with different value: C:\Users\shrey\.stmcufinder\plugins\mcufinder/ => C:\Users\shrey\.stmcufinder\plugins\mcufinder
2024-04-22 17:48:48,943 [INFO] DbMcusAds:125 - Set database path to: C:\Users\shrey\.stmcufinder\plugins\mcufinder//mcu/
2024-04-22 17:48:48,943 [WARN] DbFile:41 - Overriding database path with different value: C:\Users\shrey\.stmcufinder\plugins\mcufinder/ => C:\Users\shrey\.stmcufinder\plugins\mcufinder
2024-04-22 17:48:48,943 [WARN] DbFile:41 - Overriding database path with different value: C:\Users\shrey\.stmcufinder\plugins\mcufinder/ => C:\Users\shrey\.stmcufinder\plugins\mcufinder
2024-04-22 17:48:48,943 [INFO] CrossReferenceDbSqlite:203 - Set database path to: C:\Users\shrey\.stmcufinder\plugins\mcufinder//mcu/cs/
2024-04-22 17:48:48,968 [INFO] ApplicationProperties:184 - Using Application install path: C:\ST\STM32CubeIDE_1.15.0\STM32CubeIDE\plugins\com.st.stm32cube.common.mx_6.11.0.202403141607
2024-04-22 17:48:48,970 [INFO] PluginManage:196 - Search for loadable plugins [exclusion list=, ]
2024-04-22 17:48:48,973 [INFO] PluginManage:310 - Check plugin analytics
2024-04-22 17:48:49,257 [INFO] AnalyticsPlugin:253 - Accepted Software Licenses: 
2024-04-22 17:48:49,258 [INFO] AnalyticsPlugin:255 - Accepted CMSIS Pack Licenses: 
2024-04-22 17:48:49,259 [INFO] AnalyticsPlugin:257 - Accepted Firmware Licenses: 
2024-04-22 17:48:49,263 [INFO] PluginManage:359 - Loaded plugin analytics (category:tool,tabindex:-1)
2024-04-22 17:48:49,263 [INFO] PluginManage:310 - Check plugin cadmodel
2024-04-22 17:48:49,290 [INFO] CADModel:105 - Init CAD model plugin
2024-04-22 17:48:49,291 [INFO] PluginManage:359 - Loaded plugin cadmodel (category:power,tabindex:5)
2024-04-22 17:48:49,292 [INFO] PluginManage:310 - Check plugin clock
2024-04-22 17:48:49,327 [INFO] PluginManage:359 - Loaded plugin clock (category:base,tabindex:2)
2024-04-22 17:48:49,328 [INFO] PluginManage:310 - Check plugin ddr
2024-04-22 17:48:49,332 [INFO] PluginManage:359 - Loaded plugin ddr (category:tool,tabindex:6)
2024-04-22 17:48:49,333 [INFO] PluginManage:310 - Check plugin filemanager
2024-04-22 17:48:49,544 [INFO] PluginManage:359 - Loaded plugin filemanager (category:base,tabindex:10)
2024-04-22 17:48:49,544 [INFO] PluginManage:310 - Check plugin ipmanager
2024-04-22 17:48:49,554 [INFO] PluginManage:359 - Loaded plugin ipmanager (category:base,tabindex:5)
2024-04-22 17:48:49,554 [INFO] PluginManage:310 - Check plugin lpbam
2024-04-22 17:48:49,577 [INFO] PluginManage:359 - Loaded plugin lpbam (category:base,tabindex:0)
2024-04-22 17:48:49,577 [INFO] PluginManage:310 - Check plugin memorymap
2024-04-22 17:48:49,608 [INFO] PluginManage:359 - Loaded plugin memorymap (category:base,tabindex:4)
2024-04-22 17:48:49,608 [INFO] PluginManage:310 - Check plugin pinoutandconfiguration
2024-04-22 17:48:49,627 [INFO] PluginManage:359 - Loaded plugin pinoutandconfiguration (category:base,tabindex:1)
2024-04-22 17:48:49,627 [INFO] PluginManage:310 - Check plugin pinoutconfig
2024-04-22 17:48:49,746 [WARN] SupportedApi:132 - Cannot load RTOS API schema: s4s-elt-must-match.1: The content of 'definitions' must match (annotation?, (simpleType | complexType)?, (unique | key | keyref)*)). A problem was found starting at: attribute.
2024-04-22 17:48:49,915 [INFO] PluginManage:359 - Loaded plugin pinoutconfig (category:base,tabindex:0)
2024-04-22 17:48:49,915 [INFO] PluginManage:310 - Check plugin power
2024-04-22 17:48:49,940 [INFO] PluginManage:359 - Loaded plugin power (category:power,tabindex:4)
2024-04-22 17:48:49,940 [INFO] PluginManage:310 - Check plugin projectmanager
2024-04-22 17:48:49,957 [INFO] PluginManage:359 - Loaded plugin projectmanager (category:projectmanager,tabindex:3)
2024-04-22 17:48:49,957 [INFO] PluginManage:310 - Check plugin thirdparty
2024-04-22 17:48:50,339 [INFO] PluginManage:359 - Loaded plugin thirdparty (category:base,tabindex:-1)
2024-04-22 17:48:50,340 [INFO] PluginManage:310 - Check plugin tools
2024-04-22 17:48:50,339 [WARN] IntegrityCheckThread:84 - waiting for thirdparty lock release [integrity check]
2024-04-22 17:48:50,342 [INFO] IntegrityCheckThread:86 - entering critical section [integrity check]
2024-04-22 17:48:50,342 [INFO] ThirdPartyUpdaterWithRetryManager:70 - Updater plugin not ready yet. [1/15]
2024-04-22 17:48:50,392 [INFO] PluginManage:359 - Loaded plugin tools (category:base,tabindex:7)
2024-04-22 17:48:50,392 [INFO] PluginManage:310 - Check plugin tutovideos
2024-04-22 17:48:50,903 [INFO] PluginManage:359 - Loaded plugin tutovideos (category:base,tabindex:-1)
2024-04-22 17:48:50,903 [INFO] PluginManage:310 - Check plugin updater
2024-04-22 17:48:50,925 [INFO] PluginManage:359 - Loaded plugin updater (category:base,tabindex:12)
2024-04-22 17:48:50,925 [INFO] PluginManage:310 - Check plugin userauth
2024-04-22 17:48:50,935 [INFO] UserAuth:114 - Init User Auth plugin
2024-04-22 17:48:50,935 [INFO] PluginManage:359 - Loaded plugin userauth (category:base,tabindex:14)
2024-04-22 17:48:50,936 [INFO] PluginManage:283 - PluginManage : Loaded plugins [17]
2024-04-22 17:48:51,593 [INFO] PinOutPanel:1561 - setPackage(No Configuration,No Configuration)
2024-04-22 17:48:51,728 [INFO] CADModel:165 - CPN selected for project level
2024-04-22 17:48:51,728 [INFO] CADModel:114 - Register for checkConnection events
2024-04-22 17:48:51,770 [INFO] IPUIPlugin:80 - create IPUIPlugin
2024-04-22 17:48:51,771 [INFO] PluginManager:220 - loadIPPluginJar : add adc
2024-04-22 17:48:51,833 [INFO] IPUIPlugin:80 - create IPUIPlugin
2024-04-22 17:48:51,834 [INFO] PluginManager:220 - loadIPPluginJar : add aes
2024-04-22 17:48:51,925 [INFO] IPUIPlugin:80 - create IPUIPlugin
2024-04-22 17:48:51,925 [INFO] PluginManager:220 - loadIPPluginJar : add can
2024-04-22 17:48:51,966 [INFO] IPUIPlugin:80 - create IPUIPlugin
2024-04-22 17:48:51,966 [INFO] PluginManager:220 - loadIPPluginJar : add comp
2024-04-22 17:48:52,036 [INFO] IPUIPlugin:80 - create IPUIPlugin
2024-04-22 17:48:52,037 [INFO] PluginManager:220 - loadIPPluginJar : add cryp
2024-04-22 17:48:52,100 [INFO] IPUIPlugin:80 - create IPUIPlugin
2024-04-22 17:48:52,100 [INFO] PluginManager:220 - loadIPPluginJar : add dfsdm
2024-04-22 17:48:52,130 [INFO] IPUIPlugin:80 - create IPUIPlugin
2024-04-22 17:48:52,131 [INFO] PluginManager:220 - loadIPPluginJar : add dma
2024-04-22 17:48:52,214 [INFO] IPUIPlugin:80 - create IPUIPlugin
2024-04-22 17:48:52,216 [INFO] PluginManager:220 - loadIPPluginJar : add dma3
2024-04-22 17:48:52,375 [INFO] IPUIPlugin:80 - create IPUIPlugin
2024-04-22 17:48:52,375 [INFO] PluginManager:220 - loadIPPluginJar : add extmemmanager
2024-04-22 17:48:52,421 [INFO] IPUIPlugin:80 - create IPUIPlugin
2024-04-22 17:48:52,422 [INFO] PluginManager:220 - loadIPPluginJar : add fatfs
2024-04-22 17:48:52,498 [INFO] IPUIPlugin:80 - create IPUIPlugin
2024-04-22 17:48:52,498 [INFO] PluginManager:220 - loadIPPluginJar : add fmc
2024-04-22 17:48:52,524 [INFO] IPUIPlugin:80 - create IPUIPlugin
2024-04-22 17:48:52,524 [INFO] PluginManager:220 - loadIPPluginJar : add freertos
2024-04-22 17:48:52,562 [INFO] IPUIPlugin:80 - create IPUIPlugin
2024-04-22 17:48:52,562 [INFO] PluginManager:220 - loadIPPluginJar : add genericplugin
2024-04-22 17:48:52,726 [INFO] IPUIPlugin:80 - create IPUIPlugin
2024-04-22 17:48:52,727 [INFO] PluginManager:220 - loadIPPluginJar : add gfxmmu
2024-04-22 17:48:52,931 [INFO] IPUIPlugin:80 - create IPUIPlugin
2024-04-22 17:48:52,931 [INFO] PluginManager:220 - loadIPPluginJar : add gic
2024-04-22 17:48:52,952 [INFO] IPUIPlugin:80 - create IPUIPlugin
2024-04-22 17:48:52,952 [INFO] PluginManager:220 - loadIPPluginJar : add gpio
2024-04-22 17:48:53,054 [INFO] IPUIPlugin:80 - create IPUIPlugin
2024-04-22 17:48:53,054 [INFO] PluginManager:220 - loadIPPluginJar : add gtzc
2024-04-22 17:48:53,092 [INFO] IPUIPlugin:80 - create IPUIPlugin
2024-04-22 17:48:53,092 [INFO] PluginManager:220 - loadIPPluginJar : add hash
2024-04-22 17:48:53,153 [INFO] IPUIPlugin:80 - create IPUIPlugin
2024-04-22 17:48:53,153 [INFO] PluginManager:220 - loadIPPluginJar : add i2c
2024-04-22 17:48:53,195 [INFO] IPUIPlugin:80 - create IPUIPlugin
2024-04-22 17:48:53,195 [INFO] PluginManager:220 - loadIPPluginJar : add i2s
2024-04-22 17:48:53,239 [INFO] IPUIPlugin:80 - create IPUIPlugin
2024-04-22 17:48:53,239 [INFO] PluginManager:220 - loadIPPluginJar : add i3c
2024-04-22 17:48:53,343 [INFO] ThirdPartyUpdaterWithRetryManager:70 - Updater plugin not ready yet. [2/15]
2024-04-22 17:48:53,347 [INFO] IPUIPlugin:80 - create IPUIPlugin
2024-04-22 17:48:53,347 [INFO] PluginManager:220 - loadIPPluginJar : add ipddr
2024-04-22 17:48:53,450 [INFO] IPUIPlugin:80 - create IPUIPlugin
2024-04-22 17:48:53,451 [INFO] PluginManager:220 - loadIPPluginJar : add linkedlist
2024-04-22 17:48:53,495 [INFO] IPUIPlugin:80 - create IPUIPlugin
2024-04-22 17:48:53,495 [INFO] PluginManager:220 - loadIPPluginJar : add lorawan
2024-04-22 17:48:53,537 [INFO] IPUIPlugin:80 - create IPUIPlugin
2024-04-22 17:48:53,538 [INFO] PluginManager:220 - loadIPPluginJar : add ltdc
2024-04-22 17:48:53,556 [INFO] IPUIPlugin:80 - create IPUIPlugin
2024-04-22 17:48:53,556 [INFO] PluginManager:220 - loadIPPluginJar : add mdma
2024-04-22 17:48:53,568 [INFO] IPUIPlugin:80 - create IPUIPlugin
2024-04-22 17:48:53,569 [INFO] PluginManager:220 - loadIPPluginJar : add nvic
2024-04-22 17:48:53,606 [INFO] IPUIPlugin:80 - create IPUIPlugin
2024-04-22 17:48:53,607 [INFO] PluginManager:220 - loadIPPluginJar : add opamp
2024-04-22 17:48:53,670 [INFO] IPUIPlugin:80 - create IPUIPlugin
2024-04-22 17:48:53,670 [INFO] PluginManager:220 - loadIPPluginJar : add openamp
2024-04-22 17:48:53,716 [INFO] IPUIPlugin:80 - create IPUIPlugin
2024-04-22 17:48:53,716 [INFO] PluginManager:220 - loadIPPluginJar : add pdm2pcm
2024-04-22 17:48:53,732 [INFO] IPUIPlugin:80 - create IPUIPlugin
2024-04-22 17:48:53,734 [INFO] PluginManager:220 - loadIPPluginJar : add plateformsettings
2024-04-22 17:48:53,758 [INFO] IPUIPlugin:80 - create IPUIPlugin
2024-04-22 17:48:53,759 [INFO] PluginManager:220 - loadIPPluginJar : add quadspi
2024-04-22 17:48:53,776 [INFO] IPUIPlugin:80 - create IPUIPlugin
2024-04-22 17:48:53,776 [INFO] PluginManager:220 - loadIPPluginJar : add resmgrutility
2024-04-22 17:48:53,837 [INFO] IPUIPlugin:80 - create IPUIPlugin
2024-04-22 17:48:53,837 [INFO] PluginManager:220 - loadIPPluginJar : add sai
2024-04-22 17:48:53,881 [INFO] IPUIPlugin:80 - create IPUIPlugin
2024-04-22 17:48:53,881 [INFO] PluginManager:220 - loadIPPluginJar : add spi
2024-04-22 17:48:53,953 [INFO] IPUIPlugin:80 - create IPUIPlugin
2024-04-22 17:48:53,954 [INFO] PluginManager:220 - loadIPPluginJar : add stm32_wpan
2024-04-22 17:48:53,979 [INFO] IPUIPlugin:80 - create IPUIPlugin
2024-04-22 17:48:53,979 [INFO] PluginManager:220 - loadIPPluginJar : add tim
2024-04-22 17:48:54,044 [INFO] IPUIPlugin:80 - create IPUIPlugin
2024-04-22 17:48:54,044 [INFO] PluginManager:220 - loadIPPluginJar : add touchsensing
2024-04-22 17:48:54,072 [INFO] IPUIPlugin:80 - create IPUIPlugin
2024-04-22 17:48:54,072 [INFO] PluginManager:220 - loadIPPluginJar : add tracer_emb
2024-04-22 17:48:54,097 [INFO] IPUIPlugin:80 - create IPUIPlugin
2024-04-22 17:48:54,097 [INFO] PluginManager:220 - loadIPPluginJar : add ts
2024-04-22 17:48:54,122 [INFO] IPUIPlugin:80 - create IPUIPlugin
2024-04-22 17:48:54,123 [INFO] PluginManager:220 - loadIPPluginJar : add tsc
2024-04-22 17:48:54,146 [INFO] IPUIPlugin:80 - create IPUIPlugin
2024-04-22 17:48:54,147 [INFO] PluginManager:220 - loadIPPluginJar : add ucpd
2024-04-22 17:48:54,193 [INFO] IPUIPlugin:80 - create IPUIPlugin
2024-04-22 17:48:54,193 [INFO] PluginManager:220 - loadIPPluginJar : add usart
2024-04-22 17:48:54,250 [INFO] IPUIPlugin:80 - create IPUIPlugin
2024-04-22 17:48:54,251 [INFO] PluginManager:220 - loadIPPluginJar : add usbx
2024-04-22 17:48:54,401 [INFO] CADModel:165 - CPN selected for project level
2024-04-22 17:48:54,401 [INFO] CADModel:114 - Register for checkConnection events
2024-04-22 17:48:54,402 [FATAL] Updater:308 - Updater called before beeing initialized
2024-04-22 17:48:54,402 [ERROR] CADModel:125 - Updater not yet initialized, retry later 
2024-04-22 17:48:54,582 [INFO] CADModel:165 - CPN selected for project level
2024-04-22 17:48:54,583 [INFO] CADModel:114 - Register for checkConnection events
2024-04-22 17:48:54,583 [FATAL] Updater:308 - Updater called before beeing initialized
2024-04-22 17:48:54,583 [ERROR] CADModel:125 - Updater not yet initialized, retry later 
2024-04-22 17:48:54,587 [FATAL] Updater:308 - Updater called before beeing initialized
2024-04-22 17:48:54,726 [FATAL] Updater:308 - Updater called before beeing initialized
2024-04-22 17:48:54,736 [INFO] DbMcusAds:53 - JSON generation date=Wed Nov 29 16:22:27 IST 2023 (1701255147349)
2024-04-22 17:48:54,737 [FATAL] Updater:308 - Updater called before beeing initialized
2024-04-22 17:48:54,834 [WARN] DetailPanel:346 - Failed to get advertising image, set to default
2024-04-22 17:48:54,926 [FATAL] Updater:308 - Updater called before beeing initialized
2024-04-22 17:48:54,930 [FATAL] Updater:308 - Updater called before beeing initialized
2024-04-22 17:48:54,930 [FATAL] Updater:308 - Updater called before beeing initialized
2024-04-22 17:48:54,930 [WARN] DetailPanel:346 - Failed to get advertising image, set to default
2024-04-22 17:48:54,931 [FATAL] Updater:308 - Updater called before beeing initialized
2024-04-22 17:48:55,004 [ERROR] Updater:1120 - MainUpdater not yet initialized. External WinMGr cannot be set.
2024-04-22 17:48:55,016 [INFO] Updater:1056 - Updater Version found : 6.11.0
2024-04-22 17:48:55,042 [INFO] ApplicationProperties:184 - Using Application install path: C:\ST\STM32CubeIDE_1.15.0\STM32CubeIDE\plugins\com.st.stm32cube.common.mx_6.11.0.202403141607
2024-04-22 17:48:56,345 [INFO] ThirdPartyUpdaterWithRetryManager:70 - Updater plugin not ready yet. [3/15]
2024-04-22 17:48:56,627 [ERROR] LogOutputStream:75 - [STDERR_REDIRECT] Apr 22, 2024 5:48:56 PM java.util.prefs.WindowsPreferences <init>
2024-04-22 17:48:56,628 [ERROR] LogOutputStream:75 - [STDERR_REDIRECT] WARNING: Could not open/create prefs root node Software\JavaSoft\Prefs at root 0xffffffff80000002. Windows RegCreateKeyEx(...) returned error code 5.
2024-04-22 17:48:56,628 [ERROR] LogOutputStream:75 - [STDERR_REDIRECT] 
2024-04-22 17:48:57,114 [INFO] MainUpdater:2873 - connection check result : 10
2024-04-22 17:48:57,114 [INFO] MainUpdater:3567 - Updater definition file requires update
2024-04-22 17:48:57,115 [INFO] MainUpdater:290 - Updater Check For Update Now.
2024-04-22 17:48:57,116 [INFO] MicroXplorer:498 - Change Database Version : DB.6.0.110
2024-04-22 17:48:57,136 [INFO] McuFinderGlobals:63 - Set McuFinder mode to 2 (CubeIDE integrated)
2024-04-22 17:48:57,149 [INFO] UserAuth:415 - Internet connection configuration mode: 1
2024-04-22 17:48:57,177 [INFO] JxBrowserEngine:152 - Initiate JxBrowser Engine with user profile folder
2024-04-22 17:48:57,375 [INFO] ServerAccessManage:473 - Download File updaters.zip
2024-04-22 17:48:57,589 [INFO] FileExtend:240 - Unzip File : updaters.zip
2024-04-22 17:48:57,589 [INFO] FileExtend:255 - Standard Zip Deflate
2024-04-22 17:48:58,002 [INFO] ServerAccessManage:473 - Download File PacksControlFlags.xml
2024-04-22 17:48:58,193 [INFO] ServerAccessManage:473 - Download File cubemx.pidx
2024-04-22 17:48:58,335 [INFO] LoadServerUpdatesThread:375 - End of LoadServerUpdate Thread
2024-04-22 17:48:58,607 [INFO] CheckServerUpdateThread:120 - End of CheckServer Thread
2024-04-22 17:48:59,711 [WARN] PackLoader:240 - Cannot read IP mode file for STMicroelectronics.FP-SNS-MOTENVWB1.1.4.0
2024-04-22 17:48:59,744 [WARN] PackLoader:240 - Cannot read IP mode file for STMicroelectronics.X-CUBE-SMBUS.2.1.0
2024-04-22 17:48:59,766 [WARN] PackLoader:240 - Cannot read IP mode file for STMicroelectronics.X-CUBE-TOUCHGFX.4.23.1
2024-04-22 17:48:59,785 [WARN] PackLoader:240 - Cannot read IP mode file for STMicroelectronics.X-CUBE-TOUCHGFX.4.23.0
2024-04-22 17:48:59,803 [WARN] PackLoader:240 - Cannot read IP mode file for STMicroelectronics.X-CUBE-TOUCHGFX.4.23.2
2024-04-22 17:48:59,900 [WARN] PackLoader:240 - Cannot read IP mode file for STMicroelectronics.X-CUBE-AZRTOS-F7.1.1.0
2024-04-22 17:48:59,950 [WARN] PackLoader:240 - Cannot read IP mode file for STMicroelectronics.FP-SNS-MOTENV1.4.3.2
2024-04-22 17:48:59,983 [WARN] PackLoader:240 - Cannot read IP mode file for STMicroelectronics.FP-SNS-FLIGHT1.5.0.2
2024-04-22 17:49:00,020 [WARN] PackLoader:240 - Cannot read IP mode file for STMicroelectronics.X-CUBE-DISPLAY.3.0.0
2024-04-22 17:49:00,062 [WARN] PackLoader:240 - Cannot read IP mode file for STMicroelectronics.X-CUBE-BLE1.7.0.0
2024-04-22 17:49:00,085 [WARN] PackLoader:240 - Cannot read IP mode file for emotas.I-CUBE-CANOPEN.1.3.0
2024-04-22 17:49:00,123 [WARN] PackLoader:240 - Cannot read IP mode file for STMicroelectronics.X-CUBE-BLEMGR.3.1.0
2024-04-22 17:49:00,151 [WARN] PackLoader:240 - Cannot read IP mode file for STMicroelectronics.FP-SNS-SMARTAG2.1.2.0
2024-04-22 17:49:00,185 [INFO] LogOutputStream:77 - [STDOUT_REDIRECT] 1 : Invalid condition id : UX_CORESTACK_Condition cause : null
2024-04-22 17:49:00,186 [INFO] LogOutputStream:77 - [STDOUT_REDIRECT] 1 : Invalid condition id : UX_CORESTACK_Condition cause : null
2024-04-22 17:49:00,187 [INFO] LogOutputStream:77 - [STDOUT_REDIRECT] 1 : Invalid condition id : UX_CORESTACK_Condition cause : null
2024-04-22 17:49:00,188 [INFO] LogOutputStream:77 - [STDOUT_REDIRECT] 1 : Invalid condition id : UX_CORESTACK_Condition cause : null
2024-04-22 17:49:00,191 [INFO] LogOutputStream:77 - [STDOUT_REDIRECT] 1 : Invalid condition id : UX_CORESTACK_Condition cause : null
2024-04-22 17:49:00,197 [WARN] PackLoader:240 - Cannot read IP mode file for STMicroelectronics.X-CUBE-AZRTOS-WL.2.0.0
2024-04-22 17:49:00,220 [WARN] PackLoader:240 - Cannot read IP mode file for STMicroelectronics.FP-SNS-MOTENV1.5.0.0
2024-04-22 17:49:00,255 [WARN] PackLoader:240 - Cannot read IP mode file for WES.I-CUBE-Cesium.1.3.0
2024-04-22 17:49:00,279 [WARN] PackLoader:240 - Cannot read IP mode file for STMicroelectronics.X-CUBE-BLE2.3.3.0
2024-04-22 17:49:00,308 [WARN] PackLoader:240 - Cannot read IP mode file for STMicroelectronics.X-CUBE-TCPP.4.1.0
2024-04-22 17:49:00,348 [WARN] PackLoader:240 - Cannot read IP mode file for STMicroelectronics.X-CUBE-ALGOBUILD.1.3.0
2024-04-22 17:49:00,423 [WARN] PackLoader:240 - Cannot read IP mode file for STMicroelectronics.X-CUBE-AZRTOS-G0.1.1.0
2024-04-22 17:49:00,460 [WARN] PackLoader:240 - Cannot read IP mode file for STMicroelectronics.X-CUBE-SAFEA1.1.2.2
2024-04-22 17:49:00,495 [WARN] PackLoader:240 - Cannot read IP mode file for STMicroelectronics.X-CUBE-NFC4.3.0.0
2024-04-22 17:49:00,529 [WARN] PackLoader:240 - Cannot read IP mode file for STMicroelectronics.FP-ATR-SIGFOX1.3.2.0
2024-04-22 17:49:00,563 [WARN] PackLoader:240 - Cannot read IP mode file for STMicroelectronics.X-CUBE-EEPRMA1.5.1.0
2024-04-22 17:49:00,662 [WARN] PackLoader:240 - Cannot read IP mode file for SEGGER.I-CUBE-embOS.1.3.1
2024-04-22 17:49:00,826 [WARN] PackLoader:240 - Cannot read IP mode file for STMicroelectronics.X-CUBE-GNSS1.6.0.0
2024-04-22 17:49:00,916 [WARN] PackLoader:240 - Cannot read IP mode file for STMicroelectronics.X-CUBE-AZRTOS-F4.1.1.0
2024-04-22 17:49:00,956 [WARN] PackLoader:240 - Cannot read IP mode file for wolfSSL.I-CUBE-wolfSSL.5.6.6
2024-04-22 17:49:01,045 [WARN] PackLoader:240 - Cannot read IP mode file for STMicroelectronics.X-CUBE-AZRTOS-L5.2.0.0
2024-04-22 17:49:01,083 [WARN] PackLoader:240 - Cannot read IP mode file for STMicroelectronics.X-CUBE-NFC6.3.1.0
2024-04-22 17:49:01,133 [WARN] PackLoader:240 - Cannot read IP mode file for ITTIA_DB.I-CUBE-ITTIADB.8.8.0
2024-04-22 17:49:01,163 [WARN] PackLoader:240 - Cannot read IP mode file for STMicroelectronics.X-CUBE-AI.9.0.0
2024-04-22 17:49:01,202 [WARN] PackLoader:240 - Cannot read IP mode file for STMicroelectronics.X-CUBE-NFC7.1.0.1
2024-04-22 17:49:01,233 [WARN] PackLoader:240 - Cannot read IP mode file for STMicroelectronics.X-CUBE-AI.8.1.0
2024-04-22 17:49:01,305 [WARN] ConditionMgr:438 - getConditionDescription Invalid condition id : LAN8742 Phy interface Condition cause : null
2024-04-22 17:49:01,310 [WARN] PackLoader:240 - Cannot read IP mode file for STMicroelectronics.X-CUBE-AZRTOS-L4.2.0.0
2024-04-22 17:49:01,315 [WARN] ConditionMgr:1039 - genDependencies : Invalid condition id : LAN8742 Phy interface Condition cause : null
2024-04-22 17:49:01,316 [WARN] ConditionMgr:1039 - genDependencies : Invalid condition id : LAN8742 Phy interface Condition cause : null
2024-04-22 17:49:01,317 [WARN] ConditionMgr:1039 - genDependencies : Invalid condition id : LAN8742 Phy interface Condition cause : null
2024-04-22 17:49:01,353 [WARN] PackLoader:240 - Cannot read IP mode file for STMicroelectronics.X-CUBE-SFXS2LP1.4.0.0
2024-04-22 17:49:01,411 [WARN] ConditionMgr:438 - getConditionDescription Invalid condition id : UX DEVICE CLASS RTOS Condition cause : null
2024-04-22 17:49:01,413 [WARN] ConditionMgr:438 - getConditionDescription Invalid condition id : UX DEVICE CLASS RTOS Condition cause : null
2024-04-22 17:49:01,418 [WARN] PackLoader:240 - Cannot read IP mode file for STMicroelectronics.X-CUBE-AZRTOS-WB.2.0.0
2024-04-22 17:49:01,419 [WARN] ConditionMgr:1039 - genDependencies : Invalid condition id : UX DEVICE CLASS RTOS Condition cause : null
2024-04-22 17:49:01,420 [WARN] ConditionMgr:1039 - genDependencies : Invalid condition id : UX DEVICE CLASS RTOS Condition cause : null
2024-04-22 17:49:01,420 [WARN] ConditionMgr:1039 - genDependencies : Invalid condition id : UX DEVICE CLASS RTOS Condition cause : null
2024-04-22 17:49:01,421 [WARN] ConditionMgr:1039 - genDependencies : Invalid condition id : UX DEVICE CLASS RTOS Condition cause : null
2024-04-22 17:49:01,421 [WARN] ConditionMgr:1039 - genDependencies : Invalid condition id : UX DEVICE CLASS RTOS Condition cause : null
2024-04-22 17:49:01,463 [WARN] PackLoader:240 - Cannot read IP mode file for STMicroelectronics.X-CUBE-SUBG2.5.0.0
2024-04-22 17:49:01,549 [WARN] PackLoader:240 - Cannot read IP mode file for STMicroelectronics.X-CUBE-AZRTOS-G4.2.0.0
2024-04-22 17:49:01,607 [WARN] PackLoader:240 - Cannot read IP mode file for Infineon.AIROC-Wi-Fi-Bluetooth-STM32.1.5.1
2024-04-22 17:49:01,650 [WARN] PackLoader:240 - Cannot read IP mode file for STMicroelectronics.FP-SNS-MOTENVWB1.1.3.1
2024-04-22 17:49:01,694 [WARN] PackLoader:240 - Cannot read IP mode file for STMicroelectronics.X-CUBE-ISPU.2.0.0
2024-04-22 17:49:01,830 [WARN] PackLoader:240 - Cannot read IP mode file for STMicroelectronics.X-CUBE-MEMS1.10.0.0
2024-04-22 17:49:02,123 [WARN] PackLoader:240 - Cannot read IP mode file for STMicroelectronics.X-CUBE-FREERTOS.1.1.0
2024-04-22 17:49:02,195 [WARN] PackLoader:240 - Cannot read IP mode file for portGmbH.I-Cube-SoM-uGOAL.1.1.0
2024-04-22 17:49:02,223 [WARN] PackLoader:240 - Cannot read IP mode file for STMicroelectronics.X-CUBE-ALS.1.0.1
2024-04-22 17:49:02,312 [WARN] PackLoader:240 - Cannot read IP mode file for STMicroelectronics.X-CUBE-AZRTOS-H7RS.1.0.0
2024-04-22 17:49:02,381 [WARN] PackLoader:240 - Cannot read IP mode file for STMicroelectronics.FP-ATR-ASTRA1.2.0.0
2024-04-22 17:49:02,450 [WARN] PackLoader:240 - Cannot read IP mode file for STMicroelectronics.X-CUBE-TOF1.3.4.1
2024-04-22 17:49:02,570 [WARN] PackLoader:240 - Cannot read IP mode file for STMicroelectronics.X-CUBE-AZRTOS-H7.3.2.0
2024-04-22 17:49:02,580 [INFO] ThirdParty:978 - Integrity check success = true
2024-04-22 17:49:02,580 [INFO] IntegrityCheckThread:100 - exiting critical section [integrity check]
2024-04-22 17:49:02,580 [INFO] IntegrityCheckThread:103 - End integrity checks thread
2024-04-22 17:49:08,392 [INFO] WebApp:161 - Instantiating new browser for Auth
2024-04-22 17:49:09,306 [INFO] WebApp:779 - Register for checkConnection events
2024-04-22 17:49:09,307 [INFO] WebApp:414 - Apply proxy settings
2024-04-22 17:49:09,307 [INFO] WebApp:499 - Chromium requires no authentication
2024-04-22 17:49:09,325 [INFO] WebApp:442 - Direct internet connection detected
2024-04-22 17:49:09,652 [INFO] WebApp:192 - Starting web application
2024-04-22 17:49:09,652 [INFO] WebApp:544 - Web application path used C:\ST\STM32CubeIDE_1.15.0\STM32CubeIDE\plugins\com.st.stm32cube.common.mx_6.11.0.202403141607\db\plugins\mcufinder\reactClient1\index.html
2024-04-22 18:12:30,222 [ERROR] LogOutputStream:75 - [STDERR_REDIRECT] 
