2024-06-22 10:04:53,681 [INFO] Activator:176 - 


2024-06-22 10:04:53,690 [INFO] Activator:177 - !SESSION log4j initialized
2024-06-22 10:05:04,346 [INFO] LogOutputStream:77 - [STDOUT_REDIRECT] 
2024-06-22 10:05:15,577 [INFO] ApplicationProperties:184 - Using Application install path: C:\ST\STM32CubeIDE_1.15.0\STM32CubeIDE\plugins\com.st.stm32cube.common.mx_6.11.1.202404110753
2024-06-22 10:05:15,598 [INFO] DbMcusXml:78 - Set database path to: C:\ST\STM32CubeIDE_1.15.0\STM32CubeIDE\plugins\com.st.stm32cube.common.mx_6.11.1.202404110753\\db\/mcu/
2024-06-22 10:05:15,598 [INFO] ApiDb:274 - Set plugin database path to: C:\ST\STM32CubeIDE_1.15.0\STM32CubeIDE\plugins\com.st.stm32cube.common.mx_6.11.1.202404110753\\db\/plugins/boardmanager/
2024-06-22 10:05:15,599 [WARN] ApiDb:259 - Overriding images path with different value:  => C:\ST\STM32CubeIDE_1.15.0\STM32CubeIDE\plugins\com.st.stm32cube.common.mx_6.11.1.202404110753\\db\/plugins/mcufinder/images/
2024-06-22 10:05:15,606 [INFO] ApiDb:250 - Set database path to: C:\Users\shrey\.stmcufinder\plugins\mcufinder//mcu/
2024-06-22 10:05:15,608 [INFO] DbMcusAds:125 - Set database path to: C:\Users\shrey\.stmcufinder\plugins\mcufinder//mcu/
2024-06-22 10:05:15,631 [INFO] CrossReferenceDbSqlite:203 - Set database path to: C:\Users\shrey\.stmcufinder\plugins\mcufinder//mcu/cs/
2024-06-22 10:05:15,793 [INFO] RulesReader:64 - Compatibility file has been processed (297 Rules)
2024-06-22 10:05:15,885 [INFO] DbMcusXml:78 - Set database path to: C:\ST\STM32CubeIDE_1.15.0\STM32CubeIDE\plugins\com.st.stm32cube.common.mx_6.11.1.202404110753\\db\/mcu/
2024-06-22 10:05:15,885 [INFO] ApiDb:274 - Set plugin database path to: C:\ST\STM32CubeIDE_1.15.0\STM32CubeIDE\plugins\com.st.stm32cube.common.mx_6.11.1.202404110753\\db\/plugins/boardmanager/
2024-06-22 10:05:15,886 [INFO] ApiDb:261 - Set plugin images path to: C:\ST\STM32CubeIDE_1.15.0\STM32CubeIDE\plugins\com.st.stm32cube.common.mx_6.11.1.202404110753\\db\/plugins/mcufinder/images/
2024-06-22 10:05:15,886 [WARN] DbFile:41 - Overriding database path with different value: C:\Users\shrey\.stmcufinder\plugins\mcufinder/ => C:\Users\shrey\.stmcufinder\plugins\mcufinder
2024-06-22 10:05:15,886 [INFO] ApiDb:250 - Set database path to: C:\Users\shrey\.stmcufinder\plugins\mcufinder//mcu/
2024-06-22 10:05:15,886 [WARN] DbFile:41 - Overriding database path with different value: C:\Users\shrey\.stmcufinder\plugins\mcufinder/ => C:\Users\shrey\.stmcufinder\plugins\mcufinder
2024-06-22 10:05:15,886 [INFO] DbMcusAds:125 - Set database path to: C:\Users\shrey\.stmcufinder\plugins\mcufinder//mcu/
2024-06-22 10:05:15,886 [WARN] DbFile:41 - Overriding database path with different value: C:\Users\shrey\.stmcufinder\plugins\mcufinder/ => C:\Users\shrey\.stmcufinder\plugins\mcufinder
2024-06-22 10:05:15,887 [WARN] DbFile:41 - Overriding database path with different value: C:\Users\shrey\.stmcufinder\plugins\mcufinder/ => C:\Users\shrey\.stmcufinder\plugins\mcufinder
2024-06-22 10:05:15,888 [INFO] CrossReferenceDbSqlite:203 - Set database path to: C:\Users\shrey\.stmcufinder\plugins\mcufinder//mcu/cs/
2024-06-22 10:05:16,010 [INFO] MainPanel:264 - HeapMemory: 268435456
2024-06-22 10:05:16,111 [INFO] DbMcusXml:78 - Set database path to: C:\ST\STM32CubeIDE_1.15.0\STM32CubeIDE\plugins\com.st.stm32cube.common.mx_6.11.1.202404110753\\db\/mcu/
2024-06-22 10:05:16,111 [INFO] ApiDb:274 - Set plugin database path to: C:\ST\STM32CubeIDE_1.15.0\STM32CubeIDE\plugins\com.st.stm32cube.common.mx_6.11.1.202404110753\\db\/plugins/boardmanager/
2024-06-22 10:05:16,112 [INFO] ApiDb:261 - Set plugin images path to: C:\ST\STM32CubeIDE_1.15.0\STM32CubeIDE\plugins\com.st.stm32cube.common.mx_6.11.1.202404110753\\db\/plugins/mcufinder/images/
2024-06-22 10:05:16,112 [WARN] DbFile:41 - Overriding database path with different value: C:\Users\shrey\.stmcufinder\plugins\mcufinder/ => C:\Users\shrey\.stmcufinder\plugins\mcufinder
2024-06-22 10:05:16,112 [INFO] ApiDb:250 - Set database path to: C:\Users\shrey\.stmcufinder\plugins\mcufinder//mcu/
2024-06-22 10:05:16,112 [WARN] DbFile:41 - Overriding database path with different value: C:\Users\shrey\.stmcufinder\plugins\mcufinder/ => C:\Users\shrey\.stmcufinder\plugins\mcufinder
2024-06-22 10:05:16,113 [INFO] DbMcusAds:125 - Set database path to: C:\Users\shrey\.stmcufinder\plugins\mcufinder//mcu/
2024-06-22 10:05:16,113 [WARN] DbFile:41 - Overriding database path with different value: C:\Users\shrey\.stmcufinder\plugins\mcufinder/ => C:\Users\shrey\.stmcufinder\plugins\mcufinder
2024-06-22 10:05:16,113 [WARN] DbFile:41 - Overriding database path with different value: C:\Users\shrey\.stmcufinder\plugins\mcufinder/ => C:\Users\shrey\.stmcufinder\plugins\mcufinder
2024-06-22 10:05:16,113 [INFO] CrossReferenceDbSqlite:203 - Set database path to: C:\Users\shrey\.stmcufinder\plugins\mcufinder//mcu/cs/
2024-06-22 10:05:16,136 [INFO] ApplicationProperties:184 - Using Application install path: C:\ST\STM32CubeIDE_1.15.0\STM32CubeIDE\plugins\com.st.stm32cube.common.mx_6.11.1.202404110753
2024-06-22 10:05:16,139 [INFO] PluginManage:196 - Search for loadable plugins [exclusion list=, ]
2024-06-22 10:05:16,142 [INFO] PluginManage:310 - Check plugin analytics
2024-06-22 10:05:16,440 [INFO] AnalyticsPlugin:253 - Accepted Software Licenses: 
2024-06-22 10:05:16,445 [INFO] AnalyticsPlugin:255 - Accepted CMSIS Pack Licenses: 
2024-06-22 10:05:16,445 [INFO] AnalyticsPlugin:257 - Accepted Firmware Licenses: FW.F4.1.28.0
2024-06-22 10:05:16,449 [INFO] PluginManage:359 - Loaded plugin analytics (category:tool,tabindex:-1)
2024-06-22 10:05:16,450 [INFO] PluginManage:310 - Check plugin cadmodel
2024-06-22 10:05:16,492 [INFO] CADModel:105 - Init CAD model plugin
2024-06-22 10:05:16,492 [INFO] PluginManage:359 - Loaded plugin cadmodel (category:power,tabindex:5)
2024-06-22 10:05:16,493 [INFO] PluginManage:310 - Check plugin clock
2024-06-22 10:05:16,508 [INFO] PluginManage:359 - Loaded plugin clock (category:base,tabindex:2)
2024-06-22 10:05:16,509 [INFO] PluginManage:310 - Check plugin ddr
2024-06-22 10:05:16,513 [INFO] PluginManage:359 - Loaded plugin ddr (category:tool,tabindex:6)
2024-06-22 10:05:16,513 [INFO] PluginManage:310 - Check plugin filemanager
2024-06-22 10:05:16,800 [INFO] PluginManage:359 - Loaded plugin filemanager (category:base,tabindex:10)
2024-06-22 10:05:16,800 [INFO] PluginManage:310 - Check plugin ipmanager
2024-06-22 10:05:16,813 [INFO] PluginManage:359 - Loaded plugin ipmanager (category:base,tabindex:5)
2024-06-22 10:05:16,814 [INFO] PluginManage:310 - Check plugin lpbam
2024-06-22 10:05:16,831 [INFO] PluginManage:359 - Loaded plugin lpbam (category:base,tabindex:0)
2024-06-22 10:05:16,831 [INFO] PluginManage:310 - Check plugin memorymap
2024-06-22 10:05:16,852 [INFO] PluginManage:359 - Loaded plugin memorymap (category:base,tabindex:4)
2024-06-22 10:05:16,852 [INFO] PluginManage:310 - Check plugin pinoutandconfiguration
2024-06-22 10:05:16,865 [INFO] PluginManage:359 - Loaded plugin pinoutandconfiguration (category:base,tabindex:1)
2024-06-22 10:05:16,865 [INFO] PluginManage:310 - Check plugin pinoutconfig
2024-06-22 10:05:17,033 [WARN] SupportedApi:132 - Cannot load RTOS API schema: s4s-elt-must-match.1: The content of 'definitions' must match (annotation?, (simpleType | complexType)?, (unique | key | keyref)*)). A problem was found starting at: attribute.
2024-06-22 10:05:17,295 [INFO] PluginManage:359 - Loaded plugin pinoutconfig (category:base,tabindex:0)
2024-06-22 10:05:17,296 [INFO] PluginManage:310 - Check plugin power
2024-06-22 10:05:17,323 [INFO] PluginManage:359 - Loaded plugin power (category:power,tabindex:4)
2024-06-22 10:05:17,324 [INFO] PluginManage:310 - Check plugin projectmanager
2024-06-22 10:05:17,356 [INFO] PluginManage:359 - Loaded plugin projectmanager (category:projectmanager,tabindex:3)
2024-06-22 10:05:17,357 [INFO] PluginManage:310 - Check plugin thirdparty
2024-06-22 10:05:17,567 [INFO] PluginManage:359 - Loaded plugin thirdparty (category:base,tabindex:-1)
2024-06-22 10:05:17,568 [INFO] PluginManage:310 - Check plugin tools
2024-06-22 10:05:17,573 [INFO] PluginManage:359 - Loaded plugin tools (category:base,tabindex:7)
2024-06-22 10:05:17,574 [INFO] PluginManage:310 - Check plugin tutovideos
2024-06-22 10:05:17,582 [WARN] IntegrityCheckThread:84 - waiting for thirdparty lock release [integrity check]
2024-06-22 10:05:17,583 [INFO] IntegrityCheckThread:86 - entering critical section [integrity check]
2024-06-22 10:05:17,583 [INFO] ThirdPartyUpdaterWithRetryManager:70 - Updater plugin not ready yet. [1/15]
2024-06-22 10:05:17,848 [INFO] PluginManage:359 - Loaded plugin tutovideos (category:base,tabindex:-1)
2024-06-22 10:05:17,848 [INFO] PluginManage:310 - Check plugin updater
2024-06-22 10:05:17,864 [INFO] PluginManage:359 - Loaded plugin updater (category:base,tabindex:12)
2024-06-22 10:05:17,864 [INFO] PluginManage:310 - Check plugin userauth
2024-06-22 10:05:17,872 [INFO] UserAuth:114 - Init User Auth plugin
2024-06-22 10:05:17,872 [INFO] PluginManage:359 - Loaded plugin userauth (category:base,tabindex:14)
2024-06-22 10:05:17,873 [INFO] PluginManage:283 - PluginManage : Loaded plugins [17]
2024-06-22 10:05:18,256 [INFO] PinOutPanel:1561 - setPackage(No Configuration,No Configuration)
2024-06-22 10:05:18,400 [INFO] CADModel:165 - CPN selected for project level
2024-06-22 10:05:18,400 [INFO] CADModel:114 - Register for checkConnection events
2024-06-22 10:05:18,430 [INFO] IPUIPlugin:80 - create IPUIPlugin
2024-06-22 10:05:18,430 [INFO] PluginManager:220 - loadIPPluginJar : add adc
2024-06-22 10:05:18,434 [INFO] IPUIPlugin:80 - create IPUIPlugin
2024-06-22 10:05:18,434 [INFO] PluginManager:220 - loadIPPluginJar : add aes
2024-06-22 10:05:18,439 [INFO] IPUIPlugin:80 - create IPUIPlugin
2024-06-22 10:05:18,439 [INFO] PluginManager:220 - loadIPPluginJar : add can
2024-06-22 10:05:18,441 [INFO] IPUIPlugin:80 - create IPUIPlugin
2024-06-22 10:05:18,443 [INFO] PluginManager:220 - loadIPPluginJar : add comp
2024-06-22 10:05:18,446 [INFO] IPUIPlugin:80 - create IPUIPlugin
2024-06-22 10:05:18,447 [INFO] PluginManager:220 - loadIPPluginJar : add cryp
2024-06-22 10:05:18,449 [INFO] IPUIPlugin:80 - create IPUIPlugin
2024-06-22 10:05:18,450 [INFO] PluginManager:220 - loadIPPluginJar : add dfsdm
2024-06-22 10:05:18,458 [INFO] IPUIPlugin:80 - create IPUIPlugin
2024-06-22 10:05:18,459 [INFO] PluginManager:220 - loadIPPluginJar : add dma
2024-06-22 10:05:18,462 [INFO] IPUIPlugin:80 - create IPUIPlugin
2024-06-22 10:05:18,462 [INFO] PluginManager:220 - loadIPPluginJar : add dma3
2024-06-22 10:05:18,465 [INFO] IPUIPlugin:80 - create IPUIPlugin
2024-06-22 10:05:18,465 [INFO] PluginManager:220 - loadIPPluginJar : add extmemmanager
2024-06-22 10:05:18,467 [INFO] IPUIPlugin:80 - create IPUIPlugin
2024-06-22 10:05:18,467 [INFO] PluginManager:220 - loadIPPluginJar : add fatfs
2024-06-22 10:05:18,473 [INFO] IPUIPlugin:80 - create IPUIPlugin
2024-06-22 10:05:18,473 [INFO] PluginManager:220 - loadIPPluginJar : add fmc
2024-06-22 10:05:18,482 [INFO] IPUIPlugin:80 - create IPUIPlugin
2024-06-22 10:05:18,482 [INFO] PluginManager:220 - loadIPPluginJar : add freertos
2024-06-22 10:05:18,484 [INFO] IPUIPlugin:80 - create IPUIPlugin
2024-06-22 10:05:18,484 [INFO] PluginManager:220 - loadIPPluginJar : add genericplugin
2024-06-22 10:05:18,486 [INFO] IPUIPlugin:80 - create IPUIPlugin
2024-06-22 10:05:18,487 [INFO] PluginManager:220 - loadIPPluginJar : add gfxmmu
2024-06-22 10:05:18,494 [INFO] IPUIPlugin:80 - create IPUIPlugin
2024-06-22 10:05:18,494 [INFO] PluginManager:220 - loadIPPluginJar : add gic
2024-06-22 10:05:18,498 [INFO] IPUIPlugin:80 - create IPUIPlugin
2024-06-22 10:05:18,498 [INFO] PluginManager:220 - loadIPPluginJar : add gpio
2024-06-22 10:05:18,501 [INFO] IPUIPlugin:80 - create IPUIPlugin
2024-06-22 10:05:18,501 [INFO] PluginManager:220 - loadIPPluginJar : add gtzc
2024-06-22 10:05:18,503 [INFO] IPUIPlugin:80 - create IPUIPlugin
2024-06-22 10:05:18,503 [INFO] PluginManager:220 - loadIPPluginJar : add hash
2024-06-22 10:05:18,508 [INFO] IPUIPlugin:80 - create IPUIPlugin
2024-06-22 10:05:18,509 [INFO] PluginManager:220 - loadIPPluginJar : add i2c
2024-06-22 10:05:18,512 [INFO] IPUIPlugin:80 - create IPUIPlugin
2024-06-22 10:05:18,512 [INFO] PluginManager:220 - loadIPPluginJar : add i2s
2024-06-22 10:05:18,516 [INFO] IPUIPlugin:80 - create IPUIPlugin
2024-06-22 10:05:18,516 [INFO] PluginManager:220 - loadIPPluginJar : add i3c
2024-06-22 10:05:18,521 [INFO] IPUIPlugin:80 - create IPUIPlugin
2024-06-22 10:05:18,521 [INFO] PluginManager:220 - loadIPPluginJar : add ipddr
2024-06-22 10:05:18,532 [INFO] IPUIPlugin:80 - create IPUIPlugin
2024-06-22 10:05:18,532 [INFO] PluginManager:220 - loadIPPluginJar : add linkedlist
2024-06-22 10:05:18,535 [INFO] IPUIPlugin:80 - create IPUIPlugin
2024-06-22 10:05:18,535 [INFO] PluginManager:220 - loadIPPluginJar : add lorawan
2024-06-22 10:05:18,537 [INFO] IPUIPlugin:80 - create IPUIPlugin
2024-06-22 10:05:18,537 [INFO] PluginManager:220 - loadIPPluginJar : add ltdc
2024-06-22 10:05:18,546 [INFO] IPUIPlugin:80 - create IPUIPlugin
2024-06-22 10:05:18,546 [INFO] PluginManager:220 - loadIPPluginJar : add mdma
2024-06-22 10:05:18,551 [INFO] IPUIPlugin:80 - create IPUIPlugin
2024-06-22 10:05:18,551 [INFO] PluginManager:220 - loadIPPluginJar : add nvic
2024-06-22 10:05:18,555 [INFO] IPUIPlugin:80 - create IPUIPlugin
2024-06-22 10:05:18,556 [INFO] PluginManager:220 - loadIPPluginJar : add opamp
2024-06-22 10:05:18,560 [INFO] IPUIPlugin:80 - create IPUIPlugin
2024-06-22 10:05:18,561 [INFO] PluginManager:220 - loadIPPluginJar : add openamp
2024-06-22 10:05:18,564 [INFO] IPUIPlugin:80 - create IPUIPlugin
2024-06-22 10:05:18,564 [INFO] PluginManager:220 - loadIPPluginJar : add pdm2pcm
2024-06-22 10:05:18,571 [INFO] IPUIPlugin:80 - create IPUIPlugin
2024-06-22 10:05:18,575 [INFO] PluginManager:220 - loadIPPluginJar : add plateformsettings
2024-06-22 10:05:18,578 [INFO] IPUIPlugin:80 - create IPUIPlugin
2024-06-22 10:05:18,578 [INFO] PluginManager:220 - loadIPPluginJar : add quadspi
2024-06-22 10:05:18,580 [INFO] IPUIPlugin:80 - create IPUIPlugin
2024-06-22 10:05:18,581 [INFO] PluginManager:220 - loadIPPluginJar : add resmgrutility
2024-06-22 10:05:18,583 [INFO] IPUIPlugin:80 - create IPUIPlugin
2024-06-22 10:05:18,584 [INFO] PluginManager:220 - loadIPPluginJar : add sai
2024-06-22 10:05:18,586 [INFO] IPUIPlugin:80 - create IPUIPlugin
2024-06-22 10:05:18,586 [INFO] PluginManager:220 - loadIPPluginJar : add spi
2024-06-22 10:05:18,593 [INFO] IPUIPlugin:80 - create IPUIPlugin
2024-06-22 10:05:18,593 [INFO] PluginManager:220 - loadIPPluginJar : add stm32_wpan
2024-06-22 10:05:18,595 [INFO] IPUIPlugin:80 - create IPUIPlugin
2024-06-22 10:05:18,595 [INFO] PluginManager:220 - loadIPPluginJar : add tim
2024-06-22 10:05:18,598 [INFO] IPUIPlugin:80 - create IPUIPlugin
2024-06-22 10:05:18,598 [INFO] PluginManager:220 - loadIPPluginJar : add touchsensing
2024-06-22 10:05:18,600 [INFO] IPUIPlugin:80 - create IPUIPlugin
2024-06-22 10:05:18,600 [INFO] PluginManager:220 - loadIPPluginJar : add tracer_emb
2024-06-22 10:05:18,602 [INFO] IPUIPlugin:80 - create IPUIPlugin
2024-06-22 10:05:18,602 [INFO] PluginManager:220 - loadIPPluginJar : add ts
2024-06-22 10:05:18,604 [INFO] IPUIPlugin:80 - create IPUIPlugin
2024-06-22 10:05:18,604 [INFO] PluginManager:220 - loadIPPluginJar : add tsc
2024-06-22 10:05:18,609 [INFO] IPUIPlugin:80 - create IPUIPlugin
2024-06-22 10:05:18,609 [INFO] PluginManager:220 - loadIPPluginJar : add ucpd
2024-06-22 10:05:18,612 [INFO] IPUIPlugin:80 - create IPUIPlugin
2024-06-22 10:05:18,612 [INFO] PluginManager:220 - loadIPPluginJar : add usart
2024-06-22 10:05:18,615 [INFO] IPUIPlugin:80 - create IPUIPlugin
2024-06-22 10:05:18,615 [INFO] PluginManager:220 - loadIPPluginJar : add usbx
2024-06-22 10:05:18,764 [INFO] CADModel:165 - CPN selected for project level
2024-06-22 10:05:18,764 [INFO] CADModel:114 - Register for checkConnection events
2024-06-22 10:05:18,765 [FATAL] Updater:308 - Updater called before beeing initialized
2024-06-22 10:05:18,765 [ERROR] CADModel:125 - Updater not yet initialized, retry later 
2024-06-22 10:05:18,941 [INFO] CADModel:165 - CPN selected for project level
2024-06-22 10:05:18,941 [INFO] CADModel:114 - Register for checkConnection events
2024-06-22 10:05:18,941 [FATAL] Updater:308 - Updater called before beeing initialized
2024-06-22 10:05:18,943 [ERROR] CADModel:125 - Updater not yet initialized, retry later 
2024-06-22 10:05:18,947 [FATAL] Updater:308 - Updater called before beeing initialized
2024-06-22 10:05:19,147 [FATAL] Updater:308 - Updater called before beeing initialized
2024-06-22 10:05:19,154 [INFO] DbMcusAds:53 - JSON generation date=Thu May 16 14:52:00 IST 2024 (1715851320852)
2024-06-22 10:05:19,154 [FATAL] Updater:308 - Updater called before beeing initialized
2024-06-22 10:05:19,217 [WARN] DetailPanel:346 - Failed to get advertising image, set to default
2024-06-22 10:05:19,382 [FATAL] Updater:308 - Updater called before beeing initialized
2024-06-22 10:05:19,384 [FATAL] Updater:308 - Updater called before beeing initialized
2024-06-22 10:05:19,384 [FATAL] Updater:308 - Updater called before beeing initialized
2024-06-22 10:05:19,384 [WARN] DetailPanel:346 - Failed to get advertising image, set to default
2024-06-22 10:05:19,385 [FATAL] Updater:308 - Updater called before beeing initialized
2024-06-22 10:05:19,450 [ERROR] Updater:1120 - MainUpdater not yet initialized. External WinMGr cannot be set.
2024-06-22 10:05:19,452 [INFO] Updater:1056 - Updater Version found : 6.11.1
2024-06-22 10:05:19,477 [INFO] ApplicationProperties:184 - Using Application install path: C:\ST\STM32CubeIDE_1.15.0\STM32CubeIDE\plugins\com.st.stm32cube.common.mx_6.11.1.202404110753
2024-06-22 10:05:20,584 [INFO] ThirdPartyUpdaterWithRetryManager:70 - Updater plugin not ready yet. [2/15]
2024-06-22 10:05:21,062 [ERROR] LogOutputStream:75 - [STDERR_REDIRECT] Jun 22, 2024 10:05:21 AM java.util.prefs.WindowsPreferences <init>
2024-06-22 10:05:21,065 [ERROR] LogOutputStream:75 - [STDERR_REDIRECT] WARNING: Could not open/create prefs root node Software\JavaSoft\Prefs at root 0xffffffff80000002. Windows RegCreateKeyEx(...) returned error code 5.
2024-06-22 10:05:21,065 [ERROR] LogOutputStream:75 - [STDERR_REDIRECT] 
2024-06-22 10:05:21,694 [INFO] MainUpdater:2873 - connection check result : 10
2024-06-22 10:05:21,695 [INFO] MainUpdater:290 - Updater Check For Update Now.
2024-06-22 10:05:21,696 [INFO] MicroXplorer:498 - Change Database Version : DB.6.0.111
2024-06-22 10:05:21,708 [INFO] McuFinderGlobals:63 - Set McuFinder mode to 2 (CubeIDE integrated)
2024-06-22 10:05:21,722 [INFO] UserAuth:415 - Internet connection configuration mode: 1
2024-06-22 10:05:21,743 [INFO] JxBrowserEngine:152 - Initiate JxBrowser Engine with user profile folder
2024-06-22 10:05:21,958 [INFO] CheckServerUpdateThread:120 - End of CheckServer Thread
2024-06-22 10:05:22,431 [INFO] WebApp:161 - Instantiating new browser for Auth
2024-06-22 10:05:23,869 [WARN] PackLoader:240 - Cannot read IP mode file for STMicroelectronics.FP-SNS-MOTENVWB1.1.4.0
2024-06-22 10:05:23,909 [WARN] PackLoader:240 - Cannot read IP mode file for STMicroelectronics.X-CUBE-SMBUS.2.1.0
2024-06-22 10:05:23,922 [WARN] PackLoader:240 - Cannot read IP mode file for STMicroelectronics.X-CUBE-TOUCHGFX.4.23.1
2024-06-22 10:05:23,927 [WARN] PackLoader:240 - Cannot read IP mode file for STMicroelectronics.X-CUBE-TOUCHGFX.4.23.0
2024-06-22 10:05:23,939 [WARN] PackLoader:240 - Cannot read IP mode file for STMicroelectronics.X-CUBE-TOUCHGFX.4.23.2
2024-06-22 10:05:24,003 [WARN] PackLoader:240 - Cannot read IP mode file for STMicroelectronics.X-CUBE-AZRTOS-F7.1.1.0
2024-06-22 10:05:24,035 [WARN] PackLoader:240 - Cannot read IP mode file for STMicroelectronics.FP-SNS-MOTENV1.4.3.2
2024-06-22 10:05:24,047 [WARN] PackLoader:240 - Cannot read IP mode file for STMicroelectronics.FP-SNS-FLIGHT1.5.0.2
2024-06-22 10:05:24,064 [WARN] PackLoader:240 - Cannot read IP mode file for STMicroelectronics.X-CUBE-DISPLAY.3.0.0
2024-06-22 10:05:24,160 [WARN] PackLoader:240 - Cannot read IP mode file for STMicroelectronics.X-CUBE-BLE1.7.0.0
2024-06-22 10:05:24,177 [WARN] PackLoader:240 - Cannot read IP mode file for emotas.I-CUBE-CANOPEN.1.3.0
2024-06-22 10:05:24,206 [WARN] PackLoader:240 - Cannot read IP mode file for STMicroelectronics.X-CUBE-BLEMGR.3.1.0
2024-06-22 10:05:24,218 [WARN] PackLoader:240 - Cannot read IP mode file for STMicroelectronics.FP-SNS-SMARTAG2.1.2.0
2024-06-22 10:05:24,285 [INFO] LogOutputStream:77 - [STDOUT_REDIRECT] 1 : Invalid condition id : UX_CORESTACK_Condition cause : null
2024-06-22 10:05:24,285 [INFO] LogOutputStream:77 - [STDOUT_REDIRECT] 1 : Invalid condition id : UX_CORESTACK_Condition cause : null
2024-06-22 10:05:24,288 [INFO] LogOutputStream:77 - [STDOUT_REDIRECT] 1 : Invalid condition id : UX_CORESTACK_Condition cause : null
2024-06-22 10:05:24,290 [INFO] LogOutputStream:77 - [STDOUT_REDIRECT] 1 : Invalid condition id : UX_CORESTACK_Condition cause : null
2024-06-22 10:05:24,291 [INFO] LogOutputStream:77 - [STDOUT_REDIRECT] 1 : Invalid condition id : UX_CORESTACK_Condition cause : null
2024-06-22 10:05:24,376 [WARN] PackLoader:240 - Cannot read IP mode file for STMicroelectronics.X-CUBE-AZRTOS-WL.2.0.0
2024-06-22 10:05:24,414 [WARN] PackLoader:240 - Cannot read IP mode file for STMicroelectronics.FP-SNS-MOTENV1.5.0.0
2024-06-22 10:05:24,434 [WARN] PackLoader:240 - Cannot read IP mode file for WES.I-CUBE-Cesium.1.3.0
2024-06-22 10:05:24,440 [WARN] PackLoader:240 - Cannot read IP mode file for STMicroelectronics.X-CUBE-BLE2.3.3.0
2024-06-22 10:05:24,450 [WARN] PackLoader:240 - Cannot read IP mode file for STMicroelectronics.X-CUBE-TCPP.4.1.0
2024-06-22 10:05:24,473 [WARN] PackLoader:240 - Cannot read IP mode file for STMicroelectronics.X-CUBE-ALGOBUILD.1.3.0
2024-06-22 10:05:24,514 [WARN] PackLoader:240 - Cannot read IP mode file for STMicroelectronics.X-CUBE-AZRTOS-G0.1.1.0
2024-06-22 10:05:24,524 [WARN] PackLoader:240 - Cannot read IP mode file for STMicroelectronics.X-CUBE-SAFEA1.1.2.2
2024-06-22 10:05:24,533 [WARN] PackLoader:240 - Cannot read IP mode file for STMicroelectronics.X-CUBE-NFC4.3.0.0
2024-06-22 10:05:24,541 [WARN] PackLoader:240 - Cannot read IP mode file for wolfSSL.I-CUBE-wolfMQTT.1.18.0
2024-06-22 10:05:24,589 [WARN] PackLoader:240 - Cannot read IP mode file for STMicroelectronics.FP-ATR-SIGFOX1.3.2.0
2024-06-22 10:05:24,599 [WARN] PackLoader:240 - Cannot read IP mode file for STMicroelectronics.X-CUBE-EEPRMA1.5.1.0
2024-06-22 10:05:24,658 [WARN] PackLoader:240 - Cannot read IP mode file for SEGGER.I-CUBE-embOS.1.3.1
2024-06-22 10:05:24,719 [WARN] PackLoader:240 - Cannot read IP mode file for STMicroelectronics.X-CUBE-ALGOBUILD.1.4.0
2024-06-22 10:05:24,726 [WARN] PackLoader:240 - Cannot read IP mode file for STMicroelectronics.X-CUBE-GNSS1.6.0.0
2024-06-22 10:05:24,759 [WARN] PackLoader:240 - Cannot read IP mode file for STMicroelectronics.X-CUBE-AZRTOS-F4.1.1.0
2024-06-22 10:05:24,768 [WARN] PackLoader:240 - Cannot read IP mode file for STMicroelectronics.X-CUBE-FREERTOS.1.2.0
2024-06-22 10:05:24,775 [WARN] PackLoader:240 - Cannot read IP mode file for wolfSSL.I-CUBE-wolfSSL.5.6.6
2024-06-22 10:05:24,822 [WARN] PackLoader:240 - Cannot read IP mode file for STMicroelectronics.X-CUBE-AZRTOS-L5.2.0.0
2024-06-22 10:05:24,834 [WARN] PackLoader:240 - Cannot read IP mode file for STMicroelectronics.X-CUBE-NFC6.3.1.0
2024-06-22 10:05:24,844 [WARN] PackLoader:240 - Cannot read IP mode file for ITTIA_DB.I-CUBE-ITTIADB.8.8.0
2024-06-22 10:05:24,854 [WARN] PackLoader:240 - Cannot read IP mode file for STMicroelectronics.X-CUBE-AI.9.0.0
2024-06-22 10:05:24,859 [WARN] PackLoader:240 - Cannot read IP mode file for STMicroelectronics.X-CUBE-NFC7.1.0.1
2024-06-22 10:05:24,867 [WARN] PackLoader:240 - Cannot read IP mode file for STMicroelectronics.X-CUBE-AI.8.1.0
2024-06-22 10:05:24,907 [WARN] ConditionMgr:438 - getConditionDescription Invalid condition id : LAN8742 Phy interface Condition cause : null
2024-06-22 10:05:24,908 [WARN] PackLoader:240 - Cannot read IP mode file for STMicroelectronics.X-CUBE-AZRTOS-L4.2.0.0
2024-06-22 10:05:24,915 [WARN] ConditionMgr:1039 - genDependencies : Invalid condition id : LAN8742 Phy interface Condition cause : null
2024-06-22 10:05:24,916 [WARN] ConditionMgr:1039 - genDependencies : Invalid condition id : LAN8742 Phy interface Condition cause : null
2024-06-22 10:05:24,917 [WARN] ConditionMgr:1039 - genDependencies : Invalid condition id : LAN8742 Phy interface Condition cause : null
2024-06-22 10:05:24,934 [WARN] PackLoader:240 - Cannot read IP mode file for STMicroelectronics.X-CUBE-SFXS2LP1.4.0.0
2024-06-22 10:05:24,954 [WARN] ConditionMgr:438 - getConditionDescription Invalid condition id : UX DEVICE CLASS RTOS Condition cause : null
2024-06-22 10:05:24,954 [WARN] ConditionMgr:438 - getConditionDescription Invalid condition id : UX DEVICE CLASS RTOS Condition cause : null
2024-06-22 10:05:24,957 [WARN] PackLoader:240 - Cannot read IP mode file for STMicroelectronics.X-CUBE-AZRTOS-WB.2.0.0
2024-06-22 10:05:24,958 [WARN] ConditionMgr:1039 - genDependencies : Invalid condition id : UX DEVICE CLASS RTOS Condition cause : null
2024-06-22 10:05:24,958 [WARN] ConditionMgr:1039 - genDependencies : Invalid condition id : UX DEVICE CLASS RTOS Condition cause : null
2024-06-22 10:05:24,959 [WARN] ConditionMgr:1039 - genDependencies : Invalid condition id : UX DEVICE CLASS RTOS Condition cause : null
2024-06-22 10:05:24,959 [WARN] ConditionMgr:1039 - genDependencies : Invalid condition id : UX DEVICE CLASS RTOS Condition cause : null
2024-06-22 10:05:24,959 [WARN] ConditionMgr:1039 - genDependencies : Invalid condition id : UX DEVICE CLASS RTOS Condition cause : null
2024-06-22 10:05:24,975 [WARN] PackLoader:240 - Cannot read IP mode file for STMicroelectronics.X-CUBE-SUBG2.5.0.0
2024-06-22 10:05:25,031 [WARN] PackLoader:240 - Cannot read IP mode file for STMicroelectronics.X-CUBE-AZRTOS-G4.2.0.0
2024-06-22 10:05:25,050 [WARN] PackLoader:240 - Cannot read IP mode file for Infineon.AIROC-Wi-Fi-Bluetooth-STM32.1.5.1
2024-06-22 10:05:25,061 [WARN] PackLoader:240 - Cannot read IP mode file for STMicroelectronics.FP-SNS-MOTENVWB1.1.3.1
2024-06-22 10:05:25,067 [WARN] PackLoader:240 - Cannot read IP mode file for STMicroelectronics.X-CUBE-ISPU.2.0.0
2024-06-22 10:05:25,082 [WARN] PackLoader:240 - Cannot read IP mode file for STMicroelectronics.X-CUBE-ALS.1.0.2
2024-06-22 10:05:25,147 [WARN] PackLoader:240 - Cannot read IP mode file for STMicroelectronics.X-CUBE-MEMS1.10.0.0
2024-06-22 10:05:25,380 [WARN] PackLoader:240 - Cannot read IP mode file for STMicroelectronics.X-CUBE-FREERTOS.1.1.0
2024-06-22 10:05:25,392 [WARN] PackLoader:240 - Cannot read IP mode file for portGmbH.I-Cube-SoM-uGOAL.1.1.0
2024-06-22 10:05:25,400 [WARN] PackLoader:240 - Cannot read IP mode file for STMicroelectronics.X-CUBE-ALS.1.0.1
2024-06-22 10:05:25,456 [WARN] PackLoader:240 - Cannot read IP mode file for STMicroelectronics.X-CUBE-AZRTOS-H7RS.1.0.0
2024-06-22 10:05:25,465 [WARN] PackLoader:240 - Cannot read IP mode file for STMicroelectronics.FP-ATR-ASTRA1.2.0.0
2024-06-22 10:05:25,491 [WARN] PackLoader:240 - Cannot read IP mode file for STMicroelectronics.X-CUBE-TOF1.3.4.1
2024-06-22 10:05:25,533 [WARN] PackLoader:240 - Cannot read IP mode file for STMicroelectronics.X-CUBE-AZRTOS-H7.3.2.0
2024-06-22 10:05:25,549 [INFO] ThirdParty:978 - Integrity check success = true
2024-06-22 10:05:25,549 [INFO] IntegrityCheckThread:100 - exiting critical section [integrity check]
2024-06-22 10:05:25,549 [INFO] IntegrityCheckThread:103 - End integrity checks thread
2024-06-22 10:05:25,609 [INFO] WebApp:779 - Register for checkConnection events
2024-06-22 10:05:25,609 [INFO] WebApp:414 - Apply proxy settings
2024-06-22 10:05:25,609 [INFO] WebApp:499 - Chromium requires no authentication
2024-06-22 10:05:25,651 [INFO] WebApp:442 - Direct internet connection detected
2024-06-22 10:05:25,945 [INFO] WebApp:192 - Starting web application
2024-06-22 10:05:25,945 [INFO] WebApp:544 - Web application path used C:\ST\STM32CubeIDE_1.15.0\STM32CubeIDE\plugins\com.st.stm32cube.common.mx_6.11.1.202404110753\db\plugins\mcufinder\reactClient1\index.html
2024-06-22 19:15:03,362 [ERROR] LogOutputStream:75 - [STDERR_REDIRECT] 
2024-06-22 19:15:03,365 [ERROR] LogOutputStream:75 - [STDERR_REDIRECT] 
