2024-04-25 09:17:24,092 [INFO] Activator:176 - 


2024-04-25 09:17:24,102 [INFO] Activator:177 - !SESSION log4j initialized
2024-04-25 09:17:32,413 [INFO] LogOutputStream:77 - [STDOUT_REDIRECT] 
2024-04-25 09:17:33,101 [ERROR] ConfigurationRetriever:142 - IOException on connection: sw-center.st.com
2024-04-25 09:17:33,103 [ERROR] ConfigurationRetriever:142 - IOException on connection: sw-center.st.com
2024-04-25 09:17:33,104 [ERROR] ConfigurationRetriever:142 - IOException on connection: sw-center.st.com
2024-04-25 09:17:40,326 [INFO] ApplicationProperties:184 - Using Application install path: C:\ST\STM32CubeIDE_1.15.0\STM32CubeIDE\plugins\com.st.stm32cube.common.mx_6.11.0.202403141607
2024-04-25 09:17:40,368 [INFO] DbMcusXml:78 - Set database path to: C:\ST\STM32CubeIDE_1.15.0\STM32CubeIDE\plugins\com.st.stm32cube.common.mx_6.11.0.202403141607\\db\/mcu/
2024-04-25 09:17:40,369 [INFO] ApiDb:274 - Set plugin database path to: C:\ST\STM32CubeIDE_1.15.0\STM32CubeIDE\plugins\com.st.stm32cube.common.mx_6.11.0.202403141607\\db\/plugins/boardmanager/
2024-04-25 09:17:40,369 [WARN] ApiDb:259 - Overriding images path with different value:  => C:\ST\STM32CubeIDE_1.15.0\STM32CubeIDE\plugins\com.st.stm32cube.common.mx_6.11.0.202403141607\\db\/plugins/mcufinder/images/
2024-04-25 09:17:40,387 [INFO] ApiDb:250 - Set database path to: C:\Users\shrey\.stmcufinder\plugins\mcufinder//mcu/
2024-04-25 09:17:40,390 [INFO] DbMcusAds:125 - Set database path to: C:\Users\shrey\.stmcufinder\plugins\mcufinder//mcu/
2024-04-25 09:17:40,395 [INFO] CrossReferenceDbSqlite:203 - Set database path to: C:\Users\shrey\.stmcufinder\plugins\mcufinder//mcu/cs/
2024-04-25 09:17:40,642 [INFO] RulesReader:64 - Compatibility file has been processed (297 Rules)
2024-04-25 09:17:40,782 [INFO] DbMcusXml:78 - Set database path to: C:\ST\STM32CubeIDE_1.15.0\STM32CubeIDE\plugins\com.st.stm32cube.common.mx_6.11.0.202403141607\\db\/mcu/
2024-04-25 09:17:40,783 [INFO] ApiDb:274 - Set plugin database path to: C:\ST\STM32CubeIDE_1.15.0\STM32CubeIDE\plugins\com.st.stm32cube.common.mx_6.11.0.202403141607\\db\/plugins/boardmanager/
2024-04-25 09:17:40,783 [INFO] ApiDb:261 - Set plugin images path to: C:\ST\STM32CubeIDE_1.15.0\STM32CubeIDE\plugins\com.st.stm32cube.common.mx_6.11.0.202403141607\\db\/plugins/mcufinder/images/
2024-04-25 09:17:40,784 [WARN] DbFile:41 - Overriding database path with different value: C:\Users\shrey\.stmcufinder\plugins\mcufinder/ => C:\Users\shrey\.stmcufinder\plugins\mcufinder
2024-04-25 09:17:40,784 [INFO] ApiDb:250 - Set database path to: C:\Users\shrey\.stmcufinder\plugins\mcufinder//mcu/
2024-04-25 09:17:40,784 [WARN] DbFile:41 - Overriding database path with different value: C:\Users\shrey\.stmcufinder\plugins\mcufinder/ => C:\Users\shrey\.stmcufinder\plugins\mcufinder
2024-04-25 09:17:40,784 [INFO] DbMcusAds:125 - Set database path to: C:\Users\shrey\.stmcufinder\plugins\mcufinder//mcu/
2024-04-25 09:17:40,784 [WARN] DbFile:41 - Overriding database path with different value: C:\Users\shrey\.stmcufinder\plugins\mcufinder/ => C:\Users\shrey\.stmcufinder\plugins\mcufinder
2024-04-25 09:17:40,784 [WARN] DbFile:41 - Overriding database path with different value: C:\Users\shrey\.stmcufinder\plugins\mcufinder/ => C:\Users\shrey\.stmcufinder\plugins\mcufinder
2024-04-25 09:17:40,785 [INFO] CrossReferenceDbSqlite:203 - Set database path to: C:\Users\shrey\.stmcufinder\plugins\mcufinder//mcu/cs/
2024-04-25 09:17:40,916 [INFO] MainPanel:264 - HeapMemory: 268435456
2024-04-25 09:17:41,077 [INFO] DbMcusXml:78 - Set database path to: C:\ST\STM32CubeIDE_1.15.0\STM32CubeIDE\plugins\com.st.stm32cube.common.mx_6.11.0.202403141607\\db\/mcu/
2024-04-25 09:17:41,077 [INFO] ApiDb:274 - Set plugin database path to: C:\ST\STM32CubeIDE_1.15.0\STM32CubeIDE\plugins\com.st.stm32cube.common.mx_6.11.0.202403141607\\db\/plugins/boardmanager/
2024-04-25 09:17:41,077 [INFO] ApiDb:261 - Set plugin images path to: C:\ST\STM32CubeIDE_1.15.0\STM32CubeIDE\plugins\com.st.stm32cube.common.mx_6.11.0.202403141607\\db\/plugins/mcufinder/images/
2024-04-25 09:17:41,078 [WARN] DbFile:41 - Overriding database path with different value: C:\Users\shrey\.stmcufinder\plugins\mcufinder/ => C:\Users\shrey\.stmcufinder\plugins\mcufinder
2024-04-25 09:17:41,078 [INFO] ApiDb:250 - Set database path to: C:\Users\shrey\.stmcufinder\plugins\mcufinder//mcu/
2024-04-25 09:17:41,078 [WARN] DbFile:41 - Overriding database path with different value: C:\Users\shrey\.stmcufinder\plugins\mcufinder/ => C:\Users\shrey\.stmcufinder\plugins\mcufinder
2024-04-25 09:17:41,078 [INFO] DbMcusAds:125 - Set database path to: C:\Users\shrey\.stmcufinder\plugins\mcufinder//mcu/
2024-04-25 09:17:41,079 [WARN] DbFile:41 - Overriding database path with different value: C:\Users\shrey\.stmcufinder\plugins\mcufinder/ => C:\Users\shrey\.stmcufinder\plugins\mcufinder
2024-04-25 09:17:41,079 [WARN] DbFile:41 - Overriding database path with different value: C:\Users\shrey\.stmcufinder\plugins\mcufinder/ => C:\Users\shrey\.stmcufinder\plugins\mcufinder
2024-04-25 09:17:41,079 [INFO] CrossReferenceDbSqlite:203 - Set database path to: C:\Users\shrey\.stmcufinder\plugins\mcufinder//mcu/cs/
2024-04-25 09:17:41,111 [INFO] ApplicationProperties:184 - Using Application install path: C:\ST\STM32CubeIDE_1.15.0\STM32CubeIDE\plugins\com.st.stm32cube.common.mx_6.11.0.202403141607
2024-04-25 09:17:41,114 [INFO] PluginManage:196 - Search for loadable plugins [exclusion list=, ]
2024-04-25 09:17:41,117 [INFO] PluginManage:310 - Check plugin analytics
2024-04-25 09:17:41,449 [INFO] AnalyticsPlugin:253 - Accepted Software Licenses: 
2024-04-25 09:17:41,450 [INFO] AnalyticsPlugin:255 - Accepted CMSIS Pack Licenses: 
2024-04-25 09:17:41,450 [INFO] AnalyticsPlugin:257 - Accepted Firmware Licenses: 
2024-04-25 09:17:41,454 [INFO] PluginManage:359 - Loaded plugin analytics (category:tool,tabindex:-1)
2024-04-25 09:17:41,455 [INFO] PluginManage:310 - Check plugin cadmodel
2024-04-25 09:17:41,461 [ERROR] ConfigurationRetriever:142 - IOException on connection: sw-center.st.com
2024-04-25 09:17:41,462 [ERROR] ConfigurationRetriever:142 - IOException on connection: sw-center.st.com
2024-04-25 09:17:41,462 [ERROR] ConfigurationRetriever:142 - IOException on connection: sw-center.st.com
2024-04-25 09:17:41,463 [INFO] CADModel:105 - Init CAD model plugin
2024-04-25 09:17:41,463 [INFO] PluginManage:359 - Loaded plugin cadmodel (category:power,tabindex:5)
2024-04-25 09:17:41,463 [INFO] PluginManage:310 - Check plugin clock
2024-04-25 09:17:41,477 [INFO] PluginManage:359 - Loaded plugin clock (category:base,tabindex:2)
2024-04-25 09:17:41,477 [INFO] PluginManage:310 - Check plugin ddr
2024-04-25 09:17:41,480 [INFO] PluginManage:359 - Loaded plugin ddr (category:tool,tabindex:6)
2024-04-25 09:17:41,480 [INFO] PluginManage:310 - Check plugin filemanager
2024-04-25 09:17:41,712 [INFO] PluginManage:359 - Loaded plugin filemanager (category:base,tabindex:10)
2024-04-25 09:17:41,713 [INFO] PluginManage:310 - Check plugin ipmanager
2024-04-25 09:17:41,725 [INFO] PluginManage:359 - Loaded plugin ipmanager (category:base,tabindex:5)
2024-04-25 09:17:41,725 [INFO] PluginManage:310 - Check plugin lpbam
2024-04-25 09:17:41,738 [INFO] PluginManage:359 - Loaded plugin lpbam (category:base,tabindex:0)
2024-04-25 09:17:41,739 [INFO] PluginManage:310 - Check plugin memorymap
2024-04-25 09:17:41,758 [INFO] PluginManage:359 - Loaded plugin memorymap (category:base,tabindex:4)
2024-04-25 09:17:41,758 [INFO] PluginManage:310 - Check plugin pinoutandconfiguration
2024-04-25 09:17:41,770 [INFO] PluginManage:359 - Loaded plugin pinoutandconfiguration (category:base,tabindex:1)
2024-04-25 09:17:41,771 [INFO] PluginManage:310 - Check plugin pinoutconfig
2024-04-25 09:17:41,917 [WARN] SupportedApi:132 - Cannot load RTOS API schema: s4s-elt-must-match.1: The content of 'definitions' must match (annotation?, (simpleType | complexType)?, (unique | key | keyref)*)). A problem was found starting at: attribute.
2024-04-25 09:17:42,156 [INFO] PluginManage:359 - Loaded plugin pinoutconfig (category:base,tabindex:0)
2024-04-25 09:17:42,156 [INFO] PluginManage:310 - Check plugin power
2024-04-25 09:17:42,173 [INFO] PluginManage:359 - Loaded plugin power (category:power,tabindex:4)
2024-04-25 09:17:42,173 [INFO] PluginManage:310 - Check plugin projectmanager
2024-04-25 09:17:42,202 [INFO] PluginManage:359 - Loaded plugin projectmanager (category:projectmanager,tabindex:3)
2024-04-25 09:17:42,202 [INFO] PluginManage:310 - Check plugin thirdparty
2024-04-25 09:17:42,411 [INFO] PluginManage:359 - Loaded plugin thirdparty (category:base,tabindex:-1)
2024-04-25 09:17:42,411 [INFO] PluginManage:310 - Check plugin tools
2024-04-25 09:17:42,411 [WARN] IntegrityCheckThread:84 - waiting for thirdparty lock release [integrity check]
2024-04-25 09:17:42,412 [INFO] IntegrityCheckThread:86 - entering critical section [integrity check]
2024-04-25 09:17:42,413 [INFO] ThirdPartyUpdaterWithRetryManager:70 - Updater plugin not ready yet. [1/15]
2024-04-25 09:17:42,415 [INFO] PluginManage:359 - Loaded plugin tools (category:base,tabindex:7)
2024-04-25 09:17:42,416 [INFO] PluginManage:310 - Check plugin tutovideos
2024-04-25 09:17:42,710 [INFO] PluginManage:359 - Loaded plugin tutovideos (category:base,tabindex:-1)
2024-04-25 09:17:42,711 [INFO] PluginManage:310 - Check plugin updater
2024-04-25 09:17:42,728 [INFO] PluginManage:359 - Loaded plugin updater (category:base,tabindex:12)
2024-04-25 09:17:42,728 [INFO] PluginManage:310 - Check plugin userauth
2024-04-25 09:17:42,736 [INFO] UserAuth:114 - Init User Auth plugin
2024-04-25 09:17:42,736 [INFO] PluginManage:359 - Loaded plugin userauth (category:base,tabindex:14)
2024-04-25 09:17:42,738 [INFO] PluginManage:283 - PluginManage : Loaded plugins [17]
2024-04-25 09:17:43,061 [INFO] PinOutPanel:1561 - setPackage(No Configuration,No Configuration)
2024-04-25 09:17:43,176 [INFO] CADModel:165 - CPN selected for project level
2024-04-25 09:17:43,176 [INFO] CADModel:114 - Register for checkConnection events
2024-04-25 09:17:43,198 [INFO] IPUIPlugin:80 - create IPUIPlugin
2024-04-25 09:17:43,198 [INFO] PluginManager:220 - loadIPPluginJar : add adc
2024-04-25 09:17:43,202 [INFO] IPUIPlugin:80 - create IPUIPlugin
2024-04-25 09:17:43,202 [INFO] PluginManager:220 - loadIPPluginJar : add aes
2024-04-25 09:17:43,206 [INFO] IPUIPlugin:80 - create IPUIPlugin
2024-04-25 09:17:43,206 [INFO] PluginManager:220 - loadIPPluginJar : add can
2024-04-25 09:17:43,208 [INFO] IPUIPlugin:80 - create IPUIPlugin
2024-04-25 09:17:43,208 [INFO] PluginManager:220 - loadIPPluginJar : add comp
2024-04-25 09:17:43,211 [INFO] IPUIPlugin:80 - create IPUIPlugin
2024-04-25 09:17:43,211 [INFO] PluginManager:220 - loadIPPluginJar : add cryp
2024-04-25 09:17:43,214 [INFO] IPUIPlugin:80 - create IPUIPlugin
2024-04-25 09:17:43,214 [INFO] PluginManager:220 - loadIPPluginJar : add dfsdm
2024-04-25 09:17:43,220 [INFO] IPUIPlugin:80 - create IPUIPlugin
2024-04-25 09:17:43,221 [INFO] PluginManager:220 - loadIPPluginJar : add dma
2024-04-25 09:17:43,224 [INFO] IPUIPlugin:80 - create IPUIPlugin
2024-04-25 09:17:43,225 [INFO] PluginManager:220 - loadIPPluginJar : add dma3
2024-04-25 09:17:43,228 [INFO] IPUIPlugin:80 - create IPUIPlugin
2024-04-25 09:17:43,229 [INFO] PluginManager:220 - loadIPPluginJar : add extmemmanager
2024-04-25 09:17:43,231 [INFO] IPUIPlugin:80 - create IPUIPlugin
2024-04-25 09:17:43,231 [INFO] PluginManager:220 - loadIPPluginJar : add fatfs
2024-04-25 09:17:43,236 [INFO] IPUIPlugin:80 - create IPUIPlugin
2024-04-25 09:17:43,237 [INFO] PluginManager:220 - loadIPPluginJar : add fmc
2024-04-25 09:17:43,245 [INFO] IPUIPlugin:80 - create IPUIPlugin
2024-04-25 09:17:43,245 [INFO] PluginManager:220 - loadIPPluginJar : add freertos
2024-04-25 09:17:43,247 [INFO] IPUIPlugin:80 - create IPUIPlugin
2024-04-25 09:17:43,247 [INFO] PluginManager:220 - loadIPPluginJar : add genericplugin
2024-04-25 09:17:43,250 [INFO] IPUIPlugin:80 - create IPUIPlugin
2024-04-25 09:17:43,250 [INFO] PluginManager:220 - loadIPPluginJar : add gfxmmu
2024-04-25 09:17:43,257 [INFO] IPUIPlugin:80 - create IPUIPlugin
2024-04-25 09:17:43,257 [INFO] PluginManager:220 - loadIPPluginJar : add gic
2024-04-25 09:17:43,263 [INFO] IPUIPlugin:80 - create IPUIPlugin
2024-04-25 09:17:43,263 [INFO] PluginManager:220 - loadIPPluginJar : add gpio
2024-04-25 09:17:43,267 [INFO] IPUIPlugin:80 - create IPUIPlugin
2024-04-25 09:17:43,267 [INFO] PluginManager:220 - loadIPPluginJar : add gtzc
2024-04-25 09:17:43,270 [INFO] IPUIPlugin:80 - create IPUIPlugin
2024-04-25 09:17:43,270 [INFO] PluginManager:220 - loadIPPluginJar : add hash
2024-04-25 09:17:43,274 [INFO] IPUIPlugin:80 - create IPUIPlugin
2024-04-25 09:17:43,275 [INFO] PluginManager:220 - loadIPPluginJar : add i2c
2024-04-25 09:17:43,278 [INFO] IPUIPlugin:80 - create IPUIPlugin
2024-04-25 09:17:43,278 [INFO] PluginManager:220 - loadIPPluginJar : add i2s
2024-04-25 09:17:43,282 [INFO] IPUIPlugin:80 - create IPUIPlugin
2024-04-25 09:17:43,282 [INFO] PluginManager:220 - loadIPPluginJar : add i3c
2024-04-25 09:17:43,287 [INFO] IPUIPlugin:80 - create IPUIPlugin
2024-04-25 09:17:43,287 [INFO] PluginManager:220 - loadIPPluginJar : add ipddr
2024-04-25 09:17:43,296 [INFO] IPUIPlugin:80 - create IPUIPlugin
2024-04-25 09:17:43,296 [INFO] PluginManager:220 - loadIPPluginJar : add linkedlist
2024-04-25 09:17:43,301 [INFO] IPUIPlugin:80 - create IPUIPlugin
2024-04-25 09:17:43,301 [INFO] PluginManager:220 - loadIPPluginJar : add lorawan
2024-04-25 09:17:43,304 [INFO] IPUIPlugin:80 - create IPUIPlugin
2024-04-25 09:17:43,304 [INFO] PluginManager:220 - loadIPPluginJar : add ltdc
2024-04-25 09:17:43,310 [INFO] IPUIPlugin:80 - create IPUIPlugin
2024-04-25 09:17:43,311 [INFO] PluginManager:220 - loadIPPluginJar : add mdma
2024-04-25 09:17:43,315 [INFO] IPUIPlugin:80 - create IPUIPlugin
2024-04-25 09:17:43,316 [INFO] PluginManager:220 - loadIPPluginJar : add nvic
2024-04-25 09:17:43,320 [INFO] IPUIPlugin:80 - create IPUIPlugin
2024-04-25 09:17:43,320 [INFO] PluginManager:220 - loadIPPluginJar : add opamp
2024-04-25 09:17:43,323 [INFO] IPUIPlugin:80 - create IPUIPlugin
2024-04-25 09:17:43,324 [INFO] PluginManager:220 - loadIPPluginJar : add openamp
2024-04-25 09:17:43,327 [INFO] IPUIPlugin:80 - create IPUIPlugin
2024-04-25 09:17:43,327 [INFO] PluginManager:220 - loadIPPluginJar : add pdm2pcm
2024-04-25 09:17:43,335 [INFO] IPUIPlugin:80 - create IPUIPlugin
2024-04-25 09:17:43,339 [INFO] PluginManager:220 - loadIPPluginJar : add plateformsettings
2024-04-25 09:17:43,341 [INFO] IPUIPlugin:80 - create IPUIPlugin
2024-04-25 09:17:43,341 [INFO] PluginManager:220 - loadIPPluginJar : add quadspi
2024-04-25 09:17:43,345 [INFO] IPUIPlugin:80 - create IPUIPlugin
2024-04-25 09:17:43,345 [INFO] PluginManager:220 - loadIPPluginJar : add resmgrutility
2024-04-25 09:17:43,350 [INFO] IPUIPlugin:80 - create IPUIPlugin
2024-04-25 09:17:43,350 [INFO] PluginManager:220 - loadIPPluginJar : add sai
2024-04-25 09:17:43,354 [INFO] IPUIPlugin:80 - create IPUIPlugin
2024-04-25 09:17:43,354 [INFO] PluginManager:220 - loadIPPluginJar : add spi
2024-04-25 09:17:43,361 [INFO] IPUIPlugin:80 - create IPUIPlugin
2024-04-25 09:17:43,361 [INFO] PluginManager:220 - loadIPPluginJar : add stm32_wpan
2024-04-25 09:17:43,363 [INFO] IPUIPlugin:80 - create IPUIPlugin
2024-04-25 09:17:43,363 [INFO] PluginManager:220 - loadIPPluginJar : add tim
2024-04-25 09:17:43,368 [INFO] IPUIPlugin:80 - create IPUIPlugin
2024-04-25 09:17:43,368 [INFO] PluginManager:220 - loadIPPluginJar : add touchsensing
2024-04-25 09:17:43,371 [INFO] IPUIPlugin:80 - create IPUIPlugin
2024-04-25 09:17:43,371 [INFO] PluginManager:220 - loadIPPluginJar : add tracer_emb
2024-04-25 09:17:43,373 [INFO] IPUIPlugin:80 - create IPUIPlugin
2024-04-25 09:17:43,374 [INFO] PluginManager:220 - loadIPPluginJar : add ts
2024-04-25 09:17:43,375 [INFO] IPUIPlugin:80 - create IPUIPlugin
2024-04-25 09:17:43,375 [INFO] PluginManager:220 - loadIPPluginJar : add tsc
2024-04-25 09:17:43,378 [INFO] IPUIPlugin:80 - create IPUIPlugin
2024-04-25 09:17:43,378 [INFO] PluginManager:220 - loadIPPluginJar : add ucpd
2024-04-25 09:17:43,384 [INFO] IPUIPlugin:80 - create IPUIPlugin
2024-04-25 09:17:43,384 [INFO] PluginManager:220 - loadIPPluginJar : add usart
2024-04-25 09:17:43,388 [INFO] IPUIPlugin:80 - create IPUIPlugin
2024-04-25 09:17:43,388 [INFO] PluginManager:220 - loadIPPluginJar : add usbx
2024-04-25 09:17:43,548 [INFO] CADModel:165 - CPN selected for project level
2024-04-25 09:17:43,548 [INFO] CADModel:114 - Register for checkConnection events
2024-04-25 09:17:43,548 [FATAL] Updater:308 - Updater called before beeing initialized
2024-04-25 09:17:43,549 [ERROR] CADModel:125 - Updater not yet initialized, retry later 
2024-04-25 09:17:43,764 [INFO] CADModel:165 - CPN selected for project level
2024-04-25 09:17:43,764 [INFO] CADModel:114 - Register for checkConnection events
2024-04-25 09:17:43,764 [FATAL] Updater:308 - Updater called before beeing initialized
2024-04-25 09:17:43,765 [ERROR] CADModel:125 - Updater not yet initialized, retry later 
2024-04-25 09:17:43,770 [FATAL] Updater:308 - Updater called before beeing initialized
2024-04-25 09:17:43,982 [FATAL] Updater:308 - Updater called before beeing initialized
2024-04-25 09:17:43,988 [INFO] DbMcusAds:53 - JSON generation date=Wed Nov 29 16:22:27 IST 2023 (1701255147349)
2024-04-25 09:17:43,988 [FATAL] Updater:308 - Updater called before beeing initialized
2024-04-25 09:17:44,044 [WARN] DetailPanel:346 - Failed to get advertising image, set to default
2024-04-25 09:17:44,222 [FATAL] Updater:308 - Updater called before beeing initialized
2024-04-25 09:17:44,225 [FATAL] Updater:308 - Updater called before beeing initialized
2024-04-25 09:17:44,225 [FATAL] Updater:308 - Updater called before beeing initialized
2024-04-25 09:17:44,225 [WARN] DetailPanel:346 - Failed to get advertising image, set to default
2024-04-25 09:17:44,226 [FATAL] Updater:308 - Updater called before beeing initialized
2024-04-25 09:17:44,296 [ERROR] Updater:1120 - MainUpdater not yet initialized. External WinMGr cannot be set.
2024-04-25 09:17:44,298 [INFO] Updater:1056 - Updater Version found : 6.11.0
2024-04-25 09:17:44,326 [INFO] ApplicationProperties:184 - Using Application install path: C:\ST\STM32CubeIDE_1.15.0\STM32CubeIDE\plugins\com.st.stm32cube.common.mx_6.11.0.202403141607
2024-04-25 09:17:45,415 [INFO] ThirdPartyUpdaterWithRetryManager:70 - Updater plugin not ready yet. [2/15]
2024-04-25 09:17:45,903 [ERROR] LogOutputStream:75 - [STDERR_REDIRECT] Apr 25, 2024 9:17:45 AM java.util.prefs.WindowsPreferences <init>
2024-04-25 09:17:45,905 [ERROR] LogOutputStream:75 - [STDERR_REDIRECT] WARNING: Could not open/create prefs root node Software\JavaSoft\Prefs at root 0xffffffff80000002. Windows RegCreateKeyEx(...) returned error code 5.
2024-04-25 09:17:45,905 [ERROR] LogOutputStream:75 - [STDERR_REDIRECT] 
2024-04-25 09:17:46,142 [INFO] MainUpdater:2873 - connection check result : 22
2024-04-25 09:17:46,144 [INFO] MainUpdater:290 - Updater Check For Update Now.
2024-04-25 09:17:46,144 [INFO] MicroXplorer:498 - Change Database Version : DB.6.0.110
2024-04-25 09:17:46,151 [INFO] McuFinderGlobals:63 - Set McuFinder mode to 2 (CubeIDE integrated)
2024-04-25 09:17:46,161 [INFO] UserAuth:415 - Internet connection configuration mode: 2
2024-04-25 09:17:46,421 [INFO] CheckServerUpdateThread:120 - End of CheckServer Thread
2024-04-25 09:17:48,624 [WARN] PackLoader:240 - Cannot read IP mode file for STMicroelectronics.FP-SNS-MOTENVWB1.1.4.0
2024-04-25 09:17:48,635 [WARN] PackLoader:240 - Cannot read IP mode file for STMicroelectronics.X-CUBE-SMBUS.2.1.0
2024-04-25 09:17:48,641 [WARN] PackLoader:240 - Cannot read IP mode file for STMicroelectronics.X-CUBE-TOUCHGFX.4.23.1
2024-04-25 09:17:48,644 [WARN] PackLoader:240 - Cannot read IP mode file for STMicroelectronics.X-CUBE-TOUCHGFX.4.23.0
2024-04-25 09:17:48,648 [WARN] PackLoader:240 - Cannot read IP mode file for STMicroelectronics.X-CUBE-TOUCHGFX.4.23.2
2024-04-25 09:17:48,689 [WARN] PackLoader:240 - Cannot read IP mode file for STMicroelectronics.X-CUBE-AZRTOS-F7.1.1.0
2024-04-25 09:17:48,706 [WARN] PackLoader:240 - Cannot read IP mode file for STMicroelectronics.FP-SNS-MOTENV1.4.3.2
2024-04-25 09:17:48,715 [WARN] PackLoader:240 - Cannot read IP mode file for STMicroelectronics.FP-SNS-FLIGHT1.5.0.2
2024-04-25 09:17:48,727 [WARN] PackLoader:240 - Cannot read IP mode file for STMicroelectronics.X-CUBE-DISPLAY.3.0.0
2024-04-25 09:17:48,745 [WARN] PackLoader:240 - Cannot read IP mode file for STMicroelectronics.X-CUBE-BLE1.7.0.0
2024-04-25 09:17:48,752 [WARN] PackLoader:240 - Cannot read IP mode file for emotas.I-CUBE-CANOPEN.1.3.0
2024-04-25 09:17:48,769 [WARN] PackLoader:240 - Cannot read IP mode file for STMicroelectronics.X-CUBE-BLEMGR.3.1.0
2024-04-25 09:17:48,779 [WARN] PackLoader:240 - Cannot read IP mode file for STMicroelectronics.FP-SNS-SMARTAG2.1.2.0
2024-04-25 09:17:48,794 [INFO] LogOutputStream:77 - [STDOUT_REDIRECT] 1 : Invalid condition id : UX_CORESTACK_Condition cause : null
2024-04-25 09:17:48,795 [INFO] LogOutputStream:77 - [STDOUT_REDIRECT] 1 : Invalid condition id : UX_CORESTACK_Condition cause : null
2024-04-25 09:17:48,796 [INFO] LogOutputStream:77 - [STDOUT_REDIRECT] 1 : Invalid condition id : UX_CORESTACK_Condition cause : null
2024-04-25 09:17:48,798 [INFO] LogOutputStream:77 - [STDOUT_REDIRECT] 1 : Invalid condition id : UX_CORESTACK_Condition cause : null
2024-04-25 09:17:48,799 [INFO] LogOutputStream:77 - [STDOUT_REDIRECT] 1 : Invalid condition id : UX_CORESTACK_Condition cause : null
2024-04-25 09:17:48,804 [WARN] PackLoader:240 - Cannot read IP mode file for STMicroelectronics.X-CUBE-AZRTOS-WL.2.0.0
2024-04-25 09:17:48,811 [WARN] PackLoader:240 - Cannot read IP mode file for STMicroelectronics.FP-SNS-MOTENV1.5.0.0
2024-04-25 09:17:48,824 [WARN] PackLoader:240 - Cannot read IP mode file for WES.I-CUBE-Cesium.1.3.0
2024-04-25 09:17:48,830 [WARN] PackLoader:240 - Cannot read IP mode file for STMicroelectronics.X-CUBE-BLE2.3.3.0
2024-04-25 09:17:48,839 [WARN] PackLoader:240 - Cannot read IP mode file for STMicroelectronics.X-CUBE-TCPP.4.1.0
2024-04-25 09:17:48,849 [WARN] PackLoader:240 - Cannot read IP mode file for STMicroelectronics.X-CUBE-ALGOBUILD.1.3.0
2024-04-25 09:17:48,875 [WARN] PackLoader:240 - Cannot read IP mode file for STMicroelectronics.X-CUBE-AZRTOS-G0.1.1.0
2024-04-25 09:17:48,885 [WARN] PackLoader:240 - Cannot read IP mode file for STMicroelectronics.X-CUBE-SAFEA1.1.2.2
2024-04-25 09:17:48,892 [WARN] PackLoader:240 - Cannot read IP mode file for STMicroelectronics.X-CUBE-NFC4.3.0.0
2024-04-25 09:17:48,897 [WARN] PackLoader:240 - Cannot read IP mode file for STMicroelectronics.FP-ATR-SIGFOX1.3.2.0
2024-04-25 09:17:48,905 [WARN] PackLoader:240 - Cannot read IP mode file for STMicroelectronics.X-CUBE-EEPRMA1.5.1.0
2024-04-25 09:17:48,990 [WARN] PackLoader:240 - Cannot read IP mode file for SEGGER.I-CUBE-embOS.1.3.1
2024-04-25 09:17:49,072 [WARN] PackLoader:240 - Cannot read IP mode file for STMicroelectronics.X-CUBE-GNSS1.6.0.0
2024-04-25 09:17:49,102 [WARN] PackLoader:240 - Cannot read IP mode file for STMicroelectronics.X-CUBE-AZRTOS-F4.1.1.0
2024-04-25 09:17:49,146 [WARN] PackLoader:240 - Cannot read IP mode file for wolfSSL.I-CUBE-wolfSSL.5.6.6
2024-04-25 09:17:49,209 [WARN] PackLoader:240 - Cannot read IP mode file for STMicroelectronics.X-CUBE-AZRTOS-L5.2.0.0
2024-04-25 09:17:49,221 [WARN] PackLoader:240 - Cannot read IP mode file for STMicroelectronics.X-CUBE-NFC6.3.1.0
2024-04-25 09:17:49,230 [WARN] PackLoader:240 - Cannot read IP mode file for ITTIA_DB.I-CUBE-ITTIADB.8.8.0
2024-04-25 09:17:49,235 [WARN] PackLoader:240 - Cannot read IP mode file for STMicroelectronics.X-CUBE-AI.9.0.0
2024-04-25 09:17:49,242 [WARN] PackLoader:240 - Cannot read IP mode file for STMicroelectronics.X-CUBE-NFC7.1.0.1
2024-04-25 09:17:49,246 [WARN] PackLoader:240 - Cannot read IP mode file for STMicroelectronics.X-CUBE-AI.8.1.0
2024-04-25 09:17:49,277 [WARN] ConditionMgr:438 - getConditionDescription Invalid condition id : LAN8742 Phy interface Condition cause : null
2024-04-25 09:17:49,278 [WARN] PackLoader:240 - Cannot read IP mode file for STMicroelectronics.X-CUBE-AZRTOS-L4.2.0.0
2024-04-25 09:17:49,280 [WARN] ConditionMgr:1039 - genDependencies : Invalid condition id : LAN8742 Phy interface Condition cause : null
2024-04-25 09:17:49,280 [WARN] ConditionMgr:1039 - genDependencies : Invalid condition id : LAN8742 Phy interface Condition cause : null
2024-04-25 09:17:49,286 [WARN] ConditionMgr:1039 - genDependencies : Invalid condition id : LAN8742 Phy interface Condition cause : null
2024-04-25 09:17:49,299 [WARN] PackLoader:240 - Cannot read IP mode file for STMicroelectronics.X-CUBE-SFXS2LP1.4.0.0
2024-04-25 09:17:49,321 [WARN] ConditionMgr:438 - getConditionDescription Invalid condition id : UX DEVICE CLASS RTOS Condition cause : null
2024-04-25 09:17:49,321 [WARN] ConditionMgr:438 - getConditionDescription Invalid condition id : UX DEVICE CLASS RTOS Condition cause : null
2024-04-25 09:17:49,326 [WARN] PackLoader:240 - Cannot read IP mode file for STMicroelectronics.X-CUBE-AZRTOS-WB.2.0.0
2024-04-25 09:17:49,327 [WARN] ConditionMgr:1039 - genDependencies : Invalid condition id : UX DEVICE CLASS RTOS Condition cause : null
2024-04-25 09:17:49,327 [WARN] ConditionMgr:1039 - genDependencies : Invalid condition id : UX DEVICE CLASS RTOS Condition cause : null
2024-04-25 09:17:49,328 [WARN] ConditionMgr:1039 - genDependencies : Invalid condition id : UX DEVICE CLASS RTOS Condition cause : null
2024-04-25 09:17:49,328 [WARN] ConditionMgr:1039 - genDependencies : Invalid condition id : UX DEVICE CLASS RTOS Condition cause : null
2024-04-25 09:17:49,328 [WARN] ConditionMgr:1039 - genDependencies : Invalid condition id : UX DEVICE CLASS RTOS Condition cause : null
2024-04-25 09:17:49,344 [WARN] PackLoader:240 - Cannot read IP mode file for STMicroelectronics.X-CUBE-SUBG2.5.0.0
2024-04-25 09:17:49,372 [WARN] PackLoader:240 - Cannot read IP mode file for STMicroelectronics.X-CUBE-AZRTOS-G4.2.0.0
2024-04-25 09:17:49,391 [WARN] PackLoader:240 - Cannot read IP mode file for Infineon.AIROC-Wi-Fi-Bluetooth-STM32.1.5.1
2024-04-25 09:17:49,412 [WARN] PackLoader:240 - Cannot read IP mode file for STMicroelectronics.FP-SNS-MOTENVWB1.1.3.1
2024-04-25 09:17:49,425 [WARN] PackLoader:240 - Cannot read IP mode file for STMicroelectronics.X-CUBE-ISPU.2.0.0
2024-04-25 09:17:49,531 [WARN] PackLoader:240 - Cannot read IP mode file for STMicroelectronics.X-CUBE-MEMS1.10.0.0
2024-04-25 09:17:49,770 [WARN] PackLoader:240 - Cannot read IP mode file for STMicroelectronics.X-CUBE-FREERTOS.1.1.0
2024-04-25 09:17:49,779 [WARN] PackLoader:240 - Cannot read IP mode file for portGmbH.I-Cube-SoM-uGOAL.1.1.0
2024-04-25 09:17:49,786 [WARN] PackLoader:240 - Cannot read IP mode file for STMicroelectronics.X-CUBE-ALS.1.0.1
2024-04-25 09:17:49,815 [WARN] PackLoader:240 - Cannot read IP mode file for STMicroelectronics.X-CUBE-AZRTOS-H7RS.1.0.0
2024-04-25 09:17:49,825 [WARN] PackLoader:240 - Cannot read IP mode file for STMicroelectronics.FP-ATR-ASTRA1.2.0.0
2024-04-25 09:17:49,842 [WARN] PackLoader:240 - Cannot read IP mode file for STMicroelectronics.X-CUBE-TOF1.3.4.1
2024-04-25 09:17:49,892 [WARN] PackLoader:240 - Cannot read IP mode file for STMicroelectronics.X-CUBE-AZRTOS-H7.3.2.0
2024-04-25 09:17:49,897 [INFO] ThirdParty:978 - Integrity check success = true
2024-04-25 09:17:49,897 [INFO] IntegrityCheckThread:100 - exiting critical section [integrity check]
2024-04-25 09:17:49,897 [INFO] IntegrityCheckThread:103 - End integrity checks thread
2024-04-25 09:17:53,219 [ERROR] ConfigurationRetriever:142 - IOException on connection: sw-center.st.com
2024-04-25 09:17:53,220 [ERROR] ConfigurationRetriever:142 - IOException on connection: sw-center.st.com
2024-04-25 09:17:53,221 [ERROR] ConfigurationRetriever:142 - IOException on connection: sw-center.st.com
2024-04-25 09:18:02,956 [ERROR] ConfigurationRetriever:142 - IOException on connection: sw-center.st.com
2024-04-25 09:18:02,957 [ERROR] ConfigurationRetriever:142 - IOException on connection: sw-center.st.com
2024-04-25 09:18:02,957 [ERROR] ConfigurationRetriever:142 - IOException on connection: sw-center.st.com
2024-04-25 09:18:04,375 [ERROR] ConfigurationRetriever:142 - IOException on connection: sw-center.st.com
2024-04-25 09:18:04,376 [ERROR] ConfigurationRetriever:142 - IOException on connection: sw-center.st.com
2024-04-25 09:18:04,377 [ERROR] ConfigurationRetriever:142 - IOException on connection: sw-center.st.com
2024-04-25 09:18:13,160 [ERROR] ConfigurationRetriever:142 - IOException on connection: sw-center.st.com
2024-04-25 09:18:13,161 [ERROR] ConfigurationRetriever:142 - IOException on connection: sw-center.st.com
2024-04-25 09:18:13,162 [ERROR] ConfigurationRetriever:142 - IOException on connection: sw-center.st.com
2024-04-25 09:18:36,977 [INFO] McuFinderGlobals:63 - Set McuFinder mode to 2 (CubeIDE integrated)
2024-04-25 09:18:37,006 [INFO] MainUpdater:2873 - connection check result : 22
2024-04-25 09:18:37,015 [INFO] MainUpdater:2873 - connection check result : 22
2024-04-25 09:19:00,137 [INFO] MainUpdater:2873 - connection check result : 22
2024-04-25 09:19:07,864 [INFO] MainUpdater:2873 - connection check result : 22
2024-04-25 09:19:09,669 [INFO] MicroXplorer:468 - Change Database Path : 
2024-04-25 09:19:09,670 [INFO] MicroXplorer:498 - Change Database Version : DB.6.0.110
2024-04-25 09:19:09,677 [WARN] ThirdParty:871 - waiting for thirdparty lock release [close project]
2024-04-25 09:19:09,677 [INFO] ThirdParty:873 - entering critical section [close project]
2024-04-25 09:19:09,679 [INFO] ThirdParty:883 - exiting critical section [close project]
2024-04-25 09:19:09,681 [INFO] PinOutPanel:1561 - setPackage(No Configuration,No Configuration)
2024-04-25 09:19:09,685 [INFO] UtilMem:75 - Begin LoadConfig() Used Memory: 214432112 Bytes (472907776)
2024-04-25 09:19:09,687 [INFO] MicroXplorer:468 - Change Database Path : 
2024-04-25 09:19:09,687 [INFO] MicroXplorer:498 - Change Database Version : DB.6.0.110
2024-04-25 09:19:09,687 [INFO] OpenFileManager:312 - Change cursor
2024-04-25 09:19:09,785 [INFO] Mcu:2021 - Initializing MCU STM32F303C(B-C)Tx STM32F303CCTx STM32F303CCT6
2024-04-25 09:19:11,697 [INFO] Context:663 - Trying to add GPIOservice into a context  which must be forbidden
2024-04-25 09:19:12,329 [INFO] RtosManager:555 - Registered RTOS mode: class=CMSIS, group=RTOS, mode=CMSIS_V1, owner=FREERTOS
2024-04-25 09:19:12,329 [INFO] RtosManager:555 - Registered RTOS mode: class=CMSIS, group=RTOS2, mode=CMSIS_V2, owner=FREERTOS
2024-04-25 09:19:12,329 [INFO] RtosManager:555 - Registered RTOS mode: class=RTOS, group=Core, mode=CMSIS_V1, owner=FREERTOS
2024-04-25 09:19:12,329 [INFO] RtosManager:555 - Registered RTOS mode: class=RTOS, group=Core, mode=CMSIS_V2, owner=FREERTOS
2024-04-25 09:19:12,329 [WARN] ModelIntegratedComponent:184 - Missing modes for component STMicroelectronics:FreeRTOS:0.0.1:STMicroelectronics:RTOS:FreeRTOS:Core:::10.2.0:
2024-04-25 09:19:12,344 [WARN] ModelIntegratedComponent:63 - No mode defined for component null
2024-04-25 09:19:12,344 [WARN] ModelIntegratedComponent:63 - No mode defined for component null
2024-04-25 09:19:12,344 [WARN] ModelIntegratedComponent:63 - No mode defined for component null
2024-04-25 09:19:12,344 [WARN] ModelIntegratedComponent:63 - No mode defined for component null
2024-04-25 09:19:12,344 [WARN] ModelIntegratedComponent:63 - No mode defined for component null
2024-04-25 09:19:12,344 [WARN] ModelIntegratedComponent:63 - No mode defined for component null
2024-04-25 09:19:12,344 [WARN] ModelIntegratedComponent:63 - No mode defined for component null
2024-04-25 09:19:12,344 [WARN] ModelIntegratedComponent:63 - No mode defined for component null
2024-04-25 09:19:12,344 [WARN] ModelIntegratedComponent:63 - No mode defined for component null
2024-04-25 09:19:12,344 [WARN] ModelIntegratedComponent:63 - No mode defined for component null
2024-04-25 09:19:12,344 [WARN] ModelIntegratedComponent:63 - No mode defined for component null
2024-04-25 09:19:12,344 [WARN] ModelIntegratedComponent:63 - No mode defined for component null
2024-04-25 09:19:12,344 [WARN] ModelIntegratedComponent:63 - No mode defined for component null
2024-04-25 09:19:12,344 [WARN] ModelIntegratedComponent:63 - No mode defined for component null
2024-04-25 09:19:12,344 [WARN] ModelIntegratedComponent:63 - No mode defined for component null
2024-04-25 09:19:12,344 [WARN] ModelIntegratedComponent:63 - No mode defined for component null
2024-04-25 09:19:12,344 [WARN] ModelIntegratedComponent:63 - No mode defined for component null
2024-04-25 09:19:12,344 [WARN] ModelIntegratedComponent:63 - No mode defined for component null
2024-04-25 09:19:12,344 [WARN] ModelIntegratedComponent:63 - No mode defined for component null
2024-04-25 09:19:12,345 [WARN] ModelIntegratedComponent:63 - No mode defined for component null
2024-04-25 09:19:12,345 [WARN] ModelIntegratedComponent:63 - No mode defined for component null
2024-04-25 09:19:12,345 [WARN] ModelIntegratedComponent:63 - No mode defined for component null
2024-04-25 09:19:12,345 [WARN] ModelIntegratedComponent:63 - No mode defined for component null
2024-04-25 09:19:12,345 [WARN] ModelIntegratedComponent:63 - No mode defined for component null
2024-04-25 09:19:12,345 [WARN] ModelIntegratedComponent:63 - No mode defined for component null
2024-04-25 09:19:12,345 [WARN] ModelIntegratedComponent:63 - No mode defined for component null
2024-04-25 09:19:12,345 [WARN] ModelIntegratedComponent:63 - No mode defined for component null
2024-04-25 09:19:12,345 [WARN] ModelIntegratedComponent:63 - No mode defined for component null
2024-04-25 09:19:12,345 [WARN] ModelIntegratedComponent:63 - No mode defined for component null
2024-04-25 09:19:12,345 [WARN] ModelIntegratedComponent:63 - No mode defined for component null
2024-04-25 09:19:12,345 [WARN] ModelIntegratedComponent:63 - No mode defined for component null
2024-04-25 09:19:12,345 [WARN] ModelIntegratedComponent:63 - No mode defined for component null
2024-04-25 09:19:12,345 [WARN] ModelIntegratedComponent:63 - No mode defined for component null
2024-04-25 09:19:12,345 [WARN] ModelIntegratedComponent:63 - No mode defined for component null
2024-04-25 09:19:12,476 [INFO] ThirdPartyModel:298 - Start build external matchings
2024-04-25 09:19:12,681 [INFO] ThirdPartyModel:316 - End build external matchings
2024-04-25 09:19:12,695 [INFO] ImportTextPane:194 - (OptionalMessage_ERROR) IP (RCC) : Invalid parameter (FamilyName)
2024-04-25 09:19:12,697 [INFO] ImportTextPane:194 - (OptionalMessage_ERROR) IP (RCC) : Invalid parameter (TIM2Freq_Value)
2024-04-25 09:19:12,697 [INFO] ImportTextPane:194 - (OptionalMessage_ERROR) IP (RCC) : Parameter (USBFreq_Value) has invalid value (36000000)
2024-04-25 09:19:13,128 [INFO] ApiDb:581 - Connected to CubeFinder SQLite database (C:\Users\shrey\.stmcufinder\plugins\mcufinder\mcu\cube-finder-db.db)
2024-04-25 09:19:13,234 [INFO] ApiDb:668 - CubeFinder database Data Model version=2.1
2024-04-25 09:19:13,234 [INFO] ApiDb:669 - CubeFinder database Configuration version=3.0.39
2024-04-25 09:19:13,234 [INFO] ApiDb:670 - CubeFinder database generation date=2024-03-25 (1711369621)
2024-04-25 09:19:13,234 [INFO] ApiDb:671 - CubeFinder database FW Pack versions=[FP-ATR-ASTRA1_V2.0.0, FP-SNS-FLIGHT1_V5.0.1, FP-SNS-FLIGHT1_V5.0.2, FP-SNS-MOTENV1_V4.3.1, FP-SNS-MOTENV1_V4.3.2, FP-SNS-MOTENVWB1_V1.3.1, FP-SNS-SMARTAG2_V1.2.0, STM32Cube_FW_C0_V1.1.0, STM32Cube_FW_F4_V1.28.0, STM32Cube_FW_F7_V1.17.0, STM32Cube_FW_G0_V1.6.2, STM32Cube_FW_G4_V1.5.2, STM32Cube_FW_H5_V0.5.1, STM32Cube_FW_H5_V1.1.1, STM32Cube_FW_H5_V1.2.0, STM32Cube_FW_H5_V1.2.0RC4, STM32Cube_FW_H7RS_V1.0.0, STM32Cube_FW_H7RS_V1.0.0RC4, STM32Cube_FW_H7_V1.11.0, STM32Cube_FW_L0_V1.12.2, STM32Cube_FW_L5_V1.5.1, STM32Cube_FW_U0_V1.0.0, STM32Cube_FW_U0_V1.0.0RC1, STM32Cube_FW_U5_V1.3.0RC4, STM32Cube_FW_U5_V1.5.0, STM32Cube_FW_U5_V1.5.0RC1, STM32Cube_FW_WBA_V1.0.0RC1, STM32Cube_FW_WBA_V1.2.0, STM32Cube_FW_WBA_V1.2.0RC2, STM32Cube_FW_WBA_V1.3.0, STM32Cube_FW_WBA_V1.3.0RC1, STM32Cube_FW_WB_V1.15.0RC1, STM32Cube_FW_WB_V1.16.0, STM32Cube_FW_WB_V1.16.0RC2, STM32Cube_FW_WB_V1.18.0, STM32Cube_FW_WB_V1.19.0, STM32Cube_FW_WL_V1.3.0, X-CUBE-ALGOBUILD_V1.3.0, X-CUBE-ALS_V1.0.1, X-CUBE-AZRTOS-F4_V1.1.0, X-CUBE-AZRTOS-F7_V1.1.0, X-CUBE-AZRTOS-G0_V1.1.0, X-CUBE-AZRTOS-G4_V2.0.0, X-CUBE-AZRTOS-H7_V3.2.0, X-CUBE-AZRTOS-L4_V1.0.0, X-CUBE-AZRTOS-L4_V2.0.0, X-CUBE-AZRTOS-L5_V1.1.0, X-CUBE-AZRTOS-WB_V2.0.0, X-CUBE-AZRTOS-WL_V2.0.0, X-CUBE-BLE1_V7.0.0, X-CUBE-BLE2_V3.3.0, X-CUBE-BLEMGR_V3.1.0, X-CUBE-EEPRMA1_V4.1.0, X-CUBE-EEPRMA1_V5.1.0, X-CUBE-FREERTOS_V1.1.0, X-CUBE-GNSS1_V6.0.0, X-CUBE-MEMS1_V10.0.0, X-CUBE-MEMS1_V9.1.0, X-CUBE-MEMS1_V9.4.0, X-CUBE-MEMS1_V9.6.0, X-CUBE-NFC4_V3.0.0, X-CUBE-NFC7_V1.0.1, X-CUBE-SFXS2LP1_V4.0.0, X-CUBE-SUBG2_V5.0.0, X-CUBE-TOF1_V3.4.0]
2024-04-25 09:19:13,402 [INFO] DbBoardsSqlite:226 - include board P-NUCLEO-WB55-NUCLEO as a kit item of type 'Nucleo-64'
2024-04-25 09:19:13,402 [INFO] DbBoardsSqlite:226 - include board P-NUCLEO-WB55-USBDONGLE as a kit item of type 'Nucleo USB Dongle'
2024-04-25 09:19:13,404 [INFO] DbBoardsSqlite:226 - include board STEVAL-IDP005V1 as a kit item of type 'Evaluation Board'
2024-04-25 09:19:13,405 [INFO] DbBoardsSqlite:226 - include board STEVAL-IDP005V2 as a kit item of type 'Evaluation Board'
2024-04-25 09:19:14,020 [INFO] ApiDb:240 - Found 483 in-development CPN: [B-G473E-ZEST1S, B-WB1M-WPAN1, B-WL5M-SUBG1, NUCLEO-C031C6, NUCLEO-H503RB, NUCLEO-H533RE, NUCLEO-H563ZI, NUCLEO-H7S3L8, NUCLEO-U031R8, NUCLEO-U083RC, NUCLEO-U545RE-Q, NUCLEO-U5A5ZJ-Q, NUCLEO-WBA52CG, NUCLEO-WBA55CG, STEVAL-PROTEUS1, STEVAL-SMARTAG2, STEVAL-STWINBX1, STM320518-EVAL, STM32C0116-DK, STM32C011D6Y3TR, STM32C011D6Y6TR, STM32C011F4P3, STM32C011F4P6, STM32C011F4U3, STM32C011F4U6TR, STM32C011F6P3, STM32C011F6P6, STM32C011F6U3, STM32C011F6U6TR, STM32C011J4M3, STM32C011J4M6, STM32C011J6M3, STM32C011J6M6, STM32C0316-DK, STM32C031C4T3, STM32C031C4T6, STM32C031C4U3, STM32C031C4U6, STM32C031C6T3, STM32C031C6T6, STM32C031C6U3, STM32C031C6U6, STM32C031F4P3, STM32C031F4P6, STM32C031F6P3, STM32C031F6P6, STM32C031G4U3, STM32C031G4U6, STM32C031G6U3, STM32C031G6U6, STM32C031K4T3, STM32C031K4T6, STM32C031K4U3, STM32C031K4U6, STM32C031K6T3, STM32C031K6T6, STM32C031K6U3, STM32C031K6U6, STM32G071K8TXN, STM32G071K8UXN, STM32G081GBU6N, STM32G081KBT6N, STM32G081KBUXN, STM32G0B1CCT6N, STM32G0B1KCT6, STM32G0B1NEY6TR, STM32G0B1RCT6N, STM32G0C1CCT6, STM32G0C1CCT6N, STM32G0C1CCU6N, STM32G0C1CET6N, STM32G0C1CEU6N, STM32G0C1KCT6, STM32G0C1NEY6TR, STM32G0C1RCI6N, STM32G0C1RCT6N, STM32G0C1REI6N, STM32G0C1RET6N, STM32G0C1VCI6, STM32G0C1VEI6, STM32G471CCT6, STM32G471CCU6, STM32G471CET3, STM32G471CET6, STM32G471CEU3, STM32G471CEU6, STM32G471MCT6, STM32G471MET3, STM32G471MET6, STM32G471MEY6TR, STM32G471QCT6, STM32G471QET3, STM32G471RCT6, STM32G471RET3, STM32G471RET6, STM32G471VCH6, STM32G471VCI6, STM32G471VCT6, STM32G471VEH3, STM32G471VEH6, STM32G471VEI3, STM32G471VEI6, STM32G471VET3, STM32G471VET6, STM32G474CCT6, STM32H503CBT6, STM32H503CBU6, STM32H503EBY6TR, STM32H503KBU6, STM32H503RBT6, STM32H523CCT6, STM32H523CCU6, STM32H523CET6, STM32H523CEU6, STM32H523HEY6TR, STM32H523RCT6, STM32H523RET6, STM32H523VCI6, STM32H523VCT6, STM32H523VEI6, STM32H523VET6, STM32H523ZCJ6, STM32H523ZCT6, STM32H523ZEJ6, STM32H523ZET6, STM32H533CET6, STM32H533CEU6, STM32H533HEY6TR, STM32H533RET6, STM32H533VEI6, STM32H533VET6, STM32H533ZEJ6, STM32H533ZET6, STM32H562AGI6, STM32H562AII6, STM32H562IGK6, STM32H562IGT6, STM32H562IIK6, STM32H562IIT6, STM32H562RGT6, STM32H562RGV6, STM32H562RIT6, STM32H562RIV6, STM32H562VGT6, STM32H562VIT6, STM32H562ZGT6, STM32H562ZIT6, STM32H563AGI6, STM32H563AII3Q, STM32H563AII6, STM32H563IGK6, STM32H563IGT6, STM32H563IIK3Q, STM32H563IIK6, STM32H563IIT3Q, STM32H563IIT6, STM32H563MIY3QTR, STM32H563RGT6, STM32H563RGV6, STM32H563RIT6, STM32H563RIV6, STM32H563VGT6, STM32H563VIT3Q, STM32H563VIT6, STM32H563ZGT6, STM32H563ZIT3Q, STM32H563ZIT6, STM32H573AII3Q, STM32H573AII6, STM32H573I-DK, STM32H573IIK3Q, STM32H573IIK6, STM32H573IIT3Q, STM32H573IIT6, STM32H573MIY3QTR, STM32H573RIT6, STM32H573RIV6, STM32H573VIT3Q, STM32H573VIT6, STM32H573ZIT3Q, STM32H573ZIT6, STM32H7R3A8I6, STM32H7R3I8K6, STM32H7R3I8T6, STM32H7R3L8H6, STM32H7R3L8H6H, STM32H7R3R8V6, STM32H7R3V8H6, STM32H7R3V8T6, STM32H7R3V8Y6, STM32H7R3Z8J6, STM32H7R3Z8T6, STM32H7R7A8I6, STM32H7R7I8K6, STM32H7R7I8T6, STM32H7R7L8H6, STM32H7R7L8H6H, STM32H7R7Z8J6, STM32H7S3A8I6, STM32H7S3I8K6, STM32H7S3I8T6, STM32H7S3L8H6, STM32H7S3L8H6H, STM32H7S3R8V6, STM32H7S3V8H6, STM32H7S3V8T6, STM32H7S3V8Y6, STM32H7S3Z8J6, STM32H7S3Z8T6, STM32H7S78-DK, STM32H7S7A8I6, STM32H7S7I8K6, STM32H7S7I8T6, STM32H7S7L8H6, STM32H7S7L8H6H, STM32H7S7Z8J6, STM32L4R5QGI6STR, STM32MP131AAE3, STM32MP131AAF3, STM32MP131AAG3, STM32MP131CAE3, STM32MP131CAF3, STM32MP131CAG3, STM32MP131DAE7, STM32MP131DAF7, STM32MP131DAG7, STM32MP131FAE7, STM32MP131FAF7, STM32MP131FAG7, STM32MP133AAE3, STM32MP133AAF3, STM32MP133AAG3, STM32MP133CAE3, STM32MP133CAF3, STM32MP133CAG3, STM32MP133DAE7, STM32MP133DAF7, STM32MP133DAG7, STM32MP133FAE7, STM32MP133FAF7, STM32MP133FAG7, STM32MP135AAE3, STM32MP135AAF3, STM32MP135AAG3, STM32MP135CAE3, STM32MP135CAF3, STM32MP135CAG3, STM32MP135DAE7, STM32MP135DAF7, STM32MP135DAG7, STM32MP135F-DK, STM32MP135FAE7, STM32MP135FAF7, STM32MP135FAF7T, STM32MP135FAF7U, STM32MP135FAG7, STM32U031C6T6, STM32U031C6U6, STM32U031C8T6, STM32U031C8U6, STM32U031F4P6, STM32U031F6P6, STM32U031F8P6, STM32U031G6Y6TR, STM32U031G8Y6TR, STM32U031K4U6, STM32U031K6U6, STM32U031K8U6, STM32U031R6I6, STM32U031R6T6, STM32U031R8I6, STM32U031R8T6, STM32U073C8T6, STM32U073C8U6, STM32U073CBT6, STM32U073CBU6, STM32U073CCT6, STM32U073CCU6, STM32U073H8Y6TR, STM32U073HBY6TR, STM32U073HCY6TR, STM32U073K8U6, STM32U073KBU6, STM32U073KCU6, STM32U073M8I6, STM32U073M8T6, STM32U073MBI6, STM32U073MBT6, STM32U073MCI6, STM32U073MCT6, STM32U073R8I6, STM32U073R8T6, STM32U073RBI6, STM32U073RBT6, STM32U073RCI6, STM32U073RCT6, STM32U083C-DK, STM32U083CCT6, STM32U083CCU6, STM32U083HCY6TR, STM32U083KCU6, STM32U083MCI6, STM32U083MCT6, STM32U083RCI6, STM32U083RCT6, STM32U535CBT6, STM32U535CBT6Q, STM32U535CBU6, STM32U535CBU6Q, STM32U535CCT6, STM32U535CCT6Q, STM32U535CCU6, STM32U535CCU6Q, STM32U535CET6, STM32U535CET6Q, STM32U535CEU6, STM32U535CEU6Q, STM32U535JEY6QTR, STM32U535NCY6QTR, STM32U535NEY6QTR, STM32U535RBI6, STM32U535RBI6Q, STM32U535RBT6, STM32U535RBT6Q, STM32U535RCI6, STM32U535RCI6Q, STM32U535RCT6, STM32U535RCT6Q, STM32U535REI6, STM32U535REI6Q, STM32U535RET6, STM32U535RET6Q, STM32U535VCI6, STM32U535VCI6Q, STM32U535VCT6, STM32U535VCT6Q, STM32U535VEI6, STM32U535VEI6Q, STM32U535VET6, STM32U535VET6Q, STM32U545CET6, STM32U545CET6Q, STM32U545CEU6, STM32U545CEU6Q, STM32U545JEY6QTR, STM32U545NEY6QTR, STM32U545REI6, STM32U545REI6Q, STM32U545RET6, STM32U545RET6Q, STM32U545VEI6, STM32U545VEI6Q, STM32U545VET6, STM32U545VET6Q, STM32U595AIH6, STM32U595AIH6Q, STM32U595AJH6, STM32U595AJH6Q, STM32U595QII6, STM32U595QII6Q, STM32U595QJI6, STM32U595QJI6Q, STM32U595RIT6, STM32U595RIT6Q, STM32U595RJT6, STM32U595RJT6Q, STM32U595VIT6, STM32U595VIT6Q, STM32U595VJT6, STM32U595VJT6Q, STM32U595ZIT6, STM32U595ZIT6Q, STM32U595ZIY6QTR, STM32U595ZJT6, STM32U595ZJT6Q, STM32U595ZJY6QTR, STM32U599BJY6QTR, STM32U599NIH6Q, STM32U599NJH6Q, STM32U599VIT6Q, STM32U599VJT6, STM32U599VJT6Q, STM32U599ZIT6Q, STM32U599ZIY6QTR, STM32U599ZJT6Q, STM32U599ZJY6QTR, STM32U5A5AJH6, STM32U5A5AJH6Q, STM32U5A5QII3Q , STM32U5A5QJI6, STM32U5A5QJI6Q, STM32U5A5RJT6, STM32U5A5RJT6Q, STM32U5A5VJT6, STM32U5A5VJT6Q, STM32U5A5ZJT6, STM32U5A5ZJT6Q, STM32U5A5ZJY6QTR, STM32U5A9BJY6QTR, STM32U5A9J-DK, STM32U5A9NJH6Q, STM32U5A9VJT6Q, STM32U5A9ZJT6Q, STM32U5A9ZJY6QTR, STM32U5F7VIT6, STM32U5F7VIT6Q, STM32U5F7VJT6, STM32U5F7VJT6Q, STM32U5F9BJY6QTR, STM32U5F9NJH6Q, STM32U5F9VIT6Q, STM32U5F9VJT6Q, STM32U5F9ZIJ6QTR, STM32U5F9ZIT6Q, STM32U5F9ZJJ6QTR, STM32U5F9ZJT6Q, STM32U5G7VJT6, STM32U5G7VJT6Q, STM32U5G9BJY6QTR, STM32U5G9J-DK1, STM32U5G9J-DK2, STM32U5G9NJH6Q, STM32U5G9VJT6Q, STM32U5G9ZJJ6QTR, STM32U5G9ZJT6Q, STM32WB1MMCH6, STM32WBA50KEU6, STM32WBA50KEU6TR, STM32WBA50KGU6, STM32WBA50KGU6TR, STM32WBA52CEU6, STM32WBA52CEU6TR, STM32WBA52CEU7, STM32WBA52CEU7TR, STM32WBA52CGU6, STM32WBA52CGU6TR, STM32WBA52CGU6U, STM32WBA52CGU7, STM32WBA52CGU7TR, STM32WBA52KEU6, STM32WBA52KEU6TR, STM32WBA52KGU6, STM32WBA52KGU6TR, STM32WBA54CEU6, STM32WBA54CEU6TR, STM32WBA54CEU7, STM32WBA54CEU7TR, STM32WBA54CGU6, STM32WBA54CGU6TR, STM32WBA54CGU7, STM32WBA54CGU7TR, STM32WBA54KEU6, STM32WBA54KEU6TR, STM32WBA54KEU7, STM32WBA54KEU7TR, STM32WBA54KGU6, STM32WBA54KGU6TR, STM32WBA54KGU7, STM32WBA54KGU7TR, STM32WBA55CEU6, STM32WBA55CEU6TR, STM32WBA55CEU7, STM32WBA55CEU7TR, STM32WBA55CGU6, STM32WBA55CGU6TR, STM32WBA55CGU6U, STM32WBA55CGU7, STM32WBA55CGU7TR, STM32WBA55G-DK1, STM32WBA55HEF6, STM32WBA55HEF7, STM32WBA55HGF6, STM32WBA55HGF7, STM32WBA55UEI6, STM32WBA55UEI6TR, STM32WBA55UEI7, STM32WBA55UEI7TR, STM32WBA55UGI6, STM32WBA55UGI6TR, STM32WBA55UGI7, STM32WBA55UGI7TR, STM32WL5MOCH6, STM32WL5MOCH6TR]
2024-04-25 09:19:14,143 [INFO] BoardInfo:889 - No configuration file found for board P-NUCLEO-WB55
2024-04-25 09:19:14,144 [INFO] DbBoards:161 - Kit is not supported: P-NUCLEO-WB55
2024-04-25 09:19:14,147 [INFO] BoardInfo:889 - No configuration file found for board STEVAL-BFA001V1B
2024-04-25 09:19:14,147 [INFO] DbBoards:161 - Kit is not supported: STEVAL-BFA001V1B
2024-04-25 09:19:14,148 [INFO] BoardInfo:889 - No configuration file found for board STEVAL-BFA001V2B
2024-04-25 09:19:14,148 [INFO] DbBoards:161 - Kit is not supported: STEVAL-BFA001V2B
2024-04-25 09:19:14,260 [INFO] DbBoards:168 - Found 199 boards, 196 are supported
2024-04-25 09:19:14,260 [INFO] DbBoards:169 - Found 199 boards, 8 of them is supported for  Bsp
2024-04-25 09:19:14,263 [INFO] ApiDb:668 - CubeFinder database Data Model version=2.1
2024-04-25 09:19:14,263 [INFO] ApiDb:669 - CubeFinder database Configuration version=3.0.39
2024-04-25 09:19:14,263 [INFO] ApiDb:670 - CubeFinder database generation date=2024-03-25 (1711369621)
2024-04-25 09:19:14,263 [INFO] ApiDb:671 - CubeFinder database FW Pack versions=[FP-ATR-ASTRA1_V2.0.0, FP-SNS-FLIGHT1_V5.0.1, FP-SNS-FLIGHT1_V5.0.2, FP-SNS-MOTENV1_V4.3.1, FP-SNS-MOTENV1_V4.3.2, FP-SNS-MOTENVWB1_V1.3.1, FP-SNS-SMARTAG2_V1.2.0, STM32Cube_FW_C0_V1.1.0, STM32Cube_FW_F4_V1.28.0, STM32Cube_FW_F7_V1.17.0, STM32Cube_FW_G0_V1.6.2, STM32Cube_FW_G4_V1.5.2, STM32Cube_FW_H5_V0.5.1, STM32Cube_FW_H5_V1.1.1, STM32Cube_FW_H5_V1.2.0, STM32Cube_FW_H5_V1.2.0RC4, STM32Cube_FW_H7RS_V1.0.0, STM32Cube_FW_H7RS_V1.0.0RC4, STM32Cube_FW_H7_V1.11.0, STM32Cube_FW_L0_V1.12.2, STM32Cube_FW_L5_V1.5.1, STM32Cube_FW_U0_V1.0.0, STM32Cube_FW_U0_V1.0.0RC1, STM32Cube_FW_U5_V1.3.0RC4, STM32Cube_FW_U5_V1.5.0, STM32Cube_FW_U5_V1.5.0RC1, STM32Cube_FW_WBA_V1.0.0RC1, STM32Cube_FW_WBA_V1.2.0, STM32Cube_FW_WBA_V1.2.0RC2, STM32Cube_FW_WBA_V1.3.0, STM32Cube_FW_WBA_V1.3.0RC1, STM32Cube_FW_WB_V1.15.0RC1, STM32Cube_FW_WB_V1.16.0, STM32Cube_FW_WB_V1.16.0RC2, STM32Cube_FW_WB_V1.18.0, STM32Cube_FW_WB_V1.19.0, STM32Cube_FW_WL_V1.3.0, X-CUBE-ALGOBUILD_V1.3.0, X-CUBE-ALS_V1.0.1, X-CUBE-AZRTOS-F4_V1.1.0, X-CUBE-AZRTOS-F7_V1.1.0, X-CUBE-AZRTOS-G0_V1.1.0, X-CUBE-AZRTOS-G4_V2.0.0, X-CUBE-AZRTOS-H7_V3.2.0, X-CUBE-AZRTOS-L4_V1.0.0, X-CUBE-AZRTOS-L4_V2.0.0, X-CUBE-AZRTOS-L5_V1.1.0, X-CUBE-AZRTOS-WB_V2.0.0, X-CUBE-AZRTOS-WL_V2.0.0, X-CUBE-BLE1_V7.0.0, X-CUBE-BLE2_V3.3.0, X-CUBE-BLEMGR_V3.1.0, X-CUBE-EEPRMA1_V4.1.0, X-CUBE-EEPRMA1_V5.1.0, X-CUBE-FREERTOS_V1.1.0, X-CUBE-GNSS1_V6.0.0, X-CUBE-MEMS1_V10.0.0, X-CUBE-MEMS1_V9.1.0, X-CUBE-MEMS1_V9.4.0, X-CUBE-MEMS1_V9.6.0, X-CUBE-NFC4_V3.0.0, X-CUBE-NFC7_V1.0.1, X-CUBE-SFXS2LP1_V4.0.0, X-CUBE-SUBG2_V5.0.0, X-CUBE-TOF1_V3.4.0]
2024-04-25 09:19:15,801 [INFO] ApiDb:240 - Found 483 in-development CPN: [B-G473E-ZEST1S, B-WB1M-WPAN1, B-WL5M-SUBG1, NUCLEO-C031C6, NUCLEO-H503RB, NUCLEO-H533RE, NUCLEO-H563ZI, NUCLEO-H7S3L8, NUCLEO-U031R8, NUCLEO-U083RC, NUCLEO-U545RE-Q, NUCLEO-U5A5ZJ-Q, NUCLEO-WBA52CG, NUCLEO-WBA55CG, STEVAL-PROTEUS1, STEVAL-SMARTAG2, STEVAL-STWINBX1, STM320518-EVAL, STM32C0116-DK, STM32C011D6Y3TR, STM32C011D6Y6TR, STM32C011F4P3, STM32C011F4P6, STM32C011F4U3, STM32C011F4U6TR, STM32C011F6P3, STM32C011F6P6, STM32C011F6U3, STM32C011F6U6TR, STM32C011J4M3, STM32C011J4M6, STM32C011J6M3, STM32C011J6M6, STM32C0316-DK, STM32C031C4T3, STM32C031C4T6, STM32C031C4U3, STM32C031C4U6, STM32C031C6T3, STM32C031C6T6, STM32C031C6U3, STM32C031C6U6, STM32C031F4P3, STM32C031F4P6, STM32C031F6P3, STM32C031F6P6, STM32C031G4U3, STM32C031G4U6, STM32C031G6U3, STM32C031G6U6, STM32C031K4T3, STM32C031K4T6, STM32C031K4U3, STM32C031K4U6, STM32C031K6T3, STM32C031K6T6, STM32C031K6U3, STM32C031K6U6, STM32G071K8TXN, STM32G071K8UXN, STM32G081GBU6N, STM32G081KBT6N, STM32G081KBUXN, STM32G0B1CCT6N, STM32G0B1KCT6, STM32G0B1NEY6TR, STM32G0B1RCT6N, STM32G0C1CCT6, STM32G0C1CCT6N, STM32G0C1CCU6N, STM32G0C1CET6N, STM32G0C1CEU6N, STM32G0C1KCT6, STM32G0C1NEY6TR, STM32G0C1RCI6N, STM32G0C1RCT6N, STM32G0C1REI6N, STM32G0C1RET6N, STM32G0C1VCI6, STM32G0C1VEI6, STM32G471CCT6, STM32G471CCU6, STM32G471CET3, STM32G471CET6, STM32G471CEU3, STM32G471CEU6, STM32G471MCT6, STM32G471MET3, STM32G471MET6, STM32G471MEY6TR, STM32G471QCT6, STM32G471QET3, STM32G471RCT6, STM32G471RET3, STM32G471RET6, STM32G471VCH6, STM32G471VCI6, STM32G471VCT6, STM32G471VEH3, STM32G471VEH6, STM32G471VEI3, STM32G471VEI6, STM32G471VET3, STM32G471VET6, STM32G474CCT6, STM32H503CBT6, STM32H503CBU6, STM32H503EBY6TR, STM32H503KBU6, STM32H503RBT6, STM32H523CCT6, STM32H523CCU6, STM32H523CET6, STM32H523CEU6, STM32H523HEY6TR, STM32H523RCT6, STM32H523RET6, STM32H523VCI6, STM32H523VCT6, STM32H523VEI6, STM32H523VET6, STM32H523ZCJ6, STM32H523ZCT6, STM32H523ZEJ6, STM32H523ZET6, STM32H533CET6, STM32H533CEU6, STM32H533HEY6TR, STM32H533RET6, STM32H533VEI6, STM32H533VET6, STM32H533ZEJ6, STM32H533ZET6, STM32H562AGI6, STM32H562AII6, STM32H562IGK6, STM32H562IGT6, STM32H562IIK6, STM32H562IIT6, STM32H562RGT6, STM32H562RGV6, STM32H562RIT6, STM32H562RIV6, STM32H562VGT6, STM32H562VIT6, STM32H562ZGT6, STM32H562ZIT6, STM32H563AGI6, STM32H563AII3Q, STM32H563AII6, STM32H563IGK6, STM32H563IGT6, STM32H563IIK3Q, STM32H563IIK6, STM32H563IIT3Q, STM32H563IIT6, STM32H563MIY3QTR, STM32H563RGT6, STM32H563RGV6, STM32H563RIT6, STM32H563RIV6, STM32H563VGT6, STM32H563VIT3Q, STM32H563VIT6, STM32H563ZGT6, STM32H563ZIT3Q, STM32H563ZIT6, STM32H573AII3Q, STM32H573AII6, STM32H573I-DK, STM32H573IIK3Q, STM32H573IIK6, STM32H573IIT3Q, STM32H573IIT6, STM32H573MIY3QTR, STM32H573RIT6, STM32H573RIV6, STM32H573VIT3Q, STM32H573VIT6, STM32H573ZIT3Q, STM32H573ZIT6, STM32H7R3A8I6, STM32H7R3I8K6, STM32H7R3I8T6, STM32H7R3L8H6, STM32H7R3L8H6H, STM32H7R3R8V6, STM32H7R3V8H6, STM32H7R3V8T6, STM32H7R3V8Y6, STM32H7R3Z8J6, STM32H7R3Z8T6, STM32H7R7A8I6, STM32H7R7I8K6, STM32H7R7I8T6, STM32H7R7L8H6, STM32H7R7L8H6H, STM32H7R7Z8J6, STM32H7S3A8I6, STM32H7S3I8K6, STM32H7S3I8T6, STM32H7S3L8H6, STM32H7S3L8H6H, STM32H7S3R8V6, STM32H7S3V8H6, STM32H7S3V8T6, STM32H7S3V8Y6, STM32H7S3Z8J6, STM32H7S3Z8T6, STM32H7S78-DK, STM32H7S7A8I6, STM32H7S7I8K6, STM32H7S7I8T6, STM32H7S7L8H6, STM32H7S7L8H6H, STM32H7S7Z8J6, STM32L4R5QGI6STR, STM32MP131AAE3, STM32MP131AAF3, STM32MP131AAG3, STM32MP131CAE3, STM32MP131CAF3, STM32MP131CAG3, STM32MP131DAE7, STM32MP131DAF7, STM32MP131DAG7, STM32MP131FAE7, STM32MP131FAF7, STM32MP131FAG7, STM32MP133AAE3, STM32MP133AAF3, STM32MP133AAG3, STM32MP133CAE3, STM32MP133CAF3, STM32MP133CAG3, STM32MP133DAE7, STM32MP133DAF7, STM32MP133DAG7, STM32MP133FAE7, STM32MP133FAF7, STM32MP133FAG7, STM32MP135AAE3, STM32MP135AAF3, STM32MP135AAG3, STM32MP135CAE3, STM32MP135CAF3, STM32MP135CAG3, STM32MP135DAE7, STM32MP135DAF7, STM32MP135DAG7, STM32MP135F-DK, STM32MP135FAE7, STM32MP135FAF7, STM32MP135FAF7T, STM32MP135FAF7U, STM32MP135FAG7, STM32U031C6T6, STM32U031C6U6, STM32U031C8T6, STM32U031C8U6, STM32U031F4P6, STM32U031F6P6, STM32U031F8P6, STM32U031G6Y6TR, STM32U031G8Y6TR, STM32U031K4U6, STM32U031K6U6, STM32U031K8U6, STM32U031R6I6, STM32U031R6T6, STM32U031R8I6, STM32U031R8T6, STM32U073C8T6, STM32U073C8U6, STM32U073CBT6, STM32U073CBU6, STM32U073CCT6, STM32U073CCU6, STM32U073H8Y6TR, STM32U073HBY6TR, STM32U073HCY6TR, STM32U073K8U6, STM32U073KBU6, STM32U073KCU6, STM32U073M8I6, STM32U073M8T6, STM32U073MBI6, STM32U073MBT6, STM32U073MCI6, STM32U073MCT6, STM32U073R8I6, STM32U073R8T6, STM32U073RBI6, STM32U073RBT6, STM32U073RCI6, STM32U073RCT6, STM32U083C-DK, STM32U083CCT6, STM32U083CCU6, STM32U083HCY6TR, STM32U083KCU6, STM32U083MCI6, STM32U083MCT6, STM32U083RCI6, STM32U083RCT6, STM32U535CBT6, STM32U535CBT6Q, STM32U535CBU6, STM32U535CBU6Q, STM32U535CCT6, STM32U535CCT6Q, STM32U535CCU6, STM32U535CCU6Q, STM32U535CET6, STM32U535CET6Q, STM32U535CEU6, STM32U535CEU6Q, STM32U535JEY6QTR, STM32U535NCY6QTR, STM32U535NEY6QTR, STM32U535RBI6, STM32U535RBI6Q, STM32U535RBT6, STM32U535RBT6Q, STM32U535RCI6, STM32U535RCI6Q, STM32U535RCT6, STM32U535RCT6Q, STM32U535REI6, STM32U535REI6Q, STM32U535RET6, STM32U535RET6Q, STM32U535VCI6, STM32U535VCI6Q, STM32U535VCT6, STM32U535VCT6Q, STM32U535VEI6, STM32U535VEI6Q, STM32U535VET6, STM32U535VET6Q, STM32U545CET6, STM32U545CET6Q, STM32U545CEU6, STM32U545CEU6Q, STM32U545JEY6QTR, STM32U545NEY6QTR, STM32U545REI6, STM32U545REI6Q, STM32U545RET6, STM32U545RET6Q, STM32U545VEI6, STM32U545VEI6Q, STM32U545VET6, STM32U545VET6Q, STM32U595AIH6, STM32U595AIH6Q, STM32U595AJH6, STM32U595AJH6Q, STM32U595QII6, STM32U595QII6Q, STM32U595QJI6, STM32U595QJI6Q, STM32U595RIT6, STM32U595RIT6Q, STM32U595RJT6, STM32U595RJT6Q, STM32U595VIT6, STM32U595VIT6Q, STM32U595VJT6, STM32U595VJT6Q, STM32U595ZIT6, STM32U595ZIT6Q, STM32U595ZIY6QTR, STM32U595ZJT6, STM32U595ZJT6Q, STM32U595ZJY6QTR, STM32U599BJY6QTR, STM32U599NIH6Q, STM32U599NJH6Q, STM32U599VIT6Q, STM32U599VJT6, STM32U599VJT6Q, STM32U599ZIT6Q, STM32U599ZIY6QTR, STM32U599ZJT6Q, STM32U599ZJY6QTR, STM32U5A5AJH6, STM32U5A5AJH6Q, STM32U5A5QII3Q , STM32U5A5QJI6, STM32U5A5QJI6Q, STM32U5A5RJT6, STM32U5A5RJT6Q, STM32U5A5VJT6, STM32U5A5VJT6Q, STM32U5A5ZJT6, STM32U5A5ZJT6Q, STM32U5A5ZJY6QTR, STM32U5A9BJY6QTR, STM32U5A9J-DK, STM32U5A9NJH6Q, STM32U5A9VJT6Q, STM32U5A9ZJT6Q, STM32U5A9ZJY6QTR, STM32U5F7VIT6, STM32U5F7VIT6Q, STM32U5F7VJT6, STM32U5F7VJT6Q, STM32U5F9BJY6QTR, STM32U5F9NJH6Q, STM32U5F9VIT6Q, STM32U5F9VJT6Q, STM32U5F9ZIJ6QTR, STM32U5F9ZIT6Q, STM32U5F9ZJJ6QTR, STM32U5F9ZJT6Q, STM32U5G7VJT6, STM32U5G7VJT6Q, STM32U5G9BJY6QTR, STM32U5G9J-DK1, STM32U5G9J-DK2, STM32U5G9NJH6Q, STM32U5G9VJT6Q, STM32U5G9ZJJ6QTR, STM32U5G9ZJT6Q, STM32WB1MMCH6, STM32WBA50KEU6, STM32WBA50KEU6TR, STM32WBA50KGU6, STM32WBA50KGU6TR, STM32WBA52CEU6, STM32WBA52CEU6TR, STM32WBA52CEU7, STM32WBA52CEU7TR, STM32WBA52CGU6, STM32WBA52CGU6TR, STM32WBA52CGU6U, STM32WBA52CGU7, STM32WBA52CGU7TR, STM32WBA52KEU6, STM32WBA52KEU6TR, STM32WBA52KGU6, STM32WBA52KGU6TR, STM32WBA54CEU6, STM32WBA54CEU6TR, STM32WBA54CEU7, STM32WBA54CEU7TR, STM32WBA54CGU6, STM32WBA54CGU6TR, STM32WBA54CGU7, STM32WBA54CGU7TR, STM32WBA54KEU6, STM32WBA54KEU6TR, STM32WBA54KEU7, STM32WBA54KEU7TR, STM32WBA54KGU6, STM32WBA54KGU6TR, STM32WBA54KGU7, STM32WBA54KGU7TR, STM32WBA55CEU6, STM32WBA55CEU6TR, STM32WBA55CEU7, STM32WBA55CEU7TR, STM32WBA55CGU6, STM32WBA55CGU6TR, STM32WBA55CGU6U, STM32WBA55CGU7, STM32WBA55CGU7TR, STM32WBA55G-DK1, STM32WBA55HEF6, STM32WBA55HEF7, STM32WBA55HGF6, STM32WBA55HGF7, STM32WBA55UEI6, STM32WBA55UEI6TR, STM32WBA55UEI7, STM32WBA55UEI7TR, STM32WBA55UGI6, STM32WBA55UGI6TR, STM32WBA55UGI7, STM32WBA55UGI7TR, STM32WL5MOCH6, STM32WL5MOCH6TR]
2024-04-25 09:19:15,805 [INFO] DbMcus:218 - Found 4094 MCUs, 4094 are supported
2024-04-25 09:19:15,810 [INFO] ApiDb:423 - Load user favorites file C:\Users\shrey/.stm32cubeide/favorites.mcus.txt: 1 item(s)
2024-04-25 09:19:15,811 [INFO] ApiDb:427 - User favorites MCUs=[STM32F303CCT6]
2024-04-25 09:19:15,811 [INFO] DbMcus:224 - Set 1 / 1 favorites MCUs
2024-04-25 09:19:16,034 [INFO] ApiDb:423 - Load user favorites file C:\Users\shrey/.stm32cubeide/favorites.boards.txt: 0 item(s)
2024-04-25 09:19:16,034 [INFO] ApiDb:427 - User favorites Boards=[]
2024-04-25 09:19:16,034 [INFO] DbBoards:198 - Set 0 / 0 favorites Boards
2024-04-25 09:19:16,095 [INFO] UtilMem:75 - End LoadConfig() Used Memory: 253956656 Bytes (472907776)
2024-04-25 09:19:16,259 [WARN] ThirdParty:833 - waiting for thirdparty lock release [change project]
2024-04-25 09:19:16,259 [INFO] ThirdParty:835 - entering critical section [change project]
2024-04-25 09:19:16,259 [INFO] ThirdParty:1030 - CMSIS Pack Vendor :STMicroelectronics USBPD 4.1
2024-04-25 09:19:16,259 [INFO] ThirdParty:1030 - CMSIS Pack Vendor :STMicroelectronics X-CUBE-GNSS1 6.0.0
2024-04-25 09:19:16,259 [INFO] ThirdParty:1030 - CMSIS Pack Vendor :STMicroelectronics USB_HOST 2.0.0
2024-04-25 09:19:16,259 [INFO] ThirdParty:1030 - CMSIS Pack Vendor :STMicroelectronics FP-SNS-MOTENVWB1 1.4.0
2024-04-25 09:19:16,259 [INFO] ThirdParty:1030 - CMSIS Pack Vendor :STMicroelectronics X-CUBE-AZRTOS-F4 1.1.0
2024-04-25 09:19:16,259 [INFO] ThirdParty:1030 - CMSIS Pack Vendor :STMicroelectronics LIBJPEG 8.0.0
2024-04-25 09:19:16,259 [INFO] ThirdParty:1030 - CMSIS Pack Vendor :STMicroelectronics X-CUBE-SMBUS 2.1.0
2024-04-25 09:19:16,259 [INFO] ThirdParty:1030 - CMSIS Pack Vendor :STMicroelectronics USB_DEVICE 3.0.0
2024-04-25 09:19:16,259 [INFO] ThirdParty:1030 - CMSIS Pack Vendor :STMicroelectronics X-CUBE-TCPP 4.1.0
2024-04-25 09:19:16,259 [INFO] ThirdParty:1030 - CMSIS Pack Vendor :STMicroelectronics X-CUBE-AZRTOS-WB 2.0.0
2024-04-25 09:19:16,259 [INFO] ThirdParty:1030 - CMSIS Pack Vendor :wolfSSL I-CUBE-wolfSSL 5.6.6
2024-04-25 09:19:16,259 [INFO] ThirdParty:1030 - CMSIS Pack Vendor :STMicroelectronics X-CUBE-TOUCHGFX 4.23.1
2024-04-25 09:19:16,259 [INFO] ThirdParty:1030 - CMSIS Pack Vendor :STMicroelectronics X-CUBE-TOUCHGFX 4.23.0
2024-04-25 09:19:16,259 [INFO] ThirdParty:1030 - CMSIS Pack Vendor :STMicroelectronics X-CUBE-TOUCHGFX 4.23.2
2024-04-25 09:19:16,259 [INFO] ThirdParty:1030 - CMSIS Pack Vendor :STMicroelectronics X-CUBE-AZRTOS-F7 1.1.0
2024-04-25 09:19:16,259 [INFO] ThirdParty:1030 - CMSIS Pack Vendor :STMicroelectronics X-CUBE-AZRTOS-L5 2.0.0
2024-04-25 09:19:16,259 [INFO] ThirdParty:1030 - CMSIS Pack Vendor :STMicroelectronics USB_DEVICE 2.0.0
2024-04-25 09:19:16,259 [INFO] ThirdParty:1030 - CMSIS Pack Vendor :STMicroelectronics X-CUBE-NFC6 3.1.0
2024-04-25 09:19:16,260 [INFO] ThirdParty:1030 - CMSIS Pack Vendor :ITTIA_DB I-CUBE-ITTIADB 8.8.0
2024-04-25 09:19:16,260 [INFO] ThirdParty:1030 - CMSIS Pack Vendor :STMicroelectronics FP-SNS-MOTENV1 4.3.2
2024-04-25 09:19:16,260 [INFO] ThirdParty:1030 - CMSIS Pack Vendor :STMicroelectronics X-CUBE-ALGOBUILD 1.3.0
2024-04-25 09:19:16,260 [INFO] ThirdParty:1030 - CMSIS Pack Vendor :STMicroelectronics FreeRTOS 0.0.1
2024-04-25 09:19:16,260 [INFO] ThirdParty:1030 - CMSIS Pack Vendor :STMicroelectronics X-CUBE-AZRTOS-G0 1.1.0
2024-04-25 09:19:16,260 [INFO] ThirdParty:1030 - CMSIS Pack Vendor :STMicroelectronics X-CUBE-SAFEA1 1.2.2
2024-04-25 09:19:16,260 [INFO] ThirdParty:1030 - CMSIS Pack Vendor :STMicroelectronics X-CUBE-NFC4 3.0.0
2024-04-25 09:19:16,260 [INFO] ThirdParty:1030 - CMSIS Pack Vendor :STMicroelectronics X-CUBE-SUBG2 5.0.0
2024-04-25 09:19:16,260 [INFO] ThirdParty:1030 - CMSIS Pack Vendor :STMicroelectronics STM32_WPAN 1.0.0
2024-04-25 09:19:16,260 [INFO] ThirdParty:1030 - CMSIS Pack Vendor :STMicroelectronics lwIP 2.0.3
2024-04-25 09:19:16,260 [INFO] ThirdParty:1030 - CMSIS Pack Vendor :STMicroelectronics FP-SNS-FLIGHT1 5.0.2
2024-04-25 09:19:16,260 [INFO] ThirdParty:1030 - CMSIS Pack Vendor :STMicroelectronics USB_HOST 1.0.0
2024-04-25 09:19:16,260 [INFO] ThirdParty:1030 - CMSIS Pack Vendor :STMicroelectronics X-CUBE-AI 9.0.0
2024-04-25 09:19:16,260 [INFO] ThirdParty:1030 - CMSIS Pack Vendor :STMicroelectronics X-CUBE-AZRTOS-G4 2.0.0
2024-04-25 09:19:16,260 [INFO] ThirdParty:1030 - CMSIS Pack Vendor :STMicroelectronics PDM2PCM 3.1.0
2024-04-25 09:19:16,260 [INFO] ThirdParty:1030 - CMSIS Pack Vendor :Infineon AIROC-Wi-Fi-Bluetooth-STM32 1.5.1
2024-04-25 09:19:16,260 [INFO] ThirdParty:1030 - CMSIS Pack Vendor :STMicroelectronics PDM2PCM 3.3.0
2024-04-25 09:19:16,260 [INFO] ThirdParty:1030 - CMSIS Pack Vendor :STMicroelectronics X-CUBE-DISPLAY 3.0.0
2024-04-25 09:19:16,260 [INFO] ThirdParty:1030 - CMSIS Pack Vendor :STMicroelectronics FP-SNS-MOTENVWB1 1.3.1
2024-04-25 09:19:16,260 [INFO] ThirdParty:1030 - CMSIS Pack Vendor :STMicroelectronics X-CUBE-BLE1 7.0.0
2024-04-25 09:19:16,260 [INFO] ThirdParty:1030 - CMSIS Pack Vendor :STMicroelectronics FP-ATR-SIGFOX1 3.2.0
2024-04-25 09:19:16,260 [INFO] ThirdParty:1030 - CMSIS Pack Vendor :STMicroelectronics X-CUBE-ISPU 2.0.0
2024-04-25 09:19:16,260 [INFO] ThirdParty:1030 - CMSIS Pack Vendor :STMicroelectronics X-CUBE-EEPRMA1 5.1.0
2024-04-25 09:19:16,261 [INFO] ThirdParty:1030 - CMSIS Pack Vendor :STMicroelectronics HAL Drivers 0.0.0
2024-04-25 09:19:16,261 [INFO] ThirdParty:1030 - CMSIS Pack Vendor :STMicroelectronics MBEDTLS 2.16.2
2024-04-25 09:19:16,261 [INFO] ThirdParty:1030 - CMSIS Pack Vendor :emotas I-CUBE-CANOPEN 1.3.0
2024-04-25 09:19:16,261 [INFO] ThirdParty:1030 - CMSIS Pack Vendor :STMicroelectronics X-CUBE-MEMS1 10.0.0
2024-04-25 09:19:16,261 [INFO] ThirdParty:1030 - CMSIS Pack Vendor :STMicroelectronics X-CUBE-FREERTOS 1.1.0
2024-04-25 09:19:16,261 [INFO] ThirdParty:1030 - CMSIS Pack Vendor :STMicroelectronics X-CUBE-NFC7 1.0.1
2024-04-25 09:19:16,261 [INFO] ThirdParty:1030 - CMSIS Pack Vendor :STMicroelectronics MBEDTLS 2.14.1
2024-04-25 09:19:16,261 [INFO] ThirdParty:1030 - CMSIS Pack Vendor :portGmbH I-Cube-SoM-uGOAL 1.1.0
2024-04-25 09:19:16,261 [INFO] ThirdParty:1030 - CMSIS Pack Vendor :STMicroelectronics X-CUBE-ALS 1.0.1
2024-04-25 09:19:16,261 [INFO] ThirdParty:1030 - CMSIS Pack Vendor :STMicroelectronics X-CUBE-BLEMGR 3.1.0
2024-04-25 09:19:16,261 [INFO] ThirdParty:1030 - CMSIS Pack Vendor :STMicroelectronics ThreadX 1.0.0
2024-04-25 09:19:16,261 [INFO] ThirdParty:1030 - CMSIS Pack Vendor :STMicroelectronics FP-SNS-SMARTAG2 1.2.0
2024-04-25 09:19:16,261 [INFO] ThirdParty:1030 - CMSIS Pack Vendor :STMicroelectronics X-CUBE-AZRTOS-WL 2.0.0
2024-04-25 09:19:16,261 [INFO] ThirdParty:1030 - CMSIS Pack Vendor :SEGGER I-CUBE-embOS 1.3.1
2024-04-25 09:19:16,261 [INFO] ThirdParty:1030 - CMSIS Pack Vendor :STMicroelectronics FP-SNS-MOTENV1 5.0.0
2024-04-25 09:19:16,261 [INFO] ThirdParty:1030 - CMSIS Pack Vendor :STMicroelectronics USB_DEVICE 1.0.0
2024-04-25 09:19:16,261 [INFO] ThirdParty:1030 - CMSIS Pack Vendor :STMicroelectronics X-CUBE-AI 8.1.0
2024-04-25 09:19:16,261 [INFO] ThirdParty:1030 - CMSIS Pack Vendor :STMicroelectronics X-CUBE-AZRTOS-H7RS 1.0.0
2024-04-25 09:19:16,261 [INFO] ThirdParty:1030 - CMSIS Pack Vendor :STMicroelectronics X-CUBE-AZRTOS-L4 2.0.0
2024-04-25 09:19:16,261 [INFO] ThirdParty:1030 - CMSIS Pack Vendor :STMicroelectronics ThreadX 0.0.2
2024-04-25 09:19:16,261 [INFO] ThirdParty:1030 - CMSIS Pack Vendor :WES I-CUBE-Cesium 1.3.0
2024-04-25 09:19:16,261 [INFO] ThirdParty:1030 - CMSIS Pack Vendor :STMicroelectronics FP-ATR-ASTRA1 2.0.0
2024-04-25 09:19:16,261 [INFO] ThirdParty:1030 - CMSIS Pack Vendor :STMicroelectronics lwIP 2.1.2
2024-04-25 09:19:16,261 [INFO] ThirdParty:1030 - CMSIS Pack Vendor :STMicroelectronics X-CUBE-SFXS2LP1 4.0.0
2024-04-25 09:19:16,261 [INFO] ThirdParty:1030 - CMSIS Pack Vendor :STMicroelectronics X-CUBE-BLE2 3.3.0
2024-04-25 09:19:16,261 [INFO] ThirdParty:1030 - CMSIS Pack Vendor :STMicroelectronics X-CUBE-TOF1 3.4.1
2024-04-25 09:19:16,261 [INFO] ThirdParty:1030 - CMSIS Pack Vendor :STMicroelectronics X-CUBE-AZRTOS-H7 3.2.0
2024-04-25 09:19:16,261 [INFO] ThirdParty:1030 - CMSIS Pack Vendor :STMicroelectronics PDM2PCM 3.2.0
2024-04-25 09:19:16,261 [INFO] ThirdParty:841 - exiting critical section [change project]
2024-04-25 09:19:16,855 [INFO] PinOutPanel:1561 - setPackage(No Configuration,No Configuration)
2024-04-25 09:19:16,857 [INFO] PinOutPanel:1561 - setPackage(STM32F303CCTx,LQFP48)
2024-04-25 09:19:18,018 [INFO] UtilMem:75 - Before build in PCC Used Memory: 247940608 Bytes (472907776)
2024-04-25 09:19:19,203 [INFO] UtilMem:75 - After build in PCC Used Memory: 331361440 Bytes (472907776)
2024-04-25 09:19:19,261 [INFO] IPUIPlugin:80 - create IPUIPlugin
2024-04-25 09:19:19,261 [INFO] IPUIPlugin:80 - create IPUIPlugin
2024-04-25 09:19:19,262 [INFO] IPUIPlugin:80 - create IPUIPlugin
2024-04-25 09:19:19,262 [INFO] IPUIPlugin:80 - create IPUIPlugin
2024-04-25 09:19:19,262 [INFO] IPUIPlugin:80 - create IPUIPlugin
2024-04-25 09:19:19,262 [INFO] IPUIPlugin:80 - create IPUIPlugin
2024-04-25 09:19:19,262 [INFO] IPUIPlugin:80 - create IPUIPlugin
2024-04-25 09:19:19,262 [INFO] IPUIPlugin:80 - create IPUIPlugin
2024-04-25 09:19:19,262 [INFO] IPUIPlugin:80 - create IPUIPlugin
2024-04-25 09:19:19,262 [INFO] IPUIPlugin:80 - create IPUIPlugin
2024-04-25 09:19:19,263 [INFO] IPUIPlugin:80 - create IPUIPlugin
2024-04-25 09:19:19,263 [INFO] IPUIPlugin:80 - create IPUIPlugin
2024-04-25 09:19:19,264 [INFO] IPUIPlugin:80 - create IPUIPlugin
2024-04-25 09:19:19,264 [INFO] IPUIPlugin:80 - create IPUIPlugin
2024-04-25 09:19:19,264 [INFO] IPUIPlugin:80 - create IPUIPlugin
2024-04-25 09:19:19,264 [INFO] IPUIPlugin:80 - create IPUIPlugin
2024-04-25 09:19:19,265 [INFO] IPUIPlugin:80 - create IPUIPlugin
2024-04-25 09:19:19,265 [INFO] IPUIPlugin:80 - create IPUIPlugin
2024-04-25 09:19:19,265 [INFO] IPUIPlugin:80 - create IPUIPlugin
2024-04-25 09:19:19,265 [INFO] IPUIPlugin:80 - create IPUIPlugin
2024-04-25 09:19:19,266 [INFO] IPUIPlugin:80 - create IPUIPlugin
2024-04-25 09:19:19,266 [INFO] IPUIPlugin:80 - create IPUIPlugin
2024-04-25 09:19:19,266 [INFO] IPUIPlugin:80 - create IPUIPlugin
2024-04-25 09:19:19,268 [INFO] IPUIPlugin:80 - create IPUIPlugin
2024-04-25 09:19:19,269 [INFO] IPUIPlugin:80 - create IPUIPlugin
2024-04-25 09:19:19,269 [INFO] IPUIPlugin:80 - create IPUIPlugin
2024-04-25 09:19:19,269 [INFO] IPUIPlugin:80 - create IPUIPlugin
2024-04-25 09:19:19,270 [INFO] IPUIPlugin:80 - create IPUIPlugin
2024-04-25 09:19:19,270 [INFO] IPUIPlugin:80 - create IPUIPlugin
2024-04-25 09:19:19,270 [INFO] IPUIPlugin:80 - create IPUIPlugin
2024-04-25 09:19:19,271 [INFO] IPUIPlugin:80 - create IPUIPlugin
2024-04-25 09:19:19,271 [INFO] IPUIPlugin:80 - create IPUIPlugin
2024-04-25 09:19:19,271 [INFO] IPUIPlugin:80 - create IPUIPlugin
2024-04-25 09:19:19,272 [INFO] IPUIPlugin:80 - create IPUIPlugin
2024-04-25 09:19:19,272 [INFO] IPUIPlugin:80 - create IPUIPlugin
2024-04-25 09:19:19,273 [INFO] IPUIPlugin:80 - create IPUIPlugin
2024-04-25 09:19:19,273 [INFO] IPUIPlugin:80 - create IPUIPlugin
2024-04-25 09:19:19,273 [INFO] IPUIPlugin:80 - create IPUIPlugin
2024-04-25 09:19:19,274 [INFO] IPUIPlugin:80 - create IPUIPlugin
2024-04-25 09:19:19,274 [INFO] IPUIPlugin:80 - create IPUIPlugin
2024-04-25 09:19:19,275 [INFO] IPUIPlugin:80 - create IPUIPlugin
2024-04-25 09:19:19,275 [INFO] IPUIPlugin:80 - create IPUIPlugin
2024-04-25 09:19:19,275 [INFO] IPUIPlugin:80 - create IPUIPlugin
2024-04-25 09:19:19,277 [INFO] IPUIPlugin:80 - create IPUIPlugin
2024-04-25 09:19:19,277 [INFO] IPUIPlugin:80 - create IPUIPlugin
2024-04-25 09:19:19,278 [INFO] IPUIPlugin:80 - create IPUIPlugin
2024-04-25 09:19:19,278 [INFO] IPUIPlugin:80 - create IPUIPlugin
2024-04-25 09:19:19,279 [INFO] IPUIPlugin:80 - create IPUIPlugin
2024-04-25 09:19:19,279 [INFO] IPUIPlugin:80 - create IPUIPlugin
2024-04-25 09:19:19,280 [INFO] IPUIPlugin:80 - create IPUIPlugin
2024-04-25 09:19:19,281 [INFO] IPUIPlugin:80 - create IPUIPlugin
2024-04-25 09:19:19,282 [INFO] IPUIPlugin:80 - create IPUIPlugin
2024-04-25 09:19:19,282 [INFO] IPUIPlugin:80 - create IPUIPlugin
2024-04-25 09:19:19,637 [INFO] CADModel:165 - CPN selected for project levelSTM32F303CCT6
2024-04-25 09:19:19,637 [INFO] CADModel:114 - Register for checkConnection events
2024-04-25 09:19:19,696 [INFO] OpenFileManager:343 - Restore cursor
2024-04-25 09:23:49,572 [INFO] UtilMem:75 - End SaveConfig() Used Memory: 346143256 Bytes (472907776)
2024-04-25 09:23:50,543 [INFO] BlockDiagram:2759 - set Specific Code input for plugin: SPI
2024-04-25 09:23:50,543 [INFO] BlockDiagram:2759 - set Specific Code input for plugin: SYS
2024-04-25 09:23:50,543 [INFO] BlockDiagram:2759 - set Specific Code input for plugin: RCC
2024-04-25 09:23:50,543 [INFO] BlockDiagram:2759 - set Specific Code input for plugin: I2C
2024-04-25 09:23:50,543 [INFO] BlockDiagram:2759 - set Specific Code input for plugin: NVIC
2024-04-25 09:23:50,544 [INFO] BlockDiagram:2759 - set Specific Code input for plugin: GPIO
2024-04-25 09:23:50,546 [INFO] CodeGenerator:807 - code generatio: config db path: C:\ST\STM32CubeIDE_1.15.0\STM32CubeIDE\plugins\com.st.stm32cube.common.mx_6.11.0.202403141607\\db\
2024-04-25 09:23:50,754 [INFO] CodeEngine:255 - oldGeneratedFile, C:\Users\shrey\STM32CubeIDE\nano-board-lcd-sw\Examples\010_Flappy_Bird\MXTmpFiles\license.tmp_save
2024-04-25 09:23:51,376 [INFO] CodeEngine:279 - Generated code: C:\Users\shrey\STM32CubeIDE\nano-board-lcd-sw\Examples\010_Flappy_Bird\MXTmpFiles\license.tmp
2024-04-25 09:23:51,518 [INFO] CodeEngine:255 - oldGeneratedFile, C:\Users\shrey\STM32CubeIDE\nano-board-lcd-sw\Examples\010_Flappy_Bird\MXTmpFiles\gpio.tmp_save
2024-04-25 09:23:51,680 [INFO] CodeEngine:279 - Generated code: C:\Users\shrey\STM32CubeIDE\nano-board-lcd-sw\Examples\010_Flappy_Bird\MXTmpFiles\gpio.tmp
2024-04-25 09:23:52,094 [INFO] CodeEngine:255 - oldGeneratedFile, C:\Users\shrey\STM32CubeIDE\nano-board-lcd-sw\Examples\010_Flappy_Bird\Core\Src\stm32f3xx_it.c_save
2024-04-25 09:23:52,349 [INFO] CodeEngine:279 - Generated code: C:\Users\shrey\STM32CubeIDE\nano-board-lcd-sw\Examples\010_Flappy_Bird\Core\Src\stm32f3xx_it.c
2024-04-25 09:23:52,382 [INFO] CodeEngine:255 - oldGeneratedFile, C:\Users\shrey\STM32CubeIDE\nano-board-lcd-sw\Examples\010_Flappy_Bird\Core\Inc\stm32f3xx_it.h_save
2024-04-25 09:23:52,475 [INFO] CodeEngine:279 - Generated code: C:\Users\shrey\STM32CubeIDE\nano-board-lcd-sw\Examples\010_Flappy_Bird\Core\Inc\stm32f3xx_it.h
2024-04-25 09:23:52,513 [INFO] CodeEngine:255 - oldGeneratedFile, C:\Users\shrey\STM32CubeIDE\nano-board-lcd-sw\Examples\010_Flappy_Bird\Core\Src\stm32f3xx_hal_msp.c_save
2024-04-25 09:23:52,768 [INFO] CodeEngine:279 - Generated code: C:\Users\shrey\STM32CubeIDE\nano-board-lcd-sw\Examples\010_Flappy_Bird\Core\Src\stm32f3xx_hal_msp.c
2024-04-25 09:23:52,784 [INFO] CodeEngine:255 - oldGeneratedFile, C:\Users\shrey\STM32CubeIDE\nano-board-lcd-sw\Examples\010_Flappy_Bird\MXTmpFiles\system.tmp_save
2024-04-25 09:23:52,901 [INFO] CodeEngine:279 - Generated code: C:\Users\shrey\STM32CubeIDE\nano-board-lcd-sw\Examples\010_Flappy_Bird\MXTmpFiles\system.tmp
2024-04-25 09:23:52,945 [INFO] CodeEngine:311 - oldGeneratedFile, C:\Users\shrey\STM32CubeIDE\nano-board-lcd-sw\Examples\010_Flappy_Bird\Core\Inc\stm32f3xx_hal_conf.h_save
2024-04-25 09:23:53,071 [INFO] CodeEngine:335 - Generated code: C:\Users\shrey\STM32CubeIDE\nano-board-lcd-sw\Examples\010_Flappy_Bird\Core\Inc\stm32f3xx_hal_conf.h
2024-04-25 09:23:53,146 [INFO] CodeEngine:255 - oldGeneratedFile, C:\Users\shrey\STM32CubeIDE\nano-board-lcd-sw\Examples\010_Flappy_Bird\Core\Inc\main.h_save
2024-04-25 09:23:53,321 [INFO] CodeEngine:279 - Generated code: C:\Users\shrey\STM32CubeIDE\nano-board-lcd-sw\Examples\010_Flappy_Bird\Core\Inc\main.h
2024-04-25 09:23:53,346 [INFO] CodeEngine:255 - oldGeneratedFile, C:\Users\shrey\STM32CubeIDE\nano-board-lcd-sw\Examples\010_Flappy_Bird\Core\Src\main.c_save
2024-04-25 09:23:53,551 [INFO] CodeEngine:279 - Generated code: C:\Users\shrey\STM32CubeIDE\nano-board-lcd-sw\Examples\010_Flappy_Bird\Core\Src\main.c
2024-04-25 09:23:54,190 [INFO] ProjectBuilder:3163 - Time for Copy HAL[1] : 288mS.
2024-04-25 09:23:54,201 [INFO] ProjectBuilder:4736 - Project Generator version: 4.3.0-B58
2024-04-25 09:23:54,418 [INFO] ConfigFileManager:1503 - The Die is : DIE422
2024-04-25 09:23:54,450 [INFO] ApiDbMcu:508 - Load IP Config File for FATFS
2024-04-25 09:23:54,476 [INFO] ApiDbMcu:508 - Load IP Config File for FREERTOS
2024-04-25 09:23:54,525 [INFO] ApiDbMcu:508 - Load IP Config File for TOUCHSENSING
2024-04-25 09:23:54,552 [INFO] ApiDbMcu:508 - Load IP Config File for USB_DEVICE
2024-04-25 09:23:55,963 [INFO] LogOutputStream:77 - [STDOUT_REDIRECT] 
2024-04-25 09:24:00,036 [INFO] ProjectBuilder:5002 - Time for Generating toolchain IDE Files: 5834mS.
2024-04-25 09:24:00,037 [INFO] ProjectBuilder:3034 - Time for Copy CMSIS : 1mS.
2024-04-25 09:24:00,041 [INFO] ProjectBuilder:3034 - Time for Copy CMSIS : 1mS.
2024-04-25 12:40:16,319 [ERROR] ConfigurationRetriever:142 - IOException on connection: Read timed out
2024-04-25 12:56:20,045 [INFO] I2cTimingTraitement:330 - 0x2000090E
2024-04-25 12:56:24,194 [INFO] UtilMem:75 - End SaveConfig() Used Memory: 864417632 Bytes (1073741824)
2024-04-25 12:56:27,054 [INFO] UtilMem:75 - End SaveConfig() Used Memory: 1018671688 Bytes (1073741824)
2024-04-25 12:56:27,180 [INFO] ProjectBuilder:2326 - IP not ready for code generation: SPI1
2024-04-25 12:56:28,726 [INFO] BlockDiagram:2759 - set Specific Code input for plugin: SPI
2024-04-25 12:56:28,726 [INFO] BlockDiagram:2759 - set Specific Code input for plugin: SYS
2024-04-25 12:56:28,727 [INFO] BlockDiagram:2759 - set Specific Code input for plugin: RCC
2024-04-25 12:56:28,727 [INFO] BlockDiagram:2759 - set Specific Code input for plugin: I2C
2024-04-25 12:56:28,727 [INFO] BlockDiagram:2759 - set Specific Code input for plugin: NVIC
2024-04-25 12:56:28,727 [INFO] BlockDiagram:2759 - set Specific Code input for plugin: GPIO
2024-04-25 12:56:28,729 [INFO] CodeGenerator:807 - code generatio: config db path: C:\ST\STM32CubeIDE_1.15.0\STM32CubeIDE\plugins\com.st.stm32cube.common.mx_6.11.0.202403141607\\db\
2024-04-25 12:56:28,878 [INFO] CodeEngine:255 - oldGeneratedFile, C:\Users\shrey\STM32CubeIDE\nano-board-lcd-sw\Examples\010_Flappy_Bird\MXTmpFiles\license.tmp_save
2024-04-25 12:56:29,088 [INFO] CodeEngine:279 - Generated code: C:\Users\shrey\STM32CubeIDE\nano-board-lcd-sw\Examples\010_Flappy_Bird\MXTmpFiles\license.tmp
2024-04-25 12:56:29,169 [INFO] CodeEngine:255 - oldGeneratedFile, C:\Users\shrey\STM32CubeIDE\nano-board-lcd-sw\Examples\010_Flappy_Bird\MXTmpFiles\gpio.tmp_save
2024-04-25 12:56:29,349 [INFO] CodeEngine:279 - Generated code: C:\Users\shrey\STM32CubeIDE\nano-board-lcd-sw\Examples\010_Flappy_Bird\MXTmpFiles\gpio.tmp
2024-04-25 12:56:29,608 [INFO] CodeEngine:255 - oldGeneratedFile, C:\Users\shrey\STM32CubeIDE\nano-board-lcd-sw\Examples\010_Flappy_Bird\Core\Src\stm32f3xx_it.c_save
2024-04-25 12:56:29,934 [INFO] CodeEngine:279 - Generated code: C:\Users\shrey\STM32CubeIDE\nano-board-lcd-sw\Examples\010_Flappy_Bird\Core\Src\stm32f3xx_it.c
2024-04-25 12:56:29,973 [INFO] CodeEngine:255 - oldGeneratedFile, C:\Users\shrey\STM32CubeIDE\nano-board-lcd-sw\Examples\010_Flappy_Bird\Core\Inc\stm32f3xx_it.h_save
2024-04-25 12:56:30,089 [INFO] CodeEngine:279 - Generated code: C:\Users\shrey\STM32CubeIDE\nano-board-lcd-sw\Examples\010_Flappy_Bird\Core\Inc\stm32f3xx_it.h
2024-04-25 12:56:30,145 [INFO] CodeEngine:255 - oldGeneratedFile, C:\Users\shrey\STM32CubeIDE\nano-board-lcd-sw\Examples\010_Flappy_Bird\Core\Src\stm32f3xx_hal_msp.c_save
2024-04-25 12:56:30,351 [INFO] CodeEngine:279 - Generated code: C:\Users\shrey\STM32CubeIDE\nano-board-lcd-sw\Examples\010_Flappy_Bird\Core\Src\stm32f3xx_hal_msp.c
2024-04-25 12:56:30,370 [INFO] CodeEngine:255 - oldGeneratedFile, C:\Users\shrey\STM32CubeIDE\nano-board-lcd-sw\Examples\010_Flappy_Bird\MXTmpFiles\system.tmp_save
2024-04-25 12:56:30,479 [INFO] CodeEngine:279 - Generated code: C:\Users\shrey\STM32CubeIDE\nano-board-lcd-sw\Examples\010_Flappy_Bird\MXTmpFiles\system.tmp
2024-04-25 12:56:30,542 [INFO] CodeEngine:311 - oldGeneratedFile, C:\Users\shrey\STM32CubeIDE\nano-board-lcd-sw\Examples\010_Flappy_Bird\Core\Inc\stm32f3xx_hal_conf.h_save
2024-04-25 12:56:30,714 [INFO] CodeEngine:335 - Generated code: C:\Users\shrey\STM32CubeIDE\nano-board-lcd-sw\Examples\010_Flappy_Bird\Core\Inc\stm32f3xx_hal_conf.h
2024-04-25 12:56:30,818 [INFO] CodeEngine:255 - oldGeneratedFile, C:\Users\shrey\STM32CubeIDE\nano-board-lcd-sw\Examples\010_Flappy_Bird\Core\Inc\main.h_save
2024-04-25 12:56:31,035 [INFO] CodeEngine:279 - Generated code: C:\Users\shrey\STM32CubeIDE\nano-board-lcd-sw\Examples\010_Flappy_Bird\Core\Inc\main.h
2024-04-25 12:56:31,076 [INFO] CodeEngine:255 - oldGeneratedFile, C:\Users\shrey\STM32CubeIDE\nano-board-lcd-sw\Examples\010_Flappy_Bird\Core\Src\main.c_save
2024-04-25 12:56:31,275 [INFO] CodeEngine:279 - Generated code: C:\Users\shrey\STM32CubeIDE\nano-board-lcd-sw\Examples\010_Flappy_Bird\Core\Src\main.c
2024-04-25 12:56:31,661 [INFO] ProjectBuilder:3163 - Time for Copy HAL[1] : 237mS.
2024-04-25 12:56:31,665 [INFO] ProjectBuilder:4736 - Project Generator version: 4.3.0-B58
2024-04-25 12:56:31,743 [INFO] ConfigFileManager:1503 - The Die is : DIE422
2024-04-25 12:56:32,850 [INFO] ProjectBuilder:5002 - Time for Generating toolchain IDE Files: 1185mS.
2024-04-25 12:56:32,851 [INFO] ProjectBuilder:3034 - Time for Copy CMSIS : 0mS.
2024-04-25 12:56:32,855 [INFO] ProjectBuilder:3034 - Time for Copy CMSIS : 1mS.
2024-04-25 12:57:36,441 [INFO] I2cTimingTraitement:330 - 0x2000090E
2024-04-25 12:58:07,386 [INFO] NvicIntPanel:101 - NVIC parent = com.st.microxplorer.plugins.ip.nvic.MultiNvicIntPanel[,0,0,0x0,invalid,layout=javax.swing.BoxLayout,alignmentX=0.0,alignmentY=0.0,border=,flags=9,maximumSize=,minimumSize=,preferredSize=]
2024-04-25 12:58:18,869 [INFO] NvicIntPanel:101 - NVIC parent = com.st.microxplorer.plugins.ip.nvic.MultiNvicIntPanel[,0,0,0x0,invalid,layout=javax.swing.BoxLayout,alignmentX=0.0,alignmentY=0.0,border=,flags=9,maximumSize=,minimumSize=,preferredSize=]
2024-04-25 12:58:41,722 [INFO] NvicIntPanel:101 - NVIC parent = com.st.microxplorer.plugins.ip.nvic.MultiNvicIntPanel[,0,0,0x0,invalid,layout=javax.swing.BoxLayout,alignmentX=0.0,alignmentY=0.0,border=,flags=9,maximumSize=,minimumSize=,preferredSize=]
2024-04-25 12:58:41,793 [INFO] NvicIntPanel:101 - NVIC parent = com.st.microxplorer.plugins.ip.nvic.MultiNvicIntPanel[,0,0,0x0,invalid,layout=javax.swing.BoxLayout,alignmentX=0.0,alignmentY=0.0,border=,flags=9,maximumSize=,minimumSize=,preferredSize=]
2024-04-25 12:58:44,988 [INFO] NvicIntPanel:101 - NVIC parent = com.st.microxplorer.plugins.ip.nvic.MultiNvicIntPanel[,0,0,0x0,invalid,layout=javax.swing.BoxLayout,alignmentX=0.0,alignmentY=0.0,border=,flags=9,maximumSize=,minimumSize=,preferredSize=]
2024-04-25 12:58:45,085 [INFO] NvicIntPanel:101 - NVIC parent = com.st.microxplorer.plugins.ip.nvic.MultiNvicIntPanel[,0,0,0x0,invalid,layout=javax.swing.BoxLayout,alignmentX=0.0,alignmentY=0.0,border=,flags=9,maximumSize=,minimumSize=,preferredSize=]
2024-04-25 12:58:49,229 [INFO] NvicIntPanel:101 - NVIC parent = com.st.microxplorer.plugins.ip.nvic.MultiNvicIntPanel[,0,0,0x0,invalid,layout=javax.swing.BoxLayout,alignmentX=0.0,alignmentY=0.0,border=,flags=9,maximumSize=,minimumSize=,preferredSize=]
2024-04-25 12:59:19,948 [INFO] NvicIntPanel:101 - NVIC parent = com.st.microxplorer.plugins.ip.nvic.MultiNvicIntPanel[,0,0,0x0,invalid,layout=javax.swing.BoxLayout,alignmentX=0.0,alignmentY=0.0,border=,flags=9,maximumSize=,minimumSize=,preferredSize=]
2024-04-25 13:00:51,756 [INFO] UtilMem:75 - End SaveConfig() Used Memory: 330398968 Bytes (1073741824)
2024-04-25 13:00:53,367 [INFO] UtilMem:75 - End SaveConfig() Used Memory: 356066888 Bytes (1073741824)
2024-04-25 13:00:55,578 [INFO] UtilMem:75 - End SaveConfig() Used Memory: 400127224 Bytes (1073741824)
2024-04-25 13:00:55,791 [INFO] BlockDiagram:2759 - set Specific Code input for plugin: SPI
2024-04-25 13:00:55,792 [INFO] BlockDiagram:2759 - set Specific Code input for plugin: SYS
2024-04-25 13:00:55,792 [INFO] BlockDiagram:2759 - set Specific Code input for plugin: RCC
2024-04-25 13:00:55,792 [INFO] BlockDiagram:2759 - set Specific Code input for plugin: I2C
2024-04-25 13:00:55,792 [INFO] BlockDiagram:2759 - set Specific Code input for plugin: NVIC
2024-04-25 13:00:55,792 [INFO] BlockDiagram:2759 - set Specific Code input for plugin: GPIO
2024-04-25 13:00:55,793 [INFO] CodeGenerator:807 - code generatio: config db path: C:\ST\STM32CubeIDE_1.15.0\STM32CubeIDE\plugins\com.st.stm32cube.common.mx_6.11.0.202403141607\\db\
2024-04-25 13:00:55,878 [INFO] CodeEngine:255 - oldGeneratedFile, C:\Users\shrey\STM32CubeIDE\nano-board-lcd-sw\Examples\010_Flappy_Bird\MXTmpFiles\license.tmp_save
2024-04-25 13:00:55,962 [INFO] CodeEngine:279 - Generated code: C:\Users\shrey\STM32CubeIDE\nano-board-lcd-sw\Examples\010_Flappy_Bird\MXTmpFiles\license.tmp
2024-04-25 13:00:55,989 [INFO] CodeEngine:255 - oldGeneratedFile, C:\Users\shrey\STM32CubeIDE\nano-board-lcd-sw\Examples\010_Flappy_Bird\MXTmpFiles\gpio.tmp_save
2024-04-25 13:00:56,106 [INFO] CodeEngine:279 - Generated code: C:\Users\shrey\STM32CubeIDE\nano-board-lcd-sw\Examples\010_Flappy_Bird\MXTmpFiles\gpio.tmp
2024-04-25 13:00:56,233 [INFO] CodeEngine:255 - oldGeneratedFile, C:\Users\shrey\STM32CubeIDE\nano-board-lcd-sw\Examples\010_Flappy_Bird\Core\Src\stm32f3xx_it.c_save
2024-04-25 13:00:56,324 [INFO] CodeEngine:279 - Generated code: C:\Users\shrey\STM32CubeIDE\nano-board-lcd-sw\Examples\010_Flappy_Bird\Core\Src\stm32f3xx_it.c
2024-04-25 13:00:56,329 [INFO] CodeEngine:255 - oldGeneratedFile, C:\Users\shrey\STM32CubeIDE\nano-board-lcd-sw\Examples\010_Flappy_Bird\Core\Inc\stm32f3xx_it.h_save
2024-04-25 13:00:56,372 [INFO] CodeEngine:279 - Generated code: C:\Users\shrey\STM32CubeIDE\nano-board-lcd-sw\Examples\010_Flappy_Bird\Core\Inc\stm32f3xx_it.h
2024-04-25 13:00:56,391 [INFO] CodeEngine:255 - oldGeneratedFile, C:\Users\shrey\STM32CubeIDE\nano-board-lcd-sw\Examples\010_Flappy_Bird\Core\Src\stm32f3xx_hal_msp.c_save
2024-04-25 13:00:56,465 [INFO] CodeEngine:279 - Generated code: C:\Users\shrey\STM32CubeIDE\nano-board-lcd-sw\Examples\010_Flappy_Bird\Core\Src\stm32f3xx_hal_msp.c
2024-04-25 13:00:56,470 [INFO] CodeEngine:255 - oldGeneratedFile, C:\Users\shrey\STM32CubeIDE\nano-board-lcd-sw\Examples\010_Flappy_Bird\MXTmpFiles\system.tmp_save
2024-04-25 13:00:56,516 [INFO] CodeEngine:279 - Generated code: C:\Users\shrey\STM32CubeIDE\nano-board-lcd-sw\Examples\010_Flappy_Bird\MXTmpFiles\system.tmp
2024-04-25 13:00:56,534 [INFO] CodeEngine:311 - oldGeneratedFile, C:\Users\shrey\STM32CubeIDE\nano-board-lcd-sw\Examples\010_Flappy_Bird\Core\Inc\stm32f3xx_hal_conf.h_save
2024-04-25 13:00:56,625 [INFO] CodeEngine:335 - Generated code: C:\Users\shrey\STM32CubeIDE\nano-board-lcd-sw\Examples\010_Flappy_Bird\Core\Inc\stm32f3xx_hal_conf.h
2024-04-25 13:00:56,667 [INFO] CodeEngine:255 - oldGeneratedFile, C:\Users\shrey\STM32CubeIDE\nano-board-lcd-sw\Examples\010_Flappy_Bird\Core\Inc\main.h_save
2024-04-25 13:00:56,738 [INFO] CodeEngine:279 - Generated code: C:\Users\shrey\STM32CubeIDE\nano-board-lcd-sw\Examples\010_Flappy_Bird\Core\Inc\main.h
2024-04-25 13:00:56,754 [INFO] CodeEngine:255 - oldGeneratedFile, C:\Users\shrey\STM32CubeIDE\nano-board-lcd-sw\Examples\010_Flappy_Bird\Core\Src\main.c_save
2024-04-25 13:00:56,859 [INFO] CodeEngine:279 - Generated code: C:\Users\shrey\STM32CubeIDE\nano-board-lcd-sw\Examples\010_Flappy_Bird\Core\Src\main.c
2024-04-25 13:00:57,080 [INFO] ProjectBuilder:3163 - Time for Copy HAL[1] : 108mS.
2024-04-25 13:00:57,083 [INFO] ProjectBuilder:4736 - Project Generator version: 4.3.0-B58
2024-04-25 13:00:57,132 [INFO] ConfigFileManager:1503 - The Die is : DIE422
2024-04-25 13:00:57,923 [INFO] ProjectBuilder:5002 - Time for Generating toolchain IDE Files: 840mS.
2024-04-25 13:00:57,924 [INFO] ProjectBuilder:3034 - Time for Copy CMSIS : 1mS.
2024-04-25 13:00:57,926 [INFO] ProjectBuilder:3034 - Time for Copy CMSIS : 0mS.
2024-04-25 15:45:57,812 [ERROR] ConfigurationRetriever:142 - IOException on connection: Read timed out
2024-04-25 15:46:00,270 [ERROR] ConfigurationRetriever:142 - IOException on connection: Read timed out
2024-04-25 15:46:03,353 [ERROR] ConfigurationRetriever:142 - IOException on connection: Read timed out
2024-04-25 15:46:41,813 [ERROR] ConfigurationRetriever:142 - IOException on connection: Read timed out
2024-04-25 15:46:44,216 [ERROR] AdobePublisher:162 - Exception while opening the connection: java.net.SocketTimeoutException: Read timed out
2024-04-25 15:46:47,240 [ERROR] AdobePublisher:162 - Exception while opening the connection: java.net.SocketTimeoutException: Read timed out
2024-04-25 15:46:49,244 [ERROR] AdobePublisher:162 - Exception while opening the connection: java.net.SocketTimeoutException: Connect timed out
2024-04-25 15:46:51,247 [ERROR] AdobePublisher:162 - Exception while opening the connection: java.net.SocketTimeoutException: Connect timed out
2024-04-25 15:47:34,395 [ERROR] ConfigurationRetriever:142 - IOException on connection: Read timed out
2024-04-25 15:47:36,396 [ERROR] ConfigurationRetriever:142 - IOException on connection: Connect timed out
2024-04-25 15:47:38,400 [ERROR] ConfigurationRetriever:142 - IOException on connection: Connect timed out
2024-04-25 15:47:45,275 [ERROR] AdobePublisher:162 - Exception while opening the connection: java.net.SocketTimeoutException: Read timed out
2024-04-25 15:48:43,104 [ERROR] ConfigurationRetriever:142 - IOException on connection: Read timed out
2024-04-25 15:48:45,106 [ERROR] ConfigurationRetriever:142 - IOException on connection: Connect timed out
2024-04-25 15:48:49,318 [ERROR] ConfigurationRetriever:142 - IOException on connection: Read timed out
2024-04-25 15:48:51,319 [ERROR] ConfigurationRetriever:142 - IOException on connection: Connect timed out
2024-04-25 15:50:02,223 [ERROR] AdobePublisher:162 - Exception while opening the connection: java.net.SocketTimeoutException: Read timed out
2024-04-25 15:50:07,711 [ERROR] ConfigurationRetriever:142 - IOException on connection: Read timed out
2024-04-25 15:50:10,290 [ERROR] ConfigurationRetriever:142 - IOException on connection: Read timed out
2024-04-25 15:50:13,885 [ERROR] AdobePublisher:162 - Exception while opening the connection: java.net.SocketTimeoutException: Read timed out
2024-04-25 15:50:19,838 [ERROR] ConfigurationRetriever:142 - IOException on connection: Read timed out
2024-04-25 15:51:18,249 [ERROR] ConfigurationRetriever:142 - IOException on connection: Read timed out
2024-04-25 15:51:20,252 [ERROR] ConfigurationRetriever:142 - IOException on connection: Connect timed out
2024-04-25 15:51:25,334 [ERROR] AdobePublisher:162 - Exception while opening the connection: java.net.SocketTimeoutException: Read timed out
2024-04-25 15:52:09,883 [ERROR] ConfigurationRetriever:142 - IOException on connection: Connect timed out
2024-04-25 15:52:13,296 [ERROR] ConfigurationRetriever:142 - IOException on connection: Read timed out
2024-04-25 15:52:18,172 [ERROR] ConfigurationRetriever:142 - IOException on connection: Read timed out
2024-04-25 15:52:20,374 [ERROR] ConfigurationRetriever:142 - IOException on connection: Read timed out
2024-04-25 15:52:23,311 [ERROR] ConfigurationRetriever:142 - IOException on connection: Read timed out
2024-04-25 15:52:38,777 [ERROR] ConfigurationRetriever:142 - IOException on connection: Connect timed out
2024-04-25 15:58:36,776 [ERROR] ConfigurationRetriever:142 - IOException on connection: Read timed out
2024-04-25 15:58:38,778 [ERROR] ConfigurationRetriever:142 - IOException on connection: Connect timed out
2024-04-25 16:01:38,019 [ERROR] ConfigurationRetriever:142 - IOException on connection: Read timed out
2024-04-25 16:01:40,058 [ERROR] ConfigurationRetriever:142 - IOException on connection: Connect timed out
2024-04-25 16:01:42,060 [ERROR] ConfigurationRetriever:142 - IOException on connection: Connect timed out
2024-04-25 16:01:44,061 [ERROR] ConfigurationRetriever:142 - IOException on connection: Connect timed out
2024-04-25 16:05:57,460 [ERROR] ConfigurationRetriever:142 - IOException on connection: Read timed out
2024-04-25 17:05:39,963 [ERROR] ConfigurationRetriever:142 - IOException on connection: sw-center.st.com
2024-04-25 17:05:39,964 [ERROR] ConfigurationRetriever:142 - IOException on connection: sw-center.st.com
2024-04-25 17:05:39,964 [ERROR] ConfigurationRetriever:142 - IOException on connection: sw-center.st.com
2024-04-25 17:10:08,125 [ERROR] ConfigurationRetriever:142 - IOException on connection: sw-center.st.com
2024-04-25 17:10:08,125 [ERROR] ConfigurationRetriever:142 - IOException on connection: sw-center.st.com
2024-04-25 17:10:08,126 [ERROR] ConfigurationRetriever:142 - IOException on connection: sw-center.st.com
2024-04-25 17:19:57,587 [ERROR] ConfigurationRetriever:142 - IOException on connection: sw-center.st.com
2024-04-25 17:19:57,588 [ERROR] ConfigurationRetriever:142 - IOException on connection: sw-center.st.com
2024-04-25 17:19:57,588 [ERROR] ConfigurationRetriever:142 - IOException on connection: sw-center.st.com
2024-04-25 17:20:00,841 [ERROR] ConfigurationRetriever:142 - IOException on connection: sw-center.st.com
2024-04-25 17:20:00,842 [ERROR] ConfigurationRetriever:142 - IOException on connection: sw-center.st.com
2024-04-25 17:20:00,842 [ERROR] ConfigurationRetriever:142 - IOException on connection: sw-center.st.com
2024-04-25 17:21:34,120 [ERROR] ConfigurationRetriever:142 - IOException on connection: sw-center.st.com
2024-04-25 17:21:34,121 [ERROR] ConfigurationRetriever:142 - IOException on connection: sw-center.st.com
2024-04-25 17:21:34,122 [ERROR] ConfigurationRetriever:142 - IOException on connection: sw-center.st.com
2024-04-25 17:21:37,468 [ERROR] ConfigurationRetriever:142 - IOException on connection: sw-center.st.com
2024-04-25 17:21:37,468 [ERROR] ConfigurationRetriever:142 - IOException on connection: sw-center.st.com
2024-04-25 17:21:37,469 [ERROR] ConfigurationRetriever:142 - IOException on connection: sw-center.st.com
2024-04-25 17:24:00,950 [ERROR] ConfigurationRetriever:142 - IOException on connection: sw-center.st.com
2024-04-25 17:24:00,951 [ERROR] ConfigurationRetriever:142 - IOException on connection: sw-center.st.com
2024-04-25 17:24:00,952 [ERROR] ConfigurationRetriever:142 - IOException on connection: sw-center.st.com
2024-04-25 17:24:04,893 [ERROR] ConfigurationRetriever:142 - IOException on connection: sw-center.st.com
2024-04-25 17:24:04,893 [ERROR] ConfigurationRetriever:142 - IOException on connection: sw-center.st.com
2024-04-25 17:24:04,893 [ERROR] ConfigurationRetriever:142 - IOException on connection: sw-center.st.com
