2024-04-20 09:39:33,157 [INFO] Activator:176 - 


2024-04-20 09:39:33,173 [INFO] Activator:177 - !SESSION log4j initialized
2024-04-20 09:39:41,337 [INFO] LogOutputStream:77 - [STDOUT_REDIRECT] 
2024-04-20 09:39:44,690 [INFO] ApplicationProperties:184 - Using Application install path: C:\ST\STM32CubeIDE_1.15.0\STM32CubeIDE\plugins\com.st.stm32cube.common.mx_6.11.0.202403141607
2024-04-20 09:39:44,717 [INFO] DbMcusXml:78 - Set database path to: C:\ST\STM32CubeIDE_1.15.0\STM32CubeIDE\plugins\com.st.stm32cube.common.mx_6.11.0.202403141607\\db\/mcu/
2024-04-20 09:39:44,717 [INFO] ApiDb:274 - Set plugin database path to: C:\ST\STM32CubeIDE_1.15.0\STM32CubeIDE\plugins\com.st.stm32cube.common.mx_6.11.0.202403141607\\db\/plugins/boardmanager/
2024-04-20 09:39:44,717 [WARN] ApiDb:259 - Overriding images path with different value:  => C:\ST\STM32CubeIDE_1.15.0\STM32CubeIDE\plugins\com.st.stm32cube.common.mx_6.11.0.202403141607\\db\/plugins/mcufinder/images/
2024-04-20 09:39:44,732 [INFO] ApiDb:250 - Set database path to: C:\Users\shrey\.stmcufinder\plugins\mcufinder//mcu/
2024-04-20 09:39:44,734 [INFO] DbMcusAds:125 - Set database path to: C:\Users\shrey\.stmcufinder\plugins\mcufinder//mcu/
2024-04-20 09:39:44,736 [INFO] CrossReferenceDbSqlite:203 - Set database path to: C:\Users\shrey\.stmcufinder\plugins\mcufinder//mcu/cs/
2024-04-20 09:39:44,879 [INFO] RulesReader:64 - Compatibility file has been processed (297 Rules)
2024-04-20 09:39:44,980 [INFO] DbMcusXml:78 - Set database path to: C:\ST\STM32CubeIDE_1.15.0\STM32CubeIDE\plugins\com.st.stm32cube.common.mx_6.11.0.202403141607\\db\/mcu/
2024-04-20 09:39:44,980 [INFO] ApiDb:274 - Set plugin database path to: C:\ST\STM32CubeIDE_1.15.0\STM32CubeIDE\plugins\com.st.stm32cube.common.mx_6.11.0.202403141607\\db\/plugins/boardmanager/
2024-04-20 09:39:44,981 [INFO] ApiDb:261 - Set plugin images path to: C:\ST\STM32CubeIDE_1.15.0\STM32CubeIDE\plugins\com.st.stm32cube.common.mx_6.11.0.202403141607\\db\/plugins/mcufinder/images/
2024-04-20 09:39:44,981 [WARN] DbFile:41 - Overriding database path with different value: C:\Users\shrey\.stmcufinder\plugins\mcufinder/ => C:\Users\shrey\.stmcufinder\plugins\mcufinder
2024-04-20 09:39:44,981 [INFO] ApiDb:250 - Set database path to: C:\Users\shrey\.stmcufinder\plugins\mcufinder//mcu/
2024-04-20 09:39:44,981 [WARN] DbFile:41 - Overriding database path with different value: C:\Users\shrey\.stmcufinder\plugins\mcufinder/ => C:\Users\shrey\.stmcufinder\plugins\mcufinder
2024-04-20 09:39:44,981 [INFO] DbMcusAds:125 - Set database path to: C:\Users\shrey\.stmcufinder\plugins\mcufinder//mcu/
2024-04-20 09:39:44,981 [WARN] DbFile:41 - Overriding database path with different value: C:\Users\shrey\.stmcufinder\plugins\mcufinder/ => C:\Users\shrey\.stmcufinder\plugins\mcufinder
2024-04-20 09:39:44,981 [WARN] DbFile:41 - Overriding database path with different value: C:\Users\shrey\.stmcufinder\plugins\mcufinder/ => C:\Users\shrey\.stmcufinder\plugins\mcufinder
2024-04-20 09:39:44,981 [INFO] CrossReferenceDbSqlite:203 - Set database path to: C:\Users\shrey\.stmcufinder\plugins\mcufinder//mcu/cs/
2024-04-20 09:39:45,083 [INFO] MainPanel:264 - HeapMemory: 268435456
2024-04-20 09:39:45,245 [INFO] DbMcusXml:78 - Set database path to: C:\ST\STM32CubeIDE_1.15.0\STM32CubeIDE\plugins\com.st.stm32cube.common.mx_6.11.0.202403141607\\db\/mcu/
2024-04-20 09:39:45,245 [INFO] ApiDb:274 - Set plugin database path to: C:\ST\STM32CubeIDE_1.15.0\STM32CubeIDE\plugins\com.st.stm32cube.common.mx_6.11.0.202403141607\\db\/plugins/boardmanager/
2024-04-20 09:39:45,245 [INFO] ApiDb:261 - Set plugin images path to: C:\ST\STM32CubeIDE_1.15.0\STM32CubeIDE\plugins\com.st.stm32cube.common.mx_6.11.0.202403141607\\db\/plugins/mcufinder/images/
2024-04-20 09:39:45,245 [WARN] DbFile:41 - Overriding database path with different value: C:\Users\shrey\.stmcufinder\plugins\mcufinder/ => C:\Users\shrey\.stmcufinder\plugins\mcufinder
2024-04-20 09:39:45,245 [INFO] ApiDb:250 - Set database path to: C:\Users\shrey\.stmcufinder\plugins\mcufinder//mcu/
2024-04-20 09:39:45,245 [WARN] DbFile:41 - Overriding database path with different value: C:\Users\shrey\.stmcufinder\plugins\mcufinder/ => C:\Users\shrey\.stmcufinder\plugins\mcufinder
2024-04-20 09:39:45,245 [INFO] DbMcusAds:125 - Set database path to: C:\Users\shrey\.stmcufinder\plugins\mcufinder//mcu/
2024-04-20 09:39:45,245 [WARN] DbFile:41 - Overriding database path with different value: C:\Users\shrey\.stmcufinder\plugins\mcufinder/ => C:\Users\shrey\.stmcufinder\plugins\mcufinder
2024-04-20 09:39:45,245 [WARN] DbFile:41 - Overriding database path with different value: C:\Users\shrey\.stmcufinder\plugins\mcufinder/ => C:\Users\shrey\.stmcufinder\plugins\mcufinder
2024-04-20 09:39:45,246 [INFO] CrossReferenceDbSqlite:203 - Set database path to: C:\Users\shrey\.stmcufinder\plugins\mcufinder//mcu/cs/
2024-04-20 09:39:45,269 [INFO] ApplicationProperties:184 - Using Application install path: C:\ST\STM32CubeIDE_1.15.0\STM32CubeIDE\plugins\com.st.stm32cube.common.mx_6.11.0.202403141607
2024-04-20 09:39:45,271 [INFO] PluginManage:196 - Search for loadable plugins [exclusion list=, ]
2024-04-20 09:39:45,273 [INFO] PluginManage:310 - Check plugin analytics
2024-04-20 09:39:45,491 [INFO] AnalyticsPlugin:253 - Accepted Software Licenses: 
2024-04-20 09:39:45,493 [INFO] AnalyticsPlugin:255 - Accepted CMSIS Pack Licenses: 
2024-04-20 09:39:45,493 [INFO] AnalyticsPlugin:257 - Accepted Firmware Licenses: 
2024-04-20 09:39:45,496 [INFO] PluginManage:359 - Loaded plugin analytics (category:tool,tabindex:-1)
2024-04-20 09:39:45,497 [INFO] PluginManage:310 - Check plugin cadmodel
2024-04-20 09:39:45,515 [INFO] CADModel:105 - Init CAD model plugin
2024-04-20 09:39:45,516 [INFO] PluginManage:359 - Loaded plugin cadmodel (category:power,tabindex:5)
2024-04-20 09:39:45,516 [INFO] PluginManage:310 - Check plugin clock
2024-04-20 09:39:45,542 [INFO] PluginManage:359 - Loaded plugin clock (category:base,tabindex:2)
2024-04-20 09:39:45,543 [INFO] PluginManage:310 - Check plugin ddr
2024-04-20 09:39:45,546 [INFO] PluginManage:359 - Loaded plugin ddr (category:tool,tabindex:6)
2024-04-20 09:39:45,546 [INFO] PluginManage:310 - Check plugin filemanager
2024-04-20 09:39:45,742 [INFO] PluginManage:359 - Loaded plugin filemanager (category:base,tabindex:10)
2024-04-20 09:39:45,743 [INFO] PluginManage:310 - Check plugin ipmanager
2024-04-20 09:39:45,751 [INFO] PluginManage:359 - Loaded plugin ipmanager (category:base,tabindex:5)
2024-04-20 09:39:45,751 [INFO] PluginManage:310 - Check plugin lpbam
2024-04-20 09:39:45,769 [INFO] PluginManage:359 - Loaded plugin lpbam (category:base,tabindex:0)
2024-04-20 09:39:45,770 [INFO] PluginManage:310 - Check plugin memorymap
2024-04-20 09:39:45,797 [INFO] PluginManage:359 - Loaded plugin memorymap (category:base,tabindex:4)
2024-04-20 09:39:45,797 [INFO] PluginManage:310 - Check plugin pinoutandconfiguration
2024-04-20 09:39:45,815 [INFO] PluginManage:359 - Loaded plugin pinoutandconfiguration (category:base,tabindex:1)
2024-04-20 09:39:45,815 [INFO] PluginManage:310 - Check plugin pinoutconfig
2024-04-20 09:39:45,964 [WARN] SupportedApi:132 - Cannot load RTOS API schema: s4s-elt-must-match.1: The content of 'definitions' must match (annotation?, (simpleType | complexType)?, (unique | key | keyref)*)). A problem was found starting at: attribute.
2024-04-20 09:39:46,122 [INFO] PluginManage:359 - Loaded plugin pinoutconfig (category:base,tabindex:0)
2024-04-20 09:39:46,123 [INFO] PluginManage:310 - Check plugin power
2024-04-20 09:39:46,146 [INFO] PluginManage:359 - Loaded plugin power (category:power,tabindex:4)
2024-04-20 09:39:46,147 [INFO] PluginManage:310 - Check plugin projectmanager
2024-04-20 09:39:46,166 [INFO] PluginManage:359 - Loaded plugin projectmanager (category:projectmanager,tabindex:3)
2024-04-20 09:39:46,166 [INFO] PluginManage:310 - Check plugin thirdparty
2024-04-20 09:39:46,586 [WARN] IntegrityCheckThread:84 - waiting for thirdparty lock release [integrity check]
2024-04-20 09:39:46,586 [INFO] PluginManage:359 - Loaded plugin thirdparty (category:base,tabindex:-1)
2024-04-20 09:39:46,586 [INFO] IntegrityCheckThread:86 - entering critical section [integrity check]
2024-04-20 09:39:46,587 [INFO] PluginManage:310 - Check plugin tools
2024-04-20 09:39:46,588 [INFO] ThirdPartyUpdaterWithRetryManager:70 - Updater plugin not ready yet. [1/15]
2024-04-20 09:39:46,636 [INFO] PluginManage:359 - Loaded plugin tools (category:base,tabindex:7)
2024-04-20 09:39:46,636 [INFO] PluginManage:310 - Check plugin tutovideos
2024-04-20 09:39:46,866 [INFO] PluginManage:359 - Loaded plugin tutovideos (category:base,tabindex:-1)
2024-04-20 09:39:46,866 [INFO] PluginManage:310 - Check plugin updater
2024-04-20 09:39:46,882 [INFO] PluginManage:359 - Loaded plugin updater (category:base,tabindex:12)
2024-04-20 09:39:46,882 [INFO] PluginManage:310 - Check plugin userauth
2024-04-20 09:39:46,890 [INFO] UserAuth:114 - Init User Auth plugin
2024-04-20 09:39:46,890 [INFO] PluginManage:359 - Loaded plugin userauth (category:base,tabindex:14)
2024-04-20 09:39:46,891 [INFO] PluginManage:283 - PluginManage : Loaded plugins [17]
2024-04-20 09:39:47,203 [INFO] PinOutPanel:1561 - setPackage(No Configuration,No Configuration)
2024-04-20 09:39:47,318 [INFO] CADModel:165 - CPN selected for project level
2024-04-20 09:39:47,319 [INFO] CADModel:114 - Register for checkConnection events
2024-04-20 09:39:47,353 [INFO] IPUIPlugin:80 - create IPUIPlugin
2024-04-20 09:39:47,354 [INFO] PluginManager:220 - loadIPPluginJar : add adc
2024-04-20 09:39:47,395 [INFO] IPUIPlugin:80 - create IPUIPlugin
2024-04-20 09:39:47,395 [INFO] PluginManager:220 - loadIPPluginJar : add aes
2024-04-20 09:39:47,441 [INFO] IPUIPlugin:80 - create IPUIPlugin
2024-04-20 09:39:47,441 [INFO] PluginManager:220 - loadIPPluginJar : add can
2024-04-20 09:39:47,464 [INFO] IPUIPlugin:80 - create IPUIPlugin
2024-04-20 09:39:47,464 [INFO] PluginManager:220 - loadIPPluginJar : add comp
2024-04-20 09:39:47,503 [INFO] IPUIPlugin:80 - create IPUIPlugin
2024-04-20 09:39:47,503 [INFO] PluginManager:220 - loadIPPluginJar : add cryp
2024-04-20 09:39:47,538 [INFO] IPUIPlugin:80 - create IPUIPlugin
2024-04-20 09:39:47,538 [INFO] PluginManager:220 - loadIPPluginJar : add dfsdm
2024-04-20 09:39:47,553 [INFO] IPUIPlugin:80 - create IPUIPlugin
2024-04-20 09:39:47,554 [INFO] PluginManager:220 - loadIPPluginJar : add dma
2024-04-20 09:39:47,601 [INFO] IPUIPlugin:80 - create IPUIPlugin
2024-04-20 09:39:47,601 [INFO] PluginManager:220 - loadIPPluginJar : add dma3
2024-04-20 09:39:47,644 [INFO] IPUIPlugin:80 - create IPUIPlugin
2024-04-20 09:39:47,644 [INFO] PluginManager:220 - loadIPPluginJar : add extmemmanager
2024-04-20 09:39:47,663 [INFO] IPUIPlugin:80 - create IPUIPlugin
2024-04-20 09:39:47,663 [INFO] PluginManager:220 - loadIPPluginJar : add fatfs
2024-04-20 09:39:47,709 [INFO] IPUIPlugin:80 - create IPUIPlugin
2024-04-20 09:39:47,709 [INFO] PluginManager:220 - loadIPPluginJar : add fmc
2024-04-20 09:39:47,728 [INFO] IPUIPlugin:80 - create IPUIPlugin
2024-04-20 09:39:47,728 [INFO] PluginManager:220 - loadIPPluginJar : add freertos
2024-04-20 09:39:47,750 [INFO] IPUIPlugin:80 - create IPUIPlugin
2024-04-20 09:39:47,750 [INFO] PluginManager:220 - loadIPPluginJar : add genericplugin
2024-04-20 09:39:47,842 [INFO] IPUIPlugin:80 - create IPUIPlugin
2024-04-20 09:39:47,843 [INFO] PluginManager:220 - loadIPPluginJar : add gfxmmu
2024-04-20 09:39:47,990 [INFO] IPUIPlugin:80 - create IPUIPlugin
2024-04-20 09:39:47,990 [INFO] PluginManager:220 - loadIPPluginJar : add gic
2024-04-20 09:39:48,005 [INFO] IPUIPlugin:80 - create IPUIPlugin
2024-04-20 09:39:48,005 [INFO] PluginManager:220 - loadIPPluginJar : add gpio
2024-04-20 09:39:48,097 [INFO] IPUIPlugin:80 - create IPUIPlugin
2024-04-20 09:39:48,097 [INFO] PluginManager:220 - loadIPPluginJar : add gtzc
2024-04-20 09:39:48,128 [INFO] IPUIPlugin:80 - create IPUIPlugin
2024-04-20 09:39:48,129 [INFO] PluginManager:220 - loadIPPluginJar : add hash
2024-04-20 09:39:48,197 [INFO] IPUIPlugin:80 - create IPUIPlugin
2024-04-20 09:39:48,198 [INFO] PluginManager:220 - loadIPPluginJar : add i2c
2024-04-20 09:39:48,240 [INFO] IPUIPlugin:80 - create IPUIPlugin
2024-04-20 09:39:48,240 [INFO] PluginManager:220 - loadIPPluginJar : add i2s
2024-04-20 09:39:48,286 [INFO] IPUIPlugin:80 - create IPUIPlugin
2024-04-20 09:39:48,286 [INFO] PluginManager:220 - loadIPPluginJar : add i3c
2024-04-20 09:39:48,396 [INFO] IPUIPlugin:80 - create IPUIPlugin
2024-04-20 09:39:48,396 [INFO] PluginManager:220 - loadIPPluginJar : add ipddr
2024-04-20 09:39:48,484 [INFO] IPUIPlugin:80 - create IPUIPlugin
2024-04-20 09:39:48,485 [INFO] PluginManager:220 - loadIPPluginJar : add linkedlist
2024-04-20 09:39:48,519 [INFO] IPUIPlugin:80 - create IPUIPlugin
2024-04-20 09:39:48,519 [INFO] PluginManager:220 - loadIPPluginJar : add lorawan
2024-04-20 09:39:48,555 [INFO] IPUIPlugin:80 - create IPUIPlugin
2024-04-20 09:39:48,555 [INFO] PluginManager:220 - loadIPPluginJar : add ltdc
2024-04-20 09:39:48,571 [INFO] IPUIPlugin:80 - create IPUIPlugin
2024-04-20 09:39:48,571 [INFO] PluginManager:220 - loadIPPluginJar : add mdma
2024-04-20 09:39:48,582 [INFO] IPUIPlugin:80 - create IPUIPlugin
2024-04-20 09:39:48,582 [INFO] PluginManager:220 - loadIPPluginJar : add nvic
2024-04-20 09:39:48,618 [INFO] IPUIPlugin:80 - create IPUIPlugin
2024-04-20 09:39:48,618 [INFO] PluginManager:220 - loadIPPluginJar : add opamp
2024-04-20 09:39:48,684 [INFO] IPUIPlugin:80 - create IPUIPlugin
2024-04-20 09:39:48,684 [INFO] PluginManager:220 - loadIPPluginJar : add openamp
2024-04-20 09:39:48,730 [INFO] IPUIPlugin:80 - create IPUIPlugin
2024-04-20 09:39:48,730 [INFO] PluginManager:220 - loadIPPluginJar : add pdm2pcm
2024-04-20 09:39:48,748 [INFO] IPUIPlugin:80 - create IPUIPlugin
2024-04-20 09:39:48,751 [INFO] PluginManager:220 - loadIPPluginJar : add plateformsettings
2024-04-20 09:39:48,774 [INFO] IPUIPlugin:80 - create IPUIPlugin
2024-04-20 09:39:48,774 [INFO] PluginManager:220 - loadIPPluginJar : add quadspi
2024-04-20 09:39:48,789 [INFO] IPUIPlugin:80 - create IPUIPlugin
2024-04-20 09:39:48,789 [INFO] PluginManager:220 - loadIPPluginJar : add resmgrutility
2024-04-20 09:39:48,837 [INFO] IPUIPlugin:80 - create IPUIPlugin
2024-04-20 09:39:48,837 [INFO] PluginManager:220 - loadIPPluginJar : add sai
2024-04-20 09:39:48,886 [INFO] IPUIPlugin:80 - create IPUIPlugin
2024-04-20 09:39:48,886 [INFO] PluginManager:220 - loadIPPluginJar : add spi
2024-04-20 09:39:48,974 [INFO] IPUIPlugin:80 - create IPUIPlugin
2024-04-20 09:39:48,974 [INFO] PluginManager:220 - loadIPPluginJar : add stm32_wpan
2024-04-20 09:39:48,997 [INFO] IPUIPlugin:80 - create IPUIPlugin
2024-04-20 09:39:48,997 [INFO] PluginManager:220 - loadIPPluginJar : add tim
2024-04-20 09:39:49,066 [INFO] IPUIPlugin:80 - create IPUIPlugin
2024-04-20 09:39:49,066 [INFO] PluginManager:220 - loadIPPluginJar : add touchsensing
2024-04-20 09:39:49,092 [INFO] IPUIPlugin:80 - create IPUIPlugin
2024-04-20 09:39:49,092 [INFO] PluginManager:220 - loadIPPluginJar : add tracer_emb
2024-04-20 09:39:49,117 [INFO] IPUIPlugin:80 - create IPUIPlugin
2024-04-20 09:39:49,118 [INFO] PluginManager:220 - loadIPPluginJar : add ts
2024-04-20 09:39:49,139 [INFO] IPUIPlugin:80 - create IPUIPlugin
2024-04-20 09:39:49,139 [INFO] PluginManager:220 - loadIPPluginJar : add tsc
2024-04-20 09:39:49,161 [INFO] IPUIPlugin:80 - create IPUIPlugin
2024-04-20 09:39:49,162 [INFO] PluginManager:220 - loadIPPluginJar : add ucpd
2024-04-20 09:39:49,203 [INFO] IPUIPlugin:80 - create IPUIPlugin
2024-04-20 09:39:49,203 [INFO] PluginManager:220 - loadIPPluginJar : add usart
2024-04-20 09:39:49,248 [INFO] IPUIPlugin:80 - create IPUIPlugin
2024-04-20 09:39:49,248 [INFO] PluginManager:220 - loadIPPluginJar : add usbx
2024-04-20 09:39:49,396 [INFO] CADModel:165 - CPN selected for project level
2024-04-20 09:39:49,397 [INFO] CADModel:114 - Register for checkConnection events
2024-04-20 09:39:49,397 [FATAL] Updater:308 - Updater called before beeing initialized
2024-04-20 09:39:49,397 [ERROR] CADModel:125 - Updater not yet initialized, retry later 
2024-04-20 09:39:49,571 [INFO] CADModel:165 - CPN selected for project level
2024-04-20 09:39:49,571 [INFO] CADModel:114 - Register for checkConnection events
2024-04-20 09:39:49,571 [FATAL] Updater:308 - Updater called before beeing initialized
2024-04-20 09:39:49,571 [ERROR] CADModel:125 - Updater not yet initialized, retry later 
2024-04-20 09:39:49,576 [FATAL] Updater:308 - Updater called before beeing initialized
2024-04-20 09:39:49,589 [INFO] ThirdPartyUpdaterWithRetryManager:70 - Updater plugin not ready yet. [2/15]
2024-04-20 09:39:49,744 [FATAL] Updater:308 - Updater called before beeing initialized
2024-04-20 09:39:49,758 [INFO] DbMcusAds:53 - JSON generation date=Wed Nov 29 16:22:27 IST 2023 (1701255147349)
2024-04-20 09:39:49,758 [FATAL] Updater:308 - Updater called before beeing initialized
2024-04-20 09:39:49,863 [WARN] DetailPanel:346 - Failed to get advertising image, set to default
2024-04-20 09:39:49,954 [FATAL] Updater:308 - Updater called before beeing initialized
2024-04-20 09:39:49,958 [FATAL] Updater:308 - Updater called before beeing initialized
2024-04-20 09:39:49,958 [FATAL] Updater:308 - Updater called before beeing initialized
2024-04-20 09:39:49,958 [WARN] DetailPanel:346 - Failed to get advertising image, set to default
2024-04-20 09:39:49,959 [FATAL] Updater:308 - Updater called before beeing initialized
2024-04-20 09:39:50,043 [ERROR] Updater:1120 - MainUpdater not yet initialized. External WinMGr cannot be set.
2024-04-20 09:39:50,052 [INFO] Updater:1056 - Updater Version found : 6.11.0
2024-04-20 09:39:50,075 [INFO] ApplicationProperties:184 - Using Application install path: C:\ST\STM32CubeIDE_1.15.0\STM32CubeIDE\plugins\com.st.stm32cube.common.mx_6.11.0.202403141607
2024-04-20 09:39:51,655 [ERROR] LogOutputStream:75 - [STDERR_REDIRECT] Apr 20, 2024 9:39:51 AM java.util.prefs.WindowsPreferences <init>
2024-04-20 09:39:51,671 [ERROR] LogOutputStream:75 - [STDERR_REDIRECT] WARNING: Could not open/create prefs root node Software\JavaSoft\Prefs at root 0xffffffff80000002. Windows RegCreateKeyEx(...) returned error code 5.
2024-04-20 09:39:51,671 [ERROR] LogOutputStream:75 - [STDERR_REDIRECT] 
2024-04-20 09:39:52,204 [INFO] MainUpdater:2873 - connection check result : 10
2024-04-20 09:39:52,204 [INFO] MainUpdater:290 - Updater Check For Update Now.
2024-04-20 09:39:52,204 [INFO] MicroXplorer:498 - Change Database Version : DB.6.0.110
2024-04-20 09:39:52,235 [INFO] McuFinderGlobals:63 - Set McuFinder mode to 2 (CubeIDE integrated)
2024-04-20 09:39:52,251 [INFO] UserAuth:415 - Internet connection configuration mode: 1
2024-04-20 09:39:52,298 [INFO] JxBrowserEngine:152 - Initiate JxBrowser Engine with user profile folder
2024-04-20 09:39:52,471 [INFO] CheckServerUpdateThread:120 - End of CheckServer Thread
2024-04-20 09:39:52,905 [WARN] PackLoader:240 - Cannot read IP mode file for STMicroelectronics.FP-SNS-MOTENVWB1.1.4.0
2024-04-20 09:39:52,946 [WARN] PackLoader:240 - Cannot read IP mode file for STMicroelectronics.X-CUBE-SMBUS.2.1.0
2024-04-20 09:39:52,964 [WARN] PackLoader:240 - Cannot read IP mode file for STMicroelectronics.X-CUBE-TOUCHGFX.4.23.1
2024-04-20 09:39:52,976 [WARN] PackLoader:240 - Cannot read IP mode file for STMicroelectronics.X-CUBE-TOUCHGFX.4.23.0
2024-04-20 09:39:52,991 [WARN] PackLoader:240 - Cannot read IP mode file for STMicroelectronics.X-CUBE-TOUCHGFX.4.23.2
2024-04-20 09:39:53,059 [WARN] PackLoader:240 - Cannot read IP mode file for STMicroelectronics.X-CUBE-AZRTOS-F7.1.1.0
2024-04-20 09:39:53,086 [WARN] PackLoader:240 - Cannot read IP mode file for STMicroelectronics.FP-SNS-MOTENV1.4.3.2
2024-04-20 09:39:53,117 [WARN] PackLoader:240 - Cannot read IP mode file for STMicroelectronics.FP-SNS-FLIGHT1.5.0.2
2024-04-20 09:39:53,134 [WARN] PackLoader:240 - Cannot read IP mode file for STMicroelectronics.X-CUBE-DISPLAY.3.0.0
2024-04-20 09:39:53,165 [WARN] PackLoader:240 - Cannot read IP mode file for STMicroelectronics.X-CUBE-BLE1.7.0.0
2024-04-20 09:39:53,197 [WARN] PackLoader:240 - Cannot read IP mode file for emotas.I-CUBE-CANOPEN.1.3.0
2024-04-20 09:39:53,228 [WARN] PackLoader:240 - Cannot read IP mode file for STMicroelectronics.X-CUBE-BLEMGR.3.1.0
2024-04-20 09:39:53,260 [WARN] PackLoader:240 - Cannot read IP mode file for STMicroelectronics.FP-SNS-SMARTAG2.1.2.0
2024-04-20 09:39:53,307 [INFO] LogOutputStream:77 - [STDOUT_REDIRECT] 1 : Invalid condition id : UX_CORESTACK_Condition cause : null
2024-04-20 09:39:53,307 [INFO] LogOutputStream:77 - [STDOUT_REDIRECT] 1 : Invalid condition id : UX_CORESTACK_Condition cause : null
2024-04-20 09:39:53,307 [INFO] LogOutputStream:77 - [STDOUT_REDIRECT] 1 : Invalid condition id : UX_CORESTACK_Condition cause : null
2024-04-20 09:39:53,307 [INFO] LogOutputStream:77 - [STDOUT_REDIRECT] 1 : Invalid condition id : UX_CORESTACK_Condition cause : null
2024-04-20 09:39:53,307 [INFO] LogOutputStream:77 - [STDOUT_REDIRECT] 1 : Invalid condition id : UX_CORESTACK_Condition cause : null
2024-04-20 09:39:53,319 [WARN] PackLoader:240 - Cannot read IP mode file for STMicroelectronics.X-CUBE-AZRTOS-WL.2.0.0
2024-04-20 09:39:53,323 [WARN] PackLoader:240 - Cannot read IP mode file for STMicroelectronics.FP-SNS-MOTENV1.5.0.0
2024-04-20 09:39:53,359 [WARN] PackLoader:240 - Cannot read IP mode file for WES.I-CUBE-Cesium.1.3.0
2024-04-20 09:39:53,373 [WARN] PackLoader:240 - Cannot read IP mode file for STMicroelectronics.X-CUBE-BLE2.3.3.0
2024-04-20 09:39:53,389 [WARN] PackLoader:240 - Cannot read IP mode file for STMicroelectronics.X-CUBE-TCPP.4.1.0
2024-04-20 09:39:53,402 [WARN] PackLoader:240 - Cannot read IP mode file for STMicroelectronics.X-CUBE-ALGOBUILD.1.3.0
2024-04-20 09:39:53,458 [WARN] PackLoader:240 - Cannot read IP mode file for STMicroelectronics.X-CUBE-AZRTOS-G0.1.1.0
2024-04-20 09:39:53,483 [WARN] PackLoader:240 - Cannot read IP mode file for STMicroelectronics.X-CUBE-SAFEA1.1.2.2
2024-04-20 09:39:53,507 [WARN] PackLoader:240 - Cannot read IP mode file for STMicroelectronics.X-CUBE-NFC4.3.0.0
2024-04-20 09:39:53,527 [WARN] PackLoader:240 - Cannot read IP mode file for STMicroelectronics.FP-ATR-SIGFOX1.3.2.0
2024-04-20 09:39:53,547 [WARN] PackLoader:240 - Cannot read IP mode file for STMicroelectronics.X-CUBE-EEPRMA1.5.1.0
2024-04-20 09:39:53,625 [WARN] PackLoader:240 - Cannot read IP mode file for SEGGER.I-CUBE-embOS.1.3.1
2024-04-20 09:39:53,723 [WARN] PackLoader:240 - Cannot read IP mode file for STMicroelectronics.X-CUBE-GNSS1.6.0.0
2024-04-20 09:39:53,768 [WARN] PackLoader:240 - Cannot read IP mode file for STMicroelectronics.X-CUBE-AZRTOS-F4.1.1.0
2024-04-20 09:39:53,799 [WARN] PackLoader:240 - Cannot read IP mode file for wolfSSL.I-CUBE-wolfSSL.5.6.6
2024-04-20 09:39:53,847 [WARN] PackLoader:240 - Cannot read IP mode file for STMicroelectronics.X-CUBE-AZRTOS-L5.2.0.0
2024-04-20 09:39:53,875 [WARN] PackLoader:240 - Cannot read IP mode file for STMicroelectronics.X-CUBE-NFC6.3.1.0
2024-04-20 09:39:53,895 [WARN] PackLoader:240 - Cannot read IP mode file for ITTIA_DB.I-CUBE-ITTIADB.8.8.0
2024-04-20 09:39:53,910 [WARN] PackLoader:240 - Cannot read IP mode file for STMicroelectronics.X-CUBE-AI.9.0.0
2024-04-20 09:39:53,926 [WARN] PackLoader:240 - Cannot read IP mode file for STMicroelectronics.X-CUBE-NFC7.1.0.1
2024-04-20 09:39:53,957 [WARN] PackLoader:240 - Cannot read IP mode file for STMicroelectronics.X-CUBE-AI.8.1.0
2024-04-20 09:39:54,003 [WARN] ConditionMgr:438 - getConditionDescription Invalid condition id : LAN8742 Phy interface Condition cause : null
2024-04-20 09:39:54,005 [WARN] PackLoader:240 - Cannot read IP mode file for STMicroelectronics.X-CUBE-AZRTOS-L4.2.0.0
2024-04-20 09:39:54,005 [WARN] ConditionMgr:1039 - genDependencies : Invalid condition id : LAN8742 Phy interface Condition cause : null
2024-04-20 09:39:54,005 [WARN] ConditionMgr:1039 - genDependencies : Invalid condition id : LAN8742 Phy interface Condition cause : null
2024-04-20 09:39:54,005 [WARN] ConditionMgr:1039 - genDependencies : Invalid condition id : LAN8742 Phy interface Condition cause : null
2024-04-20 09:39:54,020 [WARN] PackLoader:240 - Cannot read IP mode file for STMicroelectronics.X-CUBE-SFXS2LP1.4.0.0
2024-04-20 09:39:54,052 [WARN] ConditionMgr:438 - getConditionDescription Invalid condition id : UX DEVICE CLASS RTOS Condition cause : null
2024-04-20 09:39:54,067 [WARN] ConditionMgr:438 - getConditionDescription Invalid condition id : UX DEVICE CLASS RTOS Condition cause : null
2024-04-20 09:39:54,067 [WARN] PackLoader:240 - Cannot read IP mode file for STMicroelectronics.X-CUBE-AZRTOS-WB.2.0.0
2024-04-20 09:39:54,067 [WARN] ConditionMgr:1039 - genDependencies : Invalid condition id : UX DEVICE CLASS RTOS Condition cause : null
2024-04-20 09:39:54,067 [WARN] ConditionMgr:1039 - genDependencies : Invalid condition id : UX DEVICE CLASS RTOS Condition cause : null
2024-04-20 09:39:54,067 [WARN] ConditionMgr:1039 - genDependencies : Invalid condition id : UX DEVICE CLASS RTOS Condition cause : null
2024-04-20 09:39:54,067 [WARN] ConditionMgr:1039 - genDependencies : Invalid condition id : UX DEVICE CLASS RTOS Condition cause : null
2024-04-20 09:39:54,067 [WARN] ConditionMgr:1039 - genDependencies : Invalid condition id : UX DEVICE CLASS RTOS Condition cause : null
2024-04-20 09:39:54,098 [WARN] PackLoader:240 - Cannot read IP mode file for STMicroelectronics.X-CUBE-SUBG2.5.0.0
2024-04-20 09:39:54,161 [WARN] PackLoader:240 - Cannot read IP mode file for STMicroelectronics.X-CUBE-AZRTOS-G4.2.0.0
2024-04-20 09:39:54,194 [WARN] PackLoader:240 - Cannot read IP mode file for Infineon.AIROC-Wi-Fi-Bluetooth-STM32.1.5.1
2024-04-20 09:39:54,209 [WARN] PackLoader:240 - Cannot read IP mode file for STMicroelectronics.FP-SNS-MOTENVWB1.1.3.1
2024-04-20 09:39:54,226 [WARN] PackLoader:240 - Cannot read IP mode file for STMicroelectronics.X-CUBE-ISPU.2.0.0
2024-04-20 09:39:54,310 [WARN] PackLoader:240 - Cannot read IP mode file for STMicroelectronics.X-CUBE-MEMS1.10.0.0
2024-04-20 09:39:54,492 [WARN] PackLoader:240 - Cannot read IP mode file for STMicroelectronics.X-CUBE-FREERTOS.1.1.0
2024-04-20 09:39:54,507 [WARN] PackLoader:240 - Cannot read IP mode file for portGmbH.I-Cube-SoM-uGOAL.1.1.0
2024-04-20 09:39:54,523 [WARN] PackLoader:240 - Cannot read IP mode file for STMicroelectronics.X-CUBE-ALS.1.0.1
2024-04-20 09:39:54,574 [WARN] PackLoader:240 - Cannot read IP mode file for STMicroelectronics.X-CUBE-AZRTOS-H7RS.1.0.0
2024-04-20 09:39:54,592 [WARN] PackLoader:240 - Cannot read IP mode file for STMicroelectronics.FP-ATR-ASTRA1.2.0.0
2024-04-20 09:39:54,624 [WARN] PackLoader:240 - Cannot read IP mode file for STMicroelectronics.X-CUBE-TOF1.3.4.1
2024-04-20 09:39:54,677 [WARN] PackLoader:240 - Cannot read IP mode file for STMicroelectronics.X-CUBE-AZRTOS-H7.3.2.0
2024-04-20 09:39:54,686 [INFO] ThirdParty:978 - Integrity check success = true
2024-04-20 09:39:54,686 [INFO] IntegrityCheckThread:100 - exiting critical section [integrity check]
2024-04-20 09:39:54,686 [INFO] IntegrityCheckThread:103 - End integrity checks thread
2024-04-20 09:40:00,898 [INFO] WebApp:161 - Instantiating new browser for Auth
2024-04-20 09:40:01,923 [INFO] WebApp:779 - Register for checkConnection events
2024-04-20 09:40:01,923 [INFO] WebApp:414 - Apply proxy settings
2024-04-20 09:40:01,923 [INFO] WebApp:499 - Chromium requires no authentication
2024-04-20 09:40:01,936 [INFO] WebApp:442 - Direct internet connection detected
2024-04-20 09:40:02,192 [INFO] WebApp:192 - Starting web application
2024-04-20 09:40:02,192 [INFO] WebApp:544 - Web application path used C:\ST\STM32CubeIDE_1.15.0\STM32CubeIDE\plugins\com.st.stm32cube.common.mx_6.11.0.202403141607\db\plugins\mcufinder\reactClient1\index.html
2024-04-20 18:34:00,976 [ERROR] ConfigurationRetriever:142 - IOException on connection: sw-center.st.com
2024-04-20 18:34:00,976 [ERROR] ConfigurationRetriever:142 - IOException on connection: sw-center.st.com
2024-04-20 18:34:00,976 [ERROR] ConfigurationRetriever:142 - IOException on connection: sw-center.st.com
2024-04-20 18:34:03,551 [ERROR] LogOutputStream:75 - [STDERR_REDIRECT] 
