2024-05-03 09:28:24,172 [INFO] Activator:176 - 


2024-05-03 09:28:24,181 [INFO] Activator:177 - !SESSION log4j initialized
2024-05-03 09:28:33,428 [INFO] LogOutputStream:77 - [STDOUT_REDIRECT] 
2024-05-03 09:28:40,327 [INFO] ApplicationProperties:184 - Using Application install path: C:\ST\STM32CubeIDE_1.15.0\STM32CubeIDE\plugins\com.st.stm32cube.common.mx_6.11.0.202403141607
2024-05-03 09:28:40,352 [INFO] DbMcusXml:78 - Set database path to: C:\ST\STM32CubeIDE_1.15.0\STM32CubeIDE\plugins\com.st.stm32cube.common.mx_6.11.0.202403141607\\db\/mcu/
2024-05-03 09:28:40,352 [INFO] ApiDb:274 - Set plugin database path to: C:\ST\STM32CubeIDE_1.15.0\STM32CubeIDE\plugins\com.st.stm32cube.common.mx_6.11.0.202403141607\\db\/plugins/boardmanager/
2024-05-03 09:28:40,353 [WARN] ApiDb:259 - Overriding images path with different value:  => C:\ST\STM32CubeIDE_1.15.0\STM32CubeIDE\plugins\com.st.stm32cube.common.mx_6.11.0.202403141607\\db\/plugins/mcufinder/images/
2024-05-03 09:28:40,369 [INFO] ApiDb:250 - Set database path to: C:\Users\shrey\.stmcufinder\plugins\mcufinder//mcu/
2024-05-03 09:28:40,371 [INFO] DbMcusAds:125 - Set database path to: C:\Users\shrey\.stmcufinder\plugins\mcufinder//mcu/
2024-05-03 09:28:40,374 [INFO] CrossReferenceDbSqlite:203 - Set database path to: C:\Users\shrey\.stmcufinder\plugins\mcufinder//mcu/cs/
2024-05-03 09:28:40,533 [INFO] RulesReader:64 - Compatibility file has been processed (297 Rules)
2024-05-03 09:28:40,678 [INFO] DbMcusXml:78 - Set database path to: C:\ST\STM32CubeIDE_1.15.0\STM32CubeIDE\plugins\com.st.stm32cube.common.mx_6.11.0.202403141607\\db\/mcu/
2024-05-03 09:28:40,678 [INFO] ApiDb:274 - Set plugin database path to: C:\ST\STM32CubeIDE_1.15.0\STM32CubeIDE\plugins\com.st.stm32cube.common.mx_6.11.0.202403141607\\db\/plugins/boardmanager/
2024-05-03 09:28:40,678 [INFO] ApiDb:261 - Set plugin images path to: C:\ST\STM32CubeIDE_1.15.0\STM32CubeIDE\plugins\com.st.stm32cube.common.mx_6.11.0.202403141607\\db\/plugins/mcufinder/images/
2024-05-03 09:28:40,678 [WARN] DbFile:41 - Overriding database path with different value: C:\Users\shrey\.stmcufinder\plugins\mcufinder/ => C:\Users\shrey\.stmcufinder\plugins\mcufinder
2024-05-03 09:28:40,679 [INFO] ApiDb:250 - Set database path to: C:\Users\shrey\.stmcufinder\plugins\mcufinder//mcu/
2024-05-03 09:28:40,679 [WARN] DbFile:41 - Overriding database path with different value: C:\Users\shrey\.stmcufinder\plugins\mcufinder/ => C:\Users\shrey\.stmcufinder\plugins\mcufinder
2024-05-03 09:28:40,679 [INFO] DbMcusAds:125 - Set database path to: C:\Users\shrey\.stmcufinder\plugins\mcufinder//mcu/
2024-05-03 09:28:40,679 [WARN] DbFile:41 - Overriding database path with different value: C:\Users\shrey\.stmcufinder\plugins\mcufinder/ => C:\Users\shrey\.stmcufinder\plugins\mcufinder
2024-05-03 09:28:40,679 [WARN] DbFile:41 - Overriding database path with different value: C:\Users\shrey\.stmcufinder\plugins\mcufinder/ => C:\Users\shrey\.stmcufinder\plugins\mcufinder
2024-05-03 09:28:40,679 [INFO] CrossReferenceDbSqlite:203 - Set database path to: C:\Users\shrey\.stmcufinder\plugins\mcufinder//mcu/cs/
2024-05-03 09:28:40,824 [INFO] MainPanel:264 - HeapMemory: 268435456
2024-05-03 09:28:40,989 [INFO] DbMcusXml:78 - Set database path to: C:\ST\STM32CubeIDE_1.15.0\STM32CubeIDE\plugins\com.st.stm32cube.common.mx_6.11.0.202403141607\\db\/mcu/
2024-05-03 09:28:40,989 [INFO] ApiDb:274 - Set plugin database path to: C:\ST\STM32CubeIDE_1.15.0\STM32CubeIDE\plugins\com.st.stm32cube.common.mx_6.11.0.202403141607\\db\/plugins/boardmanager/
2024-05-03 09:28:40,989 [INFO] ApiDb:261 - Set plugin images path to: C:\ST\STM32CubeIDE_1.15.0\STM32CubeIDE\plugins\com.st.stm32cube.common.mx_6.11.0.202403141607\\db\/plugins/mcufinder/images/
2024-05-03 09:28:40,989 [WARN] DbFile:41 - Overriding database path with different value: C:\Users\shrey\.stmcufinder\plugins\mcufinder/ => C:\Users\shrey\.stmcufinder\plugins\mcufinder
2024-05-03 09:28:40,989 [INFO] ApiDb:250 - Set database path to: C:\Users\shrey\.stmcufinder\plugins\mcufinder//mcu/
2024-05-03 09:28:40,990 [WARN] DbFile:41 - Overriding database path with different value: C:\Users\shrey\.stmcufinder\plugins\mcufinder/ => C:\Users\shrey\.stmcufinder\plugins\mcufinder
2024-05-03 09:28:40,990 [INFO] DbMcusAds:125 - Set database path to: C:\Users\shrey\.stmcufinder\plugins\mcufinder//mcu/
2024-05-03 09:28:40,990 [WARN] DbFile:41 - Overriding database path with different value: C:\Users\shrey\.stmcufinder\plugins\mcufinder/ => C:\Users\shrey\.stmcufinder\plugins\mcufinder
2024-05-03 09:28:40,990 [WARN] DbFile:41 - Overriding database path with different value: C:\Users\shrey\.stmcufinder\plugins\mcufinder/ => C:\Users\shrey\.stmcufinder\plugins\mcufinder
2024-05-03 09:28:40,990 [INFO] CrossReferenceDbSqlite:203 - Set database path to: C:\Users\shrey\.stmcufinder\plugins\mcufinder//mcu/cs/
2024-05-03 09:28:41,016 [INFO] ApplicationProperties:184 - Using Application install path: C:\ST\STM32CubeIDE_1.15.0\STM32CubeIDE\plugins\com.st.stm32cube.common.mx_6.11.0.202403141607
2024-05-03 09:28:41,017 [INFO] PluginManage:196 - Search for loadable plugins [exclusion list=, ]
2024-05-03 09:28:41,019 [INFO] PluginManage:310 - Check plugin analytics
2024-05-03 09:28:41,288 [INFO] AnalyticsPlugin:253 - Accepted Software Licenses: 
2024-05-03 09:28:41,288 [INFO] AnalyticsPlugin:255 - Accepted CMSIS Pack Licenses: 
2024-05-03 09:28:41,289 [INFO] AnalyticsPlugin:257 - Accepted Firmware Licenses: 
2024-05-03 09:28:41,297 [INFO] PluginManage:359 - Loaded plugin analytics (category:tool,tabindex:-1)
2024-05-03 09:28:41,297 [INFO] PluginManage:310 - Check plugin cadmodel
2024-05-03 09:28:41,324 [INFO] CADModel:105 - Init CAD model plugin
2024-05-03 09:28:41,324 [INFO] PluginManage:359 - Loaded plugin cadmodel (category:power,tabindex:5)
2024-05-03 09:28:41,324 [INFO] PluginManage:310 - Check plugin clock
2024-05-03 09:28:41,349 [INFO] PluginManage:359 - Loaded plugin clock (category:base,tabindex:2)
2024-05-03 09:28:41,349 [INFO] PluginManage:310 - Check plugin ddr
2024-05-03 09:28:41,353 [INFO] PluginManage:359 - Loaded plugin ddr (category:tool,tabindex:6)
2024-05-03 09:28:41,353 [INFO] PluginManage:310 - Check plugin filemanager
2024-05-03 09:28:41,543 [INFO] PluginManage:359 - Loaded plugin filemanager (category:base,tabindex:10)
2024-05-03 09:28:41,543 [INFO] PluginManage:310 - Check plugin ipmanager
2024-05-03 09:28:41,552 [INFO] PluginManage:359 - Loaded plugin ipmanager (category:base,tabindex:5)
2024-05-03 09:28:41,553 [INFO] PluginManage:310 - Check plugin lpbam
2024-05-03 09:28:41,574 [INFO] PluginManage:359 - Loaded plugin lpbam (category:base,tabindex:0)
2024-05-03 09:28:41,574 [INFO] PluginManage:310 - Check plugin memorymap
2024-05-03 09:28:41,602 [INFO] PluginManage:359 - Loaded plugin memorymap (category:base,tabindex:4)
2024-05-03 09:28:41,602 [INFO] PluginManage:310 - Check plugin pinoutandconfiguration
2024-05-03 09:28:41,620 [INFO] PluginManage:359 - Loaded plugin pinoutandconfiguration (category:base,tabindex:1)
2024-05-03 09:28:41,621 [INFO] PluginManage:310 - Check plugin pinoutconfig
2024-05-03 09:28:41,738 [WARN] SupportedApi:132 - Cannot load RTOS API schema: s4s-elt-must-match.1: The content of 'definitions' must match (annotation?, (simpleType | complexType)?, (unique | key | keyref)*)). A problem was found starting at: attribute.
2024-05-03 09:28:41,904 [INFO] PluginManage:359 - Loaded plugin pinoutconfig (category:base,tabindex:0)
2024-05-03 09:28:41,904 [INFO] PluginManage:310 - Check plugin power
2024-05-03 09:28:41,931 [INFO] PluginManage:359 - Loaded plugin power (category:power,tabindex:4)
2024-05-03 09:28:41,931 [INFO] PluginManage:310 - Check plugin projectmanager
2024-05-03 09:28:41,953 [INFO] PluginManage:359 - Loaded plugin projectmanager (category:projectmanager,tabindex:3)
2024-05-03 09:28:41,954 [INFO] PluginManage:310 - Check plugin thirdparty
2024-05-03 09:28:42,363 [INFO] PluginManage:359 - Loaded plugin thirdparty (category:base,tabindex:-1)
2024-05-03 09:28:42,363 [INFO] PluginManage:310 - Check plugin tools
2024-05-03 09:28:42,363 [WARN] IntegrityCheckThread:84 - waiting for thirdparty lock release [integrity check]
2024-05-03 09:28:42,364 [INFO] IntegrityCheckThread:86 - entering critical section [integrity check]
2024-05-03 09:28:42,364 [INFO] ThirdPartyUpdaterWithRetryManager:70 - Updater plugin not ready yet. [1/15]
2024-05-03 09:28:42,413 [INFO] PluginManage:359 - Loaded plugin tools (category:base,tabindex:7)
2024-05-03 09:28:42,413 [INFO] PluginManage:310 - Check plugin tutovideos
2024-05-03 09:28:42,651 [INFO] PluginManage:359 - Loaded plugin tutovideos (category:base,tabindex:-1)
2024-05-03 09:28:42,652 [INFO] PluginManage:310 - Check plugin updater
2024-05-03 09:28:42,667 [INFO] PluginManage:359 - Loaded plugin updater (category:base,tabindex:12)
2024-05-03 09:28:42,668 [INFO] PluginManage:310 - Check plugin userauth
2024-05-03 09:28:42,676 [INFO] UserAuth:114 - Init User Auth plugin
2024-05-03 09:28:42,676 [INFO] PluginManage:359 - Loaded plugin userauth (category:base,tabindex:14)
2024-05-03 09:28:42,676 [INFO] PluginManage:283 - PluginManage : Loaded plugins [17]
2024-05-03 09:28:42,979 [INFO] PinOutPanel:1561 - setPackage(No Configuration,No Configuration)
2024-05-03 09:28:43,091 [INFO] CADModel:165 - CPN selected for project level
2024-05-03 09:28:43,091 [INFO] CADModel:114 - Register for checkConnection events
2024-05-03 09:28:43,132 [INFO] IPUIPlugin:80 - create IPUIPlugin
2024-05-03 09:28:43,133 [INFO] PluginManager:220 - loadIPPluginJar : add adc
2024-05-03 09:28:43,182 [INFO] IPUIPlugin:80 - create IPUIPlugin
2024-05-03 09:28:43,183 [INFO] PluginManager:220 - loadIPPluginJar : add aes
2024-05-03 09:28:43,231 [INFO] IPUIPlugin:80 - create IPUIPlugin
2024-05-03 09:28:43,231 [INFO] PluginManager:220 - loadIPPluginJar : add can
2024-05-03 09:28:43,258 [INFO] IPUIPlugin:80 - create IPUIPlugin
2024-05-03 09:28:43,259 [INFO] PluginManager:220 - loadIPPluginJar : add comp
2024-05-03 09:28:43,303 [INFO] IPUIPlugin:80 - create IPUIPlugin
2024-05-03 09:28:43,303 [INFO] PluginManager:220 - loadIPPluginJar : add cryp
2024-05-03 09:28:43,338 [INFO] IPUIPlugin:80 - create IPUIPlugin
2024-05-03 09:28:43,339 [INFO] PluginManager:220 - loadIPPluginJar : add dfsdm
2024-05-03 09:28:43,355 [INFO] IPUIPlugin:80 - create IPUIPlugin
2024-05-03 09:28:43,356 [INFO] PluginManager:220 - loadIPPluginJar : add dma
2024-05-03 09:28:43,420 [INFO] IPUIPlugin:80 - create IPUIPlugin
2024-05-03 09:28:43,420 [INFO] PluginManager:220 - loadIPPluginJar : add dma3
2024-05-03 09:28:43,478 [INFO] IPUIPlugin:80 - create IPUIPlugin
2024-05-03 09:28:43,478 [INFO] PluginManager:220 - loadIPPluginJar : add extmemmanager
2024-05-03 09:28:43,505 [INFO] IPUIPlugin:80 - create IPUIPlugin
2024-05-03 09:28:43,505 [INFO] PluginManager:220 - loadIPPluginJar : add fatfs
2024-05-03 09:28:43,570 [INFO] IPUIPlugin:80 - create IPUIPlugin
2024-05-03 09:28:43,570 [INFO] PluginManager:220 - loadIPPluginJar : add fmc
2024-05-03 09:28:43,587 [INFO] IPUIPlugin:80 - create IPUIPlugin
2024-05-03 09:28:43,587 [INFO] PluginManager:220 - loadIPPluginJar : add freertos
2024-05-03 09:28:43,617 [INFO] IPUIPlugin:80 - create IPUIPlugin
2024-05-03 09:28:43,617 [INFO] PluginManager:220 - loadIPPluginJar : add genericplugin
2024-05-03 09:28:43,752 [INFO] IPUIPlugin:80 - create IPUIPlugin
2024-05-03 09:28:43,752 [INFO] PluginManager:220 - loadIPPluginJar : add gfxmmu
2024-05-03 09:28:43,946 [INFO] IPUIPlugin:80 - create IPUIPlugin
2024-05-03 09:28:43,947 [INFO] PluginManager:220 - loadIPPluginJar : add gic
2024-05-03 09:28:43,966 [INFO] IPUIPlugin:80 - create IPUIPlugin
2024-05-03 09:28:43,966 [INFO] PluginManager:220 - loadIPPluginJar : add gpio
2024-05-03 09:28:44,093 [INFO] IPUIPlugin:80 - create IPUIPlugin
2024-05-03 09:28:44,093 [INFO] PluginManager:220 - loadIPPluginJar : add gtzc
2024-05-03 09:28:44,132 [INFO] IPUIPlugin:80 - create IPUIPlugin
2024-05-03 09:28:44,132 [INFO] PluginManager:220 - loadIPPluginJar : add hash
2024-05-03 09:28:44,202 [INFO] IPUIPlugin:80 - create IPUIPlugin
2024-05-03 09:28:44,202 [INFO] PluginManager:220 - loadIPPluginJar : add i2c
2024-05-03 09:28:44,254 [INFO] IPUIPlugin:80 - create IPUIPlugin
2024-05-03 09:28:44,254 [INFO] PluginManager:220 - loadIPPluginJar : add i2s
2024-05-03 09:28:44,307 [INFO] IPUIPlugin:80 - create IPUIPlugin
2024-05-03 09:28:44,308 [INFO] PluginManager:220 - loadIPPluginJar : add i3c
2024-05-03 09:28:44,432 [INFO] IPUIPlugin:80 - create IPUIPlugin
2024-05-03 09:28:44,433 [INFO] PluginManager:220 - loadIPPluginJar : add ipddr
2024-05-03 09:28:44,555 [INFO] IPUIPlugin:80 - create IPUIPlugin
2024-05-03 09:28:44,555 [INFO] PluginManager:220 - loadIPPluginJar : add linkedlist
2024-05-03 09:28:44,607 [INFO] IPUIPlugin:80 - create IPUIPlugin
2024-05-03 09:28:44,607 [INFO] PluginManager:220 - loadIPPluginJar : add lorawan
2024-05-03 09:28:44,661 [INFO] IPUIPlugin:80 - create IPUIPlugin
2024-05-03 09:28:44,661 [INFO] PluginManager:220 - loadIPPluginJar : add ltdc
2024-05-03 09:28:44,680 [INFO] IPUIPlugin:80 - create IPUIPlugin
2024-05-03 09:28:44,680 [INFO] PluginManager:220 - loadIPPluginJar : add mdma
2024-05-03 09:28:44,696 [INFO] IPUIPlugin:80 - create IPUIPlugin
2024-05-03 09:28:44,697 [INFO] PluginManager:220 - loadIPPluginJar : add nvic
2024-05-03 09:28:44,748 [INFO] IPUIPlugin:80 - create IPUIPlugin
2024-05-03 09:28:44,748 [INFO] PluginManager:220 - loadIPPluginJar : add opamp
2024-05-03 09:28:44,837 [INFO] IPUIPlugin:80 - create IPUIPlugin
2024-05-03 09:28:44,837 [INFO] PluginManager:220 - loadIPPluginJar : add openamp
2024-05-03 09:28:44,918 [INFO] IPUIPlugin:80 - create IPUIPlugin
2024-05-03 09:28:44,918 [INFO] PluginManager:220 - loadIPPluginJar : add pdm2pcm
2024-05-03 09:28:44,938 [INFO] IPUIPlugin:80 - create IPUIPlugin
2024-05-03 09:28:44,940 [INFO] PluginManager:220 - loadIPPluginJar : add plateformsettings
2024-05-03 09:28:44,968 [INFO] IPUIPlugin:80 - create IPUIPlugin
2024-05-03 09:28:44,968 [INFO] PluginManager:220 - loadIPPluginJar : add quadspi
2024-05-03 09:28:44,985 [INFO] IPUIPlugin:80 - create IPUIPlugin
2024-05-03 09:28:44,986 [INFO] PluginManager:220 - loadIPPluginJar : add resmgrutility
2024-05-03 09:28:45,051 [INFO] IPUIPlugin:80 - create IPUIPlugin
2024-05-03 09:28:45,051 [INFO] PluginManager:220 - loadIPPluginJar : add sai
2024-05-03 09:28:45,107 [INFO] IPUIPlugin:80 - create IPUIPlugin
2024-05-03 09:28:45,107 [INFO] PluginManager:220 - loadIPPluginJar : add spi
2024-05-03 09:28:45,215 [INFO] IPUIPlugin:80 - create IPUIPlugin
2024-05-03 09:28:45,215 [INFO] PluginManager:220 - loadIPPluginJar : add stm32_wpan
2024-05-03 09:28:45,244 [INFO] IPUIPlugin:80 - create IPUIPlugin
2024-05-03 09:28:45,245 [INFO] PluginManager:220 - loadIPPluginJar : add tim
2024-05-03 09:28:45,330 [INFO] IPUIPlugin:80 - create IPUIPlugin
2024-05-03 09:28:45,330 [INFO] PluginManager:220 - loadIPPluginJar : add touchsensing
2024-05-03 09:28:45,366 [INFO] ThirdPartyUpdaterWithRetryManager:70 - Updater plugin not ready yet. [2/15]
2024-05-03 09:28:45,367 [INFO] IPUIPlugin:80 - create IPUIPlugin
2024-05-03 09:28:45,367 [INFO] PluginManager:220 - loadIPPluginJar : add tracer_emb
2024-05-03 09:28:45,402 [INFO] IPUIPlugin:80 - create IPUIPlugin
2024-05-03 09:28:45,402 [INFO] PluginManager:220 - loadIPPluginJar : add ts
2024-05-03 09:28:45,433 [INFO] IPUIPlugin:80 - create IPUIPlugin
2024-05-03 09:28:45,433 [INFO] PluginManager:220 - loadIPPluginJar : add tsc
2024-05-03 09:28:45,463 [INFO] IPUIPlugin:80 - create IPUIPlugin
2024-05-03 09:28:45,464 [INFO] PluginManager:220 - loadIPPluginJar : add ucpd
2024-05-03 09:28:45,523 [INFO] IPUIPlugin:80 - create IPUIPlugin
2024-05-03 09:28:45,523 [INFO] PluginManager:220 - loadIPPluginJar : add usart
2024-05-03 09:28:45,598 [INFO] IPUIPlugin:80 - create IPUIPlugin
2024-05-03 09:28:45,598 [INFO] PluginManager:220 - loadIPPluginJar : add usbx
2024-05-03 09:28:45,759 [INFO] CADModel:165 - CPN selected for project level
2024-05-03 09:28:45,759 [INFO] CADModel:114 - Register for checkConnection events
2024-05-03 09:28:45,759 [FATAL] Updater:308 - Updater called before beeing initialized
2024-05-03 09:28:45,760 [ERROR] CADModel:125 - Updater not yet initialized, retry later 
2024-05-03 09:28:45,970 [INFO] CADModel:165 - CPN selected for project level
2024-05-03 09:28:45,970 [INFO] CADModel:114 - Register for checkConnection events
2024-05-03 09:28:45,970 [FATAL] Updater:308 - Updater called before beeing initialized
2024-05-03 09:28:45,970 [ERROR] CADModel:125 - Updater not yet initialized, retry later 
2024-05-03 09:28:45,975 [FATAL] Updater:308 - Updater called before beeing initialized
2024-05-03 09:28:46,167 [FATAL] Updater:308 - Updater called before beeing initialized
2024-05-03 09:28:46,185 [INFO] DbMcusAds:53 - JSON generation date=Wed Nov 29 16:22:27 IST 2023 (1701255147349)
2024-05-03 09:28:46,185 [FATAL] Updater:308 - Updater called before beeing initialized
2024-05-03 09:28:46,292 [WARN] DetailPanel:346 - Failed to get advertising image, set to default
2024-05-03 09:28:46,431 [FATAL] Updater:308 - Updater called before beeing initialized
2024-05-03 09:28:46,434 [FATAL] Updater:308 - Updater called before beeing initialized
2024-05-03 09:28:46,434 [FATAL] Updater:308 - Updater called before beeing initialized
2024-05-03 09:28:46,434 [WARN] DetailPanel:346 - Failed to get advertising image, set to default
2024-05-03 09:28:46,435 [FATAL] Updater:308 - Updater called before beeing initialized
2024-05-03 09:28:46,524 [ERROR] Updater:1120 - MainUpdater not yet initialized. External WinMGr cannot be set.
2024-05-03 09:28:46,539 [INFO] Updater:1056 - Updater Version found : 6.11.0
2024-05-03 09:28:46,570 [INFO] ApplicationProperties:184 - Using Application install path: C:\ST\STM32CubeIDE_1.15.0\STM32CubeIDE\plugins\com.st.stm32cube.common.mx_6.11.0.202403141607
2024-05-03 09:28:48,160 [ERROR] LogOutputStream:75 - [STDERR_REDIRECT] May 03, 2024 9:28:48 AM java.util.prefs.WindowsPreferences <init>
2024-05-03 09:28:48,161 [ERROR] LogOutputStream:75 - [STDERR_REDIRECT] WARNING: Could not open/create prefs root node Software\JavaSoft\Prefs at root 0xffffffff80000002. Windows RegCreateKeyEx(...) returned error code 5.
2024-05-03 09:28:48,162 [ERROR] LogOutputStream:75 - [STDERR_REDIRECT] 
2024-05-03 09:28:48,367 [INFO] ThirdPartyUpdaterWithRetryManager:70 - Updater plugin not ready yet. [3/15]
2024-05-03 09:28:48,774 [INFO] MainUpdater:2873 - connection check result : 10
2024-05-03 09:28:48,775 [INFO] MainUpdater:290 - Updater Check For Update Now.
2024-05-03 09:28:48,775 [INFO] MicroXplorer:498 - Change Database Version : DB.6.0.110
2024-05-03 09:28:48,815 [INFO] McuFinderGlobals:63 - Set McuFinder mode to 2 (CubeIDE integrated)
2024-05-03 09:28:48,835 [INFO] UserAuth:415 - Internet connection configuration mode: 1
2024-05-03 09:28:48,907 [INFO] JxBrowserEngine:152 - Initiate JxBrowser Engine with user profile folder
2024-05-03 09:28:49,097 [INFO] CheckServerUpdateThread:120 - End of CheckServer Thread
2024-05-03 09:28:51,697 [WARN] PackLoader:240 - Cannot read IP mode file for STMicroelectronics.FP-SNS-MOTENVWB1.1.4.0
2024-05-03 09:28:51,724 [WARN] PackLoader:240 - Cannot read IP mode file for STMicroelectronics.X-CUBE-SMBUS.2.1.0
2024-05-03 09:28:51,748 [WARN] PackLoader:240 - Cannot read IP mode file for STMicroelectronics.X-CUBE-TOUCHGFX.4.23.1
2024-05-03 09:28:51,770 [WARN] PackLoader:240 - Cannot read IP mode file for STMicroelectronics.X-CUBE-TOUCHGFX.4.23.0
2024-05-03 09:28:51,789 [WARN] PackLoader:240 - Cannot read IP mode file for STMicroelectronics.X-CUBE-TOUCHGFX.4.23.2
2024-05-03 09:28:51,886 [WARN] PackLoader:240 - Cannot read IP mode file for STMicroelectronics.X-CUBE-AZRTOS-F7.1.1.0
2024-05-03 09:28:51,939 [WARN] PackLoader:240 - Cannot read IP mode file for STMicroelectronics.FP-SNS-MOTENV1.4.3.2
2024-05-03 09:28:52,000 [WARN] PackLoader:240 - Cannot read IP mode file for STMicroelectronics.FP-SNS-FLIGHT1.5.0.2
2024-05-03 09:28:52,039 [WARN] PackLoader:240 - Cannot read IP mode file for STMicroelectronics.X-CUBE-DISPLAY.3.0.0
2024-05-03 09:28:52,120 [WARN] PackLoader:240 - Cannot read IP mode file for STMicroelectronics.X-CUBE-BLE1.7.0.0
2024-05-03 09:28:52,216 [WARN] PackLoader:240 - Cannot read IP mode file for emotas.I-CUBE-CANOPEN.1.3.0
2024-05-03 09:28:52,262 [WARN] PackLoader:240 - Cannot read IP mode file for STMicroelectronics.X-CUBE-BLEMGR.3.1.0
2024-05-03 09:28:52,317 [WARN] PackLoader:240 - Cannot read IP mode file for STMicroelectronics.FP-SNS-SMARTAG2.1.2.0
2024-05-03 09:28:52,354 [INFO] LogOutputStream:77 - [STDOUT_REDIRECT] 1 : Invalid condition id : UX_CORESTACK_Condition cause : null
2024-05-03 09:28:52,355 [INFO] LogOutputStream:77 - [STDOUT_REDIRECT] 1 : Invalid condition id : UX_CORESTACK_Condition cause : null
2024-05-03 09:28:52,357 [INFO] LogOutputStream:77 - [STDOUT_REDIRECT] 1 : Invalid condition id : UX_CORESTACK_Condition cause : null
2024-05-03 09:28:52,358 [INFO] LogOutputStream:77 - [STDOUT_REDIRECT] 1 : Invalid condition id : UX_CORESTACK_Condition cause : null
2024-05-03 09:28:52,360 [INFO] LogOutputStream:77 - [STDOUT_REDIRECT] 1 : Invalid condition id : UX_CORESTACK_Condition cause : null
2024-05-03 09:28:52,366 [WARN] PackLoader:240 - Cannot read IP mode file for STMicroelectronics.X-CUBE-AZRTOS-WL.2.0.0
2024-05-03 09:28:52,388 [WARN] PackLoader:240 - Cannot read IP mode file for STMicroelectronics.FP-SNS-MOTENV1.5.0.0
2024-05-03 09:28:52,415 [WARN] PackLoader:240 - Cannot read IP mode file for WES.I-CUBE-Cesium.1.3.0
2024-05-03 09:28:52,437 [WARN] PackLoader:240 - Cannot read IP mode file for STMicroelectronics.X-CUBE-BLE2.3.3.0
2024-05-03 09:28:52,460 [WARN] PackLoader:240 - Cannot read IP mode file for STMicroelectronics.X-CUBE-TCPP.4.1.0
2024-05-03 09:28:52,502 [WARN] PackLoader:240 - Cannot read IP mode file for STMicroelectronics.X-CUBE-ALGOBUILD.1.3.0
2024-05-03 09:28:52,571 [WARN] PackLoader:240 - Cannot read IP mode file for STMicroelectronics.X-CUBE-AZRTOS-G0.1.1.0
2024-05-03 09:28:52,638 [WARN] PackLoader:240 - Cannot read IP mode file for STMicroelectronics.X-CUBE-SAFEA1.1.2.2
2024-05-03 09:28:52,707 [WARN] PackLoader:240 - Cannot read IP mode file for STMicroelectronics.X-CUBE-NFC4.3.0.0
2024-05-03 09:28:52,730 [WARN] PackLoader:240 - Cannot read IP mode file for STMicroelectronics.FP-ATR-SIGFOX1.3.2.0
2024-05-03 09:28:52,757 [WARN] PackLoader:240 - Cannot read IP mode file for STMicroelectronics.X-CUBE-EEPRMA1.5.1.0
2024-05-03 09:28:52,890 [WARN] PackLoader:240 - Cannot read IP mode file for SEGGER.I-CUBE-embOS.1.3.1
2024-05-03 09:28:53,071 [WARN] PackLoader:240 - Cannot read IP mode file for STMicroelectronics.X-CUBE-GNSS1.6.0.0
2024-05-03 09:28:53,154 [WARN] PackLoader:240 - Cannot read IP mode file for STMicroelectronics.X-CUBE-AZRTOS-F4.1.1.0
2024-05-03 09:28:53,185 [WARN] PackLoader:240 - Cannot read IP mode file for STMicroelectronics.X-CUBE-FREERTOS.1.2.0
2024-05-03 09:28:53,250 [WARN] PackLoader:240 - Cannot read IP mode file for wolfSSL.I-CUBE-wolfSSL.5.6.6
2024-05-03 09:28:53,310 [WARN] PackLoader:240 - Cannot read IP mode file for STMicroelectronics.X-CUBE-AZRTOS-L5.2.0.0
2024-05-03 09:28:53,339 [WARN] PackLoader:240 - Cannot read IP mode file for STMicroelectronics.X-CUBE-NFC6.3.1.0
2024-05-03 09:28:53,366 [WARN] PackLoader:240 - Cannot read IP mode file for ITTIA_DB.I-CUBE-ITTIADB.8.8.0
2024-05-03 09:28:53,418 [WARN] PackLoader:240 - Cannot read IP mode file for STMicroelectronics.X-CUBE-AI.9.0.0
2024-05-03 09:28:53,454 [WARN] PackLoader:240 - Cannot read IP mode file for STMicroelectronics.X-CUBE-NFC7.1.0.1
2024-05-03 09:28:53,501 [WARN] PackLoader:240 - Cannot read IP mode file for STMicroelectronics.X-CUBE-AI.8.1.0
2024-05-03 09:28:53,584 [WARN] ConditionMgr:438 - getConditionDescription Invalid condition id : LAN8742 Phy interface Condition cause : null
2024-05-03 09:28:53,589 [WARN] PackLoader:240 - Cannot read IP mode file for STMicroelectronics.X-CUBE-AZRTOS-L4.2.0.0
2024-05-03 09:28:53,591 [WARN] ConditionMgr:1039 - genDependencies : Invalid condition id : LAN8742 Phy interface Condition cause : null
2024-05-03 09:28:53,592 [WARN] ConditionMgr:1039 - genDependencies : Invalid condition id : LAN8742 Phy interface Condition cause : null
2024-05-03 09:28:53,593 [WARN] ConditionMgr:1039 - genDependencies : Invalid condition id : LAN8742 Phy interface Condition cause : null
2024-05-03 09:28:53,634 [WARN] PackLoader:240 - Cannot read IP mode file for STMicroelectronics.X-CUBE-SFXS2LP1.4.0.0
2024-05-03 09:28:53,714 [WARN] ConditionMgr:438 - getConditionDescription Invalid condition id : UX DEVICE CLASS RTOS Condition cause : null
2024-05-03 09:28:53,714 [WARN] ConditionMgr:438 - getConditionDescription Invalid condition id : UX DEVICE CLASS RTOS Condition cause : null
2024-05-03 09:28:53,719 [WARN] PackLoader:240 - Cannot read IP mode file for STMicroelectronics.X-CUBE-AZRTOS-WB.2.0.0
2024-05-03 09:28:53,720 [WARN] ConditionMgr:1039 - genDependencies : Invalid condition id : UX DEVICE CLASS RTOS Condition cause : null
2024-05-03 09:28:53,720 [WARN] ConditionMgr:1039 - genDependencies : Invalid condition id : UX DEVICE CLASS RTOS Condition cause : null
2024-05-03 09:28:53,721 [WARN] ConditionMgr:1039 - genDependencies : Invalid condition id : UX DEVICE CLASS RTOS Condition cause : null
2024-05-03 09:28:53,721 [WARN] ConditionMgr:1039 - genDependencies : Invalid condition id : UX DEVICE CLASS RTOS Condition cause : null
2024-05-03 09:28:53,722 [WARN] ConditionMgr:1039 - genDependencies : Invalid condition id : UX DEVICE CLASS RTOS Condition cause : null
2024-05-03 09:28:53,754 [WARN] PackLoader:240 - Cannot read IP mode file for STMicroelectronics.X-CUBE-SUBG2.5.0.0
2024-05-03 09:28:53,822 [WARN] PackLoader:240 - Cannot read IP mode file for STMicroelectronics.X-CUBE-AZRTOS-G4.2.0.0
2024-05-03 09:28:53,946 [WARN] PackLoader:240 - Cannot read IP mode file for Infineon.AIROC-Wi-Fi-Bluetooth-STM32.1.5.1
2024-05-03 09:28:54,056 [WARN] PackLoader:240 - Cannot read IP mode file for STMicroelectronics.FP-SNS-MOTENVWB1.1.3.1
2024-05-03 09:28:54,097 [WARN] PackLoader:240 - Cannot read IP mode file for STMicroelectronics.X-CUBE-ISPU.2.0.0
2024-05-03 09:28:54,274 [WARN] PackLoader:240 - Cannot read IP mode file for STMicroelectronics.X-CUBE-MEMS1.10.0.0
2024-05-03 09:28:54,556 [WARN] PackLoader:240 - Cannot read IP mode file for STMicroelectronics.X-CUBE-FREERTOS.1.1.0
2024-05-03 09:28:54,585 [WARN] PackLoader:240 - Cannot read IP mode file for portGmbH.I-Cube-SoM-uGOAL.1.1.0
2024-05-03 09:28:54,614 [WARN] PackLoader:240 - Cannot read IP mode file for STMicroelectronics.X-CUBE-ALS.1.0.1
2024-05-03 09:28:54,672 [WARN] PackLoader:240 - Cannot read IP mode file for STMicroelectronics.X-CUBE-AZRTOS-H7RS.1.0.0
2024-05-03 09:28:54,696 [WARN] PackLoader:240 - Cannot read IP mode file for STMicroelectronics.FP-ATR-ASTRA1.2.0.0
2024-05-03 09:28:54,745 [WARN] PackLoader:240 - Cannot read IP mode file for STMicroelectronics.X-CUBE-TOF1.3.4.1
2024-05-03 09:28:54,861 [WARN] PackLoader:240 - Cannot read IP mode file for STMicroelectronics.X-CUBE-AZRTOS-H7.3.2.0
2024-05-03 09:28:54,865 [INFO] ThirdParty:978 - Integrity check success = true
2024-05-03 09:28:54,866 [INFO] IntegrityCheckThread:100 - exiting critical section [integrity check]
2024-05-03 09:28:54,866 [INFO] IntegrityCheckThread:103 - End integrity checks thread
2024-05-03 09:28:59,060 [INFO] WebApp:161 - Instantiating new browser for Auth
2024-05-03 09:29:00,006 [INFO] WebApp:779 - Register for checkConnection events
2024-05-03 09:29:00,006 [INFO] WebApp:414 - Apply proxy settings
2024-05-03 09:29:00,007 [INFO] WebApp:499 - Chromium requires no authentication
2024-05-03 09:29:00,022 [INFO] WebApp:442 - Direct internet connection detected
2024-05-03 09:29:00,333 [INFO] WebApp:192 - Starting web application
2024-05-03 09:29:00,333 [INFO] WebApp:544 - Web application path used C:\ST\STM32CubeIDE_1.15.0\STM32CubeIDE\plugins\com.st.stm32cube.common.mx_6.11.0.202403141607\db\plugins\mcufinder\reactClient1\index.html
2024-05-03 14:33:50,778 [ERROR] ConfigurationRetriever:142 - IOException on connection: Connect timed out
2024-05-03 16:20:25,864 [ERROR] ConfigurationRetriever:142 - IOException on connection: Connect timed out
2024-05-03 20:02:13,932 [ERROR] ConfigurationRetriever:142 - IOException on connection: sw-center.st.com
2024-05-03 20:02:13,935 [ERROR] ConfigurationRetriever:142 - IOException on connection: sw-center.st.com
2024-05-03 20:02:13,935 [ERROR] ConfigurationRetriever:142 - IOException on connection: sw-center.st.com
2024-05-03 20:02:43,423 [ERROR] ConfigurationRetriever:142 - IOException on connection: sw-center.st.com
2024-05-03 20:02:43,424 [ERROR] ConfigurationRetriever:142 - IOException on connection: sw-center.st.com
2024-05-03 20:02:43,425 [ERROR] ConfigurationRetriever:142 - IOException on connection: sw-center.st.com
2024-05-03 20:04:10,742 [ERROR] ConfigurationRetriever:142 - IOException on connection: sw-center.st.com
2024-05-03 20:04:10,743 [ERROR] ConfigurationRetriever:142 - IOException on connection: sw-center.st.com
2024-05-03 20:04:10,743 [ERROR] ConfigurationRetriever:142 - IOException on connection: sw-center.st.com
2024-05-03 20:10:38,975 [ERROR] ConfigurationRetriever:142 - IOException on connection: sw-center.st.com
2024-05-03 20:10:38,977 [ERROR] ConfigurationRetriever:142 - IOException on connection: sw-center.st.com
2024-05-03 20:10:38,978 [ERROR] ConfigurationRetriever:142 - IOException on connection: sw-center.st.com
2024-05-03 20:11:20,578 [ERROR] ConfigurationRetriever:142 - IOException on connection: sw-center.st.com
2024-05-03 20:11:20,580 [ERROR] ConfigurationRetriever:142 - IOException on connection: sw-center.st.com
2024-05-03 20:11:20,580 [ERROR] ConfigurationRetriever:142 - IOException on connection: sw-center.st.com
2024-05-03 20:11:39,011 [ERROR] ConfigurationRetriever:142 - IOException on connection: sw-center.st.com
2024-05-03 20:11:39,013 [ERROR] ConfigurationRetriever:142 - IOException on connection: sw-center.st.com
2024-05-03 20:11:39,014 [ERROR] ConfigurationRetriever:142 - IOException on connection: sw-center.st.com
2024-05-03 20:29:23,477 [ERROR] ConfigurationRetriever:142 - IOException on connection: sw-center.st.com
2024-05-03 20:29:23,477 [ERROR] ConfigurationRetriever:142 - IOException on connection: sw-center.st.com
2024-05-03 20:29:23,481 [ERROR] ConfigurationRetriever:142 - IOException on connection: sw-center.st.com
2024-05-03 20:29:51,887 [ERROR] ConfigurationRetriever:142 - IOException on connection: sw-center.st.com
2024-05-03 20:29:51,888 [ERROR] ConfigurationRetriever:142 - IOException on connection: sw-center.st.com
2024-05-03 20:29:51,889 [ERROR] ConfigurationRetriever:142 - IOException on connection: sw-center.st.com
2024-05-03 20:30:26,923 [ERROR] ConfigurationRetriever:142 - IOException on connection: sw-center.st.com
2024-05-03 20:30:26,924 [ERROR] ConfigurationRetriever:142 - IOException on connection: sw-center.st.com
2024-05-03 20:30:26,924 [ERROR] ConfigurationRetriever:142 - IOException on connection: sw-center.st.com
2024-05-03 20:31:49,271 [ERROR] ConfigurationRetriever:142 - IOException on connection: sw-center.st.com
2024-05-03 20:31:49,272 [ERROR] ConfigurationRetriever:142 - IOException on connection: sw-center.st.com
2024-05-03 20:31:49,272 [ERROR] ConfigurationRetriever:142 - IOException on connection: sw-center.st.com
2024-05-03 20:34:20,763 [ERROR] ConfigurationRetriever:142 - IOException on connection: sw-center.st.com
2024-05-03 20:34:20,764 [ERROR] ConfigurationRetriever:142 - IOException on connection: sw-center.st.com
2024-05-03 20:34:20,765 [ERROR] ConfigurationRetriever:142 - IOException on connection: sw-center.st.com
2024-05-03 20:37:36,337 [ERROR] ConfigurationRetriever:142 - IOException on connection: sw-center.st.com
2024-05-03 20:37:36,338 [ERROR] ConfigurationRetriever:142 - IOException on connection: sw-center.st.com
2024-05-03 20:37:36,338 [ERROR] ConfigurationRetriever:142 - IOException on connection: sw-center.st.com
2024-05-03 20:46:57,007 [ERROR] ConfigurationRetriever:142 - IOException on connection: sw-center.st.com
2024-05-03 20:46:57,008 [ERROR] ConfigurationRetriever:142 - IOException on connection: sw-center.st.com
2024-05-03 20:46:57,008 [ERROR] ConfigurationRetriever:142 - IOException on connection: sw-center.st.com
2024-05-03 20:58:07,615 [ERROR] ConfigurationRetriever:142 - IOException on connection: sw-center.st.com
2024-05-03 20:58:07,616 [ERROR] ConfigurationRetriever:142 - IOException on connection: sw-center.st.com
2024-05-03 20:58:07,616 [ERROR] ConfigurationRetriever:142 - IOException on connection: sw-center.st.com
2024-05-03 20:58:38,492 [ERROR] ConfigurationRetriever:142 - IOException on connection: sw-center.st.com
2024-05-03 20:58:38,493 [ERROR] ConfigurationRetriever:142 - IOException on connection: sw-center.st.com
2024-05-03 20:58:38,493 [ERROR] ConfigurationRetriever:142 - IOException on connection: sw-center.st.com
2024-05-03 20:59:10,093 [ERROR] ConfigurationRetriever:142 - IOException on connection: sw-center.st.com
2024-05-03 20:59:10,095 [ERROR] ConfigurationRetriever:142 - IOException on connection: sw-center.st.com
2024-05-03 20:59:10,096 [ERROR] ConfigurationRetriever:142 - IOException on connection: sw-center.st.com
2024-05-03 21:08:13,530 [ERROR] ConfigurationRetriever:142 - IOException on connection: sw-center.st.com
2024-05-03 21:08:13,531 [ERROR] ConfigurationRetriever:142 - IOException on connection: sw-center.st.com
2024-05-03 21:08:13,531 [ERROR] ConfigurationRetriever:142 - IOException on connection: sw-center.st.com
2024-05-03 21:10:32,948 [ERROR] ConfigurationRetriever:142 - IOException on connection: sw-center.st.com
2024-05-03 21:10:32,949 [ERROR] ConfigurationRetriever:142 - IOException on connection: sw-center.st.com
2024-05-03 21:10:32,949 [ERROR] ConfigurationRetriever:142 - IOException on connection: sw-center.st.com
2024-05-03 21:29:07,680 [ERROR] ConfigurationRetriever:142 - IOException on connection: sw-center.st.com
2024-05-03 21:29:07,681 [ERROR] ConfigurationRetriever:142 - IOException on connection: sw-center.st.com
2024-05-03 21:29:07,682 [ERROR] ConfigurationRetriever:142 - IOException on connection: sw-center.st.com
2024-05-03 21:29:48,841 [ERROR] ConfigurationRetriever:142 - IOException on connection: sw-center.st.com
2024-05-03 21:29:48,842 [ERROR] ConfigurationRetriever:142 - IOException on connection: sw-center.st.com
2024-05-03 21:29:48,842 [ERROR] ConfigurationRetriever:142 - IOException on connection: sw-center.st.com
2024-05-03 21:40:38,756 [ERROR] ConfigurationRetriever:142 - IOException on connection: sw-center.st.com
2024-05-03 21:40:38,758 [ERROR] ConfigurationRetriever:142 - IOException on connection: sw-center.st.com
2024-05-03 21:40:38,758 [ERROR] ConfigurationRetriever:142 - IOException on connection: sw-center.st.com
2024-05-03 21:44:33,320 [ERROR] ConfigurationRetriever:142 - IOException on connection: sw-center.st.com
2024-05-03 21:44:33,320 [ERROR] ConfigurationRetriever:142 - IOException on connection: sw-center.st.com
2024-05-03 21:44:33,320 [ERROR] ConfigurationRetriever:142 - IOException on connection: sw-center.st.com
