2024-05-24 09:29:59,480 [INFO] Activator:176 - 


2024-05-24 09:29:59,490 [INFO] Activator:177 - !SESSION log4j initialized
2024-05-24 09:30:07,002 [INFO] LogOutputStream:77 - [STDOUT_REDIRECT] 
2024-05-24 09:30:16,149 [INFO] ApplicationProperties:184 - Using Application install path: C:\ST\STM32CubeIDE_1.15.0\STM32CubeIDE\plugins\com.st.stm32cube.common.mx_6.11.0.202403141607
2024-05-24 09:30:16,164 [INFO] DbMcusXml:78 - Set database path to: C:\ST\STM32CubeIDE_1.15.0\STM32CubeIDE\plugins\com.st.stm32cube.common.mx_6.11.0.202403141607\\db\/mcu/
2024-05-24 09:30:16,165 [INFO] ApiDb:274 - Set plugin database path to: C:\ST\STM32CubeIDE_1.15.0\STM32CubeIDE\plugins\com.st.stm32cube.common.mx_6.11.0.202403141607\\db\/plugins/boardmanager/
2024-05-24 09:30:16,165 [WARN] ApiDb:259 - Overriding images path with different value:  => C:\ST\STM32CubeIDE_1.15.0\STM32CubeIDE\plugins\com.st.stm32cube.common.mx_6.11.0.202403141607\\db\/plugins/mcufinder/images/
2024-05-24 09:30:16,170 [INFO] ApiDb:250 - Set database path to: C:\Users\shrey\.stmcufinder\plugins\mcufinder//mcu/
2024-05-24 09:30:16,172 [INFO] DbMcusAds:125 - Set database path to: C:\Users\shrey\.stmcufinder\plugins\mcufinder//mcu/
2024-05-24 09:30:16,173 [INFO] CrossReferenceDbSqlite:203 - Set database path to: C:\Users\shrey\.stmcufinder\plugins\mcufinder//mcu/cs/
2024-05-24 09:30:16,280 [INFO] RulesReader:64 - Compatibility file has been processed (297 Rules)
2024-05-24 09:30:16,352 [INFO] DbMcusXml:78 - Set database path to: C:\ST\STM32CubeIDE_1.15.0\STM32CubeIDE\plugins\com.st.stm32cube.common.mx_6.11.0.202403141607\\db\/mcu/
2024-05-24 09:30:16,352 [INFO] ApiDb:274 - Set plugin database path to: C:\ST\STM32CubeIDE_1.15.0\STM32CubeIDE\plugins\com.st.stm32cube.common.mx_6.11.0.202403141607\\db\/plugins/boardmanager/
2024-05-24 09:30:16,353 [INFO] ApiDb:261 - Set plugin images path to: C:\ST\STM32CubeIDE_1.15.0\STM32CubeIDE\plugins\com.st.stm32cube.common.mx_6.11.0.202403141607\\db\/plugins/mcufinder/images/
2024-05-24 09:30:16,353 [WARN] DbFile:41 - Overriding database path with different value: C:\Users\shrey\.stmcufinder\plugins\mcufinder/ => C:\Users\shrey\.stmcufinder\plugins\mcufinder
2024-05-24 09:30:16,353 [INFO] ApiDb:250 - Set database path to: C:\Users\shrey\.stmcufinder\plugins\mcufinder//mcu/
2024-05-24 09:30:16,353 [WARN] DbFile:41 - Overriding database path with different value: C:\Users\shrey\.stmcufinder\plugins\mcufinder/ => C:\Users\shrey\.stmcufinder\plugins\mcufinder
2024-05-24 09:30:16,353 [INFO] DbMcusAds:125 - Set database path to: C:\Users\shrey\.stmcufinder\plugins\mcufinder//mcu/
2024-05-24 09:30:16,353 [WARN] DbFile:41 - Overriding database path with different value: C:\Users\shrey\.stmcufinder\plugins\mcufinder/ => C:\Users\shrey\.stmcufinder\plugins\mcufinder
2024-05-24 09:30:16,353 [WARN] DbFile:41 - Overriding database path with different value: C:\Users\shrey\.stmcufinder\plugins\mcufinder/ => C:\Users\shrey\.stmcufinder\plugins\mcufinder
2024-05-24 09:30:16,353 [INFO] CrossReferenceDbSqlite:203 - Set database path to: C:\Users\shrey\.stmcufinder\plugins\mcufinder//mcu/cs/
2024-05-24 09:30:16,417 [INFO] MainPanel:264 - HeapMemory: 268435456
2024-05-24 09:30:16,490 [INFO] DbMcusXml:78 - Set database path to: C:\ST\STM32CubeIDE_1.15.0\STM32CubeIDE\plugins\com.st.stm32cube.common.mx_6.11.0.202403141607\\db\/mcu/
2024-05-24 09:30:16,490 [INFO] ApiDb:274 - Set plugin database path to: C:\ST\STM32CubeIDE_1.15.0\STM32CubeIDE\plugins\com.st.stm32cube.common.mx_6.11.0.202403141607\\db\/plugins/boardmanager/
2024-05-24 09:30:16,490 [INFO] ApiDb:261 - Set plugin images path to: C:\ST\STM32CubeIDE_1.15.0\STM32CubeIDE\plugins\com.st.stm32cube.common.mx_6.11.0.202403141607\\db\/plugins/mcufinder/images/
2024-05-24 09:30:16,491 [WARN] DbFile:41 - Overriding database path with different value: C:\Users\shrey\.stmcufinder\plugins\mcufinder/ => C:\Users\shrey\.stmcufinder\plugins\mcufinder
2024-05-24 09:30:16,491 [INFO] ApiDb:250 - Set database path to: C:\Users\shrey\.stmcufinder\plugins\mcufinder//mcu/
2024-05-24 09:30:16,491 [WARN] DbFile:41 - Overriding database path with different value: C:\Users\shrey\.stmcufinder\plugins\mcufinder/ => C:\Users\shrey\.stmcufinder\plugins\mcufinder
2024-05-24 09:30:16,491 [INFO] DbMcusAds:125 - Set database path to: C:\Users\shrey\.stmcufinder\plugins\mcufinder//mcu/
2024-05-24 09:30:16,491 [WARN] DbFile:41 - Overriding database path with different value: C:\Users\shrey\.stmcufinder\plugins\mcufinder/ => C:\Users\shrey\.stmcufinder\plugins\mcufinder
2024-05-24 09:30:16,491 [WARN] DbFile:41 - Overriding database path with different value: C:\Users\shrey\.stmcufinder\plugins\mcufinder/ => C:\Users\shrey\.stmcufinder\plugins\mcufinder
2024-05-24 09:30:16,491 [INFO] CrossReferenceDbSqlite:203 - Set database path to: C:\Users\shrey\.stmcufinder\plugins\mcufinder//mcu/cs/
2024-05-24 09:30:16,505 [INFO] ApplicationProperties:184 - Using Application install path: C:\ST\STM32CubeIDE_1.15.0\STM32CubeIDE\plugins\com.st.stm32cube.common.mx_6.11.0.202403141607
2024-05-24 09:30:16,506 [INFO] PluginManage:196 - Search for loadable plugins [exclusion list=, ]
2024-05-24 09:30:16,507 [INFO] PluginManage:310 - Check plugin analytics
2024-05-24 09:30:16,665 [INFO] AnalyticsPlugin:253 - Accepted Software Licenses: 
2024-05-24 09:30:16,666 [INFO] AnalyticsPlugin:255 - Accepted CMSIS Pack Licenses: 
2024-05-24 09:30:16,666 [INFO] AnalyticsPlugin:257 - Accepted Firmware Licenses: FW.F4.1.28.0
2024-05-24 09:30:16,669 [INFO] PluginManage:359 - Loaded plugin analytics (category:tool,tabindex:-1)
2024-05-24 09:30:16,670 [INFO] PluginManage:310 - Check plugin cadmodel
2024-05-24 09:30:16,676 [INFO] CADModel:105 - Init CAD model plugin
2024-05-24 09:30:16,676 [INFO] PluginManage:359 - Loaded plugin cadmodel (category:power,tabindex:5)
2024-05-24 09:30:16,676 [INFO] PluginManage:310 - Check plugin clock
2024-05-24 09:30:16,686 [INFO] PluginManage:359 - Loaded plugin clock (category:base,tabindex:2)
2024-05-24 09:30:16,686 [INFO] PluginManage:310 - Check plugin ddr
2024-05-24 09:30:16,688 [INFO] PluginManage:359 - Loaded plugin ddr (category:tool,tabindex:6)
2024-05-24 09:30:16,688 [INFO] PluginManage:310 - Check plugin filemanager
2024-05-24 09:30:16,818 [INFO] PluginManage:359 - Loaded plugin filemanager (category:base,tabindex:10)
2024-05-24 09:30:16,818 [INFO] PluginManage:310 - Check plugin ipmanager
2024-05-24 09:30:16,825 [INFO] PluginManage:359 - Loaded plugin ipmanager (category:base,tabindex:5)
2024-05-24 09:30:16,825 [INFO] PluginManage:310 - Check plugin lpbam
2024-05-24 09:30:16,832 [INFO] PluginManage:359 - Loaded plugin lpbam (category:base,tabindex:0)
2024-05-24 09:30:16,832 [INFO] PluginManage:310 - Check plugin memorymap
2024-05-24 09:30:16,842 [INFO] PluginManage:359 - Loaded plugin memorymap (category:base,tabindex:4)
2024-05-24 09:30:16,842 [INFO] PluginManage:310 - Check plugin pinoutandconfiguration
2024-05-24 09:30:16,848 [INFO] PluginManage:359 - Loaded plugin pinoutandconfiguration (category:base,tabindex:1)
2024-05-24 09:30:16,848 [INFO] PluginManage:310 - Check plugin pinoutconfig
2024-05-24 09:30:16,927 [WARN] SupportedApi:132 - Cannot load RTOS API schema: s4s-elt-must-match.1: The content of 'definitions' must match (annotation?, (simpleType | complexType)?, (unique | key | keyref)*)). A problem was found starting at: attribute.
2024-05-24 09:30:17,061 [INFO] PluginManage:359 - Loaded plugin pinoutconfig (category:base,tabindex:0)
2024-05-24 09:30:17,061 [INFO] PluginManage:310 - Check plugin power
2024-05-24 09:30:17,070 [INFO] PluginManage:359 - Loaded plugin power (category:power,tabindex:4)
2024-05-24 09:30:17,070 [INFO] PluginManage:310 - Check plugin projectmanager
2024-05-24 09:30:17,088 [INFO] PluginManage:359 - Loaded plugin projectmanager (category:projectmanager,tabindex:3)
2024-05-24 09:30:17,088 [INFO] PluginManage:310 - Check plugin thirdparty
2024-05-24 09:30:17,224 [INFO] PluginManage:359 - Loaded plugin thirdparty (category:base,tabindex:-1)
2024-05-24 09:30:17,224 [INFO] PluginManage:310 - Check plugin tools
2024-05-24 09:30:17,224 [WARN] IntegrityCheckThread:84 - waiting for thirdparty lock release [integrity check]
2024-05-24 09:30:17,225 [INFO] IntegrityCheckThread:86 - entering critical section [integrity check]
2024-05-24 09:30:17,225 [INFO] ThirdPartyUpdaterWithRetryManager:70 - Updater plugin not ready yet. [1/15]
2024-05-24 09:30:17,227 [INFO] PluginManage:359 - Loaded plugin tools (category:base,tabindex:7)
2024-05-24 09:30:17,227 [INFO] PluginManage:310 - Check plugin tutovideos
2024-05-24 09:30:17,407 [INFO] PluginManage:359 - Loaded plugin tutovideos (category:base,tabindex:-1)
2024-05-24 09:30:17,407 [INFO] PluginManage:310 - Check plugin updater
2024-05-24 09:30:17,418 [INFO] PluginManage:359 - Loaded plugin updater (category:base,tabindex:12)
2024-05-24 09:30:17,419 [INFO] PluginManage:310 - Check plugin userauth
2024-05-24 09:30:17,424 [INFO] UserAuth:114 - Init User Auth plugin
2024-05-24 09:30:17,425 [INFO] PluginManage:359 - Loaded plugin userauth (category:base,tabindex:14)
2024-05-24 09:30:17,425 [INFO] PluginManage:283 - PluginManage : Loaded plugins [17]
2024-05-24 09:30:17,614 [INFO] PinOutPanel:1561 - setPackage(No Configuration,No Configuration)
2024-05-24 09:30:17,685 [INFO] CADModel:165 - CPN selected for project level
2024-05-24 09:30:17,685 [INFO] CADModel:114 - Register for checkConnection events
2024-05-24 09:30:17,699 [INFO] IPUIPlugin:80 - create IPUIPlugin
2024-05-24 09:30:17,699 [INFO] PluginManager:220 - loadIPPluginJar : add adc
2024-05-24 09:30:17,701 [INFO] IPUIPlugin:80 - create IPUIPlugin
2024-05-24 09:30:17,701 [INFO] PluginManager:220 - loadIPPluginJar : add aes
2024-05-24 09:30:17,703 [INFO] IPUIPlugin:80 - create IPUIPlugin
2024-05-24 09:30:17,703 [INFO] PluginManager:220 - loadIPPluginJar : add can
2024-05-24 09:30:17,705 [INFO] IPUIPlugin:80 - create IPUIPlugin
2024-05-24 09:30:17,705 [INFO] PluginManager:220 - loadIPPluginJar : add comp
2024-05-24 09:30:17,707 [INFO] IPUIPlugin:80 - create IPUIPlugin
2024-05-24 09:30:17,707 [INFO] PluginManager:220 - loadIPPluginJar : add cryp
2024-05-24 09:30:17,709 [INFO] IPUIPlugin:80 - create IPUIPlugin
2024-05-24 09:30:17,709 [INFO] PluginManager:220 - loadIPPluginJar : add dfsdm
2024-05-24 09:30:17,714 [INFO] IPUIPlugin:80 - create IPUIPlugin
2024-05-24 09:30:17,715 [INFO] PluginManager:220 - loadIPPluginJar : add dma
2024-05-24 09:30:17,717 [INFO] IPUIPlugin:80 - create IPUIPlugin
2024-05-24 09:30:17,717 [INFO] PluginManager:220 - loadIPPluginJar : add dma3
2024-05-24 09:30:17,719 [INFO] IPUIPlugin:80 - create IPUIPlugin
2024-05-24 09:30:17,719 [INFO] PluginManager:220 - loadIPPluginJar : add extmemmanager
2024-05-24 09:30:17,721 [INFO] IPUIPlugin:80 - create IPUIPlugin
2024-05-24 09:30:17,721 [INFO] PluginManager:220 - loadIPPluginJar : add fatfs
2024-05-24 09:30:17,724 [INFO] IPUIPlugin:80 - create IPUIPlugin
2024-05-24 09:30:17,724 [INFO] PluginManager:220 - loadIPPluginJar : add fmc
2024-05-24 09:30:17,729 [INFO] IPUIPlugin:80 - create IPUIPlugin
2024-05-24 09:30:17,729 [INFO] PluginManager:220 - loadIPPluginJar : add freertos
2024-05-24 09:30:17,731 [INFO] IPUIPlugin:80 - create IPUIPlugin
2024-05-24 09:30:17,731 [INFO] PluginManager:220 - loadIPPluginJar : add genericplugin
2024-05-24 09:30:17,733 [INFO] IPUIPlugin:80 - create IPUIPlugin
2024-05-24 09:30:17,733 [INFO] PluginManager:220 - loadIPPluginJar : add gfxmmu
2024-05-24 09:30:17,737 [INFO] IPUIPlugin:80 - create IPUIPlugin
2024-05-24 09:30:17,737 [INFO] PluginManager:220 - loadIPPluginJar : add gic
2024-05-24 09:30:17,741 [INFO] IPUIPlugin:80 - create IPUIPlugin
2024-05-24 09:30:17,741 [INFO] PluginManager:220 - loadIPPluginJar : add gpio
2024-05-24 09:30:17,743 [INFO] IPUIPlugin:80 - create IPUIPlugin
2024-05-24 09:30:17,743 [INFO] PluginManager:220 - loadIPPluginJar : add gtzc
2024-05-24 09:30:17,744 [INFO] IPUIPlugin:80 - create IPUIPlugin
2024-05-24 09:30:17,745 [INFO] PluginManager:220 - loadIPPluginJar : add hash
2024-05-24 09:30:17,746 [INFO] IPUIPlugin:80 - create IPUIPlugin
2024-05-24 09:30:17,746 [INFO] PluginManager:220 - loadIPPluginJar : add i2c
2024-05-24 09:30:17,748 [INFO] IPUIPlugin:80 - create IPUIPlugin
2024-05-24 09:30:17,748 [INFO] PluginManager:220 - loadIPPluginJar : add i2s
2024-05-24 09:30:17,750 [INFO] IPUIPlugin:80 - create IPUIPlugin
2024-05-24 09:30:17,750 [INFO] PluginManager:220 - loadIPPluginJar : add i3c
2024-05-24 09:30:17,753 [INFO] IPUIPlugin:80 - create IPUIPlugin
2024-05-24 09:30:17,753 [INFO] PluginManager:220 - loadIPPluginJar : add ipddr
2024-05-24 09:30:17,758 [INFO] IPUIPlugin:80 - create IPUIPlugin
2024-05-24 09:30:17,759 [INFO] PluginManager:220 - loadIPPluginJar : add linkedlist
2024-05-24 09:30:17,761 [INFO] IPUIPlugin:80 - create IPUIPlugin
2024-05-24 09:30:17,761 [INFO] PluginManager:220 - loadIPPluginJar : add lorawan
2024-05-24 09:30:17,762 [INFO] IPUIPlugin:80 - create IPUIPlugin
2024-05-24 09:30:17,762 [INFO] PluginManager:220 - loadIPPluginJar : add ltdc
2024-05-24 09:30:17,767 [INFO] IPUIPlugin:80 - create IPUIPlugin
2024-05-24 09:30:17,767 [INFO] PluginManager:220 - loadIPPluginJar : add mdma
2024-05-24 09:30:17,769 [INFO] IPUIPlugin:80 - create IPUIPlugin
2024-05-24 09:30:17,770 [INFO] PluginManager:220 - loadIPPluginJar : add nvic
2024-05-24 09:30:17,772 [INFO] IPUIPlugin:80 - create IPUIPlugin
2024-05-24 09:30:17,772 [INFO] PluginManager:220 - loadIPPluginJar : add opamp
2024-05-24 09:30:17,774 [INFO] IPUIPlugin:80 - create IPUIPlugin
2024-05-24 09:30:17,775 [INFO] PluginManager:220 - loadIPPluginJar : add openamp
2024-05-24 09:30:17,777 [INFO] IPUIPlugin:80 - create IPUIPlugin
2024-05-24 09:30:17,778 [INFO] PluginManager:220 - loadIPPluginJar : add pdm2pcm
2024-05-24 09:30:17,782 [INFO] IPUIPlugin:80 - create IPUIPlugin
2024-05-24 09:30:17,784 [INFO] PluginManager:220 - loadIPPluginJar : add plateformsettings
2024-05-24 09:30:17,785 [INFO] IPUIPlugin:80 - create IPUIPlugin
2024-05-24 09:30:17,785 [INFO] PluginManager:220 - loadIPPluginJar : add quadspi
2024-05-24 09:30:17,788 [INFO] IPUIPlugin:80 - create IPUIPlugin
2024-05-24 09:30:17,788 [INFO] PluginManager:220 - loadIPPluginJar : add resmgrutility
2024-05-24 09:30:17,791 [INFO] IPUIPlugin:80 - create IPUIPlugin
2024-05-24 09:30:17,791 [INFO] PluginManager:220 - loadIPPluginJar : add sai
2024-05-24 09:30:17,793 [INFO] IPUIPlugin:80 - create IPUIPlugin
2024-05-24 09:30:17,793 [INFO] PluginManager:220 - loadIPPluginJar : add spi
2024-05-24 09:30:17,798 [INFO] IPUIPlugin:80 - create IPUIPlugin
2024-05-24 09:30:17,798 [INFO] PluginManager:220 - loadIPPluginJar : add stm32_wpan
2024-05-24 09:30:17,800 [INFO] IPUIPlugin:80 - create IPUIPlugin
2024-05-24 09:30:17,800 [INFO] PluginManager:220 - loadIPPluginJar : add tim
2024-05-24 09:30:17,803 [INFO] IPUIPlugin:80 - create IPUIPlugin
2024-05-24 09:30:17,803 [INFO] PluginManager:220 - loadIPPluginJar : add touchsensing
2024-05-24 09:30:17,805 [INFO] IPUIPlugin:80 - create IPUIPlugin
2024-05-24 09:30:17,805 [INFO] PluginManager:220 - loadIPPluginJar : add tracer_emb
2024-05-24 09:30:17,806 [INFO] IPUIPlugin:80 - create IPUIPlugin
2024-05-24 09:30:17,806 [INFO] PluginManager:220 - loadIPPluginJar : add ts
2024-05-24 09:30:17,808 [INFO] IPUIPlugin:80 - create IPUIPlugin
2024-05-24 09:30:17,808 [INFO] PluginManager:220 - loadIPPluginJar : add tsc
2024-05-24 09:30:17,810 [INFO] IPUIPlugin:80 - create IPUIPlugin
2024-05-24 09:30:17,810 [INFO] PluginManager:220 - loadIPPluginJar : add ucpd
2024-05-24 09:30:17,814 [INFO] IPUIPlugin:80 - create IPUIPlugin
2024-05-24 09:30:17,814 [INFO] PluginManager:220 - loadIPPluginJar : add usart
2024-05-24 09:30:17,816 [INFO] IPUIPlugin:80 - create IPUIPlugin
2024-05-24 09:30:17,816 [INFO] PluginManager:220 - loadIPPluginJar : add usbx
2024-05-24 09:30:17,934 [INFO] CADModel:165 - CPN selected for project level
2024-05-24 09:30:17,934 [INFO] CADModel:114 - Register for checkConnection events
2024-05-24 09:30:17,935 [FATAL] Updater:308 - Updater called before beeing initialized
2024-05-24 09:30:17,935 [ERROR] CADModel:125 - Updater not yet initialized, retry later 
2024-05-24 09:30:18,057 [INFO] CADModel:165 - CPN selected for project level
2024-05-24 09:30:18,057 [INFO] CADModel:114 - Register for checkConnection events
2024-05-24 09:30:18,057 [FATAL] Updater:308 - Updater called before beeing initialized
2024-05-24 09:30:18,057 [ERROR] CADModel:125 - Updater not yet initialized, retry later 
2024-05-24 09:30:18,061 [FATAL] Updater:308 - Updater called before beeing initialized
2024-05-24 09:30:18,162 [FATAL] Updater:308 - Updater called before beeing initialized
2024-05-24 09:30:18,166 [INFO] DbMcusAds:53 - JSON generation date=Thu May 16 14:52:00 IST 2024 (1715851320852)
2024-05-24 09:30:18,166 [FATAL] Updater:308 - Updater called before beeing initialized
2024-05-24 09:30:18,195 [WARN] DetailPanel:346 - Failed to get advertising image, set to default
2024-05-24 09:30:18,282 [FATAL] Updater:308 - Updater called before beeing initialized
2024-05-24 09:30:18,283 [FATAL] Updater:308 - Updater called before beeing initialized
2024-05-24 09:30:18,283 [FATAL] Updater:308 - Updater called before beeing initialized
2024-05-24 09:30:18,283 [WARN] DetailPanel:346 - Failed to get advertising image, set to default
2024-05-24 09:30:18,284 [FATAL] Updater:308 - Updater called before beeing initialized
2024-05-24 09:30:18,333 [ERROR] Updater:1120 - MainUpdater not yet initialized. External WinMGr cannot be set.
2024-05-24 09:30:18,335 [INFO] Updater:1056 - Updater Version found : 6.11.0
2024-05-24 09:30:18,358 [INFO] ApplicationProperties:184 - Using Application install path: C:\ST\STM32CubeIDE_1.15.0\STM32CubeIDE\plugins\com.st.stm32cube.common.mx_6.11.0.202403141607
2024-05-24 09:30:19,932 [ERROR] LogOutputStream:75 - [STDERR_REDIRECT] May 24, 2024 9:30:19 AM java.util.prefs.WindowsPreferences <init>
2024-05-24 09:30:19,933 [ERROR] LogOutputStream:75 - [STDERR_REDIRECT] WARNING: Could not open/create prefs root node Software\JavaSoft\Prefs at root 0xffffffff80000002. Windows RegCreateKeyEx(...) returned error code 5.
2024-05-24 09:30:19,934 [ERROR] LogOutputStream:75 - [STDERR_REDIRECT] 
2024-05-24 09:30:20,228 [INFO] ThirdPartyUpdaterWithRetryManager:70 - Updater plugin not ready yet. [2/15]
2024-05-24 09:30:20,430 [INFO] MainUpdater:2873 - connection check result : 10
2024-05-24 09:30:20,431 [INFO] MainUpdater:290 - Updater Check For Update Now.
2024-05-24 09:30:20,431 [INFO] MicroXplorer:498 - Change Database Version : DB.6.0.110
2024-05-24 09:30:20,442 [INFO] McuFinderGlobals:63 - Set McuFinder mode to 2 (CubeIDE integrated)
2024-05-24 09:30:20,452 [INFO] UserAuth:415 - Internet connection configuration mode: 1
2024-05-24 09:30:20,467 [INFO] JxBrowserEngine:152 - Initiate JxBrowser Engine with user profile folder
2024-05-24 09:30:20,654 [INFO] CheckServerUpdateThread:120 - End of CheckServer Thread
2024-05-24 09:30:21,049 [INFO] WebApp:161 - Instantiating new browser for Auth
2024-05-24 09:30:21,698 [INFO] WebApp:779 - Register for checkConnection events
2024-05-24 09:30:21,698 [INFO] WebApp:414 - Apply proxy settings
2024-05-24 09:30:21,698 [INFO] WebApp:499 - Chromium requires no authentication
2024-05-24 09:30:21,705 [INFO] WebApp:442 - Direct internet connection detected
2024-05-24 09:30:21,834 [INFO] WebApp:192 - Starting web application
2024-05-24 09:30:21,834 [INFO] WebApp:544 - Web application path used C:\ST\STM32CubeIDE_1.15.0\STM32CubeIDE\plugins\com.st.stm32cube.common.mx_6.11.0.202403141607\db\plugins\mcufinder\reactClient1\index.html
2024-05-24 09:30:23,417 [WARN] PackLoader:240 - Cannot read IP mode file for STMicroelectronics.FP-SNS-MOTENVWB1.1.4.0
2024-05-24 09:30:23,459 [WARN] PackLoader:240 - Cannot read IP mode file for STMicroelectronics.X-CUBE-SMBUS.2.1.0
2024-05-24 09:30:23,466 [WARN] PackLoader:240 - Cannot read IP mode file for STMicroelectronics.X-CUBE-TOUCHGFX.4.23.1
2024-05-24 09:30:23,473 [WARN] PackLoader:240 - Cannot read IP mode file for STMicroelectronics.X-CUBE-TOUCHGFX.4.23.0
2024-05-24 09:30:23,479 [WARN] PackLoader:240 - Cannot read IP mode file for STMicroelectronics.X-CUBE-TOUCHGFX.4.23.2
2024-05-24 09:30:23,546 [WARN] PackLoader:240 - Cannot read IP mode file for STMicroelectronics.X-CUBE-AZRTOS-F7.1.1.0
2024-05-24 09:30:23,567 [WARN] PackLoader:240 - Cannot read IP mode file for STMicroelectronics.FP-SNS-MOTENV1.4.3.2
2024-05-24 09:30:23,579 [WARN] PackLoader:240 - Cannot read IP mode file for STMicroelectronics.FP-SNS-FLIGHT1.5.0.2
2024-05-24 09:30:23,590 [WARN] PackLoader:240 - Cannot read IP mode file for STMicroelectronics.X-CUBE-DISPLAY.3.0.0
2024-05-24 09:30:23,608 [WARN] PackLoader:240 - Cannot read IP mode file for STMicroelectronics.X-CUBE-BLE1.7.0.0
2024-05-24 09:30:23,616 [WARN] PackLoader:240 - Cannot read IP mode file for emotas.I-CUBE-CANOPEN.1.3.0
2024-05-24 09:30:23,640 [WARN] PackLoader:240 - Cannot read IP mode file for STMicroelectronics.X-CUBE-BLEMGR.3.1.0
2024-05-24 09:30:23,648 [WARN] PackLoader:240 - Cannot read IP mode file for STMicroelectronics.FP-SNS-SMARTAG2.1.2.0
2024-05-24 09:30:23,672 [INFO] LogOutputStream:77 - [STDOUT_REDIRECT] 1 : Invalid condition id : UX_CORESTACK_Condition cause : null
2024-05-24 09:30:23,673 [INFO] LogOutputStream:77 - [STDOUT_REDIRECT] 1 : Invalid condition id : UX_CORESTACK_Condition cause : null
2024-05-24 09:30:23,674 [INFO] LogOutputStream:77 - [STDOUT_REDIRECT] 1 : Invalid condition id : UX_CORESTACK_Condition cause : null
2024-05-24 09:30:23,674 [INFO] LogOutputStream:77 - [STDOUT_REDIRECT] 1 : Invalid condition id : UX_CORESTACK_Condition cause : null
2024-05-24 09:30:23,675 [INFO] LogOutputStream:77 - [STDOUT_REDIRECT] 1 : Invalid condition id : UX_CORESTACK_Condition cause : null
2024-05-24 09:30:23,687 [WARN] PackLoader:240 - Cannot read IP mode file for STMicroelectronics.X-CUBE-AZRTOS-WL.2.0.0
2024-05-24 09:30:23,695 [WARN] PackLoader:240 - Cannot read IP mode file for STMicroelectronics.FP-SNS-MOTENV1.5.0.0
2024-05-24 09:30:23,715 [WARN] PackLoader:240 - Cannot read IP mode file for WES.I-CUBE-Cesium.1.3.0
2024-05-24 09:30:23,722 [WARN] PackLoader:240 - Cannot read IP mode file for STMicroelectronics.X-CUBE-BLE2.3.3.0
2024-05-24 09:30:23,731 [WARN] PackLoader:240 - Cannot read IP mode file for STMicroelectronics.X-CUBE-TCPP.4.1.0
2024-05-24 09:30:23,749 [WARN] PackLoader:240 - Cannot read IP mode file for STMicroelectronics.X-CUBE-ALGOBUILD.1.3.0
2024-05-24 09:30:23,777 [WARN] PackLoader:240 - Cannot read IP mode file for STMicroelectronics.X-CUBE-AZRTOS-G0.1.1.0
2024-05-24 09:30:23,792 [WARN] PackLoader:240 - Cannot read IP mode file for STMicroelectronics.X-CUBE-SAFEA1.1.2.2
2024-05-24 09:30:23,799 [WARN] PackLoader:240 - Cannot read IP mode file for STMicroelectronics.X-CUBE-NFC4.3.0.0
2024-05-24 09:30:23,805 [WARN] PackLoader:240 - Cannot read IP mode file for STMicroelectronics.FP-ATR-SIGFOX1.3.2.0
2024-05-24 09:30:23,814 [WARN] PackLoader:240 - Cannot read IP mode file for STMicroelectronics.X-CUBE-EEPRMA1.5.1.0
2024-05-24 09:30:23,861 [WARN] PackLoader:240 - Cannot read IP mode file for SEGGER.I-CUBE-embOS.1.3.1
2024-05-24 09:30:23,923 [WARN] PackLoader:240 - Cannot read IP mode file for STMicroelectronics.X-CUBE-ALGOBUILD.1.4.0
2024-05-24 09:30:23,935 [WARN] PackLoader:240 - Cannot read IP mode file for STMicroelectronics.X-CUBE-GNSS1.6.0.0
2024-05-24 09:30:23,965 [WARN] PackLoader:240 - Cannot read IP mode file for STMicroelectronics.X-CUBE-AZRTOS-F4.1.1.0
2024-05-24 09:30:23,975 [WARN] PackLoader:240 - Cannot read IP mode file for STMicroelectronics.X-CUBE-FREERTOS.1.2.0
2024-05-24 09:30:23,980 [WARN] PackLoader:240 - Cannot read IP mode file for wolfSSL.I-CUBE-wolfSSL.5.6.6
2024-05-24 09:30:24,003 [WARN] PackLoader:240 - Cannot read IP mode file for STMicroelectronics.X-CUBE-AZRTOS-L5.2.0.0
2024-05-24 09:30:24,016 [WARN] PackLoader:240 - Cannot read IP mode file for STMicroelectronics.X-CUBE-NFC6.3.1.0
2024-05-24 09:30:24,028 [WARN] PackLoader:240 - Cannot read IP mode file for ITTIA_DB.I-CUBE-ITTIADB.8.8.0
2024-05-24 09:30:24,033 [WARN] PackLoader:240 - Cannot read IP mode file for STMicroelectronics.X-CUBE-AI.9.0.0
2024-05-24 09:30:24,039 [WARN] PackLoader:240 - Cannot read IP mode file for STMicroelectronics.X-CUBE-NFC7.1.0.1
2024-05-24 09:30:24,045 [WARN] PackLoader:240 - Cannot read IP mode file for STMicroelectronics.X-CUBE-AI.8.1.0
2024-05-24 09:30:24,064 [WARN] ConditionMgr:438 - getConditionDescription Invalid condition id : LAN8742 Phy interface Condition cause : null
2024-05-24 09:30:24,066 [WARN] PackLoader:240 - Cannot read IP mode file for STMicroelectronics.X-CUBE-AZRTOS-L4.2.0.0
2024-05-24 09:30:24,067 [WARN] ConditionMgr:1039 - genDependencies : Invalid condition id : LAN8742 Phy interface Condition cause : null
2024-05-24 09:30:24,068 [WARN] ConditionMgr:1039 - genDependencies : Invalid condition id : LAN8742 Phy interface Condition cause : null
2024-05-24 09:30:24,069 [WARN] ConditionMgr:1039 - genDependencies : Invalid condition id : LAN8742 Phy interface Condition cause : null
2024-05-24 09:30:24,083 [WARN] PackLoader:240 - Cannot read IP mode file for STMicroelectronics.X-CUBE-SFXS2LP1.4.0.0
2024-05-24 09:30:24,104 [WARN] ConditionMgr:438 - getConditionDescription Invalid condition id : UX DEVICE CLASS RTOS Condition cause : null
2024-05-24 09:30:24,104 [WARN] ConditionMgr:438 - getConditionDescription Invalid condition id : UX DEVICE CLASS RTOS Condition cause : null
2024-05-24 09:30:24,107 [WARN] PackLoader:240 - Cannot read IP mode file for STMicroelectronics.X-CUBE-AZRTOS-WB.2.0.0
2024-05-24 09:30:24,108 [WARN] ConditionMgr:1039 - genDependencies : Invalid condition id : UX DEVICE CLASS RTOS Condition cause : null
2024-05-24 09:30:24,108 [WARN] ConditionMgr:1039 - genDependencies : Invalid condition id : UX DEVICE CLASS RTOS Condition cause : null
2024-05-24 09:30:24,111 [WARN] ConditionMgr:1039 - genDependencies : Invalid condition id : UX DEVICE CLASS RTOS Condition cause : null
2024-05-24 09:30:24,112 [WARN] ConditionMgr:1039 - genDependencies : Invalid condition id : UX DEVICE CLASS RTOS Condition cause : null
2024-05-24 09:30:24,112 [WARN] ConditionMgr:1039 - genDependencies : Invalid condition id : UX DEVICE CLASS RTOS Condition cause : null
2024-05-24 09:30:24,123 [WARN] PackLoader:240 - Cannot read IP mode file for STMicroelectronics.X-CUBE-SUBG2.5.0.0
2024-05-24 09:30:24,150 [WARN] PackLoader:240 - Cannot read IP mode file for STMicroelectronics.X-CUBE-AZRTOS-G4.2.0.0
2024-05-24 09:30:24,165 [WARN] PackLoader:240 - Cannot read IP mode file for Infineon.AIROC-Wi-Fi-Bluetooth-STM32.1.5.1
2024-05-24 09:30:24,175 [WARN] PackLoader:240 - Cannot read IP mode file for STMicroelectronics.FP-SNS-MOTENVWB1.1.3.1
2024-05-24 09:30:24,181 [WARN] PackLoader:240 - Cannot read IP mode file for STMicroelectronics.X-CUBE-ISPU.2.0.0
2024-05-24 09:30:24,188 [WARN] PackLoader:240 - Cannot read IP mode file for STMicroelectronics.X-CUBE-ALS.1.0.2
2024-05-24 09:30:24,237 [WARN] PackLoader:240 - Cannot read IP mode file for STMicroelectronics.X-CUBE-MEMS1.10.0.0
2024-05-24 09:30:24,423 [WARN] PackLoader:240 - Cannot read IP mode file for STMicroelectronics.X-CUBE-FREERTOS.1.1.0
2024-05-24 09:30:24,428 [WARN] PackLoader:240 - Cannot read IP mode file for portGmbH.I-Cube-SoM-uGOAL.1.1.0
2024-05-24 09:30:24,432 [WARN] PackLoader:240 - Cannot read IP mode file for STMicroelectronics.X-CUBE-ALS.1.0.1
2024-05-24 09:30:24,449 [WARN] PackLoader:240 - Cannot read IP mode file for STMicroelectronics.X-CUBE-AZRTOS-H7RS.1.0.0
2024-05-24 09:30:24,456 [WARN] PackLoader:240 - Cannot read IP mode file for STMicroelectronics.FP-ATR-ASTRA1.2.0.0
2024-05-24 09:30:24,471 [WARN] PackLoader:240 - Cannot read IP mode file for STMicroelectronics.X-CUBE-TOF1.3.4.1
2024-05-24 09:30:24,497 [WARN] PackLoader:240 - Cannot read IP mode file for STMicroelectronics.X-CUBE-AZRTOS-H7.3.2.0
2024-05-24 09:30:24,502 [INFO] ThirdParty:978 - Integrity check success = true
2024-05-24 09:30:24,502 [INFO] IntegrityCheckThread:100 - exiting critical section [integrity check]
2024-05-24 09:30:24,502 [INFO] IntegrityCheckThread:103 - End integrity checks thread
2024-05-24 14:11:48,582 [INFO] McuFinderGlobals:63 - Set McuFinder mode to 2 (CubeIDE integrated)
2024-05-24 14:11:48,623 [INFO] MainUpdater:2873 - connection check result : 10
2024-05-24 14:11:48,632 [INFO] MainUpdater:2873 - connection check result : 10
2024-05-24 14:11:49,004 [INFO] MicroXplorer:468 - Change Database Path : 
2024-05-24 14:11:49,004 [INFO] MicroXplorer:498 - Change Database Version : DB.6.0.110
2024-05-24 14:11:49,019 [WARN] ThirdParty:871 - waiting for thirdparty lock release [close project]
2024-05-24 14:11:49,019 [INFO] ThirdParty:873 - entering critical section [close project]
2024-05-24 14:11:49,055 [INFO] ThirdParty:883 - exiting critical section [close project]
2024-05-24 14:11:49,067 [INFO] PinOutPanel:1561 - setPackage(No Configuration,No Configuration)
2024-05-24 14:11:49,078 [INFO] UtilMem:75 - Begin LoadConfig() Used Memory: 812329040 Bytes (1073741824)
2024-05-24 14:11:49,084 [INFO] MicroXplorer:468 - Change Database Path : 
2024-05-24 14:11:49,084 [INFO] MicroXplorer:498 - Change Database Version : DB.6.0.110
2024-05-24 14:11:49,084 [INFO] OpenFileManager:312 - Change cursor
2024-05-24 14:11:49,277 [INFO] Mcu:2021 - Initializing MCU STM32F303C(B-C)Tx STM32F303CCTx STM32F303CCT6
2024-05-24 14:11:53,721 [INFO] Context:663 - Trying to add GPIOservice into a context  which must be forbidden
2024-05-24 14:11:56,476 [INFO] RtosManager:555 - Registered RTOS mode: class=CMSIS, group=RTOS, mode=CMSIS_V1, owner=FREERTOS
2024-05-24 14:11:56,476 [INFO] RtosManager:555 - Registered RTOS mode: class=CMSIS, group=RTOS2, mode=CMSIS_V2, owner=FREERTOS
2024-05-24 14:11:56,476 [INFO] RtosManager:555 - Registered RTOS mode: class=RTOS, group=Core, mode=CMSIS_V1, owner=FREERTOS
2024-05-24 14:11:56,477 [INFO] RtosManager:555 - Registered RTOS mode: class=RTOS, group=Core, mode=CMSIS_V2, owner=FREERTOS
2024-05-24 14:11:56,477 [WARN] ModelIntegratedComponent:184 - Missing modes for component STMicroelectronics:FreeRTOS:0.0.1:STMicroelectronics:RTOS:FreeRTOS:Core:::10.2.0:
2024-05-24 14:11:56,520 [WARN] ModelIntegratedComponent:63 - No mode defined for component null
2024-05-24 14:11:56,520 [WARN] ModelIntegratedComponent:63 - No mode defined for component null
2024-05-24 14:11:56,520 [WARN] ModelIntegratedComponent:63 - No mode defined for component null
2024-05-24 14:11:56,520 [WARN] ModelIntegratedComponent:63 - No mode defined for component null
2024-05-24 14:11:56,521 [WARN] ModelIntegratedComponent:63 - No mode defined for component null
2024-05-24 14:11:56,521 [WARN] ModelIntegratedComponent:63 - No mode defined for component null
2024-05-24 14:11:56,521 [WARN] ModelIntegratedComponent:63 - No mode defined for component null
2024-05-24 14:11:56,521 [WARN] ModelIntegratedComponent:63 - No mode defined for component null
2024-05-24 14:11:56,521 [WARN] ModelIntegratedComponent:63 - No mode defined for component null
2024-05-24 14:11:56,521 [WARN] ModelIntegratedComponent:63 - No mode defined for component null
2024-05-24 14:11:56,521 [WARN] ModelIntegratedComponent:63 - No mode defined for component null
2024-05-24 14:11:56,521 [WARN] ModelIntegratedComponent:63 - No mode defined for component null
2024-05-24 14:11:56,521 [WARN] ModelIntegratedComponent:63 - No mode defined for component null
2024-05-24 14:11:56,521 [WARN] ModelIntegratedComponent:63 - No mode defined for component null
2024-05-24 14:11:56,521 [WARN] ModelIntegratedComponent:63 - No mode defined for component null
2024-05-24 14:11:56,522 [WARN] ModelIntegratedComponent:63 - No mode defined for component null
2024-05-24 14:11:56,522 [WARN] ModelIntegratedComponent:63 - No mode defined for component null
2024-05-24 14:11:56,522 [WARN] ModelIntegratedComponent:63 - No mode defined for component null
2024-05-24 14:11:56,522 [WARN] ModelIntegratedComponent:63 - No mode defined for component null
2024-05-24 14:11:56,522 [WARN] ModelIntegratedComponent:63 - No mode defined for component null
2024-05-24 14:11:56,522 [WARN] ModelIntegratedComponent:63 - No mode defined for component null
2024-05-24 14:11:56,522 [WARN] ModelIntegratedComponent:63 - No mode defined for component null
2024-05-24 14:11:56,522 [WARN] ModelIntegratedComponent:63 - No mode defined for component null
2024-05-24 14:11:56,522 [WARN] ModelIntegratedComponent:63 - No mode defined for component null
2024-05-24 14:11:56,522 [WARN] ModelIntegratedComponent:63 - No mode defined for component null
2024-05-24 14:11:56,522 [WARN] ModelIntegratedComponent:63 - No mode defined for component null
2024-05-24 14:11:56,522 [WARN] ModelIntegratedComponent:63 - No mode defined for component null
2024-05-24 14:11:56,522 [WARN] ModelIntegratedComponent:63 - No mode defined for component null
2024-05-24 14:11:56,532 [WARN] ModelIntegratedComponent:63 - No mode defined for component null
2024-05-24 14:11:56,532 [WARN] ModelIntegratedComponent:63 - No mode defined for component null
2024-05-24 14:11:56,532 [WARN] ModelIntegratedComponent:63 - No mode defined for component null
2024-05-24 14:11:56,533 [WARN] ModelIntegratedComponent:63 - No mode defined for component null
2024-05-24 14:11:56,533 [WARN] ModelIntegratedComponent:63 - No mode defined for component null
2024-05-24 14:11:56,533 [WARN] ModelIntegratedComponent:63 - No mode defined for component null
2024-05-24 14:11:56,790 [INFO] ThirdPartyModel:298 - Start build external matchings
2024-05-24 14:11:57,394 [INFO] ThirdPartyModel:316 - End build external matchings
2024-05-24 14:11:57,429 [INFO] ImportTextPane:194 - (OptionalMessage_ERROR) IP (RCC) : Invalid parameter (FamilyName)
2024-05-24 14:11:57,433 [INFO] ImportTextPane:194 - (OptionalMessage_ERROR) IP (RCC) : Invalid parameter (TIM2Freq_Value)
2024-05-24 14:11:58,679 [INFO] ApiDb:581 - Connected to CubeFinder SQLite database (C:\Users\shrey\.stmcufinder\plugins\mcufinder\mcu\cube-finder-db.db)
2024-05-24 14:11:58,920 [INFO] ApiDb:668 - CubeFinder database Data Model version=2.1
2024-05-24 14:11:58,920 [INFO] ApiDb:669 - CubeFinder database Configuration version=3.0.39
2024-05-24 14:11:58,922 [INFO] ApiDb:670 - CubeFinder database generation date=2024-04-15 (1713193726)
2024-05-24 14:11:58,922 [INFO] ApiDb:671 - CubeFinder database FW Pack versions=[FP-ATR-ASTRA1_V2.0.0, FP-SNS-FLIGHT1_V5.0.1, FP-SNS-FLIGHT1_V5.0.2, FP-SNS-MOTENV1_V4.3.1, FP-SNS-MOTENV1_V4.3.2, FP-SNS-MOTENVWB1_V1.3.1, FP-SNS-SMARTAG2_V1.2.0, STM32Cube_FW_C0_V1.1.0, STM32Cube_FW_F4_V1.28.0, STM32Cube_FW_F7_V1.17.0, STM32Cube_FW_G0_V1.6.2, STM32Cube_FW_G4_V1.5.2, STM32Cube_FW_H5_V0.5.1, STM32Cube_FW_H5_V1.1.1, STM32Cube_FW_H5_V1.2.0, STM32Cube_FW_H5_V1.2.0RC4, STM32Cube_FW_H7RS_V1.0.0, STM32Cube_FW_H7RS_V1.0.0RC4, STM32Cube_FW_H7_V1.11.0, STM32Cube_FW_L0_V1.12.2, STM32Cube_FW_L5_V1.5.1, STM32Cube_FW_U0_V1.0.0, STM32Cube_FW_U0_V1.0.0RC1, STM32Cube_FW_U5_V1.3.0RC4, STM32Cube_FW_U5_V1.5.0, STM32Cube_FW_U5_V1.5.0RC1, STM32Cube_FW_WBA_V1.0.0RC1, STM32Cube_FW_WBA_V1.2.0, STM32Cube_FW_WBA_V1.2.0RC2, STM32Cube_FW_WBA_V1.3.0, STM32Cube_FW_WBA_V1.3.0RC1, STM32Cube_FW_WB_V1.15.0RC1, STM32Cube_FW_WB_V1.16.0, STM32Cube_FW_WB_V1.16.0RC2, STM32Cube_FW_WB_V1.18.0, STM32Cube_FW_WB_V1.19.0, STM32Cube_FW_WL_V1.3.0, X-CUBE-ALGOBUILD_V1.3.0, X-CUBE-ALS_V1.0.1, X-CUBE-AZRTOS-F4_V1.1.0, X-CUBE-AZRTOS-F7_V1.1.0, X-CUBE-AZRTOS-G0_V1.1.0, X-CUBE-AZRTOS-G4_V2.0.0, X-CUBE-AZRTOS-H7_V3.2.0, X-CUBE-AZRTOS-L4_V1.0.0, X-CUBE-AZRTOS-L4_V2.0.0, X-CUBE-AZRTOS-L5_V1.1.0, X-CUBE-AZRTOS-WB_V2.0.0, X-CUBE-AZRTOS-WL_V2.0.0, X-CUBE-BLE1_V7.0.0, X-CUBE-BLE2_V3.3.0, X-CUBE-BLEMGR_V3.1.0, X-CUBE-EEPRMA1_V4.1.0, X-CUBE-EEPRMA1_V5.1.0, X-CUBE-FREERTOS_V1.1.0, X-CUBE-GNSS1_V6.0.0, X-CUBE-MEMS1_V10.0.0, X-CUBE-MEMS1_V9.1.0, X-CUBE-MEMS1_V9.4.0, X-CUBE-MEMS1_V9.6.0, X-CUBE-NFC4_V3.0.0, X-CUBE-NFC7_V1.0.1, X-CUBE-SFXS2LP1_V4.0.0, X-CUBE-SUBG2_V5.0.0, X-CUBE-TOF1_V3.4.0]
2024-05-24 14:11:59,240 [INFO] DbBoardsSqlite:226 - include board P-NUCLEO-WB55-NUCLEO as a kit item of type 'Nucleo-64'
2024-05-24 14:11:59,241 [INFO] DbBoardsSqlite:226 - include board P-NUCLEO-WB55-USBDONGLE as a kit item of type 'Nucleo USB Dongle'
2024-05-24 14:11:59,243 [INFO] DbBoardsSqlite:226 - include board STEVAL-IDP005V1 as a kit item of type 'Evaluation Board'
2024-05-24 14:11:59,244 [INFO] DbBoardsSqlite:226 - include board STEVAL-IDP005V2 as a kit item of type 'Evaluation Board'
2024-05-24 14:12:00,284 [INFO] ApiDb:240 - Found 483 in-development CPN: [B-G473E-ZEST1S, B-WB1M-WPAN1, B-WL5M-SUBG1, NUCLEO-C031C6, NUCLEO-H503RB, NUCLEO-H533RE, NUCLEO-H563ZI, NUCLEO-H7S3L8, NUCLEO-U031R8, NUCLEO-U083RC, NUCLEO-U545RE-Q, NUCLEO-U5A5ZJ-Q, NUCLEO-WBA52CG, NUCLEO-WBA55CG, STEVAL-PROTEUS1, STEVAL-SMARTAG2, STEVAL-STWINBX1, STM320518-EVAL, STM32C0116-DK, STM32C011D6Y3TR, STM32C011D6Y6TR, STM32C011F4P3, STM32C011F4P6, STM32C011F4U3, STM32C011F4U6TR, STM32C011F6P3, STM32C011F6P6, STM32C011F6U3, STM32C011F6U6TR, STM32C011J4M3, STM32C011J4M6, STM32C011J6M3, STM32C011J6M6, STM32C0316-DK, STM32C031C4T3, STM32C031C4T6, STM32C031C4U3, STM32C031C4U6, STM32C031C6T3, STM32C031C6T6, STM32C031C6U3, STM32C031C6U6, STM32C031F4P3, STM32C031F4P6, STM32C031F6P3, STM32C031F6P6, STM32C031G4U3, STM32C031G4U6, STM32C031G6U3, STM32C031G6U6, STM32C031K4T3, STM32C031K4T6, STM32C031K4U3, STM32C031K4U6, STM32C031K6T3, STM32C031K6T6, STM32C031K6U3, STM32C031K6U6, STM32G071K8TXN, STM32G071K8UXN, STM32G081GBU6N, STM32G081KBT6N, STM32G081KBUXN, STM32G0B1CCT6N, STM32G0B1KCT6, STM32G0B1NEY6TR, STM32G0B1RCT6N, STM32G0C1CCT6, STM32G0C1CCT6N, STM32G0C1CCU6N, STM32G0C1CET6N, STM32G0C1CEU6N, STM32G0C1KCT6, STM32G0C1NEY6TR, STM32G0C1RCI6N, STM32G0C1RCT6N, STM32G0C1REI6N, STM32G0C1RET6N, STM32G0C1VCI6, STM32G0C1VEI6, STM32G471CCT6, STM32G471CCU6, STM32G471CET3, STM32G471CET6, STM32G471CEU3, STM32G471CEU6, STM32G471MCT6, STM32G471MET3, STM32G471MET6, STM32G471MEY6TR, STM32G471QCT6, STM32G471QET3, STM32G471RCT6, STM32G471RET3, STM32G471RET6, STM32G471VCH6, STM32G471VCI6, STM32G471VCT6, STM32G471VEH3, STM32G471VEH6, STM32G471VEI3, STM32G471VEI6, STM32G471VET3, STM32G471VET6, STM32G474CCT6, STM32H503CBT6, STM32H503CBU6, STM32H503EBY6TR, STM32H503KBU6, STM32H503RBT6, STM32H523CCT6, STM32H523CCU6, STM32H523CET6, STM32H523CEU6, STM32H523HEY6TR, STM32H523RCT6, STM32H523RET6, STM32H523VCI6, STM32H523VCT6, STM32H523VEI6, STM32H523VET6, STM32H523ZCJ6, STM32H523ZCT6, STM32H523ZEJ6, STM32H523ZET6, STM32H533CET6, STM32H533CEU6, STM32H533HEY6TR, STM32H533RET6, STM32H533VEI6, STM32H533VET6, STM32H533ZEJ6, STM32H533ZET6, STM32H562AGI6, STM32H562AII6, STM32H562IGK6, STM32H562IGT6, STM32H562IIK6, STM32H562IIT6, STM32H562RGT6, STM32H562RGV6, STM32H562RIT6, STM32H562RIV6, STM32H562VGT6, STM32H562VIT6, STM32H562ZGT6, STM32H562ZIT6, STM32H563AGI6, STM32H563AII3Q, STM32H563AII6, STM32H563IGK6, STM32H563IGT6, STM32H563IIK3Q, STM32H563IIK6, STM32H563IIT3Q, STM32H563IIT6, STM32H563MIY3QTR, STM32H563RGT6, STM32H563RGV6, STM32H563RIT6, STM32H563RIV6, STM32H563VGT6, STM32H563VIT3Q, STM32H563VIT6, STM32H563ZGT6, STM32H563ZIT3Q, STM32H563ZIT6, STM32H573AII3Q, STM32H573AII6, STM32H573I-DK, STM32H573IIK3Q, STM32H573IIK6, STM32H573IIT3Q, STM32H573IIT6, STM32H573MIY3QTR, STM32H573RIT6, STM32H573RIV6, STM32H573VIT3Q, STM32H573VIT6, STM32H573ZIT3Q, STM32H573ZIT6, STM32H7R3A8I6, STM32H7R3I8K6, STM32H7R3I8T6, STM32H7R3L8H6, STM32H7R3L8H6H, STM32H7R3R8V6, STM32H7R3V8H6, STM32H7R3V8T6, STM32H7R3V8Y6, STM32H7R3Z8J6, STM32H7R3Z8T6, STM32H7R7A8I6, STM32H7R7I8K6, STM32H7R7I8T6, STM32H7R7L8H6, STM32H7R7L8H6H, STM32H7R7Z8J6, STM32H7S3A8I6, STM32H7S3I8K6, STM32H7S3I8T6, STM32H7S3L8H6, STM32H7S3L8H6H, STM32H7S3R8V6, STM32H7S3V8H6, STM32H7S3V8T6, STM32H7S3V8Y6, STM32H7S3Z8J6, STM32H7S3Z8T6, STM32H7S78-DK, STM32H7S7A8I6, STM32H7S7I8K6, STM32H7S7I8T6, STM32H7S7L8H6, STM32H7S7L8H6H, STM32H7S7Z8J6, STM32L4R5QGI6STR, STM32MP131AAE3, STM32MP131AAF3, STM32MP131AAG3, STM32MP131CAE3, STM32MP131CAF3, STM32MP131CAG3, STM32MP131DAE7, STM32MP131DAF7, STM32MP131DAG7, STM32MP131FAE7, STM32MP131FAF7, STM32MP131FAG7, STM32MP133AAE3, STM32MP133AAF3, STM32MP133AAG3, STM32MP133CAE3, STM32MP133CAF3, STM32MP133CAG3, STM32MP133DAE7, STM32MP133DAF7, STM32MP133DAG7, STM32MP133FAE7, STM32MP133FAF7, STM32MP133FAG7, STM32MP135AAE3, STM32MP135AAF3, STM32MP135AAG3, STM32MP135CAE3, STM32MP135CAF3, STM32MP135CAG3, STM32MP135DAE7, STM32MP135DAF7, STM32MP135DAG7, STM32MP135F-DK, STM32MP135FAE7, STM32MP135FAF7, STM32MP135FAF7T, STM32MP135FAF7U, STM32MP135FAG7, STM32U031C6T6, STM32U031C6U6, STM32U031C8T6, STM32U031C8U6, STM32U031F4P6, STM32U031F6P6, STM32U031F8P6, STM32U031G6Y6TR, STM32U031G8Y6TR, STM32U031K4U6, STM32U031K6U6, STM32U031K8U6, STM32U031R6I6, STM32U031R6T6, STM32U031R8I6, STM32U031R8T6, STM32U073C8T6, STM32U073C8U6, STM32U073CBT6, STM32U073CBU6, STM32U073CCT6, STM32U073CCU6, STM32U073H8Y6TR, STM32U073HBY6TR, STM32U073HCY6TR, STM32U073K8U6, STM32U073KBU6, STM32U073KCU6, STM32U073M8I6, STM32U073M8T6, STM32U073MBI6, STM32U073MBT6, STM32U073MCI6, STM32U073MCT6, STM32U073R8I6, STM32U073R8T6, STM32U073RBI6, STM32U073RBT6, STM32U073RCI6, STM32U073RCT6, STM32U083C-DK, STM32U083CCT6, STM32U083CCU6, STM32U083HCY6TR, STM32U083KCU6, STM32U083MCI6, STM32U083MCT6, STM32U083RCI6, STM32U083RCT6, STM32U535CBT6, STM32U535CBT6Q, STM32U535CBU6, STM32U535CBU6Q, STM32U535CCT6, STM32U535CCT6Q, STM32U535CCU6, STM32U535CCU6Q, STM32U535CET6, STM32U535CET6Q, STM32U535CEU6, STM32U535CEU6Q, STM32U535JEY6QTR, STM32U535NCY6QTR, STM32U535NEY6QTR, STM32U535RBI6, STM32U535RBI6Q, STM32U535RBT6, STM32U535RBT6Q, STM32U535RCI6, STM32U535RCI6Q, STM32U535RCT6, STM32U535RCT6Q, STM32U535REI6, STM32U535REI6Q, STM32U535RET6, STM32U535RET6Q, STM32U535VCI6, STM32U535VCI6Q, STM32U535VCT6, STM32U535VCT6Q, STM32U535VEI6, STM32U535VEI6Q, STM32U535VET6, STM32U535VET6Q, STM32U545CET6, STM32U545CET6Q, STM32U545CEU6, STM32U545CEU6Q, STM32U545JEY6QTR, STM32U545NEY6QTR, STM32U545REI6, STM32U545REI6Q, STM32U545RET6, STM32U545RET6Q, STM32U545VEI6, STM32U545VEI6Q, STM32U545VET6, STM32U545VET6Q, STM32U595AIH6, STM32U595AIH6Q, STM32U595AJH6, STM32U595AJH6Q, STM32U595QII6, STM32U595QII6Q, STM32U595QJI6, STM32U595QJI6Q, STM32U595RIT6, STM32U595RIT6Q, STM32U595RJT6, STM32U595RJT6Q, STM32U595VIT6, STM32U595VIT6Q, STM32U595VJT6, STM32U595VJT6Q, STM32U595ZIT6, STM32U595ZIT6Q, STM32U595ZIY6QTR, STM32U595ZJT6, STM32U595ZJT6Q, STM32U595ZJY6QTR, STM32U599BJY6QTR, STM32U599NIH6Q, STM32U599NJH6Q, STM32U599VIT6Q, STM32U599VJT6, STM32U599VJT6Q, STM32U599ZIT6Q, STM32U599ZIY6QTR, STM32U599ZJT6Q, STM32U599ZJY6QTR, STM32U5A5AJH6, STM32U5A5AJH6Q, STM32U5A5QII3Q , STM32U5A5QJI6, STM32U5A5QJI6Q, STM32U5A5RJT6, STM32U5A5RJT6Q, STM32U5A5VJT6, STM32U5A5VJT6Q, STM32U5A5ZJT6, STM32U5A5ZJT6Q, STM32U5A5ZJY6QTR, STM32U5A9BJY6QTR, STM32U5A9J-DK, STM32U5A9NJH6Q, STM32U5A9VJT6Q, STM32U5A9ZJT6Q, STM32U5A9ZJY6QTR, STM32U5F7VIT6, STM32U5F7VIT6Q, STM32U5F7VJT6, STM32U5F7VJT6Q, STM32U5F9BJY6QTR, STM32U5F9NJH6Q, STM32U5F9VIT6Q, STM32U5F9VJT6Q, STM32U5F9ZIJ6QTR, STM32U5F9ZIT6Q, STM32U5F9ZJJ6QTR, STM32U5F9ZJT6Q, STM32U5G7VJT6, STM32U5G7VJT6Q, STM32U5G9BJY6QTR, STM32U5G9J-DK1, STM32U5G9J-DK2, STM32U5G9NJH6Q, STM32U5G9VJT6Q, STM32U5G9ZJJ6QTR, STM32U5G9ZJT6Q, STM32WB1MMCH6, STM32WBA50KEU6, STM32WBA50KEU6TR, STM32WBA50KGU6, STM32WBA50KGU6TR, STM32WBA52CEU6, STM32WBA52CEU6TR, STM32WBA52CEU7, STM32WBA52CEU7TR, STM32WBA52CGU6, STM32WBA52CGU6TR, STM32WBA52CGU6U, STM32WBA52CGU7, STM32WBA52CGU7TR, STM32WBA52KEU6, STM32WBA52KEU6TR, STM32WBA52KGU6, STM32WBA52KGU6TR, STM32WBA54CEU6, STM32WBA54CEU6TR, STM32WBA54CEU7, STM32WBA54CEU7TR, STM32WBA54CGU6, STM32WBA54CGU6TR, STM32WBA54CGU7, STM32WBA54CGU7TR, STM32WBA54KEU6, STM32WBA54KEU6TR, STM32WBA54KEU7, STM32WBA54KEU7TR, STM32WBA54KGU6, STM32WBA54KGU6TR, STM32WBA54KGU7, STM32WBA54KGU7TR, STM32WBA55CEU6, STM32WBA55CEU6TR, STM32WBA55CEU7, STM32WBA55CEU7TR, STM32WBA55CGU6, STM32WBA55CGU6TR, STM32WBA55CGU6U, STM32WBA55CGU7, STM32WBA55CGU7TR, STM32WBA55G-DK1, STM32WBA55HEF6, STM32WBA55HEF7, STM32WBA55HGF6, STM32WBA55HGF7, STM32WBA55UEI6, STM32WBA55UEI6TR, STM32WBA55UEI7, STM32WBA55UEI7TR, STM32WBA55UGI6, STM32WBA55UGI6TR, STM32WBA55UGI7, STM32WBA55UGI7TR, STM32WL5MOCH6, STM32WL5MOCH6TR]
2024-05-24 14:12:00,599 [INFO] BoardInfo:889 - No configuration file found for board P-NUCLEO-WB55
2024-05-24 14:12:00,600 [INFO] DbBoards:161 - Kit is not supported: P-NUCLEO-WB55
2024-05-24 14:12:00,613 [INFO] BoardInfo:889 - No configuration file found for board STEVAL-BFA001V1B
2024-05-24 14:12:00,614 [INFO] DbBoards:161 - Kit is not supported: STEVAL-BFA001V1B
2024-05-24 14:12:00,616 [INFO] BoardInfo:889 - No configuration file found for board STEVAL-BFA001V2B
2024-05-24 14:12:00,617 [INFO] DbBoards:161 - Kit is not supported: STEVAL-BFA001V2B
2024-05-24 14:12:00,999 [INFO] DbBoards:168 - Found 199 boards, 196 are supported
2024-05-24 14:12:01,000 [INFO] DbBoards:169 - Found 199 boards, 8 of them is supported for  Bsp
2024-05-24 14:12:01,009 [INFO] ApiDb:668 - CubeFinder database Data Model version=2.1
2024-05-24 14:12:01,009 [INFO] ApiDb:669 - CubeFinder database Configuration version=3.0.39
2024-05-24 14:12:01,009 [INFO] ApiDb:670 - CubeFinder database generation date=2024-04-15 (1713193726)
2024-05-24 14:12:01,009 [INFO] ApiDb:671 - CubeFinder database FW Pack versions=[FP-ATR-ASTRA1_V2.0.0, FP-SNS-FLIGHT1_V5.0.1, FP-SNS-FLIGHT1_V5.0.2, FP-SNS-MOTENV1_V4.3.1, FP-SNS-MOTENV1_V4.3.2, FP-SNS-MOTENVWB1_V1.3.1, FP-SNS-SMARTAG2_V1.2.0, STM32Cube_FW_C0_V1.1.0, STM32Cube_FW_F4_V1.28.0, STM32Cube_FW_F7_V1.17.0, STM32Cube_FW_G0_V1.6.2, STM32Cube_FW_G4_V1.5.2, STM32Cube_FW_H5_V0.5.1, STM32Cube_FW_H5_V1.1.1, STM32Cube_FW_H5_V1.2.0, STM32Cube_FW_H5_V1.2.0RC4, STM32Cube_FW_H7RS_V1.0.0, STM32Cube_FW_H7RS_V1.0.0RC4, STM32Cube_FW_H7_V1.11.0, STM32Cube_FW_L0_V1.12.2, STM32Cube_FW_L5_V1.5.1, STM32Cube_FW_U0_V1.0.0, STM32Cube_FW_U0_V1.0.0RC1, STM32Cube_FW_U5_V1.3.0RC4, STM32Cube_FW_U5_V1.5.0, STM32Cube_FW_U5_V1.5.0RC1, STM32Cube_FW_WBA_V1.0.0RC1, STM32Cube_FW_WBA_V1.2.0, STM32Cube_FW_WBA_V1.2.0RC2, STM32Cube_FW_WBA_V1.3.0, STM32Cube_FW_WBA_V1.3.0RC1, STM32Cube_FW_WB_V1.15.0RC1, STM32Cube_FW_WB_V1.16.0, STM32Cube_FW_WB_V1.16.0RC2, STM32Cube_FW_WB_V1.18.0, STM32Cube_FW_WB_V1.19.0, STM32Cube_FW_WL_V1.3.0, X-CUBE-ALGOBUILD_V1.3.0, X-CUBE-ALS_V1.0.1, X-CUBE-AZRTOS-F4_V1.1.0, X-CUBE-AZRTOS-F7_V1.1.0, X-CUBE-AZRTOS-G0_V1.1.0, X-CUBE-AZRTOS-G4_V2.0.0, X-CUBE-AZRTOS-H7_V3.2.0, X-CUBE-AZRTOS-L4_V1.0.0, X-CUBE-AZRTOS-L4_V2.0.0, X-CUBE-AZRTOS-L5_V1.1.0, X-CUBE-AZRTOS-WB_V2.0.0, X-CUBE-AZRTOS-WL_V2.0.0, X-CUBE-BLE1_V7.0.0, X-CUBE-BLE2_V3.3.0, X-CUBE-BLEMGR_V3.1.0, X-CUBE-EEPRMA1_V4.1.0, X-CUBE-EEPRMA1_V5.1.0, X-CUBE-FREERTOS_V1.1.0, X-CUBE-GNSS1_V6.0.0, X-CUBE-MEMS1_V10.0.0, X-CUBE-MEMS1_V9.1.0, X-CUBE-MEMS1_V9.4.0, X-CUBE-MEMS1_V9.6.0, X-CUBE-NFC4_V3.0.0, X-CUBE-NFC7_V1.0.1, X-CUBE-SFXS2LP1_V4.0.0, X-CUBE-SUBG2_V5.0.0, X-CUBE-TOF1_V3.4.0]
2024-05-24 14:12:04,225 [INFO] ApiDb:240 - Found 483 in-development CPN: [B-G473E-ZEST1S, B-WB1M-WPAN1, B-WL5M-SUBG1, NUCLEO-C031C6, NUCLEO-H503RB, NUCLEO-H533RE, NUCLEO-H563ZI, NUCLEO-H7S3L8, NUCLEO-U031R8, NUCLEO-U083RC, NUCLEO-U545RE-Q, NUCLEO-U5A5ZJ-Q, NUCLEO-WBA52CG, NUCLEO-WBA55CG, STEVAL-PROTEUS1, STEVAL-SMARTAG2, STEVAL-STWINBX1, STM320518-EVAL, STM32C0116-DK, STM32C011D6Y3TR, STM32C011D6Y6TR, STM32C011F4P3, STM32C011F4P6, STM32C011F4U3, STM32C011F4U6TR, STM32C011F6P3, STM32C011F6P6, STM32C011F6U3, STM32C011F6U6TR, STM32C011J4M3, STM32C011J4M6, STM32C011J6M3, STM32C011J6M6, STM32C0316-DK, STM32C031C4T3, STM32C031C4T6, STM32C031C4U3, STM32C031C4U6, STM32C031C6T3, STM32C031C6T6, STM32C031C6U3, STM32C031C6U6, STM32C031F4P3, STM32C031F4P6, STM32C031F6P3, STM32C031F6P6, STM32C031G4U3, STM32C031G4U6, STM32C031G6U3, STM32C031G6U6, STM32C031K4T3, STM32C031K4T6, STM32C031K4U3, STM32C031K4U6, STM32C031K6T3, STM32C031K6T6, STM32C031K6U3, STM32C031K6U6, STM32G071K8TXN, STM32G071K8UXN, STM32G081GBU6N, STM32G081KBT6N, STM32G081KBUXN, STM32G0B1CCT6N, STM32G0B1KCT6, STM32G0B1NEY6TR, STM32G0B1RCT6N, STM32G0C1CCT6, STM32G0C1CCT6N, STM32G0C1CCU6N, STM32G0C1CET6N, STM32G0C1CEU6N, STM32G0C1KCT6, STM32G0C1NEY6TR, STM32G0C1RCI6N, STM32G0C1RCT6N, STM32G0C1REI6N, STM32G0C1RET6N, STM32G0C1VCI6, STM32G0C1VEI6, STM32G471CCT6, STM32G471CCU6, STM32G471CET3, STM32G471CET6, STM32G471CEU3, STM32G471CEU6, STM32G471MCT6, STM32G471MET3, STM32G471MET6, STM32G471MEY6TR, STM32G471QCT6, STM32G471QET3, STM32G471RCT6, STM32G471RET3, STM32G471RET6, STM32G471VCH6, STM32G471VCI6, STM32G471VCT6, STM32G471VEH3, STM32G471VEH6, STM32G471VEI3, STM32G471VEI6, STM32G471VET3, STM32G471VET6, STM32G474CCT6, STM32H503CBT6, STM32H503CBU6, STM32H503EBY6TR, STM32H503KBU6, STM32H503RBT6, STM32H523CCT6, STM32H523CCU6, STM32H523CET6, STM32H523CEU6, STM32H523HEY6TR, STM32H523RCT6, STM32H523RET6, STM32H523VCI6, STM32H523VCT6, STM32H523VEI6, STM32H523VET6, STM32H523ZCJ6, STM32H523ZCT6, STM32H523ZEJ6, STM32H523ZET6, STM32H533CET6, STM32H533CEU6, STM32H533HEY6TR, STM32H533RET6, STM32H533VEI6, STM32H533VET6, STM32H533ZEJ6, STM32H533ZET6, STM32H562AGI6, STM32H562AII6, STM32H562IGK6, STM32H562IGT6, STM32H562IIK6, STM32H562IIT6, STM32H562RGT6, STM32H562RGV6, STM32H562RIT6, STM32H562RIV6, STM32H562VGT6, STM32H562VIT6, STM32H562ZGT6, STM32H562ZIT6, STM32H563AGI6, STM32H563AII3Q, STM32H563AII6, STM32H563IGK6, STM32H563IGT6, STM32H563IIK3Q, STM32H563IIK6, STM32H563IIT3Q, STM32H563IIT6, STM32H563MIY3QTR, STM32H563RGT6, STM32H563RGV6, STM32H563RIT6, STM32H563RIV6, STM32H563VGT6, STM32H563VIT3Q, STM32H563VIT6, STM32H563ZGT6, STM32H563ZIT3Q, STM32H563ZIT6, STM32H573AII3Q, STM32H573AII6, STM32H573I-DK, STM32H573IIK3Q, STM32H573IIK6, STM32H573IIT3Q, STM32H573IIT6, STM32H573MIY3QTR, STM32H573RIT6, STM32H573RIV6, STM32H573VIT3Q, STM32H573VIT6, STM32H573ZIT3Q, STM32H573ZIT6, STM32H7R3A8I6, STM32H7R3I8K6, STM32H7R3I8T6, STM32H7R3L8H6, STM32H7R3L8H6H, STM32H7R3R8V6, STM32H7R3V8H6, STM32H7R3V8T6, STM32H7R3V8Y6, STM32H7R3Z8J6, STM32H7R3Z8T6, STM32H7R7A8I6, STM32H7R7I8K6, STM32H7R7I8T6, STM32H7R7L8H6, STM32H7R7L8H6H, STM32H7R7Z8J6, STM32H7S3A8I6, STM32H7S3I8K6, STM32H7S3I8T6, STM32H7S3L8H6, STM32H7S3L8H6H, STM32H7S3R8V6, STM32H7S3V8H6, STM32H7S3V8T6, STM32H7S3V8Y6, STM32H7S3Z8J6, STM32H7S3Z8T6, STM32H7S78-DK, STM32H7S7A8I6, STM32H7S7I8K6, STM32H7S7I8T6, STM32H7S7L8H6, STM32H7S7L8H6H, STM32H7S7Z8J6, STM32L4R5QGI6STR, STM32MP131AAE3, STM32MP131AAF3, STM32MP131AAG3, STM32MP131CAE3, STM32MP131CAF3, STM32MP131CAG3, STM32MP131DAE7, STM32MP131DAF7, STM32MP131DAG7, STM32MP131FAE7, STM32MP131FAF7, STM32MP131FAG7, STM32MP133AAE3, STM32MP133AAF3, STM32MP133AAG3, STM32MP133CAE3, STM32MP133CAF3, STM32MP133CAG3, STM32MP133DAE7, STM32MP133DAF7, STM32MP133DAG7, STM32MP133FAE7, STM32MP133FAF7, STM32MP133FAG7, STM32MP135AAE3, STM32MP135AAF3, STM32MP135AAG3, STM32MP135CAE3, STM32MP135CAF3, STM32MP135CAG3, STM32MP135DAE7, STM32MP135DAF7, STM32MP135DAG7, STM32MP135F-DK, STM32MP135FAE7, STM32MP135FAF7, STM32MP135FAF7T, STM32MP135FAF7U, STM32MP135FAG7, STM32U031C6T6, STM32U031C6U6, STM32U031C8T6, STM32U031C8U6, STM32U031F4P6, STM32U031F6P6, STM32U031F8P6, STM32U031G6Y6TR, STM32U031G8Y6TR, STM32U031K4U6, STM32U031K6U6, STM32U031K8U6, STM32U031R6I6, STM32U031R6T6, STM32U031R8I6, STM32U031R8T6, STM32U073C8T6, STM32U073C8U6, STM32U073CBT6, STM32U073CBU6, STM32U073CCT6, STM32U073CCU6, STM32U073H8Y6TR, STM32U073HBY6TR, STM32U073HCY6TR, STM32U073K8U6, STM32U073KBU6, STM32U073KCU6, STM32U073M8I6, STM32U073M8T6, STM32U073MBI6, STM32U073MBT6, STM32U073MCI6, STM32U073MCT6, STM32U073R8I6, STM32U073R8T6, STM32U073RBI6, STM32U073RBT6, STM32U073RCI6, STM32U073RCT6, STM32U083C-DK, STM32U083CCT6, STM32U083CCU6, STM32U083HCY6TR, STM32U083KCU6, STM32U083MCI6, STM32U083MCT6, STM32U083RCI6, STM32U083RCT6, STM32U535CBT6, STM32U535CBT6Q, STM32U535CBU6, STM32U535CBU6Q, STM32U535CCT6, STM32U535CCT6Q, STM32U535CCU6, STM32U535CCU6Q, STM32U535CET6, STM32U535CET6Q, STM32U535CEU6, STM32U535CEU6Q, STM32U535JEY6QTR, STM32U535NCY6QTR, STM32U535NEY6QTR, STM32U535RBI6, STM32U535RBI6Q, STM32U535RBT6, STM32U535RBT6Q, STM32U535RCI6, STM32U535RCI6Q, STM32U535RCT6, STM32U535RCT6Q, STM32U535REI6, STM32U535REI6Q, STM32U535RET6, STM32U535RET6Q, STM32U535VCI6, STM32U535VCI6Q, STM32U535VCT6, STM32U535VCT6Q, STM32U535VEI6, STM32U535VEI6Q, STM32U535VET6, STM32U535VET6Q, STM32U545CET6, STM32U545CET6Q, STM32U545CEU6, STM32U545CEU6Q, STM32U545JEY6QTR, STM32U545NEY6QTR, STM32U545REI6, STM32U545REI6Q, STM32U545RET6, STM32U545RET6Q, STM32U545VEI6, STM32U545VEI6Q, STM32U545VET6, STM32U545VET6Q, STM32U595AIH6, STM32U595AIH6Q, STM32U595AJH6, STM32U595AJH6Q, STM32U595QII6, STM32U595QII6Q, STM32U595QJI6, STM32U595QJI6Q, STM32U595RIT6, STM32U595RIT6Q, STM32U595RJT6, STM32U595RJT6Q, STM32U595VIT6, STM32U595VIT6Q, STM32U595VJT6, STM32U595VJT6Q, STM32U595ZIT6, STM32U595ZIT6Q, STM32U595ZIY6QTR, STM32U595ZJT6, STM32U595ZJT6Q, STM32U595ZJY6QTR, STM32U599BJY6QTR, STM32U599NIH6Q, STM32U599NJH6Q, STM32U599VIT6Q, STM32U599VJT6, STM32U599VJT6Q, STM32U599ZIT6Q, STM32U599ZIY6QTR, STM32U599ZJT6Q, STM32U599ZJY6QTR, STM32U5A5AJH6, STM32U5A5AJH6Q, STM32U5A5QII3Q , STM32U5A5QJI6, STM32U5A5QJI6Q, STM32U5A5RJT6, STM32U5A5RJT6Q, STM32U5A5VJT6, STM32U5A5VJT6Q, STM32U5A5ZJT6, STM32U5A5ZJT6Q, STM32U5A5ZJY6QTR, STM32U5A9BJY6QTR, STM32U5A9J-DK, STM32U5A9NJH6Q, STM32U5A9VJT6Q, STM32U5A9ZJT6Q, STM32U5A9ZJY6QTR, STM32U5F7VIT6, STM32U5F7VIT6Q, STM32U5F7VJT6, STM32U5F7VJT6Q, STM32U5F9BJY6QTR, STM32U5F9NJH6Q, STM32U5F9VIT6Q, STM32U5F9VJT6Q, STM32U5F9ZIJ6QTR, STM32U5F9ZIT6Q, STM32U5F9ZJJ6QTR, STM32U5F9ZJT6Q, STM32U5G7VJT6, STM32U5G7VJT6Q, STM32U5G9BJY6QTR, STM32U5G9J-DK1, STM32U5G9J-DK2, STM32U5G9NJH6Q, STM32U5G9VJT6Q, STM32U5G9ZJJ6QTR, STM32U5G9ZJT6Q, STM32WB1MMCH6, STM32WBA50KEU6, STM32WBA50KEU6TR, STM32WBA50KGU6, STM32WBA50KGU6TR, STM32WBA52CEU6, STM32WBA52CEU6TR, STM32WBA52CEU7, STM32WBA52CEU7TR, STM32WBA52CGU6, STM32WBA52CGU6TR, STM32WBA52CGU6U, STM32WBA52CGU7, STM32WBA52CGU7TR, STM32WBA52KEU6, STM32WBA52KEU6TR, STM32WBA52KGU6, STM32WBA52KGU6TR, STM32WBA54CEU6, STM32WBA54CEU6TR, STM32WBA54CEU7, STM32WBA54CEU7TR, STM32WBA54CGU6, STM32WBA54CGU6TR, STM32WBA54CGU7, STM32WBA54CGU7TR, STM32WBA54KEU6, STM32WBA54KEU6TR, STM32WBA54KEU7, STM32WBA54KEU7TR, STM32WBA54KGU6, STM32WBA54KGU6TR, STM32WBA54KGU7, STM32WBA54KGU7TR, STM32WBA55CEU6, STM32WBA55CEU6TR, STM32WBA55CEU7, STM32WBA55CEU7TR, STM32WBA55CGU6, STM32WBA55CGU6TR, STM32WBA55CGU6U, STM32WBA55CGU7, STM32WBA55CGU7TR, STM32WBA55G-DK1, STM32WBA55HEF6, STM32WBA55HEF7, STM32WBA55HGF6, STM32WBA55HGF7, STM32WBA55UEI6, STM32WBA55UEI6TR, STM32WBA55UEI7, STM32WBA55UEI7TR, STM32WBA55UGI6, STM32WBA55UGI6TR, STM32WBA55UGI7, STM32WBA55UGI7TR, STM32WL5MOCH6, STM32WL5MOCH6TR]
2024-05-24 14:12:04,230 [INFO] DbMcus:218 - Found 4096 MCUs, 4096 are supported
2024-05-24 14:12:04,237 [INFO] ApiDb:423 - Load user favorites file C:\Users\shrey/.stm32cubeide/favorites.mcus.txt: 1 item(s)
2024-05-24 14:12:04,237 [INFO] ApiDb:427 - User favorites MCUs=[STM32F303CCT6]
2024-05-24 14:12:04,237 [INFO] DbMcus:224 - Set 1 / 1 favorites MCUs
2024-05-24 14:12:04,884 [INFO] ApiDb:423 - Load user favorites file C:\Users\shrey/.stm32cubeide/favorites.boards.txt: 0 item(s)
2024-05-24 14:12:04,884 [INFO] ApiDb:427 - User favorites Boards=[]
2024-05-24 14:12:04,884 [INFO] DbBoards:198 - Set 0 / 0 favorites Boards
2024-05-24 14:12:04,977 [INFO] UtilMem:75 - End LoadConfig() Used Memory: 939687008 Bytes (1073741824)
2024-05-24 14:12:05,338 [WARN] ThirdParty:833 - waiting for thirdparty lock release [change project]
2024-05-24 14:12:05,338 [INFO] ThirdParty:835 - entering critical section [change project]
2024-05-24 14:12:05,339 [INFO] ThirdParty:1030 - CMSIS Pack Vendor :STMicroelectronics USBPD 4.1
2024-05-24 14:12:05,339 [INFO] ThirdParty:1030 - CMSIS Pack Vendor :STMicroelectronics X-CUBE-GNSS1 6.0.0
2024-05-24 14:12:05,339 [INFO] ThirdParty:1030 - CMSIS Pack Vendor :STMicroelectronics USB_HOST 2.0.0
2024-05-24 14:12:05,339 [INFO] ThirdParty:1030 - CMSIS Pack Vendor :STMicroelectronics FP-SNS-MOTENVWB1 1.4.0
2024-05-24 14:12:05,339 [INFO] ThirdParty:1030 - CMSIS Pack Vendor :STMicroelectronics X-CUBE-AZRTOS-F4 1.1.0
2024-05-24 14:12:05,339 [INFO] ThirdParty:1030 - CMSIS Pack Vendor :STMicroelectronics LIBJPEG 8.0.0
2024-05-24 14:12:05,339 [INFO] ThirdParty:1030 - CMSIS Pack Vendor :STMicroelectronics X-CUBE-SMBUS 2.1.0
2024-05-24 14:12:05,339 [INFO] ThirdParty:1030 - CMSIS Pack Vendor :STMicroelectronics USB_DEVICE 3.0.0
2024-05-24 14:12:05,339 [INFO] ThirdParty:1030 - CMSIS Pack Vendor :STMicroelectronics X-CUBE-TCPP 4.1.0
2024-05-24 14:12:05,339 [INFO] ThirdParty:1030 - CMSIS Pack Vendor :STMicroelectronics X-CUBE-FREERTOS 1.2.0
2024-05-24 14:12:05,339 [INFO] ThirdParty:1030 - CMSIS Pack Vendor :STMicroelectronics X-CUBE-AZRTOS-WB 2.0.0
2024-05-24 14:12:05,339 [INFO] ThirdParty:1030 - CMSIS Pack Vendor :wolfSSL I-CUBE-wolfSSL 5.6.6
2024-05-24 14:12:05,339 [INFO] ThirdParty:1030 - CMSIS Pack Vendor :STMicroelectronics X-CUBE-TOUCHGFX 4.23.1
2024-05-24 14:12:05,339 [INFO] ThirdParty:1030 - CMSIS Pack Vendor :STMicroelectronics X-CUBE-TOUCHGFX 4.23.0
2024-05-24 14:12:05,339 [INFO] ThirdParty:1030 - CMSIS Pack Vendor :STMicroelectronics X-CUBE-TOUCHGFX 4.23.2
2024-05-24 14:12:05,339 [INFO] ThirdParty:1030 - CMSIS Pack Vendor :STMicroelectronics X-CUBE-AZRTOS-F7 1.1.0
2024-05-24 14:12:05,339 [INFO] ThirdParty:1030 - CMSIS Pack Vendor :STMicroelectronics X-CUBE-AZRTOS-L5 2.0.0
2024-05-24 14:12:05,339 [INFO] ThirdParty:1030 - CMSIS Pack Vendor :STMicroelectronics USB_DEVICE 2.0.0
2024-05-24 14:12:05,339 [INFO] ThirdParty:1030 - CMSIS Pack Vendor :STMicroelectronics X-CUBE-NFC6 3.1.0
2024-05-24 14:12:05,339 [INFO] ThirdParty:1030 - CMSIS Pack Vendor :ITTIA_DB I-CUBE-ITTIADB 8.8.0
2024-05-24 14:12:05,339 [INFO] ThirdParty:1030 - CMSIS Pack Vendor :STMicroelectronics FP-SNS-MOTENV1 4.3.2
2024-05-24 14:12:05,339 [INFO] ThirdParty:1030 - CMSIS Pack Vendor :STMicroelectronics X-CUBE-ALGOBUILD 1.3.0
2024-05-24 14:12:05,342 [INFO] ThirdParty:1030 - CMSIS Pack Vendor :STMicroelectronics FreeRTOS 0.0.1
2024-05-24 14:12:05,342 [INFO] ThirdParty:1030 - CMSIS Pack Vendor :STMicroelectronics X-CUBE-AZRTOS-G0 1.1.0
2024-05-24 14:12:05,342 [INFO] ThirdParty:1030 - CMSIS Pack Vendor :STMicroelectronics X-CUBE-SAFEA1 1.2.2
2024-05-24 14:12:05,343 [INFO] ThirdParty:1030 - CMSIS Pack Vendor :STMicroelectronics X-CUBE-NFC4 3.0.0
2024-05-24 14:12:05,343 [INFO] ThirdParty:1030 - CMSIS Pack Vendor :STMicroelectronics X-CUBE-SUBG2 5.0.0
2024-05-24 14:12:05,343 [INFO] ThirdParty:1030 - CMSIS Pack Vendor :STMicroelectronics STM32_WPAN 1.0.0
2024-05-24 14:12:05,343 [INFO] ThirdParty:1030 - CMSIS Pack Vendor :STMicroelectronics lwIP 2.0.3
2024-05-24 14:12:05,343 [INFO] ThirdParty:1030 - CMSIS Pack Vendor :STMicroelectronics FP-SNS-FLIGHT1 5.0.2
2024-05-24 14:12:05,343 [INFO] ThirdParty:1030 - CMSIS Pack Vendor :STMicroelectronics USB_HOST 1.0.0
2024-05-24 14:12:05,343 [INFO] ThirdParty:1030 - CMSIS Pack Vendor :STMicroelectronics X-CUBE-AI 9.0.0
2024-05-24 14:12:05,343 [INFO] ThirdParty:1030 - CMSIS Pack Vendor :STMicroelectronics X-CUBE-AZRTOS-G4 2.0.0
2024-05-24 14:12:05,343 [INFO] ThirdParty:1030 - CMSIS Pack Vendor :STMicroelectronics PDM2PCM 3.1.0
2024-05-24 14:12:05,343 [INFO] ThirdParty:1030 - CMSIS Pack Vendor :Infineon AIROC-Wi-Fi-Bluetooth-STM32 1.5.1
2024-05-24 14:12:05,343 [INFO] ThirdParty:1030 - CMSIS Pack Vendor :STMicroelectronics PDM2PCM 3.3.0
2024-05-24 14:12:05,343 [INFO] ThirdParty:1030 - CMSIS Pack Vendor :STMicroelectronics X-CUBE-DISPLAY 3.0.0
2024-05-24 14:12:05,343 [INFO] ThirdParty:1030 - CMSIS Pack Vendor :STMicroelectronics FP-SNS-MOTENVWB1 1.3.1
2024-05-24 14:12:05,343 [INFO] ThirdParty:1030 - CMSIS Pack Vendor :STMicroelectronics X-CUBE-BLE1 7.0.0
2024-05-24 14:12:05,343 [INFO] ThirdParty:1030 - CMSIS Pack Vendor :STMicroelectronics FP-ATR-SIGFOX1 3.2.0
2024-05-24 14:12:05,343 [INFO] ThirdParty:1030 - CMSIS Pack Vendor :STMicroelectronics X-CUBE-ISPU 2.0.0
2024-05-24 14:12:05,343 [INFO] ThirdParty:1030 - CMSIS Pack Vendor :STMicroelectronics X-CUBE-EEPRMA1 5.1.0
2024-05-24 14:12:05,343 [INFO] ThirdParty:1030 - CMSIS Pack Vendor :STMicroelectronics HAL Drivers 0.0.0
2024-05-24 14:12:05,344 [INFO] ThirdParty:1030 - CMSIS Pack Vendor :STMicroelectronics MBEDTLS 2.16.2
2024-05-24 14:12:05,344 [INFO] ThirdParty:1030 - CMSIS Pack Vendor :STMicroelectronics X-CUBE-ALS 1.0.2
2024-05-24 14:12:05,344 [INFO] ThirdParty:1030 - CMSIS Pack Vendor :emotas I-CUBE-CANOPEN 1.3.0
2024-05-24 14:12:05,344 [INFO] ThirdParty:1030 - CMSIS Pack Vendor :STMicroelectronics X-CUBE-MEMS1 10.0.0
2024-05-24 14:12:05,344 [INFO] ThirdParty:1030 - CMSIS Pack Vendor :STMicroelectronics X-CUBE-FREERTOS 1.1.0
2024-05-24 14:12:05,344 [INFO] ThirdParty:1030 - CMSIS Pack Vendor :STMicroelectronics X-CUBE-NFC7 1.0.1
2024-05-24 14:12:05,344 [INFO] ThirdParty:1030 - CMSIS Pack Vendor :STMicroelectronics MBEDTLS 2.14.1
2024-05-24 14:12:05,344 [INFO] ThirdParty:1030 - CMSIS Pack Vendor :portGmbH I-Cube-SoM-uGOAL 1.1.0
2024-05-24 14:12:05,344 [INFO] ThirdParty:1030 - CMSIS Pack Vendor :STMicroelectronics X-CUBE-ALS 1.0.1
2024-05-24 14:12:05,344 [INFO] ThirdParty:1030 - CMSIS Pack Vendor :STMicroelectronics X-CUBE-BLEMGR 3.1.0
2024-05-24 14:12:05,344 [INFO] ThirdParty:1030 - CMSIS Pack Vendor :STMicroelectronics ThreadX 1.0.0
2024-05-24 14:12:05,344 [INFO] ThirdParty:1030 - CMSIS Pack Vendor :STMicroelectronics FP-SNS-SMARTAG2 1.2.0
2024-05-24 14:12:05,344 [INFO] ThirdParty:1030 - CMSIS Pack Vendor :STMicroelectronics X-CUBE-AZRTOS-WL 2.0.0
2024-05-24 14:12:05,344 [INFO] ThirdParty:1030 - CMSIS Pack Vendor :SEGGER I-CUBE-embOS 1.3.1
2024-05-24 14:12:05,344 [INFO] ThirdParty:1030 - CMSIS Pack Vendor :STMicroelectronics X-CUBE-ALGOBUILD 1.4.0
2024-05-24 14:12:05,344 [INFO] ThirdParty:1030 - CMSIS Pack Vendor :STMicroelectronics FP-SNS-MOTENV1 5.0.0
2024-05-24 14:12:05,344 [INFO] ThirdParty:1030 - CMSIS Pack Vendor :STMicroelectronics USB_DEVICE 1.0.0
2024-05-24 14:12:05,345 [INFO] ThirdParty:1030 - CMSIS Pack Vendor :STMicroelectronics X-CUBE-AI 8.1.0
2024-05-24 14:12:05,345 [INFO] ThirdParty:1030 - CMSIS Pack Vendor :STMicroelectronics X-CUBE-AZRTOS-H7RS 1.0.0
2024-05-24 14:12:05,345 [INFO] ThirdParty:1030 - CMSIS Pack Vendor :STMicroelectronics X-CUBE-AZRTOS-L4 2.0.0
2024-05-24 14:12:05,345 [INFO] ThirdParty:1030 - CMSIS Pack Vendor :STMicroelectronics ThreadX 0.0.2
2024-05-24 14:12:05,345 [INFO] ThirdParty:1030 - CMSIS Pack Vendor :WES I-CUBE-Cesium 1.3.0
2024-05-24 14:12:05,345 [INFO] ThirdParty:1030 - CMSIS Pack Vendor :STMicroelectronics FP-ATR-ASTRA1 2.0.0
2024-05-24 14:12:05,345 [INFO] ThirdParty:1030 - CMSIS Pack Vendor :STMicroelectronics lwIP 2.1.2
2024-05-24 14:12:05,345 [INFO] ThirdParty:1030 - CMSIS Pack Vendor :STMicroelectronics X-CUBE-SFXS2LP1 4.0.0
2024-05-24 14:12:05,345 [INFO] ThirdParty:1030 - CMSIS Pack Vendor :STMicroelectronics X-CUBE-BLE2 3.3.0
2024-05-24 14:12:05,345 [INFO] ThirdParty:1030 - CMSIS Pack Vendor :STMicroelectronics X-CUBE-TOF1 3.4.1
2024-05-24 14:12:05,345 [INFO] ThirdParty:1030 - CMSIS Pack Vendor :STMicroelectronics X-CUBE-AZRTOS-H7 3.2.0
2024-05-24 14:12:05,345 [INFO] ThirdParty:1030 - CMSIS Pack Vendor :STMicroelectronics PDM2PCM 3.2.0
2024-05-24 14:12:05,345 [INFO] ThirdParty:841 - exiting critical section [change project]
2024-05-24 14:12:06,774 [INFO] PinOutPanel:1561 - setPackage(No Configuration,No Configuration)
2024-05-24 14:12:06,782 [INFO] PinOutPanel:1561 - setPackage(STM32F303CCTx,LQFP48)
2024-05-24 14:12:08,728 [INFO] UtilMem:75 - Before build in PCC Used Memory: 939854680 Bytes (1073741824)
2024-05-24 14:12:11,378 [INFO] UtilMem:75 - After build in PCC Used Memory: 909557576 Bytes (1073741824)
2024-05-24 14:12:11,444 [INFO] IPUIPlugin:80 - create IPUIPlugin
2024-05-24 14:12:11,444 [INFO] IPUIPlugin:80 - create IPUIPlugin
2024-05-24 14:12:11,444 [INFO] IPUIPlugin:80 - create IPUIPlugin
2024-05-24 14:12:11,444 [INFO] IPUIPlugin:80 - create IPUIPlugin
2024-05-24 14:12:11,444 [INFO] IPUIPlugin:80 - create IPUIPlugin
2024-05-24 14:12:11,444 [INFO] IPUIPlugin:80 - create IPUIPlugin
2024-05-24 14:12:11,445 [INFO] IPUIPlugin:80 - create IPUIPlugin
2024-05-24 14:12:11,445 [INFO] IPUIPlugin:80 - create IPUIPlugin
2024-05-24 14:12:11,445 [INFO] IPUIPlugin:80 - create IPUIPlugin
2024-05-24 14:12:11,445 [INFO] IPUIPlugin:80 - create IPUIPlugin
2024-05-24 14:12:11,445 [INFO] IPUIPlugin:80 - create IPUIPlugin
2024-05-24 14:12:11,445 [INFO] IPUIPlugin:80 - create IPUIPlugin
2024-05-24 14:12:11,446 [INFO] IPUIPlugin:80 - create IPUIPlugin
2024-05-24 14:12:11,446 [INFO] IPUIPlugin:80 - create IPUIPlugin
2024-05-24 14:12:11,447 [INFO] IPUIPlugin:80 - create IPUIPlugin
2024-05-24 14:12:11,447 [INFO] IPUIPlugin:80 - create IPUIPlugin
2024-05-24 14:12:11,447 [INFO] IPUIPlugin:80 - create IPUIPlugin
2024-05-24 14:12:11,448 [INFO] IPUIPlugin:80 - create IPUIPlugin
2024-05-24 14:12:11,448 [INFO] IPUIPlugin:80 - create IPUIPlugin
2024-05-24 14:12:11,448 [INFO] IPUIPlugin:80 - create IPUIPlugin
2024-05-24 14:12:11,448 [INFO] IPUIPlugin:80 - create IPUIPlugin
2024-05-24 14:12:11,448 [INFO] IPUIPlugin:80 - create IPUIPlugin
2024-05-24 14:12:11,449 [INFO] IPUIPlugin:80 - create IPUIPlugin
2024-05-24 14:12:11,449 [INFO] IPUIPlugin:80 - create IPUIPlugin
2024-05-24 14:12:11,450 [INFO] IPUIPlugin:80 - create IPUIPlugin
2024-05-24 14:12:11,450 [INFO] IPUIPlugin:80 - create IPUIPlugin
2024-05-24 14:12:11,450 [INFO] IPUIPlugin:80 - create IPUIPlugin
2024-05-24 14:12:11,451 [INFO] IPUIPlugin:80 - create IPUIPlugin
2024-05-24 14:12:11,451 [INFO] IPUIPlugin:80 - create IPUIPlugin
2024-05-24 14:12:11,451 [INFO] IPUIPlugin:80 - create IPUIPlugin
2024-05-24 14:12:11,452 [INFO] IPUIPlugin:80 - create IPUIPlugin
2024-05-24 14:12:11,452 [INFO] IPUIPlugin:80 - create IPUIPlugin
2024-05-24 14:12:11,453 [INFO] IPUIPlugin:80 - create IPUIPlugin
2024-05-24 14:12:11,453 [INFO] IPUIPlugin:80 - create IPUIPlugin
2024-05-24 14:12:11,453 [INFO] IPUIPlugin:80 - create IPUIPlugin
2024-05-24 14:12:11,454 [INFO] IPUIPlugin:80 - create IPUIPlugin
2024-05-24 14:12:11,454 [INFO] IPUIPlugin:80 - create IPUIPlugin
2024-05-24 14:12:11,454 [INFO] IPUIPlugin:80 - create IPUIPlugin
2024-05-24 14:12:11,455 [INFO] IPUIPlugin:80 - create IPUIPlugin
2024-05-24 14:12:11,455 [INFO] IPUIPlugin:80 - create IPUIPlugin
2024-05-24 14:12:11,456 [INFO] IPUIPlugin:80 - create IPUIPlugin
2024-05-24 14:12:11,456 [INFO] IPUIPlugin:80 - create IPUIPlugin
2024-05-24 14:12:11,457 [INFO] IPUIPlugin:80 - create IPUIPlugin
2024-05-24 14:12:11,457 [INFO] IPUIPlugin:80 - create IPUIPlugin
2024-05-24 14:12:11,458 [INFO] IPUIPlugin:80 - create IPUIPlugin
2024-05-24 14:12:11,459 [INFO] IPUIPlugin:80 - create IPUIPlugin
2024-05-24 14:12:11,460 [INFO] IPUIPlugin:80 - create IPUIPlugin
2024-05-24 14:12:11,461 [INFO] IPUIPlugin:80 - create IPUIPlugin
2024-05-24 14:12:11,462 [INFO] IPUIPlugin:80 - create IPUIPlugin
2024-05-24 14:12:11,462 [INFO] IPUIPlugin:80 - create IPUIPlugin
2024-05-24 14:12:11,463 [INFO] IPUIPlugin:80 - create IPUIPlugin
2024-05-24 14:12:11,463 [INFO] IPUIPlugin:80 - create IPUIPlugin
2024-05-24 14:12:11,464 [INFO] IPUIPlugin:80 - create IPUIPlugin
2024-05-24 14:12:12,277 [INFO] CADModel:165 - CPN selected for project levelSTM32F303CCT6
2024-05-24 14:12:12,277 [INFO] CADModel:114 - Register for checkConnection events
2024-05-24 14:12:12,364 [INFO] OpenFileManager:343 - Restore cursor
2024-05-24 14:12:22,530 [WARN] IP:2120 - lpm_enable not found: check if there is a RefParameter without a condition.
2024-05-24 14:12:22,530 [WARN] IP:2120 - lpm_enable not found: check if there is a RefParameter without a condition.
2024-05-24 14:12:22,718 [WARN] IP:2120 - lpm_enable not found: check if there is a RefParameter without a condition.
2024-05-24 14:15:01,300 [INFO] ApiDbMcu:508 - Load IP Config File for USB_DEVICE
2024-05-24 14:15:31,669 [INFO] UtilMem:75 - End SaveConfig() Used Memory: 853206336 Bytes (1073741824)
2024-05-24 14:15:34,367 [INFO] UtilMem:75 - End SaveConfig() Used Memory: 906162840 Bytes (1073741824)
2024-05-24 14:15:35,822 [INFO] BlockDiagram:2759 - set Specific Code input for plugin: USB_DEVICE
2024-05-24 14:15:35,823 [INFO] BlockDiagram:2759 - set Specific Code input for plugin: SYS
2024-05-24 14:15:35,823 [INFO] BlockDiagram:2759 - set Specific Code input for plugin: RCC
2024-05-24 14:15:35,823 [INFO] BlockDiagram:2759 - set Specific Code input for plugin: I2C
2024-05-24 14:15:35,823 [INFO] BlockDiagram:2759 - set Specific Code input for plugin: NVIC
2024-05-24 14:15:35,823 [INFO] BlockDiagram:2759 - set Specific Code input for plugin: USB
2024-05-24 14:15:35,824 [INFO] BlockDiagram:2759 - set Specific Code input for plugin: GPIO
2024-05-24 14:15:35,825 [INFO] CodeGenerator:807 - code generatio: config db path: C:\ST\STM32CubeIDE_1.15.0\STM32CubeIDE\plugins\com.st.stm32cube.common.mx_6.11.0.202403141607\\db\
2024-05-24 14:15:35,943 [WARN] IP:2120 - lpm_enable not found: check if there is a RefParameter without a condition.
2024-05-24 14:15:36,206 [INFO] CodeEngine:255 - oldGeneratedFile, C:\Users\shrey\STM32CubeIDE\nano-board-lcd-sw\Examples\012_USB_HID_Mouse\MXTmpFiles\license.tmp_save
2024-05-24 14:15:37,185 [INFO] CodeEngine:279 - Generated code: C:\Users\shrey\STM32CubeIDE\nano-board-lcd-sw\Examples\012_USB_HID_Mouse\MXTmpFiles\license.tmp
2024-05-24 14:15:37,501 [INFO] CodeEngine:255 - oldGeneratedFile, C:\Users\shrey\STM32CubeIDE\nano-board-lcd-sw\Examples\012_USB_HID_Mouse\MXTmpFiles\gpio.tmp_save
2024-05-24 14:15:38,131 [INFO] CodeEngine:279 - Generated code: C:\Users\shrey\STM32CubeIDE\nano-board-lcd-sw\Examples\012_USB_HID_Mouse\MXTmpFiles\gpio.tmp
2024-05-24 14:15:38,553 [INFO] CodeEngine:255 - oldGeneratedFile, C:\Users\shrey\STM32CubeIDE\nano-board-lcd-sw\Examples\012_USB_HID_Mouse\MXTmpFiles\usb_vars.tmp_save
2024-05-24 14:15:39,305 [INFO] CodeEngine:279 - Generated code: C:\Users\shrey\STM32CubeIDE\nano-board-lcd-sw\Examples\012_USB_HID_Mouse\MXTmpFiles\usb_vars.tmp
2024-05-24 14:15:39,338 [INFO] CodeEngine:255 - oldGeneratedFile, C:\Users\shrey\STM32CubeIDE\nano-board-lcd-sw\Examples\012_USB_HID_Mouse\MXTmpFiles\usb_inc.tmp_save
2024-05-24 14:15:40,117 [INFO] CodeEngine:279 - Generated code: C:\Users\shrey\STM32CubeIDE\nano-board-lcd-sw\Examples\012_USB_HID_Mouse\MXTmpFiles\usb_inc.tmp
2024-05-24 14:15:40,166 [INFO] CodeEngine:255 - oldGeneratedFile, C:\Users\shrey\STM32CubeIDE\nano-board-lcd-sw\Examples\012_USB_HID_Mouse\MXTmpFiles\usb_HalInit.tmp_save
2024-05-24 14:15:40,581 [INFO] CodeEngine:279 - Generated code: C:\Users\shrey\STM32CubeIDE\nano-board-lcd-sw\Examples\012_USB_HID_Mouse\MXTmpFiles\usb_HalInit.tmp
2024-05-24 14:15:40,633 [INFO] CodeEngine:255 - oldGeneratedFile, C:\Users\shrey\STM32CubeIDE\nano-board-lcd-sw\Examples\012_USB_HID_Mouse\MXTmpFiles\usb_Msp.tmp_save
2024-05-24 14:15:41,013 [INFO] CodeEngine:279 - Generated code: C:\Users\shrey\STM32CubeIDE\nano-board-lcd-sw\Examples\012_USB_HID_Mouse\MXTmpFiles\usb_Msp.tmp
2024-05-24 14:15:41,402 [INFO] Middleware:1439 - No code input for Bsp Dependency
2024-05-24 14:15:41,419 [INFO] Middleware:1439 - No code input for Bsp Dependency
2024-05-24 14:15:41,464 [INFO] CodeEngine:255 - oldGeneratedFile, C:\Users\shrey\STM32CubeIDE\nano-board-lcd-sw\Examples\012_USB_HID_Mouse\USB_DEVICE\App\usb_device.c_save
2024-05-24 14:15:41,756 [INFO] CodeEngine:279 - Generated code: C:\Users\shrey\STM32CubeIDE\nano-board-lcd-sw\Examples\012_USB_HID_Mouse\USB_DEVICE\App\usb_device.c
2024-05-24 14:15:41,786 [INFO] CodeEngine:255 - oldGeneratedFile, C:\Users\shrey\STM32CubeIDE\nano-board-lcd-sw\Examples\012_USB_HID_Mouse\USB_DEVICE\App\usb_device.h_save
2024-05-24 14:15:41,962 [INFO] CodeEngine:279 - Generated code: C:\Users\shrey\STM32CubeIDE\nano-board-lcd-sw\Examples\012_USB_HID_Mouse\USB_DEVICE\App\usb_device.h
2024-05-24 14:15:41,981 [INFO] CodeEngine:255 - oldGeneratedFile, C:\Users\shrey\STM32CubeIDE\nano-board-lcd-sw\Examples\012_USB_HID_Mouse\USB_DEVICE\Target\usbd_conf.h_save
2024-05-24 14:15:42,151 [INFO] CodeEngine:279 - Generated code: C:\Users\shrey\STM32CubeIDE\nano-board-lcd-sw\Examples\012_USB_HID_Mouse\USB_DEVICE\Target\usbd_conf.h
2024-05-24 14:15:42,268 [INFO] CodeEngine:255 - oldGeneratedFile, C:\Users\shrey\STM32CubeIDE\nano-board-lcd-sw\Examples\012_USB_HID_Mouse\USB_DEVICE\Target\usbd_conf.c_save
2024-05-24 14:15:42,489 [INFO] CodeEngine:279 - Generated code: C:\Users\shrey\STM32CubeIDE\nano-board-lcd-sw\Examples\012_USB_HID_Mouse\USB_DEVICE\Target\usbd_conf.c
2024-05-24 14:15:42,548 [INFO] CodeEngine:255 - oldGeneratedFile, C:\Users\shrey\STM32CubeIDE\nano-board-lcd-sw\Examples\012_USB_HID_Mouse\USB_DEVICE\App\usbd_desc.h_save
2024-05-24 14:15:42,685 [INFO] CodeEngine:279 - Generated code: C:\Users\shrey\STM32CubeIDE\nano-board-lcd-sw\Examples\012_USB_HID_Mouse\USB_DEVICE\App\usbd_desc.h
2024-05-24 14:15:42,772 [INFO] CodeEngine:255 - oldGeneratedFile, C:\Users\shrey\STM32CubeIDE\nano-board-lcd-sw\Examples\012_USB_HID_Mouse\USB_DEVICE\App\usbd_desc.c_save
2024-05-24 14:15:42,981 [INFO] CodeEngine:279 - Generated code: C:\Users\shrey\STM32CubeIDE\nano-board-lcd-sw\Examples\012_USB_HID_Mouse\USB_DEVICE\App\usbd_desc.c
2024-05-24 14:15:43,075 [INFO] CodeEngine:255 - oldGeneratedFile, C:\Users\shrey\STM32CubeIDE\nano-board-lcd-sw\Examples\012_USB_HID_Mouse\Core\Src\stm32f3xx_it.c_save
2024-05-24 14:15:43,328 [INFO] CodeEngine:279 - Generated code: C:\Users\shrey\STM32CubeIDE\nano-board-lcd-sw\Examples\012_USB_HID_Mouse\Core\Src\stm32f3xx_it.c
2024-05-24 14:15:43,369 [INFO] CodeEngine:255 - oldGeneratedFile, C:\Users\shrey\STM32CubeIDE\nano-board-lcd-sw\Examples\012_USB_HID_Mouse\Core\Inc\stm32f3xx_it.h_save
2024-05-24 14:15:43,596 [INFO] CodeEngine:279 - Generated code: C:\Users\shrey\STM32CubeIDE\nano-board-lcd-sw\Examples\012_USB_HID_Mouse\Core\Inc\stm32f3xx_it.h
2024-05-24 14:15:43,800 [INFO] CodeEngine:255 - oldGeneratedFile, C:\Users\shrey\STM32CubeIDE\nano-board-lcd-sw\Examples\012_USB_HID_Mouse\Core\Src\stm32f3xx_hal_msp.c_save
2024-05-24 14:15:44,032 [INFO] CodeEngine:279 - Generated code: C:\Users\shrey\STM32CubeIDE\nano-board-lcd-sw\Examples\012_USB_HID_Mouse\Core\Src\stm32f3xx_hal_msp.c
2024-05-24 14:15:44,062 [INFO] CodeEngine:255 - oldGeneratedFile, C:\Users\shrey\STM32CubeIDE\nano-board-lcd-sw\Examples\012_USB_HID_Mouse\MXTmpFiles\system.tmp_save
2024-05-24 14:15:44,214 [INFO] CodeEngine:279 - Generated code: C:\Users\shrey\STM32CubeIDE\nano-board-lcd-sw\Examples\012_USB_HID_Mouse\MXTmpFiles\system.tmp
2024-05-24 14:15:44,279 [INFO] CodeEngine:311 - oldGeneratedFile, C:\Users\shrey\STM32CubeIDE\nano-board-lcd-sw\Examples\012_USB_HID_Mouse\Core\Inc\stm32f3xx_hal_conf.h_save
2024-05-24 14:15:44,544 [INFO] CodeEngine:335 - Generated code: C:\Users\shrey\STM32CubeIDE\nano-board-lcd-sw\Examples\012_USB_HID_Mouse\Core\Inc\stm32f3xx_hal_conf.h
2024-05-24 14:15:44,773 [INFO] CodeEngine:255 - oldGeneratedFile, C:\Users\shrey\STM32CubeIDE\nano-board-lcd-sw\Examples\012_USB_HID_Mouse\Core\Inc\main.h_save
2024-05-24 14:15:44,997 [INFO] CodeEngine:279 - Generated code: C:\Users\shrey\STM32CubeIDE\nano-board-lcd-sw\Examples\012_USB_HID_Mouse\Core\Inc\main.h
2024-05-24 14:15:45,048 [INFO] CodeEngine:255 - oldGeneratedFile, C:\Users\shrey\STM32CubeIDE\nano-board-lcd-sw\Examples\012_USB_HID_Mouse\Core\Src\main.c_save
2024-05-24 14:15:45,629 [INFO] CodeEngine:279 - Generated code: C:\Users\shrey\STM32CubeIDE\nano-board-lcd-sw\Examples\012_USB_HID_Mouse\Core\Src\main.c
2024-05-24 14:15:46,492 [INFO] ProjectBuilder:3163 - Time for Copy HAL[1] : 442mS.
2024-05-24 14:15:46,509 [INFO] ProjectBuilder:4736 - Project Generator version: 4.3.0-B58
2024-05-24 14:15:46,674 [INFO] ConfigFileManager:1503 - The Die is : DIE422
2024-05-24 14:15:46,692 [INFO] ApiDbMcu:508 - Load IP Config File for FATFS
2024-05-24 14:15:46,726 [INFO] ApiDbMcu:508 - Load IP Config File for FREERTOS
2024-05-24 14:15:46,758 [INFO] ApiDbMcu:508 - Load IP Config File for TOUCHSENSING
2024-05-24 14:15:48,649 [INFO] LogOutputStream:77 - [STDOUT_REDIRECT] 
2024-05-24 14:15:59,448 [INFO] ProjectBuilder:5002 - Time for Generating toolchain IDE Files: 12937mS.
2024-05-24 14:15:59,451 [INFO] ProjectBuilder:3034 - Time for Copy CMSIS : 2mS.
2024-05-24 14:15:59,464 [INFO] ProjectBuilder:3034 - Time for Copy CMSIS : 0mS.
2024-05-24 14:19:32,468 [ERROR] AdobePublisher:162 - Exception while opening the connection: java.net.SocketTimeoutException: Connect timed out
2024-05-24 16:14:47,964 [ERROR] AdobePublisher:162 - Exception while opening the connection: java.net.SocketTimeoutException: Read timed out
2024-05-24 16:14:53,266 [ERROR] AdobePublisher:183 - Exception while getting the server answer: java.net.SocketTimeoutException: Read timed out
2024-05-24 16:40:52,783 [INFO] LogOutputStream:77 - [STDOUT_REDIRECT] StartTraceHandler.execute(), success : Collect=false
2024-05-24 16:40:55,021 [INFO] LogOutputStream:77 - [STDOUT_REDIRECT] StartTraceHandler.execute(), success : Collect=true
2024-05-24 17:48:54,015 [WARN] IP:2120 - lpm_enable not found: check if there is a RefParameter without a condition.
2024-05-24 17:48:54,024 [WARN] IP:2120 - lpm_enable not found: check if there is a RefParameter without a condition.
2024-05-24 17:48:54,109 [WARN] IP:2120 - lpm_enable not found: check if there is a RefParameter without a condition.
2024-05-24 17:48:54,208 [WARN] IP:2120 - lpm_enable not found: check if there is a RefParameter without a condition.
2024-05-24 17:48:55,701 [INFO] UtilMem:75 - End SaveConfig() Used Memory: 920877880 Bytes (1073741824)
2024-05-24 17:48:57,885 [INFO] UtilMem:75 - End SaveConfig() Used Memory: 774123832 Bytes (1073741824)
2024-05-24 17:48:58,108 [INFO] BlockDiagram:2759 - set Specific Code input for plugin: USB_DEVICE
2024-05-24 17:48:58,108 [INFO] BlockDiagram:2759 - set Specific Code input for plugin: SYS
2024-05-24 17:48:58,108 [INFO] BlockDiagram:2759 - set Specific Code input for plugin: RCC
2024-05-24 17:48:58,108 [INFO] BlockDiagram:2759 - set Specific Code input for plugin: I2C
2024-05-24 17:48:58,108 [INFO] BlockDiagram:2759 - set Specific Code input for plugin: NVIC
2024-05-24 17:48:58,109 [INFO] BlockDiagram:2759 - set Specific Code input for plugin: USB
2024-05-24 17:48:58,109 [INFO] BlockDiagram:2759 - set Specific Code input for plugin: GPIO
2024-05-24 17:48:58,110 [INFO] CodeGenerator:807 - code generatio: config db path: C:\ST\STM32CubeIDE_1.15.0\STM32CubeIDE\plugins\com.st.stm32cube.common.mx_6.11.0.202403141607\\db\
2024-05-24 17:48:58,130 [WARN] IP:2120 - lpm_enable not found: check if there is a RefParameter without a condition.
2024-05-24 17:48:58,230 [INFO] CodeEngine:255 - oldGeneratedFile, C:\Users\shrey\STM32CubeIDE\nano-board-lcd-sw\Examples\012_USB_HID_Mouse\MXTmpFiles\license.tmp_save
2024-05-24 17:48:58,681 [INFO] CodeEngine:279 - Generated code: C:\Users\shrey\STM32CubeIDE\nano-board-lcd-sw\Examples\012_USB_HID_Mouse\MXTmpFiles\license.tmp
2024-05-24 17:48:58,746 [INFO] CodeEngine:255 - oldGeneratedFile, C:\Users\shrey\STM32CubeIDE\nano-board-lcd-sw\Examples\012_USB_HID_Mouse\MXTmpFiles\gpio.tmp_save
2024-05-24 17:48:59,224 [INFO] CodeEngine:279 - Generated code: C:\Users\shrey\STM32CubeIDE\nano-board-lcd-sw\Examples\012_USB_HID_Mouse\MXTmpFiles\gpio.tmp
2024-05-24 17:48:59,348 [INFO] CodeEngine:255 - oldGeneratedFile, C:\Users\shrey\STM32CubeIDE\nano-board-lcd-sw\Examples\012_USB_HID_Mouse\MXTmpFiles\usb_vars.tmp_save
2024-05-24 17:48:59,542 [INFO] CodeEngine:279 - Generated code: C:\Users\shrey\STM32CubeIDE\nano-board-lcd-sw\Examples\012_USB_HID_Mouse\MXTmpFiles\usb_vars.tmp
2024-05-24 17:48:59,547 [INFO] CodeEngine:255 - oldGeneratedFile, C:\Users\shrey\STM32CubeIDE\nano-board-lcd-sw\Examples\012_USB_HID_Mouse\MXTmpFiles\usb_inc.tmp_save
2024-05-24 17:48:59,662 [INFO] CodeEngine:279 - Generated code: C:\Users\shrey\STM32CubeIDE\nano-board-lcd-sw\Examples\012_USB_HID_Mouse\MXTmpFiles\usb_inc.tmp
2024-05-24 17:48:59,669 [INFO] CodeEngine:255 - oldGeneratedFile, C:\Users\shrey\STM32CubeIDE\nano-board-lcd-sw\Examples\012_USB_HID_Mouse\MXTmpFiles\usb_HalInit.tmp_save
2024-05-24 17:48:59,814 [INFO] CodeEngine:279 - Generated code: C:\Users\shrey\STM32CubeIDE\nano-board-lcd-sw\Examples\012_USB_HID_Mouse\MXTmpFiles\usb_HalInit.tmp
2024-05-24 17:48:59,820 [INFO] CodeEngine:255 - oldGeneratedFile, C:\Users\shrey\STM32CubeIDE\nano-board-lcd-sw\Examples\012_USB_HID_Mouse\MXTmpFiles\usb_Msp.tmp_save
2024-05-24 17:48:59,967 [INFO] CodeEngine:279 - Generated code: C:\Users\shrey\STM32CubeIDE\nano-board-lcd-sw\Examples\012_USB_HID_Mouse\MXTmpFiles\usb_Msp.tmp
2024-05-24 17:49:00,203 [INFO] Middleware:1439 - No code input for Bsp Dependency
2024-05-24 17:49:00,211 [INFO] Middleware:1439 - No code input for Bsp Dependency
2024-05-24 17:49:00,241 [INFO] CodeEngine:255 - oldGeneratedFile, C:\Users\shrey\STM32CubeIDE\nano-board-lcd-sw\Examples\012_USB_HID_Mouse\USB_DEVICE\App\usb_device.c_save
2024-05-24 17:49:00,415 [INFO] CodeEngine:279 - Generated code: C:\Users\shrey\STM32CubeIDE\nano-board-lcd-sw\Examples\012_USB_HID_Mouse\USB_DEVICE\App\usb_device.c
2024-05-24 17:49:00,444 [INFO] CodeEngine:255 - oldGeneratedFile, C:\Users\shrey\STM32CubeIDE\nano-board-lcd-sw\Examples\012_USB_HID_Mouse\USB_DEVICE\App\usb_device.h_save
2024-05-24 17:49:00,544 [INFO] CodeEngine:279 - Generated code: C:\Users\shrey\STM32CubeIDE\nano-board-lcd-sw\Examples\012_USB_HID_Mouse\USB_DEVICE\App\usb_device.h
2024-05-24 17:49:00,562 [INFO] CodeEngine:255 - oldGeneratedFile, C:\Users\shrey\STM32CubeIDE\nano-board-lcd-sw\Examples\012_USB_HID_Mouse\USB_DEVICE\Target\usbd_conf.h_save
2024-05-24 17:49:00,678 [INFO] CodeEngine:279 - Generated code: C:\Users\shrey\STM32CubeIDE\nano-board-lcd-sw\Examples\012_USB_HID_Mouse\USB_DEVICE\Target\usbd_conf.h
2024-05-24 17:49:00,705 [INFO] CodeEngine:255 - oldGeneratedFile, C:\Users\shrey\STM32CubeIDE\nano-board-lcd-sw\Examples\012_USB_HID_Mouse\USB_DEVICE\Target\usbd_conf.c_save
2024-05-24 17:49:00,825 [INFO] CodeEngine:279 - Generated code: C:\Users\shrey\STM32CubeIDE\nano-board-lcd-sw\Examples\012_USB_HID_Mouse\USB_DEVICE\Target\usbd_conf.c
2024-05-24 17:49:00,846 [INFO] CodeEngine:255 - oldGeneratedFile, C:\Users\shrey\STM32CubeIDE\nano-board-lcd-sw\Examples\012_USB_HID_Mouse\USB_DEVICE\App\usbd_desc.h_save
2024-05-24 17:49:00,921 [INFO] CodeEngine:279 - Generated code: C:\Users\shrey\STM32CubeIDE\nano-board-lcd-sw\Examples\012_USB_HID_Mouse\USB_DEVICE\App\usbd_desc.h
2024-05-24 17:49:00,947 [INFO] CodeEngine:255 - oldGeneratedFile, C:\Users\shrey\STM32CubeIDE\nano-board-lcd-sw\Examples\012_USB_HID_Mouse\USB_DEVICE\App\usbd_desc.c_save
2024-05-24 17:49:01,082 [INFO] CodeEngine:279 - Generated code: C:\Users\shrey\STM32CubeIDE\nano-board-lcd-sw\Examples\012_USB_HID_Mouse\USB_DEVICE\App\usbd_desc.c
2024-05-24 17:49:01,156 [INFO] CodeEngine:255 - oldGeneratedFile, C:\Users\shrey\STM32CubeIDE\nano-board-lcd-sw\Examples\012_USB_HID_Mouse\Core\Src\stm32f3xx_it.c_save
2024-05-24 17:49:01,487 [INFO] CodeEngine:279 - Generated code: C:\Users\shrey\STM32CubeIDE\nano-board-lcd-sw\Examples\012_USB_HID_Mouse\Core\Src\stm32f3xx_it.c
2024-05-24 17:49:01,508 [INFO] CodeEngine:255 - oldGeneratedFile, C:\Users\shrey\STM32CubeIDE\nano-board-lcd-sw\Examples\012_USB_HID_Mouse\Core\Inc\stm32f3xx_it.h_save
2024-05-24 17:49:01,592 [INFO] CodeEngine:279 - Generated code: C:\Users\shrey\STM32CubeIDE\nano-board-lcd-sw\Examples\012_USB_HID_Mouse\Core\Inc\stm32f3xx_it.h
2024-05-24 17:49:01,642 [INFO] CodeEngine:255 - oldGeneratedFile, C:\Users\shrey\STM32CubeIDE\nano-board-lcd-sw\Examples\012_USB_HID_Mouse\Core\Src\stm32f3xx_hal_msp.c_save
2024-05-24 17:49:01,826 [INFO] CodeEngine:279 - Generated code: C:\Users\shrey\STM32CubeIDE\nano-board-lcd-sw\Examples\012_USB_HID_Mouse\Core\Src\stm32f3xx_hal_msp.c
2024-05-24 17:49:01,832 [INFO] CodeEngine:255 - oldGeneratedFile, C:\Users\shrey\STM32CubeIDE\nano-board-lcd-sw\Examples\012_USB_HID_Mouse\MXTmpFiles\system.tmp_save
2024-05-24 17:49:01,942 [INFO] CodeEngine:279 - Generated code: C:\Users\shrey\STM32CubeIDE\nano-board-lcd-sw\Examples\012_USB_HID_Mouse\MXTmpFiles\system.tmp
2024-05-24 17:49:02,013 [INFO] CodeEngine:311 - oldGeneratedFile, C:\Users\shrey\STM32CubeIDE\nano-board-lcd-sw\Examples\012_USB_HID_Mouse\Core\Inc\stm32f3xx_hal_conf.h_save
2024-05-24 17:49:02,265 [INFO] CodeEngine:335 - Generated code: C:\Users\shrey\STM32CubeIDE\nano-board-lcd-sw\Examples\012_USB_HID_Mouse\Core\Inc\stm32f3xx_hal_conf.h
2024-05-24 17:49:02,391 [INFO] CodeEngine:255 - oldGeneratedFile, C:\Users\shrey\STM32CubeIDE\nano-board-lcd-sw\Examples\012_USB_HID_Mouse\Core\Inc\main.h_save
2024-05-24 17:49:02,562 [INFO] CodeEngine:279 - Generated code: C:\Users\shrey\STM32CubeIDE\nano-board-lcd-sw\Examples\012_USB_HID_Mouse\Core\Inc\main.h
2024-05-24 17:49:02,581 [INFO] CodeEngine:255 - oldGeneratedFile, C:\Users\shrey\STM32CubeIDE\nano-board-lcd-sw\Examples\012_USB_HID_Mouse\Core\Src\main.c_save
2024-05-24 17:49:02,751 [INFO] CodeEngine:279 - Generated code: C:\Users\shrey\STM32CubeIDE\nano-board-lcd-sw\Examples\012_USB_HID_Mouse\Core\Src\main.c
2024-05-24 17:49:03,527 [INFO] ProjectBuilder:3163 - Time for Copy HAL[1] : 475mS.
2024-05-24 17:49:03,536 [INFO] ProjectBuilder:4736 - Project Generator version: 4.3.0-B58
2024-05-24 17:49:03,660 [INFO] ConfigFileManager:1503 - The Die is : DIE422
2024-05-24 17:49:05,796 [INFO] ProjectBuilder:5002 - Time for Generating toolchain IDE Files: 2261mS.
2024-05-24 17:49:05,797 [INFO] ProjectBuilder:3034 - Time for Copy CMSIS : 1mS.
2024-05-24 17:49:05,805 [INFO] ProjectBuilder:3034 - Time for Copy CMSIS : 0mS.
2024-05-24 18:28:40,277 [ERROR] LogOutputStream:75 - [STDERR_REDIRECT] 
2024-05-24 18:28:40,277 [ERROR] LogOutputStream:75 - [STDERR_REDIRECT] 
