2024-05-08 09:10:45,811 [INFO] Activator:176 - 


2024-05-08 09:10:45,820 [INFO] Activator:177 - !SESSION log4j initialized
2024-05-08 09:10:53,868 [INFO] LogOutputStream:77 - [STDOUT_REDIRECT] 
2024-05-08 09:11:00,117 [INFO] ApplicationProperties:184 - Using Application install path: C:\ST\STM32CubeIDE_1.15.0\STM32CubeIDE\plugins\com.st.stm32cube.common.mx_6.11.0.202403141607
2024-05-08 09:11:00,139 [INFO] DbMcusXml:78 - Set database path to: C:\ST\STM32CubeIDE_1.15.0\STM32CubeIDE\plugins\com.st.stm32cube.common.mx_6.11.0.202403141607\\db\/mcu/
2024-05-08 09:11:00,140 [INFO] ApiDb:274 - Set plugin database path to: C:\ST\STM32CubeIDE_1.15.0\STM32CubeIDE\plugins\com.st.stm32cube.common.mx_6.11.0.202403141607\\db\/plugins/boardmanager/
2024-05-08 09:11:00,140 [WARN] ApiDb:259 - Overriding images path with different value:  => C:\ST\STM32CubeIDE_1.15.0\STM32CubeIDE\plugins\com.st.stm32cube.common.mx_6.11.0.202403141607\\db\/plugins/mcufinder/images/
2024-05-08 09:11:00,148 [INFO] ApiDb:250 - Set database path to: C:\Users\shrey\.stmcufinder\plugins\mcufinder//mcu/
2024-05-08 09:11:00,149 [INFO] DbMcusAds:125 - Set database path to: C:\Users\shrey\.stmcufinder\plugins\mcufinder//mcu/
2024-05-08 09:11:00,153 [INFO] CrossReferenceDbSqlite:203 - Set database path to: C:\Users\shrey\.stmcufinder\plugins\mcufinder//mcu/cs/
2024-05-08 09:11:00,328 [INFO] RulesReader:64 - Compatibility file has been processed (297 Rules)
2024-05-08 09:11:00,454 [INFO] DbMcusXml:78 - Set database path to: C:\ST\STM32CubeIDE_1.15.0\STM32CubeIDE\plugins\com.st.stm32cube.common.mx_6.11.0.202403141607\\db\/mcu/
2024-05-08 09:11:00,455 [INFO] ApiDb:274 - Set plugin database path to: C:\ST\STM32CubeIDE_1.15.0\STM32CubeIDE\plugins\com.st.stm32cube.common.mx_6.11.0.202403141607\\db\/plugins/boardmanager/
2024-05-08 09:11:00,455 [INFO] ApiDb:261 - Set plugin images path to: C:\ST\STM32CubeIDE_1.15.0\STM32CubeIDE\plugins\com.st.stm32cube.common.mx_6.11.0.202403141607\\db\/plugins/mcufinder/images/
2024-05-08 09:11:00,455 [WARN] DbFile:41 - Overriding database path with different value: C:\Users\shrey\.stmcufinder\plugins\mcufinder/ => C:\Users\shrey\.stmcufinder\plugins\mcufinder
2024-05-08 09:11:00,455 [INFO] ApiDb:250 - Set database path to: C:\Users\shrey\.stmcufinder\plugins\mcufinder//mcu/
2024-05-08 09:11:00,456 [WARN] DbFile:41 - Overriding database path with different value: C:\Users\shrey\.stmcufinder\plugins\mcufinder/ => C:\Users\shrey\.stmcufinder\plugins\mcufinder
2024-05-08 09:11:00,456 [INFO] DbMcusAds:125 - Set database path to: C:\Users\shrey\.stmcufinder\plugins\mcufinder//mcu/
2024-05-08 09:11:00,456 [WARN] DbFile:41 - Overriding database path with different value: C:\Users\shrey\.stmcufinder\plugins\mcufinder/ => C:\Users\shrey\.stmcufinder\plugins\mcufinder
2024-05-08 09:11:00,456 [WARN] DbFile:41 - Overriding database path with different value: C:\Users\shrey\.stmcufinder\plugins\mcufinder/ => C:\Users\shrey\.stmcufinder\plugins\mcufinder
2024-05-08 09:11:00,456 [INFO] CrossReferenceDbSqlite:203 - Set database path to: C:\Users\shrey\.stmcufinder\plugins\mcufinder//mcu/cs/
2024-05-08 09:11:00,587 [INFO] MainPanel:264 - HeapMemory: 268435456
2024-05-08 09:11:00,682 [INFO] DbMcusXml:78 - Set database path to: C:\ST\STM32CubeIDE_1.15.0\STM32CubeIDE\plugins\com.st.stm32cube.common.mx_6.11.0.202403141607\\db\/mcu/
2024-05-08 09:11:00,682 [INFO] ApiDb:274 - Set plugin database path to: C:\ST\STM32CubeIDE_1.15.0\STM32CubeIDE\plugins\com.st.stm32cube.common.mx_6.11.0.202403141607\\db\/plugins/boardmanager/
2024-05-08 09:11:00,683 [INFO] ApiDb:261 - Set plugin images path to: C:\ST\STM32CubeIDE_1.15.0\STM32CubeIDE\plugins\com.st.stm32cube.common.mx_6.11.0.202403141607\\db\/plugins/mcufinder/images/
2024-05-08 09:11:00,683 [WARN] DbFile:41 - Overriding database path with different value: C:\Users\shrey\.stmcufinder\plugins\mcufinder/ => C:\Users\shrey\.stmcufinder\plugins\mcufinder
2024-05-08 09:11:00,683 [INFO] ApiDb:250 - Set database path to: C:\Users\shrey\.stmcufinder\plugins\mcufinder//mcu/
2024-05-08 09:11:00,683 [WARN] DbFile:41 - Overriding database path with different value: C:\Users\shrey\.stmcufinder\plugins\mcufinder/ => C:\Users\shrey\.stmcufinder\plugins\mcufinder
2024-05-08 09:11:00,684 [INFO] DbMcusAds:125 - Set database path to: C:\Users\shrey\.stmcufinder\plugins\mcufinder//mcu/
2024-05-08 09:11:00,684 [WARN] DbFile:41 - Overriding database path with different value: C:\Users\shrey\.stmcufinder\plugins\mcufinder/ => C:\Users\shrey\.stmcufinder\plugins\mcufinder
2024-05-08 09:11:00,684 [WARN] DbFile:41 - Overriding database path with different value: C:\Users\shrey\.stmcufinder\plugins\mcufinder/ => C:\Users\shrey\.stmcufinder\plugins\mcufinder
2024-05-08 09:11:00,684 [INFO] CrossReferenceDbSqlite:203 - Set database path to: C:\Users\shrey\.stmcufinder\plugins\mcufinder//mcu/cs/
2024-05-08 09:11:00,709 [INFO] ApplicationProperties:184 - Using Application install path: C:\ST\STM32CubeIDE_1.15.0\STM32CubeIDE\plugins\com.st.stm32cube.common.mx_6.11.0.202403141607
2024-05-08 09:11:00,711 [INFO] PluginManage:196 - Search for loadable plugins [exclusion list=, ]
2024-05-08 09:11:00,713 [INFO] PluginManage:310 - Check plugin analytics
2024-05-08 09:11:01,111 [INFO] AnalyticsPlugin:253 - Accepted Software Licenses: 
2024-05-08 09:11:01,112 [INFO] AnalyticsPlugin:255 - Accepted CMSIS Pack Licenses: 
2024-05-08 09:11:01,112 [INFO] AnalyticsPlugin:257 - Accepted Firmware Licenses: 
2024-05-08 09:11:01,121 [INFO] PluginManage:359 - Loaded plugin analytics (category:tool,tabindex:-1)
2024-05-08 09:11:01,122 [INFO] PluginManage:310 - Check plugin cadmodel
2024-05-08 09:11:01,129 [INFO] CADModel:105 - Init CAD model plugin
2024-05-08 09:11:01,129 [INFO] PluginManage:359 - Loaded plugin cadmodel (category:power,tabindex:5)
2024-05-08 09:11:01,130 [INFO] PluginManage:310 - Check plugin clock
2024-05-08 09:11:01,145 [INFO] PluginManage:359 - Loaded plugin clock (category:base,tabindex:2)
2024-05-08 09:11:01,146 [INFO] PluginManage:310 - Check plugin ddr
2024-05-08 09:11:01,149 [INFO] PluginManage:359 - Loaded plugin ddr (category:tool,tabindex:6)
2024-05-08 09:11:01,149 [INFO] PluginManage:310 - Check plugin filemanager
2024-05-08 09:11:01,340 [INFO] PluginManage:359 - Loaded plugin filemanager (category:base,tabindex:10)
2024-05-08 09:11:01,340 [INFO] PluginManage:310 - Check plugin ipmanager
2024-05-08 09:11:01,347 [INFO] PluginManage:359 - Loaded plugin ipmanager (category:base,tabindex:5)
2024-05-08 09:11:01,347 [INFO] PluginManage:310 - Check plugin lpbam
2024-05-08 09:11:01,356 [INFO] PluginManage:359 - Loaded plugin lpbam (category:base,tabindex:0)
2024-05-08 09:11:01,356 [INFO] PluginManage:310 - Check plugin memorymap
2024-05-08 09:11:01,367 [INFO] PluginManage:359 - Loaded plugin memorymap (category:base,tabindex:4)
2024-05-08 09:11:01,367 [INFO] PluginManage:310 - Check plugin pinoutandconfiguration
2024-05-08 09:11:01,373 [INFO] PluginManage:359 - Loaded plugin pinoutandconfiguration (category:base,tabindex:1)
2024-05-08 09:11:01,374 [INFO] PluginManage:310 - Check plugin pinoutconfig
2024-05-08 09:11:01,477 [WARN] SupportedApi:132 - Cannot load RTOS API schema: s4s-elt-must-match.1: The content of 'definitions' must match (annotation?, (simpleType | complexType)?, (unique | key | keyref)*)). A problem was found starting at: attribute.
2024-05-08 09:11:01,621 [INFO] PluginManage:359 - Loaded plugin pinoutconfig (category:base,tabindex:0)
2024-05-08 09:11:01,621 [INFO] PluginManage:310 - Check plugin power
2024-05-08 09:11:01,632 [INFO] PluginManage:359 - Loaded plugin power (category:power,tabindex:4)
2024-05-08 09:11:01,632 [INFO] PluginManage:310 - Check plugin projectmanager
2024-05-08 09:11:01,654 [INFO] PluginManage:359 - Loaded plugin projectmanager (category:projectmanager,tabindex:3)
2024-05-08 09:11:01,654 [INFO] PluginManage:310 - Check plugin thirdparty
2024-05-08 09:11:01,833 [INFO] PluginManage:359 - Loaded plugin thirdparty (category:base,tabindex:-1)
2024-05-08 09:11:01,833 [INFO] PluginManage:310 - Check plugin tools
2024-05-08 09:11:01,833 [WARN] IntegrityCheckThread:84 - waiting for thirdparty lock release [integrity check]
2024-05-08 09:11:01,834 [INFO] IntegrityCheckThread:86 - entering critical section [integrity check]
2024-05-08 09:11:01,835 [INFO] ThirdPartyUpdaterWithRetryManager:70 - Updater plugin not ready yet. [1/15]
2024-05-08 09:11:01,836 [INFO] PluginManage:359 - Loaded plugin tools (category:base,tabindex:7)
2024-05-08 09:11:01,836 [INFO] PluginManage:310 - Check plugin tutovideos
2024-05-08 09:11:02,045 [INFO] PluginManage:359 - Loaded plugin tutovideos (category:base,tabindex:-1)
2024-05-08 09:11:02,045 [INFO] PluginManage:310 - Check plugin updater
2024-05-08 09:11:02,058 [INFO] PluginManage:359 - Loaded plugin updater (category:base,tabindex:12)
2024-05-08 09:11:02,058 [INFO] PluginManage:310 - Check plugin userauth
2024-05-08 09:11:02,064 [INFO] UserAuth:114 - Init User Auth plugin
2024-05-08 09:11:02,064 [INFO] PluginManage:359 - Loaded plugin userauth (category:base,tabindex:14)
2024-05-08 09:11:02,065 [INFO] PluginManage:283 - PluginManage : Loaded plugins [17]
2024-05-08 09:11:02,346 [INFO] PinOutPanel:1561 - setPackage(No Configuration,No Configuration)
2024-05-08 09:11:02,448 [INFO] CADModel:165 - CPN selected for project level
2024-05-08 09:11:02,448 [INFO] CADModel:114 - Register for checkConnection events
2024-05-08 09:11:02,466 [INFO] IPUIPlugin:80 - create IPUIPlugin
2024-05-08 09:11:02,466 [INFO] PluginManager:220 - loadIPPluginJar : add adc
2024-05-08 09:11:02,468 [INFO] IPUIPlugin:80 - create IPUIPlugin
2024-05-08 09:11:02,469 [INFO] PluginManager:220 - loadIPPluginJar : add aes
2024-05-08 09:11:02,471 [INFO] IPUIPlugin:80 - create IPUIPlugin
2024-05-08 09:11:02,471 [INFO] PluginManager:220 - loadIPPluginJar : add can
2024-05-08 09:11:02,472 [INFO] IPUIPlugin:80 - create IPUIPlugin
2024-05-08 09:11:02,472 [INFO] PluginManager:220 - loadIPPluginJar : add comp
2024-05-08 09:11:02,474 [INFO] IPUIPlugin:80 - create IPUIPlugin
2024-05-08 09:11:02,475 [INFO] PluginManager:220 - loadIPPluginJar : add cryp
2024-05-08 09:11:02,476 [INFO] IPUIPlugin:80 - create IPUIPlugin
2024-05-08 09:11:02,477 [INFO] PluginManager:220 - loadIPPluginJar : add dfsdm
2024-05-08 09:11:02,482 [INFO] IPUIPlugin:80 - create IPUIPlugin
2024-05-08 09:11:02,482 [INFO] PluginManager:220 - loadIPPluginJar : add dma
2024-05-08 09:11:02,484 [INFO] IPUIPlugin:80 - create IPUIPlugin
2024-05-08 09:11:02,484 [INFO] PluginManager:220 - loadIPPluginJar : add dma3
2024-05-08 09:11:02,487 [INFO] IPUIPlugin:80 - create IPUIPlugin
2024-05-08 09:11:02,487 [INFO] PluginManager:220 - loadIPPluginJar : add extmemmanager
2024-05-08 09:11:02,488 [INFO] IPUIPlugin:80 - create IPUIPlugin
2024-05-08 09:11:02,488 [INFO] PluginManager:220 - loadIPPluginJar : add fatfs
2024-05-08 09:11:02,492 [INFO] IPUIPlugin:80 - create IPUIPlugin
2024-05-08 09:11:02,492 [INFO] PluginManager:220 - loadIPPluginJar : add fmc
2024-05-08 09:11:02,497 [INFO] IPUIPlugin:80 - create IPUIPlugin
2024-05-08 09:11:02,497 [INFO] PluginManager:220 - loadIPPluginJar : add freertos
2024-05-08 09:11:02,499 [INFO] IPUIPlugin:80 - create IPUIPlugin
2024-05-08 09:11:02,499 [INFO] PluginManager:220 - loadIPPluginJar : add genericplugin
2024-05-08 09:11:02,501 [INFO] IPUIPlugin:80 - create IPUIPlugin
2024-05-08 09:11:02,501 [INFO] PluginManager:220 - loadIPPluginJar : add gfxmmu
2024-05-08 09:11:02,506 [INFO] IPUIPlugin:80 - create IPUIPlugin
2024-05-08 09:11:02,506 [INFO] PluginManager:220 - loadIPPluginJar : add gic
2024-05-08 09:11:02,510 [INFO] IPUIPlugin:80 - create IPUIPlugin
2024-05-08 09:11:02,510 [INFO] PluginManager:220 - loadIPPluginJar : add gpio
2024-05-08 09:11:02,513 [INFO] IPUIPlugin:80 - create IPUIPlugin
2024-05-08 09:11:02,513 [INFO] PluginManager:220 - loadIPPluginJar : add gtzc
2024-05-08 09:11:02,515 [INFO] IPUIPlugin:80 - create IPUIPlugin
2024-05-08 09:11:02,516 [INFO] PluginManager:220 - loadIPPluginJar : add hash
2024-05-08 09:11:02,519 [INFO] IPUIPlugin:80 - create IPUIPlugin
2024-05-08 09:11:02,519 [INFO] PluginManager:220 - loadIPPluginJar : add i2c
2024-05-08 09:11:02,522 [INFO] IPUIPlugin:80 - create IPUIPlugin
2024-05-08 09:11:02,522 [INFO] PluginManager:220 - loadIPPluginJar : add i2s
2024-05-08 09:11:02,525 [INFO] IPUIPlugin:80 - create IPUIPlugin
2024-05-08 09:11:02,525 [INFO] PluginManager:220 - loadIPPluginJar : add i3c
2024-05-08 09:11:02,529 [INFO] IPUIPlugin:80 - create IPUIPlugin
2024-05-08 09:11:02,529 [INFO] PluginManager:220 - loadIPPluginJar : add ipddr
2024-05-08 09:11:02,538 [INFO] IPUIPlugin:80 - create IPUIPlugin
2024-05-08 09:11:02,539 [INFO] PluginManager:220 - loadIPPluginJar : add linkedlist
2024-05-08 09:11:02,542 [INFO] IPUIPlugin:80 - create IPUIPlugin
2024-05-08 09:11:02,542 [INFO] PluginManager:220 - loadIPPluginJar : add lorawan
2024-05-08 09:11:02,544 [INFO] IPUIPlugin:80 - create IPUIPlugin
2024-05-08 09:11:02,544 [INFO] PluginManager:220 - loadIPPluginJar : add ltdc
2024-05-08 09:11:02,552 [INFO] IPUIPlugin:80 - create IPUIPlugin
2024-05-08 09:11:02,552 [INFO] PluginManager:220 - loadIPPluginJar : add mdma
2024-05-08 09:11:02,560 [INFO] IPUIPlugin:80 - create IPUIPlugin
2024-05-08 09:11:02,560 [INFO] PluginManager:220 - loadIPPluginJar : add nvic
2024-05-08 09:11:02,564 [INFO] IPUIPlugin:80 - create IPUIPlugin
2024-05-08 09:11:02,564 [INFO] PluginManager:220 - loadIPPluginJar : add opamp
2024-05-08 09:11:02,568 [INFO] IPUIPlugin:80 - create IPUIPlugin
2024-05-08 09:11:02,568 [INFO] PluginManager:220 - loadIPPluginJar : add openamp
2024-05-08 09:11:02,571 [INFO] IPUIPlugin:80 - create IPUIPlugin
2024-05-08 09:11:02,571 [INFO] PluginManager:220 - loadIPPluginJar : add pdm2pcm
2024-05-08 09:11:02,578 [INFO] IPUIPlugin:80 - create IPUIPlugin
2024-05-08 09:11:02,582 [INFO] PluginManager:220 - loadIPPluginJar : add plateformsettings
2024-05-08 09:11:02,584 [INFO] IPUIPlugin:80 - create IPUIPlugin
2024-05-08 09:11:02,584 [INFO] PluginManager:220 - loadIPPluginJar : add quadspi
2024-05-08 09:11:02,588 [INFO] IPUIPlugin:80 - create IPUIPlugin
2024-05-08 09:11:02,589 [INFO] PluginManager:220 - loadIPPluginJar : add resmgrutility
2024-05-08 09:11:02,593 [INFO] IPUIPlugin:80 - create IPUIPlugin
2024-05-08 09:11:02,593 [INFO] PluginManager:220 - loadIPPluginJar : add sai
2024-05-08 09:11:02,595 [INFO] IPUIPlugin:80 - create IPUIPlugin
2024-05-08 09:11:02,596 [INFO] PluginManager:220 - loadIPPluginJar : add spi
2024-05-08 09:11:02,601 [INFO] IPUIPlugin:80 - create IPUIPlugin
2024-05-08 09:11:02,602 [INFO] PluginManager:220 - loadIPPluginJar : add stm32_wpan
2024-05-08 09:11:02,604 [INFO] IPUIPlugin:80 - create IPUIPlugin
2024-05-08 09:11:02,604 [INFO] PluginManager:220 - loadIPPluginJar : add tim
2024-05-08 09:11:02,607 [INFO] IPUIPlugin:80 - create IPUIPlugin
2024-05-08 09:11:02,607 [INFO] PluginManager:220 - loadIPPluginJar : add touchsensing
2024-05-08 09:11:02,609 [INFO] IPUIPlugin:80 - create IPUIPlugin
2024-05-08 09:11:02,610 [INFO] PluginManager:220 - loadIPPluginJar : add tracer_emb
2024-05-08 09:11:02,611 [INFO] IPUIPlugin:80 - create IPUIPlugin
2024-05-08 09:11:02,611 [INFO] PluginManager:220 - loadIPPluginJar : add ts
2024-05-08 09:11:02,613 [INFO] IPUIPlugin:80 - create IPUIPlugin
2024-05-08 09:11:02,613 [INFO] PluginManager:220 - loadIPPluginJar : add tsc
2024-05-08 09:11:02,614 [INFO] IPUIPlugin:80 - create IPUIPlugin
2024-05-08 09:11:02,615 [INFO] PluginManager:220 - loadIPPluginJar : add ucpd
2024-05-08 09:11:02,617 [INFO] IPUIPlugin:80 - create IPUIPlugin
2024-05-08 09:11:02,618 [INFO] PluginManager:220 - loadIPPluginJar : add usart
2024-05-08 09:11:02,620 [INFO] IPUIPlugin:80 - create IPUIPlugin
2024-05-08 09:11:02,620 [INFO] PluginManager:220 - loadIPPluginJar : add usbx
2024-05-08 09:11:02,765 [INFO] CADModel:165 - CPN selected for project level
2024-05-08 09:11:02,765 [INFO] CADModel:114 - Register for checkConnection events
2024-05-08 09:11:02,765 [FATAL] Updater:308 - Updater called before beeing initialized
2024-05-08 09:11:02,765 [ERROR] CADModel:125 - Updater not yet initialized, retry later 
2024-05-08 09:11:02,910 [INFO] CADModel:165 - CPN selected for project level
2024-05-08 09:11:02,910 [INFO] CADModel:114 - Register for checkConnection events
2024-05-08 09:11:02,910 [FATAL] Updater:308 - Updater called before beeing initialized
2024-05-08 09:11:02,910 [ERROR] CADModel:125 - Updater not yet initialized, retry later 
2024-05-08 09:11:02,915 [FATAL] Updater:308 - Updater called before beeing initialized
2024-05-08 09:11:03,073 [FATAL] Updater:308 - Updater called before beeing initialized
2024-05-08 09:11:03,077 [INFO] DbMcusAds:53 - JSON generation date=Thu May 02 14:07:29 IST 2024 (1714639049318)
2024-05-08 09:11:03,078 [FATAL] Updater:308 - Updater called before beeing initialized
2024-05-08 09:11:03,115 [WARN] DetailPanel:346 - Failed to get advertising image, set to default
2024-05-08 09:11:03,312 [FATAL] Updater:308 - Updater called before beeing initialized
2024-05-08 09:11:03,315 [FATAL] Updater:308 - Updater called before beeing initialized
2024-05-08 09:11:03,315 [FATAL] Updater:308 - Updater called before beeing initialized
2024-05-08 09:11:03,315 [WARN] DetailPanel:346 - Failed to get advertising image, set to default
2024-05-08 09:11:03,317 [FATAL] Updater:308 - Updater called before beeing initialized
2024-05-08 09:11:03,423 [ERROR] Updater:1120 - MainUpdater not yet initialized. External WinMGr cannot be set.
2024-05-08 09:11:03,428 [INFO] Updater:1056 - Updater Version found : 6.11.0
2024-05-08 09:11:03,527 [INFO] ApplicationProperties:184 - Using Application install path: C:\ST\STM32CubeIDE_1.15.0\STM32CubeIDE\plugins\com.st.stm32cube.common.mx_6.11.0.202403141607
2024-05-08 09:11:04,836 [INFO] ThirdPartyUpdaterWithRetryManager:70 - Updater plugin not ready yet. [2/15]
2024-05-08 09:11:05,111 [ERROR] LogOutputStream:75 - [STDERR_REDIRECT] May 08, 2024 9:11:05 AM java.util.prefs.WindowsPreferences <init>
2024-05-08 09:11:05,112 [ERROR] LogOutputStream:75 - [STDERR_REDIRECT] WARNING: Could not open/create prefs root node Software\JavaSoft\Prefs at root 0xffffffff80000002. Windows RegCreateKeyEx(...) returned error code 5.
2024-05-08 09:11:05,113 [ERROR] LogOutputStream:75 - [STDERR_REDIRECT] 
2024-05-08 09:11:05,475 [INFO] MainUpdater:2873 - connection check result : 10
2024-05-08 09:11:05,476 [INFO] MainUpdater:290 - Updater Check For Update Now.
2024-05-08 09:11:05,476 [INFO] MicroXplorer:498 - Change Database Version : DB.6.0.110
2024-05-08 09:11:05,483 [INFO] McuFinderGlobals:63 - Set McuFinder mode to 2 (CubeIDE integrated)
2024-05-08 09:11:05,493 [INFO] UserAuth:415 - Internet connection configuration mode: 1
2024-05-08 09:11:05,514 [INFO] JxBrowserEngine:152 - Initiate JxBrowser Engine with user profile folder
2024-05-08 09:11:05,676 [INFO] CheckServerUpdateThread:120 - End of CheckServer Thread
2024-05-08 09:11:06,224 [INFO] WebApp:161 - Instantiating new browser for Auth
2024-05-08 09:11:07,132 [INFO] WebApp:779 - Register for checkConnection events
2024-05-08 09:11:07,133 [INFO] WebApp:414 - Apply proxy settings
2024-05-08 09:11:07,133 [INFO] WebApp:499 - Chromium requires no authentication
2024-05-08 09:11:07,141 [INFO] WebApp:442 - Direct internet connection detected
2024-05-08 09:11:07,328 [INFO] WebApp:192 - Starting web application
2024-05-08 09:11:07,328 [INFO] WebApp:544 - Web application path used C:\ST\STM32CubeIDE_1.15.0\STM32CubeIDE\plugins\com.st.stm32cube.common.mx_6.11.0.202403141607\db\plugins\mcufinder\reactClient1\index.html
2024-05-08 09:11:08,095 [WARN] PackLoader:240 - Cannot read IP mode file for STMicroelectronics.FP-SNS-MOTENVWB1.1.4.0
2024-05-08 09:11:08,122 [WARN] PackLoader:240 - Cannot read IP mode file for STMicroelectronics.X-CUBE-SMBUS.2.1.0
2024-05-08 09:11:08,129 [WARN] PackLoader:240 - Cannot read IP mode file for STMicroelectronics.X-CUBE-TOUCHGFX.4.23.1
2024-05-08 09:11:08,135 [WARN] PackLoader:240 - Cannot read IP mode file for STMicroelectronics.X-CUBE-TOUCHGFX.4.23.0
2024-05-08 09:11:08,139 [WARN] PackLoader:240 - Cannot read IP mode file for STMicroelectronics.X-CUBE-TOUCHGFX.4.23.2
2024-05-08 09:11:08,204 [WARN] PackLoader:240 - Cannot read IP mode file for STMicroelectronics.X-CUBE-AZRTOS-F7.1.1.0
2024-05-08 09:11:08,235 [WARN] PackLoader:240 - Cannot read IP mode file for STMicroelectronics.FP-SNS-MOTENV1.4.3.2
2024-05-08 09:11:08,249 [WARN] PackLoader:240 - Cannot read IP mode file for STMicroelectronics.FP-SNS-FLIGHT1.5.0.2
2024-05-08 09:11:08,269 [WARN] PackLoader:240 - Cannot read IP mode file for STMicroelectronics.X-CUBE-DISPLAY.3.0.0
2024-05-08 09:11:08,300 [WARN] PackLoader:240 - Cannot read IP mode file for STMicroelectronics.X-CUBE-BLE1.7.0.0
2024-05-08 09:11:08,314 [WARN] PackLoader:240 - Cannot read IP mode file for emotas.I-CUBE-CANOPEN.1.3.0
2024-05-08 09:11:08,338 [WARN] PackLoader:240 - Cannot read IP mode file for STMicroelectronics.X-CUBE-BLEMGR.3.1.0
2024-05-08 09:11:08,353 [WARN] PackLoader:240 - Cannot read IP mode file for STMicroelectronics.FP-SNS-SMARTAG2.1.2.0
2024-05-08 09:11:08,374 [INFO] LogOutputStream:77 - [STDOUT_REDIRECT] 1 : Invalid condition id : UX_CORESTACK_Condition cause : null
2024-05-08 09:11:08,375 [INFO] LogOutputStream:77 - [STDOUT_REDIRECT] 1 : Invalid condition id : UX_CORESTACK_Condition cause : null
2024-05-08 09:11:08,376 [INFO] LogOutputStream:77 - [STDOUT_REDIRECT] 1 : Invalid condition id : UX_CORESTACK_Condition cause : null
2024-05-08 09:11:08,378 [INFO] LogOutputStream:77 - [STDOUT_REDIRECT] 1 : Invalid condition id : UX_CORESTACK_Condition cause : null
2024-05-08 09:11:08,380 [INFO] LogOutputStream:77 - [STDOUT_REDIRECT] 1 : Invalid condition id : UX_CORESTACK_Condition cause : null
2024-05-08 09:11:08,397 [WARN] PackLoader:240 - Cannot read IP mode file for STMicroelectronics.X-CUBE-AZRTOS-WL.2.0.0
2024-05-08 09:11:08,407 [WARN] PackLoader:240 - Cannot read IP mode file for STMicroelectronics.FP-SNS-MOTENV1.5.0.0
2024-05-08 09:11:08,421 [WARN] PackLoader:240 - Cannot read IP mode file for WES.I-CUBE-Cesium.1.3.0
2024-05-08 09:11:08,428 [WARN] PackLoader:240 - Cannot read IP mode file for STMicroelectronics.X-CUBE-BLE2.3.3.0
2024-05-08 09:11:08,438 [WARN] PackLoader:240 - Cannot read IP mode file for STMicroelectronics.X-CUBE-TCPP.4.1.0
2024-05-08 09:11:08,458 [WARN] PackLoader:240 - Cannot read IP mode file for STMicroelectronics.X-CUBE-ALGOBUILD.1.3.0
2024-05-08 09:11:08,491 [WARN] PackLoader:240 - Cannot read IP mode file for STMicroelectronics.X-CUBE-AZRTOS-G0.1.1.0
2024-05-08 09:11:08,503 [WARN] PackLoader:240 - Cannot read IP mode file for STMicroelectronics.X-CUBE-SAFEA1.1.2.2
2024-05-08 09:11:08,509 [WARN] PackLoader:240 - Cannot read IP mode file for STMicroelectronics.X-CUBE-NFC4.3.0.0
2024-05-08 09:11:08,520 [WARN] PackLoader:240 - Cannot read IP mode file for STMicroelectronics.FP-ATR-SIGFOX1.3.2.0
2024-05-08 09:11:08,530 [WARN] PackLoader:240 - Cannot read IP mode file for STMicroelectronics.X-CUBE-EEPRMA1.5.1.0
2024-05-08 09:11:08,634 [WARN] PackLoader:240 - Cannot read IP mode file for SEGGER.I-CUBE-embOS.1.3.1
2024-05-08 09:11:08,715 [WARN] PackLoader:240 - Cannot read IP mode file for STMicroelectronics.X-CUBE-GNSS1.6.0.0
2024-05-08 09:11:08,753 [WARN] PackLoader:240 - Cannot read IP mode file for STMicroelectronics.X-CUBE-AZRTOS-F4.1.1.0
2024-05-08 09:11:08,767 [WARN] PackLoader:240 - Cannot read IP mode file for STMicroelectronics.X-CUBE-FREERTOS.1.2.0
2024-05-08 09:11:08,777 [WARN] PackLoader:240 - Cannot read IP mode file for wolfSSL.I-CUBE-wolfSSL.5.6.6
2024-05-08 09:11:08,807 [WARN] PackLoader:240 - Cannot read IP mode file for STMicroelectronics.X-CUBE-AZRTOS-L5.2.0.0
2024-05-08 09:11:08,827 [WARN] PackLoader:240 - Cannot read IP mode file for STMicroelectronics.X-CUBE-NFC6.3.1.0
2024-05-08 09:11:08,844 [WARN] PackLoader:240 - Cannot read IP mode file for ITTIA_DB.I-CUBE-ITTIADB.8.8.0
2024-05-08 09:11:08,889 [WARN] PackLoader:240 - Cannot read IP mode file for STMicroelectronics.X-CUBE-AI.9.0.0
2024-05-08 09:11:08,895 [WARN] PackLoader:240 - Cannot read IP mode file for STMicroelectronics.X-CUBE-NFC7.1.0.1
2024-05-08 09:11:08,906 [WARN] PackLoader:240 - Cannot read IP mode file for STMicroelectronics.X-CUBE-AI.8.1.0
2024-05-08 09:11:08,941 [WARN] ConditionMgr:438 - getConditionDescription Invalid condition id : LAN8742 Phy interface Condition cause : null
2024-05-08 09:11:08,942 [WARN] PackLoader:240 - Cannot read IP mode file for STMicroelectronics.X-CUBE-AZRTOS-L4.2.0.0
2024-05-08 09:11:08,943 [WARN] ConditionMgr:1039 - genDependencies : Invalid condition id : LAN8742 Phy interface Condition cause : null
2024-05-08 09:11:08,944 [WARN] ConditionMgr:1039 - genDependencies : Invalid condition id : LAN8742 Phy interface Condition cause : null
2024-05-08 09:11:08,945 [WARN] ConditionMgr:1039 - genDependencies : Invalid condition id : LAN8742 Phy interface Condition cause : null
2024-05-08 09:11:08,973 [WARN] PackLoader:240 - Cannot read IP mode file for STMicroelectronics.X-CUBE-SFXS2LP1.4.0.0
2024-05-08 09:11:09,017 [WARN] ConditionMgr:438 - getConditionDescription Invalid condition id : UX DEVICE CLASS RTOS Condition cause : null
2024-05-08 09:11:09,018 [WARN] ConditionMgr:438 - getConditionDescription Invalid condition id : UX DEVICE CLASS RTOS Condition cause : null
2024-05-08 09:11:09,021 [WARN] PackLoader:240 - Cannot read IP mode file for STMicroelectronics.X-CUBE-AZRTOS-WB.2.0.0
2024-05-08 09:11:09,022 [WARN] ConditionMgr:1039 - genDependencies : Invalid condition id : UX DEVICE CLASS RTOS Condition cause : null
2024-05-08 09:11:09,022 [WARN] ConditionMgr:1039 - genDependencies : Invalid condition id : UX DEVICE CLASS RTOS Condition cause : null
2024-05-08 09:11:09,023 [WARN] ConditionMgr:1039 - genDependencies : Invalid condition id : UX DEVICE CLASS RTOS Condition cause : null
2024-05-08 09:11:09,023 [WARN] ConditionMgr:1039 - genDependencies : Invalid condition id : UX DEVICE CLASS RTOS Condition cause : null
2024-05-08 09:11:09,023 [WARN] ConditionMgr:1039 - genDependencies : Invalid condition id : UX DEVICE CLASS RTOS Condition cause : null
2024-05-08 09:11:09,042 [WARN] PackLoader:240 - Cannot read IP mode file for STMicroelectronics.X-CUBE-SUBG2.5.0.0
2024-05-08 09:11:09,076 [WARN] PackLoader:240 - Cannot read IP mode file for STMicroelectronics.X-CUBE-AZRTOS-G4.2.0.0
2024-05-08 09:11:09,099 [WARN] PackLoader:240 - Cannot read IP mode file for Infineon.AIROC-Wi-Fi-Bluetooth-STM32.1.5.1
2024-05-08 09:11:09,111 [WARN] PackLoader:240 - Cannot read IP mode file for STMicroelectronics.FP-SNS-MOTENVWB1.1.3.1
2024-05-08 09:11:09,123 [WARN] PackLoader:240 - Cannot read IP mode file for STMicroelectronics.X-CUBE-ISPU.2.0.0
2024-05-08 09:11:09,210 [WARN] PackLoader:240 - Cannot read IP mode file for STMicroelectronics.X-CUBE-MEMS1.10.0.0
2024-05-08 09:11:09,488 [WARN] PackLoader:240 - Cannot read IP mode file for STMicroelectronics.X-CUBE-FREERTOS.1.1.0
2024-05-08 09:11:09,498 [WARN] PackLoader:240 - Cannot read IP mode file for portGmbH.I-Cube-SoM-uGOAL.1.1.0
2024-05-08 09:11:09,507 [WARN] PackLoader:240 - Cannot read IP mode file for STMicroelectronics.X-CUBE-ALS.1.0.1
2024-05-08 09:11:09,604 [WARN] PackLoader:240 - Cannot read IP mode file for STMicroelectronics.X-CUBE-AZRTOS-H7RS.1.0.0
2024-05-08 09:11:09,612 [WARN] PackLoader:240 - Cannot read IP mode file for STMicroelectronics.FP-ATR-ASTRA1.2.0.0
2024-05-08 09:11:09,627 [WARN] PackLoader:240 - Cannot read IP mode file for STMicroelectronics.X-CUBE-TOF1.3.4.1
2024-05-08 09:11:09,713 [WARN] PackLoader:240 - Cannot read IP mode file for STMicroelectronics.X-CUBE-AZRTOS-H7.3.2.0
2024-05-08 09:11:09,718 [INFO] ThirdParty:978 - Integrity check success = true
2024-05-08 09:11:09,718 [INFO] IntegrityCheckThread:100 - exiting critical section [integrity check]
2024-05-08 09:11:09,718 [INFO] IntegrityCheckThread:103 - End integrity checks thread
2024-05-08 18:27:07,056 [INFO] McuFinderGlobals:63 - Set McuFinder mode to 2 (CubeIDE integrated)
2024-05-08 18:27:08,222 [INFO] MainUpdater:2873 - connection check result : 10
2024-05-08 18:27:08,346 [INFO] McuFinderGlobals:76 - Set McuFinderConnectedMode to true
2024-05-08 18:27:09,072 [INFO] ServerAccessManage:473 - Download File mcusAds.json._tmp_
2024-05-08 18:27:09,205 [INFO] LoadUrlFilesThread:156 - End of LoadUrlFiles Thread
2024-05-08 18:27:09,946 [INFO] ServerAccessManage:473 - Download File cube-finder-db.zip
2024-05-08 18:27:27,707 [INFO] FileExtend:240 - Unzip File : cube-finder-db.zip
2024-05-08 18:27:27,709 [INFO] FileExtend:255 - Standard Zip Deflate
2024-05-08 18:27:30,838 [INFO] LoadUrlFilesThread:156 - End of LoadUrlFiles Thread
2024-05-08 18:27:31,859 [INFO] ServerAccessManage:473 - Download File crdb.zip
2024-05-08 18:27:34,420 [INFO] FileExtend:240 - Unzip File : crdb.zip
2024-05-08 18:27:34,420 [INFO] FileExtend:255 - Standard Zip Deflate
2024-05-08 18:27:34,617 [INFO] LoadUrlFilesThread:156 - End of LoadUrlFiles Thread
2024-05-08 18:27:35,067 [INFO] ServerAccessManage:473 - Download File tutoVideoDB.zip
2024-05-08 18:27:35,191 [INFO] FileExtend:240 - Unzip File : tutoVideoDB.zip
2024-05-08 18:27:35,192 [INFO] FileExtend:255 - Standard Zip Deflate
2024-05-08 18:27:35,330 [INFO] LoadUrlFilesThread:156 - End of LoadUrlFiles Thread
2024-05-08 18:27:35,337 [WARN] DbFile:41 - Overriding database path with different value: C:\Users\shrey\.stmcufinder\plugins\mcufinder/ => C:\Users\shrey\.stmcufinder\plugins\mcufinder
2024-05-08 18:27:35,529 [INFO] ServerAccessManage:473 - Download File api_config.json
2024-05-08 18:27:35,640 [INFO] LoadUrlFilesThread:156 - End of LoadUrlFiles Thread
2024-05-08 18:27:35,664 [INFO] DbMcusAds:53 - JSON generation date=Thu May 02 14:07:29 IST 2024 (1714639049318)
2024-05-08 18:27:35,750 [INFO] LoadUrlFilesThread:185 - End of LoadServerUrlFiles without Thread
2024-05-08 18:27:35,753 [INFO] TargetSelectorAdapter:259 - Refresh data is successful
2024-05-08 18:27:37,819 [INFO] ApiDb:581 - Connected to CubeFinder SQLite database (C:\Users\shrey\.stmcufinder\plugins\mcufinder\mcu\cube-finder-db.db)
2024-05-08 18:27:37,946 [INFO] ApiDb:668 - CubeFinder database Data Model version=2.1
2024-05-08 18:27:37,946 [INFO] ApiDb:669 - CubeFinder database Configuration version=3.0.39
2024-05-08 18:27:37,949 [INFO] ApiDb:670 - CubeFinder database generation date=2024-04-15 (1713193726)
2024-05-08 18:27:37,949 [INFO] ApiDb:671 - CubeFinder database FW Pack versions=[FP-ATR-ASTRA1_V2.0.0, FP-SNS-FLIGHT1_V5.0.1, FP-SNS-FLIGHT1_V5.0.2, FP-SNS-MOTENV1_V4.3.1, FP-SNS-MOTENV1_V4.3.2, FP-SNS-MOTENVWB1_V1.3.1, FP-SNS-SMARTAG2_V1.2.0, STM32Cube_FW_C0_V1.1.0, STM32Cube_FW_F4_V1.28.0, STM32Cube_FW_F7_V1.17.0, STM32Cube_FW_G0_V1.6.2, STM32Cube_FW_G4_V1.5.2, STM32Cube_FW_H5_V0.5.1, STM32Cube_FW_H5_V1.1.1, STM32Cube_FW_H5_V1.2.0, STM32Cube_FW_H5_V1.2.0RC4, STM32Cube_FW_H7RS_V1.0.0, STM32Cube_FW_H7RS_V1.0.0RC4, STM32Cube_FW_H7_V1.11.0, STM32Cube_FW_L0_V1.12.2, STM32Cube_FW_L5_V1.5.1, STM32Cube_FW_U0_V1.0.0, STM32Cube_FW_U0_V1.0.0RC1, STM32Cube_FW_U5_V1.3.0RC4, STM32Cube_FW_U5_V1.5.0, STM32Cube_FW_U5_V1.5.0RC1, STM32Cube_FW_WBA_V1.0.0RC1, STM32Cube_FW_WBA_V1.2.0, STM32Cube_FW_WBA_V1.2.0RC2, STM32Cube_FW_WBA_V1.3.0, STM32Cube_FW_WBA_V1.3.0RC1, STM32Cube_FW_WB_V1.15.0RC1, STM32Cube_FW_WB_V1.16.0, STM32Cube_FW_WB_V1.16.0RC2, STM32Cube_FW_WB_V1.18.0, STM32Cube_FW_WB_V1.19.0, STM32Cube_FW_WL_V1.3.0, X-CUBE-ALGOBUILD_V1.3.0, X-CUBE-ALS_V1.0.1, X-CUBE-AZRTOS-F4_V1.1.0, X-CUBE-AZRTOS-F7_V1.1.0, X-CUBE-AZRTOS-G0_V1.1.0, X-CUBE-AZRTOS-G4_V2.0.0, X-CUBE-AZRTOS-H7_V3.2.0, X-CUBE-AZRTOS-L4_V1.0.0, X-CUBE-AZRTOS-L4_V2.0.0, X-CUBE-AZRTOS-L5_V1.1.0, X-CUBE-AZRTOS-WB_V2.0.0, X-CUBE-AZRTOS-WL_V2.0.0, X-CUBE-BLE1_V7.0.0, X-CUBE-BLE2_V3.3.0, X-CUBE-BLEMGR_V3.1.0, X-CUBE-EEPRMA1_V4.1.0, X-CUBE-EEPRMA1_V5.1.0, X-CUBE-FREERTOS_V1.1.0, X-CUBE-GNSS1_V6.0.0, X-CUBE-MEMS1_V10.0.0, X-CUBE-MEMS1_V9.1.0, X-CUBE-MEMS1_V9.4.0, X-CUBE-MEMS1_V9.6.0, X-CUBE-NFC4_V3.0.0, X-CUBE-NFC7_V1.0.1, X-CUBE-SFXS2LP1_V4.0.0, X-CUBE-SUBG2_V5.0.0, X-CUBE-TOF1_V3.4.0]
2024-05-08 18:27:41,784 [INFO] ApiDb:240 - Found 483 in-development CPN: [B-G473E-ZEST1S, B-WB1M-WPAN1, B-WL5M-SUBG1, NUCLEO-C031C6, NUCLEO-H503RB, NUCLEO-H533RE, NUCLEO-H563ZI, NUCLEO-H7S3L8, NUCLEO-U031R8, NUCLEO-U083RC, NUCLEO-U545RE-Q, NUCLEO-U5A5ZJ-Q, NUCLEO-WBA52CG, NUCLEO-WBA55CG, STEVAL-PROTEUS1, STEVAL-SMARTAG2, STEVAL-STWINBX1, STM320518-EVAL, STM32C0116-DK, STM32C011D6Y3TR, STM32C011D6Y6TR, STM32C011F4P3, STM32C011F4P6, STM32C011F4U3, STM32C011F4U6TR, STM32C011F6P3, STM32C011F6P6, STM32C011F6U3, STM32C011F6U6TR, STM32C011J4M3, STM32C011J4M6, STM32C011J6M3, STM32C011J6M6, STM32C0316-DK, STM32C031C4T3, STM32C031C4T6, STM32C031C4U3, STM32C031C4U6, STM32C031C6T3, STM32C031C6T6, STM32C031C6U3, STM32C031C6U6, STM32C031F4P3, STM32C031F4P6, STM32C031F6P3, STM32C031F6P6, STM32C031G4U3, STM32C031G4U6, STM32C031G6U3, STM32C031G6U6, STM32C031K4T3, STM32C031K4T6, STM32C031K4U3, STM32C031K4U6, STM32C031K6T3, STM32C031K6T6, STM32C031K6U3, STM32C031K6U6, STM32G071K8TXN, STM32G071K8UXN, STM32G081GBU6N, STM32G081KBT6N, STM32G081KBUXN, STM32G0B1CCT6N, STM32G0B1KCT6, STM32G0B1NEY6TR, STM32G0B1RCT6N, STM32G0C1CCT6, STM32G0C1CCT6N, STM32G0C1CCU6N, STM32G0C1CET6N, STM32G0C1CEU6N, STM32G0C1KCT6, STM32G0C1NEY6TR, STM32G0C1RCI6N, STM32G0C1RCT6N, STM32G0C1REI6N, STM32G0C1RET6N, STM32G0C1VCI6, STM32G0C1VEI6, STM32G471CCT6, STM32G471CCU6, STM32G471CET3, STM32G471CET6, STM32G471CEU3, STM32G471CEU6, STM32G471MCT6, STM32G471MET3, STM32G471MET6, STM32G471MEY6TR, STM32G471QCT6, STM32G471QET3, STM32G471RCT6, STM32G471RET3, STM32G471RET6, STM32G471VCH6, STM32G471VCI6, STM32G471VCT6, STM32G471VEH3, STM32G471VEH6, STM32G471VEI3, STM32G471VEI6, STM32G471VET3, STM32G471VET6, STM32G474CCT6, STM32H503CBT6, STM32H503CBU6, STM32H503EBY6TR, STM32H503KBU6, STM32H503RBT6, STM32H523CCT6, STM32H523CCU6, STM32H523CET6, STM32H523CEU6, STM32H523HEY6TR, STM32H523RCT6, STM32H523RET6, STM32H523VCI6, STM32H523VCT6, STM32H523VEI6, STM32H523VET6, STM32H523ZCJ6, STM32H523ZCT6, STM32H523ZEJ6, STM32H523ZET6, STM32H533CET6, STM32H533CEU6, STM32H533HEY6TR, STM32H533RET6, STM32H533VEI6, STM32H533VET6, STM32H533ZEJ6, STM32H533ZET6, STM32H562AGI6, STM32H562AII6, STM32H562IGK6, STM32H562IGT6, STM32H562IIK6, STM32H562IIT6, STM32H562RGT6, STM32H562RGV6, STM32H562RIT6, STM32H562RIV6, STM32H562VGT6, STM32H562VIT6, STM32H562ZGT6, STM32H562ZIT6, STM32H563AGI6, STM32H563AII3Q, STM32H563AII6, STM32H563IGK6, STM32H563IGT6, STM32H563IIK3Q, STM32H563IIK6, STM32H563IIT3Q, STM32H563IIT6, STM32H563MIY3QTR, STM32H563RGT6, STM32H563RGV6, STM32H563RIT6, STM32H563RIV6, STM32H563VGT6, STM32H563VIT3Q, STM32H563VIT6, STM32H563ZGT6, STM32H563ZIT3Q, STM32H563ZIT6, STM32H573AII3Q, STM32H573AII6, STM32H573I-DK, STM32H573IIK3Q, STM32H573IIK6, STM32H573IIT3Q, STM32H573IIT6, STM32H573MIY3QTR, STM32H573RIT6, STM32H573RIV6, STM32H573VIT3Q, STM32H573VIT6, STM32H573ZIT3Q, STM32H573ZIT6, STM32H7R3A8I6, STM32H7R3I8K6, STM32H7R3I8T6, STM32H7R3L8H6, STM32H7R3L8H6H, STM32H7R3R8V6, STM32H7R3V8H6, STM32H7R3V8T6, STM32H7R3V8Y6, STM32H7R3Z8J6, STM32H7R3Z8T6, STM32H7R7A8I6, STM32H7R7I8K6, STM32H7R7I8T6, STM32H7R7L8H6, STM32H7R7L8H6H, STM32H7R7Z8J6, STM32H7S3A8I6, STM32H7S3I8K6, STM32H7S3I8T6, STM32H7S3L8H6, STM32H7S3L8H6H, STM32H7S3R8V6, STM32H7S3V8H6, STM32H7S3V8T6, STM32H7S3V8Y6, STM32H7S3Z8J6, STM32H7S3Z8T6, STM32H7S78-DK, STM32H7S7A8I6, STM32H7S7I8K6, STM32H7S7I8T6, STM32H7S7L8H6, STM32H7S7L8H6H, STM32H7S7Z8J6, STM32L4R5QGI6STR, STM32MP131AAE3, STM32MP131AAF3, STM32MP131AAG3, STM32MP131CAE3, STM32MP131CAF3, STM32MP131CAG3, STM32MP131DAE7, STM32MP131DAF7, STM32MP131DAG7, STM32MP131FAE7, STM32MP131FAF7, STM32MP131FAG7, STM32MP133AAE3, STM32MP133AAF3, STM32MP133AAG3, STM32MP133CAE3, STM32MP133CAF3, STM32MP133CAG3, STM32MP133DAE7, STM32MP133DAF7, STM32MP133DAG7, STM32MP133FAE7, STM32MP133FAF7, STM32MP133FAG7, STM32MP135AAE3, STM32MP135AAF3, STM32MP135AAG3, STM32MP135CAE3, STM32MP135CAF3, STM32MP135CAG3, STM32MP135DAE7, STM32MP135DAF7, STM32MP135DAG7, STM32MP135F-DK, STM32MP135FAE7, STM32MP135FAF7, STM32MP135FAF7T, STM32MP135FAF7U, STM32MP135FAG7, STM32U031C6T6, STM32U031C6U6, STM32U031C8T6, STM32U031C8U6, STM32U031F4P6, STM32U031F6P6, STM32U031F8P6, STM32U031G6Y6TR, STM32U031G8Y6TR, STM32U031K4U6, STM32U031K6U6, STM32U031K8U6, STM32U031R6I6, STM32U031R6T6, STM32U031R8I6, STM32U031R8T6, STM32U073C8T6, STM32U073C8U6, STM32U073CBT6, STM32U073CBU6, STM32U073CCT6, STM32U073CCU6, STM32U073H8Y6TR, STM32U073HBY6TR, STM32U073HCY6TR, STM32U073K8U6, STM32U073KBU6, STM32U073KCU6, STM32U073M8I6, STM32U073M8T6, STM32U073MBI6, STM32U073MBT6, STM32U073MCI6, STM32U073MCT6, STM32U073R8I6, STM32U073R8T6, STM32U073RBI6, STM32U073RBT6, STM32U073RCI6, STM32U073RCT6, STM32U083C-DK, STM32U083CCT6, STM32U083CCU6, STM32U083HCY6TR, STM32U083KCU6, STM32U083MCI6, STM32U083MCT6, STM32U083RCI6, STM32U083RCT6, STM32U535CBT6, STM32U535CBT6Q, STM32U535CBU6, STM32U535CBU6Q, STM32U535CCT6, STM32U535CCT6Q, STM32U535CCU6, STM32U535CCU6Q, STM32U535CET6, STM32U535CET6Q, STM32U535CEU6, STM32U535CEU6Q, STM32U535JEY6QTR, STM32U535NCY6QTR, STM32U535NEY6QTR, STM32U535RBI6, STM32U535RBI6Q, STM32U535RBT6, STM32U535RBT6Q, STM32U535RCI6, STM32U535RCI6Q, STM32U535RCT6, STM32U535RCT6Q, STM32U535REI6, STM32U535REI6Q, STM32U535RET6, STM32U535RET6Q, STM32U535VCI6, STM32U535VCI6Q, STM32U535VCT6, STM32U535VCT6Q, STM32U535VEI6, STM32U535VEI6Q, STM32U535VET6, STM32U535VET6Q, STM32U545CET6, STM32U545CET6Q, STM32U545CEU6, STM32U545CEU6Q, STM32U545JEY6QTR, STM32U545NEY6QTR, STM32U545REI6, STM32U545REI6Q, STM32U545RET6, STM32U545RET6Q, STM32U545VEI6, STM32U545VEI6Q, STM32U545VET6, STM32U545VET6Q, STM32U595AIH6, STM32U595AIH6Q, STM32U595AJH6, STM32U595AJH6Q, STM32U595QII6, STM32U595QII6Q, STM32U595QJI6, STM32U595QJI6Q, STM32U595RIT6, STM32U595RIT6Q, STM32U595RJT6, STM32U595RJT6Q, STM32U595VIT6, STM32U595VIT6Q, STM32U595VJT6, STM32U595VJT6Q, STM32U595ZIT6, STM32U595ZIT6Q, STM32U595ZIY6QTR, STM32U595ZJT6, STM32U595ZJT6Q, STM32U595ZJY6QTR, STM32U599BJY6QTR, STM32U599NIH6Q, STM32U599NJH6Q, STM32U599VIT6Q, STM32U599VJT6, STM32U599VJT6Q, STM32U599ZIT6Q, STM32U599ZIY6QTR, STM32U599ZJT6Q, STM32U599ZJY6QTR, STM32U5A5AJH6, STM32U5A5AJH6Q, STM32U5A5QII3Q , STM32U5A5QJI6, STM32U5A5QJI6Q, STM32U5A5RJT6, STM32U5A5RJT6Q, STM32U5A5VJT6, STM32U5A5VJT6Q, STM32U5A5ZJT6, STM32U5A5ZJT6Q, STM32U5A5ZJY6QTR, STM32U5A9BJY6QTR, STM32U5A9J-DK, STM32U5A9NJH6Q, STM32U5A9VJT6Q, STM32U5A9ZJT6Q, STM32U5A9ZJY6QTR, STM32U5F7VIT6, STM32U5F7VIT6Q, STM32U5F7VJT6, STM32U5F7VJT6Q, STM32U5F9BJY6QTR, STM32U5F9NJH6Q, STM32U5F9VIT6Q, STM32U5F9VJT6Q, STM32U5F9ZIJ6QTR, STM32U5F9ZIT6Q, STM32U5F9ZJJ6QTR, STM32U5F9ZJT6Q, STM32U5G7VJT6, STM32U5G7VJT6Q, STM32U5G9BJY6QTR, STM32U5G9J-DK1, STM32U5G9J-DK2, STM32U5G9NJH6Q, STM32U5G9VJT6Q, STM32U5G9ZJJ6QTR, STM32U5G9ZJT6Q, STM32WB1MMCH6, STM32WBA50KEU6, STM32WBA50KEU6TR, STM32WBA50KGU6, STM32WBA50KGU6TR, STM32WBA52CEU6, STM32WBA52CEU6TR, STM32WBA52CEU7, STM32WBA52CEU7TR, STM32WBA52CGU6, STM32WBA52CGU6TR, STM32WBA52CGU6U, STM32WBA52CGU7, STM32WBA52CGU7TR, STM32WBA52KEU6, STM32WBA52KEU6TR, STM32WBA52KGU6, STM32WBA52KGU6TR, STM32WBA54CEU6, STM32WBA54CEU6TR, STM32WBA54CEU7, STM32WBA54CEU7TR, STM32WBA54CGU6, STM32WBA54CGU6TR, STM32WBA54CGU7, STM32WBA54CGU7TR, STM32WBA54KEU6, STM32WBA54KEU6TR, STM32WBA54KEU7, STM32WBA54KEU7TR, STM32WBA54KGU6, STM32WBA54KGU6TR, STM32WBA54KGU7, STM32WBA54KGU7TR, STM32WBA55CEU6, STM32WBA55CEU6TR, STM32WBA55CEU7, STM32WBA55CEU7TR, STM32WBA55CGU6, STM32WBA55CGU6TR, STM32WBA55CGU6U, STM32WBA55CGU7, STM32WBA55CGU7TR, STM32WBA55G-DK1, STM32WBA55HEF6, STM32WBA55HEF7, STM32WBA55HGF6, STM32WBA55HGF7, STM32WBA55UEI6, STM32WBA55UEI6TR, STM32WBA55UEI7, STM32WBA55UEI7TR, STM32WBA55UGI6, STM32WBA55UGI6TR, STM32WBA55UGI7, STM32WBA55UGI7TR, STM32WL5MOCH6, STM32WL5MOCH6TR]
2024-05-08 18:27:41,798 [INFO] DbMcus:218 - Found 4096 MCUs, 4096 are supported
2024-05-08 18:27:41,815 [INFO] ApiDb:423 - Load user favorites file C:\Users\shrey/.stm32cubeide/favorites.mcus.txt: 1 item(s)
2024-05-08 18:27:41,815 [INFO] ApiDb:427 - User favorites MCUs=[STM32F303CCT6]
2024-05-08 18:27:41,815 [INFO] DbMcus:224 - Set 1 / 1 favorites MCUs
2024-05-08 18:27:43,079 [INFO] ApiDb:668 - CubeFinder database Data Model version=2.1
2024-05-08 18:27:43,080 [INFO] ApiDb:669 - CubeFinder database Configuration version=3.0.39
2024-05-08 18:27:43,080 [INFO] ApiDb:670 - CubeFinder database generation date=2024-04-15 (1713193726)
2024-05-08 18:27:43,080 [INFO] ApiDb:671 - CubeFinder database FW Pack versions=[FP-ATR-ASTRA1_V2.0.0, FP-SNS-FLIGHT1_V5.0.1, FP-SNS-FLIGHT1_V5.0.2, FP-SNS-MOTENV1_V4.3.1, FP-SNS-MOTENV1_V4.3.2, FP-SNS-MOTENVWB1_V1.3.1, FP-SNS-SMARTAG2_V1.2.0, STM32Cube_FW_C0_V1.1.0, STM32Cube_FW_F4_V1.28.0, STM32Cube_FW_F7_V1.17.0, STM32Cube_FW_G0_V1.6.2, STM32Cube_FW_G4_V1.5.2, STM32Cube_FW_H5_V0.5.1, STM32Cube_FW_H5_V1.1.1, STM32Cube_FW_H5_V1.2.0, STM32Cube_FW_H5_V1.2.0RC4, STM32Cube_FW_H7RS_V1.0.0, STM32Cube_FW_H7RS_V1.0.0RC4, STM32Cube_FW_H7_V1.11.0, STM32Cube_FW_L0_V1.12.2, STM32Cube_FW_L5_V1.5.1, STM32Cube_FW_U0_V1.0.0, STM32Cube_FW_U0_V1.0.0RC1, STM32Cube_FW_U5_V1.3.0RC4, STM32Cube_FW_U5_V1.5.0, STM32Cube_FW_U5_V1.5.0RC1, STM32Cube_FW_WBA_V1.0.0RC1, STM32Cube_FW_WBA_V1.2.0, STM32Cube_FW_WBA_V1.2.0RC2, STM32Cube_FW_WBA_V1.3.0, STM32Cube_FW_WBA_V1.3.0RC1, STM32Cube_FW_WB_V1.15.0RC1, STM32Cube_FW_WB_V1.16.0, STM32Cube_FW_WB_V1.16.0RC2, STM32Cube_FW_WB_V1.18.0, STM32Cube_FW_WB_V1.19.0, STM32Cube_FW_WL_V1.3.0, X-CUBE-ALGOBUILD_V1.3.0, X-CUBE-ALS_V1.0.1, X-CUBE-AZRTOS-F4_V1.1.0, X-CUBE-AZRTOS-F7_V1.1.0, X-CUBE-AZRTOS-G0_V1.1.0, X-CUBE-AZRTOS-G4_V2.0.0, X-CUBE-AZRTOS-H7_V3.2.0, X-CUBE-AZRTOS-L4_V1.0.0, X-CUBE-AZRTOS-L4_V2.0.0, X-CUBE-AZRTOS-L5_V1.1.0, X-CUBE-AZRTOS-WB_V2.0.0, X-CUBE-AZRTOS-WL_V2.0.0, X-CUBE-BLE1_V7.0.0, X-CUBE-BLE2_V3.3.0, X-CUBE-BLEMGR_V3.1.0, X-CUBE-EEPRMA1_V4.1.0, X-CUBE-EEPRMA1_V5.1.0, X-CUBE-FREERTOS_V1.1.0, X-CUBE-GNSS1_V6.0.0, X-CUBE-MEMS1_V10.0.0, X-CUBE-MEMS1_V9.1.0, X-CUBE-MEMS1_V9.4.0, X-CUBE-MEMS1_V9.6.0, X-CUBE-NFC4_V3.0.0, X-CUBE-NFC7_V1.0.1, X-CUBE-SFXS2LP1_V4.0.0, X-CUBE-SUBG2_V5.0.0, X-CUBE-TOF1_V3.4.0]
2024-05-08 18:27:43,202 [INFO] DbBoardsSqlite:226 - include board P-NUCLEO-WB55-NUCLEO as a kit item of type 'Nucleo-64'
2024-05-08 18:27:43,202 [INFO] DbBoardsSqlite:226 - include board P-NUCLEO-WB55-USBDONGLE as a kit item of type 'Nucleo USB Dongle'
2024-05-08 18:27:43,203 [INFO] DbBoardsSqlite:226 - include board STEVAL-IDP005V1 as a kit item of type 'Evaluation Board'
2024-05-08 18:27:43,203 [INFO] DbBoardsSqlite:226 - include board STEVAL-IDP005V2 as a kit item of type 'Evaluation Board'
2024-05-08 18:27:43,292 [INFO] ApiDb:240 - Found 483 in-development CPN: [B-G473E-ZEST1S, B-WB1M-WPAN1, B-WL5M-SUBG1, NUCLEO-C031C6, NUCLEO-H503RB, NUCLEO-H533RE, NUCLEO-H563ZI, NUCLEO-H7S3L8, NUCLEO-U031R8, NUCLEO-U083RC, NUCLEO-U545RE-Q, NUCLEO-U5A5ZJ-Q, NUCLEO-WBA52CG, NUCLEO-WBA55CG, STEVAL-PROTEUS1, STEVAL-SMARTAG2, STEVAL-STWINBX1, STM320518-EVAL, STM32C0116-DK, STM32C011D6Y3TR, STM32C011D6Y6TR, STM32C011F4P3, STM32C011F4P6, STM32C011F4U3, STM32C011F4U6TR, STM32C011F6P3, STM32C011F6P6, STM32C011F6U3, STM32C011F6U6TR, STM32C011J4M3, STM32C011J4M6, STM32C011J6M3, STM32C011J6M6, STM32C0316-DK, STM32C031C4T3, STM32C031C4T6, STM32C031C4U3, STM32C031C4U6, STM32C031C6T3, STM32C031C6T6, STM32C031C6U3, STM32C031C6U6, STM32C031F4P3, STM32C031F4P6, STM32C031F6P3, STM32C031F6P6, STM32C031G4U3, STM32C031G4U6, STM32C031G6U3, STM32C031G6U6, STM32C031K4T3, STM32C031K4T6, STM32C031K4U3, STM32C031K4U6, STM32C031K6T3, STM32C031K6T6, STM32C031K6U3, STM32C031K6U6, STM32G071K8TXN, STM32G071K8UXN, STM32G081GBU6N, STM32G081KBT6N, STM32G081KBUXN, STM32G0B1CCT6N, STM32G0B1KCT6, STM32G0B1NEY6TR, STM32G0B1RCT6N, STM32G0C1CCT6, STM32G0C1CCT6N, STM32G0C1CCU6N, STM32G0C1CET6N, STM32G0C1CEU6N, STM32G0C1KCT6, STM32G0C1NEY6TR, STM32G0C1RCI6N, STM32G0C1RCT6N, STM32G0C1REI6N, STM32G0C1RET6N, STM32G0C1VCI6, STM32G0C1VEI6, STM32G471CCT6, STM32G471CCU6, STM32G471CET3, STM32G471CET6, STM32G471CEU3, STM32G471CEU6, STM32G471MCT6, STM32G471MET3, STM32G471MET6, STM32G471MEY6TR, STM32G471QCT6, STM32G471QET3, STM32G471RCT6, STM32G471RET3, STM32G471RET6, STM32G471VCH6, STM32G471VCI6, STM32G471VCT6, STM32G471VEH3, STM32G471VEH6, STM32G471VEI3, STM32G471VEI6, STM32G471VET3, STM32G471VET6, STM32G474CCT6, STM32H503CBT6, STM32H503CBU6, STM32H503EBY6TR, STM32H503KBU6, STM32H503RBT6, STM32H523CCT6, STM32H523CCU6, STM32H523CET6, STM32H523CEU6, STM32H523HEY6TR, STM32H523RCT6, STM32H523RET6, STM32H523VCI6, STM32H523VCT6, STM32H523VEI6, STM32H523VET6, STM32H523ZCJ6, STM32H523ZCT6, STM32H523ZEJ6, STM32H523ZET6, STM32H533CET6, STM32H533CEU6, STM32H533HEY6TR, STM32H533RET6, STM32H533VEI6, STM32H533VET6, STM32H533ZEJ6, STM32H533ZET6, STM32H562AGI6, STM32H562AII6, STM32H562IGK6, STM32H562IGT6, STM32H562IIK6, STM32H562IIT6, STM32H562RGT6, STM32H562RGV6, STM32H562RIT6, STM32H562RIV6, STM32H562VGT6, STM32H562VIT6, STM32H562ZGT6, STM32H562ZIT6, STM32H563AGI6, STM32H563AII3Q, STM32H563AII6, STM32H563IGK6, STM32H563IGT6, STM32H563IIK3Q, STM32H563IIK6, STM32H563IIT3Q, STM32H563IIT6, STM32H563MIY3QTR, STM32H563RGT6, STM32H563RGV6, STM32H563RIT6, STM32H563RIV6, STM32H563VGT6, STM32H563VIT3Q, STM32H563VIT6, STM32H563ZGT6, STM32H563ZIT3Q, STM32H563ZIT6, STM32H573AII3Q, STM32H573AII6, STM32H573I-DK, STM32H573IIK3Q, STM32H573IIK6, STM32H573IIT3Q, STM32H573IIT6, STM32H573MIY3QTR, STM32H573RIT6, STM32H573RIV6, STM32H573VIT3Q, STM32H573VIT6, STM32H573ZIT3Q, STM32H573ZIT6, STM32H7R3A8I6, STM32H7R3I8K6, STM32H7R3I8T6, STM32H7R3L8H6, STM32H7R3L8H6H, STM32H7R3R8V6, STM32H7R3V8H6, STM32H7R3V8T6, STM32H7R3V8Y6, STM32H7R3Z8J6, STM32H7R3Z8T6, STM32H7R7A8I6, STM32H7R7I8K6, STM32H7R7I8T6, STM32H7R7L8H6, STM32H7R7L8H6H, STM32H7R7Z8J6, STM32H7S3A8I6, STM32H7S3I8K6, STM32H7S3I8T6, STM32H7S3L8H6, STM32H7S3L8H6H, STM32H7S3R8V6, STM32H7S3V8H6, STM32H7S3V8T6, STM32H7S3V8Y6, STM32H7S3Z8J6, STM32H7S3Z8T6, STM32H7S78-DK, STM32H7S7A8I6, STM32H7S7I8K6, STM32H7S7I8T6, STM32H7S7L8H6, STM32H7S7L8H6H, STM32H7S7Z8J6, STM32L4R5QGI6STR, STM32MP131AAE3, STM32MP131AAF3, STM32MP131AAG3, STM32MP131CAE3, STM32MP131CAF3, STM32MP131CAG3, STM32MP131DAE7, STM32MP131DAF7, STM32MP131DAG7, STM32MP131FAE7, STM32MP131FAF7, STM32MP131FAG7, STM32MP133AAE3, STM32MP133AAF3, STM32MP133AAG3, STM32MP133CAE3, STM32MP133CAF3, STM32MP133CAG3, STM32MP133DAE7, STM32MP133DAF7, STM32MP133DAG7, STM32MP133FAE7, STM32MP133FAF7, STM32MP133FAG7, STM32MP135AAE3, STM32MP135AAF3, STM32MP135AAG3, STM32MP135CAE3, STM32MP135CAF3, STM32MP135CAG3, STM32MP135DAE7, STM32MP135DAF7, STM32MP135DAG7, STM32MP135F-DK, STM32MP135FAE7, STM32MP135FAF7, STM32MP135FAF7T, STM32MP135FAF7U, STM32MP135FAG7, STM32U031C6T6, STM32U031C6U6, STM32U031C8T6, STM32U031C8U6, STM32U031F4P6, STM32U031F6P6, STM32U031F8P6, STM32U031G6Y6TR, STM32U031G8Y6TR, STM32U031K4U6, STM32U031K6U6, STM32U031K8U6, STM32U031R6I6, STM32U031R6T6, STM32U031R8I6, STM32U031R8T6, STM32U073C8T6, STM32U073C8U6, STM32U073CBT6, STM32U073CBU6, STM32U073CCT6, STM32U073CCU6, STM32U073H8Y6TR, STM32U073HBY6TR, STM32U073HCY6TR, STM32U073K8U6, STM32U073KBU6, STM32U073KCU6, STM32U073M8I6, STM32U073M8T6, STM32U073MBI6, STM32U073MBT6, STM32U073MCI6, STM32U073MCT6, STM32U073R8I6, STM32U073R8T6, STM32U073RBI6, STM32U073RBT6, STM32U073RCI6, STM32U073RCT6, STM32U083C-DK, STM32U083CCT6, STM32U083CCU6, STM32U083HCY6TR, STM32U083KCU6, STM32U083MCI6, STM32U083MCT6, STM32U083RCI6, STM32U083RCT6, STM32U535CBT6, STM32U535CBT6Q, STM32U535CBU6, STM32U535CBU6Q, STM32U535CCT6, STM32U535CCT6Q, STM32U535CCU6, STM32U535CCU6Q, STM32U535CET6, STM32U535CET6Q, STM32U535CEU6, STM32U535CEU6Q, STM32U535JEY6QTR, STM32U535NCY6QTR, STM32U535NEY6QTR, STM32U535RBI6, STM32U535RBI6Q, STM32U535RBT6, STM32U535RBT6Q, STM32U535RCI6, STM32U535RCI6Q, STM32U535RCT6, STM32U535RCT6Q, STM32U535REI6, STM32U535REI6Q, STM32U535RET6, STM32U535RET6Q, STM32U535VCI6, STM32U535VCI6Q, STM32U535VCT6, STM32U535VCT6Q, STM32U535VEI6, STM32U535VEI6Q, STM32U535VET6, STM32U535VET6Q, STM32U545CET6, STM32U545CET6Q, STM32U545CEU6, STM32U545CEU6Q, STM32U545JEY6QTR, STM32U545NEY6QTR, STM32U545REI6, STM32U545REI6Q, STM32U545RET6, STM32U545RET6Q, STM32U545VEI6, STM32U545VEI6Q, STM32U545VET6, STM32U545VET6Q, STM32U595AIH6, STM32U595AIH6Q, STM32U595AJH6, STM32U595AJH6Q, STM32U595QII6, STM32U595QII6Q, STM32U595QJI6, STM32U595QJI6Q, STM32U595RIT6, STM32U595RIT6Q, STM32U595RJT6, STM32U595RJT6Q, STM32U595VIT6, STM32U595VIT6Q, STM32U595VJT6, STM32U595VJT6Q, STM32U595ZIT6, STM32U595ZIT6Q, STM32U595ZIY6QTR, STM32U595ZJT6, STM32U595ZJT6Q, STM32U595ZJY6QTR, STM32U599BJY6QTR, STM32U599NIH6Q, STM32U599NJH6Q, STM32U599VIT6Q, STM32U599VJT6, STM32U599VJT6Q, STM32U599ZIT6Q, STM32U599ZIY6QTR, STM32U599ZJT6Q, STM32U599ZJY6QTR, STM32U5A5AJH6, STM32U5A5AJH6Q, STM32U5A5QII3Q , STM32U5A5QJI6, STM32U5A5QJI6Q, STM32U5A5RJT6, STM32U5A5RJT6Q, STM32U5A5VJT6, STM32U5A5VJT6Q, STM32U5A5ZJT6, STM32U5A5ZJT6Q, STM32U5A5ZJY6QTR, STM32U5A9BJY6QTR, STM32U5A9J-DK, STM32U5A9NJH6Q, STM32U5A9VJT6Q, STM32U5A9ZJT6Q, STM32U5A9ZJY6QTR, STM32U5F7VIT6, STM32U5F7VIT6Q, STM32U5F7VJT6, STM32U5F7VJT6Q, STM32U5F9BJY6QTR, STM32U5F9NJH6Q, STM32U5F9VIT6Q, STM32U5F9VJT6Q, STM32U5F9ZIJ6QTR, STM32U5F9ZIT6Q, STM32U5F9ZJJ6QTR, STM32U5F9ZJT6Q, STM32U5G7VJT6, STM32U5G7VJT6Q, STM32U5G9BJY6QTR, STM32U5G9J-DK1, STM32U5G9J-DK2, STM32U5G9NJH6Q, STM32U5G9VJT6Q, STM32U5G9ZJJ6QTR, STM32U5G9ZJT6Q, STM32WB1MMCH6, STM32WBA50KEU6, STM32WBA50KEU6TR, STM32WBA50KGU6, STM32WBA50KGU6TR, STM32WBA52CEU6, STM32WBA52CEU6TR, STM32WBA52CEU7, STM32WBA52CEU7TR, STM32WBA52CGU6, STM32WBA52CGU6TR, STM32WBA52CGU6U, STM32WBA52CGU7, STM32WBA52CGU7TR, STM32WBA52KEU6, STM32WBA52KEU6TR, STM32WBA52KGU6, STM32WBA52KGU6TR, STM32WBA54CEU6, STM32WBA54CEU6TR, STM32WBA54CEU7, STM32WBA54CEU7TR, STM32WBA54CGU6, STM32WBA54CGU6TR, STM32WBA54CGU7, STM32WBA54CGU7TR, STM32WBA54KEU6, STM32WBA54KEU6TR, STM32WBA54KEU7, STM32WBA54KEU7TR, STM32WBA54KGU6, STM32WBA54KGU6TR, STM32WBA54KGU7, STM32WBA54KGU7TR, STM32WBA55CEU6, STM32WBA55CEU6TR, STM32WBA55CEU7, STM32WBA55CEU7TR, STM32WBA55CGU6, STM32WBA55CGU6TR, STM32WBA55CGU6U, STM32WBA55CGU7, STM32WBA55CGU7TR, STM32WBA55G-DK1, STM32WBA55HEF6, STM32WBA55HEF7, STM32WBA55HGF6, STM32WBA55HGF7, STM32WBA55UEI6, STM32WBA55UEI6TR, STM32WBA55UEI7, STM32WBA55UEI7TR, STM32WBA55UGI6, STM32WBA55UGI6TR, STM32WBA55UGI7, STM32WBA55UGI7TR, STM32WL5MOCH6, STM32WL5MOCH6TR]
2024-05-08 18:27:43,836 [INFO] BoardInfo:889 - No configuration file found for board P-NUCLEO-WB55
2024-05-08 18:27:43,838 [INFO] DbBoards:161 - Kit is not supported: P-NUCLEO-WB55
2024-05-08 18:27:43,860 [INFO] BoardInfo:889 - No configuration file found for board STEVAL-BFA001V1B
2024-05-08 18:27:43,861 [INFO] DbBoards:161 - Kit is not supported: STEVAL-BFA001V1B
2024-05-08 18:27:43,865 [INFO] BoardInfo:889 - No configuration file found for board STEVAL-BFA001V2B
2024-05-08 18:27:43,865 [INFO] DbBoards:161 - Kit is not supported: STEVAL-BFA001V2B
2024-05-08 18:27:44,801 [INFO] DbBoards:168 - Found 199 boards, 196 are supported
2024-05-08 18:27:44,802 [INFO] DbBoards:169 - Found 199 boards, 8 of them is supported for  Bsp
2024-05-08 18:27:44,812 [INFO] ApiDb:423 - Load user favorites file C:\Users\shrey/.stm32cubeide/favorites.boards.txt: 0 item(s)
2024-05-08 18:27:44,812 [INFO] ApiDb:427 - User favorites Boards=[]
2024-05-08 18:27:44,813 [INFO] DbBoards:198 - Set 0 / 0 favorites Boards
2024-05-08 18:27:44,829 [INFO] ApiDb:668 - CubeFinder database Data Model version=2.1
2024-05-08 18:27:44,829 [INFO] ApiDb:669 - CubeFinder database Configuration version=3.0.39
2024-05-08 18:27:44,829 [INFO] ApiDb:670 - CubeFinder database generation date=2024-04-15 (1713193726)
2024-05-08 18:27:44,829 [INFO] ApiDb:671 - CubeFinder database FW Pack versions=[FP-ATR-ASTRA1_V2.0.0, FP-SNS-FLIGHT1_V5.0.1, FP-SNS-FLIGHT1_V5.0.2, FP-SNS-MOTENV1_V4.3.1, FP-SNS-MOTENV1_V4.3.2, FP-SNS-MOTENVWB1_V1.3.1, FP-SNS-SMARTAG2_V1.2.0, STM32Cube_FW_C0_V1.1.0, STM32Cube_FW_F4_V1.28.0, STM32Cube_FW_F7_V1.17.0, STM32Cube_FW_G0_V1.6.2, STM32Cube_FW_G4_V1.5.2, STM32Cube_FW_H5_V0.5.1, STM32Cube_FW_H5_V1.1.1, STM32Cube_FW_H5_V1.2.0, STM32Cube_FW_H5_V1.2.0RC4, STM32Cube_FW_H7RS_V1.0.0, STM32Cube_FW_H7RS_V1.0.0RC4, STM32Cube_FW_H7_V1.11.0, STM32Cube_FW_L0_V1.12.2, STM32Cube_FW_L5_V1.5.1, STM32Cube_FW_U0_V1.0.0, STM32Cube_FW_U0_V1.0.0RC1, STM32Cube_FW_U5_V1.3.0RC4, STM32Cube_FW_U5_V1.5.0, STM32Cube_FW_U5_V1.5.0RC1, STM32Cube_FW_WBA_V1.0.0RC1, STM32Cube_FW_WBA_V1.2.0, STM32Cube_FW_WBA_V1.2.0RC2, STM32Cube_FW_WBA_V1.3.0, STM32Cube_FW_WBA_V1.3.0RC1, STM32Cube_FW_WB_V1.15.0RC1, STM32Cube_FW_WB_V1.16.0, STM32Cube_FW_WB_V1.16.0RC2, STM32Cube_FW_WB_V1.18.0, STM32Cube_FW_WB_V1.19.0, STM32Cube_FW_WL_V1.3.0, X-CUBE-ALGOBUILD_V1.3.0, X-CUBE-ALS_V1.0.1, X-CUBE-AZRTOS-F4_V1.1.0, X-CUBE-AZRTOS-F7_V1.1.0, X-CUBE-AZRTOS-G0_V1.1.0, X-CUBE-AZRTOS-G4_V2.0.0, X-CUBE-AZRTOS-H7_V3.2.0, X-CUBE-AZRTOS-L4_V1.0.0, X-CUBE-AZRTOS-L4_V2.0.0, X-CUBE-AZRTOS-L5_V1.1.0, X-CUBE-AZRTOS-WB_V2.0.0, X-CUBE-AZRTOS-WL_V2.0.0, X-CUBE-BLE1_V7.0.0, X-CUBE-BLE2_V3.3.0, X-CUBE-BLEMGR_V3.1.0, X-CUBE-EEPRMA1_V4.1.0, X-CUBE-EEPRMA1_V5.1.0, X-CUBE-FREERTOS_V1.1.0, X-CUBE-GNSS1_V6.0.0, X-CUBE-MEMS1_V10.0.0, X-CUBE-MEMS1_V9.1.0, X-CUBE-MEMS1_V9.4.0, X-CUBE-MEMS1_V9.6.0, X-CUBE-NFC4_V3.0.0, X-CUBE-NFC7_V1.0.1, X-CUBE-SFXS2LP1_V4.0.0, X-CUBE-SUBG2_V5.0.0, X-CUBE-TOF1_V3.4.0]
2024-05-08 18:27:46,458 [ERROR] DbExamplesSqlite:437 - Missing JSON key: board_cpn
2024-05-08 18:27:46,458 [ERROR] DbExamplesSqlite:437 - Missing JSON key: board_cpn
2024-05-08 18:27:46,458 [ERROR] DbExamplesSqlite:437 - Missing JSON key: board_cpn
2024-05-08 18:27:46,461 [ERROR] DbExamplesSqlite:437 - Missing JSON key: board_cpn
2024-05-08 18:27:46,619 [INFO] DbExamplesSqlite:395 - Ignored 60 examples not supported by CubeIDE
2024-05-08 18:27:46,619 [INFO] DbExamplesSqlite:396 - Found 8152 examples active
2024-05-08 18:27:46,619 [INFO] DbExamplesSqlite:397 - Found 871 examples obsolete
2024-05-08 18:27:46,620 [INFO] DbExamplesSqlite:398 - Found 0 examples under development
2024-05-08 18:27:46,620 [INFO] DbExamplesSqlite:399 - Found 10 examples not building
2024-05-08 18:27:46,629 [INFO] DbExamples:125 - Found 8102 examples
2024-05-08 18:27:46,710 [INFO] DbExamples:222 - Found 101 boards with related examples
2024-05-08 18:27:46,713 [INFO] DbExamples:235 - Found 86 MCUs with related examples
2024-05-08 18:27:46,797 [INFO] ApiDb:423 - Load user favorites file C:\Users\shrey/.stm32cubeide/favorites.examples.txt: 0 item(s)
2024-05-08 18:27:46,798 [INFO] ApiDb:427 - User favorites Examples=[]
2024-05-08 18:27:46,798 [INFO] DbExamples:250 - Set 0 / 0 favorites Examples
2024-05-08 18:27:48,828 [INFO] McuFinderGlobals:76 - Set McuFinderConnectedMode to true
2024-05-08 18:27:48,857 [INFO] MultiScanPanel:200 - Auto-refresh data requested => check proxy status ongoing
2024-05-08 18:27:48,869 [INFO] FinderPluginLoader:95 - Searching for filters in installed packs
2024-05-08 18:27:52,646 [INFO] LoadUrlFilesThread:185 - End of LoadServerUrlFiles without Thread
2024-05-08 18:27:53,000 [INFO] DetailPanel:341 - Set advertising image to C:/Users/shrey/STM32Cube/Repository/\en.prom-stm32h7rs-mcu-finder.png
2024-05-08 18:27:54,190 [INFO] MultiScanPanel:728 - adjusting invalid saved split location: -0.1
2024-05-08 18:27:55,958 [INFO] MultiScanPanel:728 - adjusting invalid saved split location: -0.1
2024-05-08 18:28:03,045 [INFO] MultiScanPanel:200 - Auto-refresh data requested => check proxy status ongoing
2024-05-08 18:28:04,212 [INFO] LoadUrlFilesThread:185 - End of LoadServerUrlFiles without Thread
2024-05-08 18:28:04,215 [INFO] DetailPanel:341 - Set advertising image to C:/Users/shrey/STM32Cube/Repository/\en.prom-stm32h7rs-mcu-finder.png
2024-05-08 18:28:04,235 [INFO] MultiScanPanel:728 - adjusting invalid saved split location: -0.11
2024-05-08 18:28:04,237 [INFO] DbBoards:642 - Loading board mini-images...
2024-05-08 18:28:08,335 [INFO] DbBoards:665 - Loaded 199 board mini-images
2024-05-08 18:28:08,435 [INFO] MultiScanPanel:728 - adjusting invalid saved split location: -0.11
2024-05-08 18:29:06,777 [INFO] MainUpdater:2873 - connection check result : 10
2024-05-08 18:29:06,778 [INFO] MainUpdater:2873 - connection check result : 10
2024-05-08 18:29:06,953 [INFO] MicroXplorer:468 - Change Database Path : 
2024-05-08 18:29:06,953 [INFO] MicroXplorer:498 - Change Database Version : DB.6.0.110
2024-05-08 18:29:06,977 [WARN] ThirdParty:871 - waiting for thirdparty lock release [close project]
2024-05-08 18:29:06,977 [INFO] ThirdParty:873 - entering critical section [close project]
2024-05-08 18:29:06,985 [INFO] ThirdParty:883 - exiting critical section [close project]
2024-05-08 18:29:06,993 [INFO] PinOutPanel:1561 - setPackage(No Configuration,No Configuration)
2024-05-08 18:29:07,000 [INFO] UtilMem:75 - Begin LoadConfig() Used Memory: 883950008 Bytes (1073741824)
2024-05-08 18:29:07,001 [INFO] MicroXplorer:468 - Change Database Path : 
2024-05-08 18:29:07,001 [INFO] MicroXplorer:498 - Change Database Version : DB.6.0.110
2024-05-08 18:29:07,001 [INFO] OpenFileManager:312 - Change cursor
2024-05-08 18:29:07,511 [INFO] Mcu:2021 - Initializing MCU STM32F303CCTx STM32F303CCTx STM32F303CCT6
2024-05-08 18:29:11,235 [INFO] Context:663 - Trying to add GPIOservice into a context  which must be forbidden
2024-05-08 18:29:12,770 [INFO] ImportTextPane:194 - (OptionalMessage_ERROR) Unable to find key (Mcu.ThirdPartyNb) in loaded IOC file
2024-05-08 18:29:12,770 [INFO] ImportTextPane:194 - (OptionalMessage_ERROR) Unable to find key (Mcu.PinsNb) in loaded IOC file
2024-05-08 18:29:12,770 [INFO] ImportTextPane:194 - (OptionalMessage_ERROR) Unable to find key (Mcu.IPNb) in loaded IOC file
2024-05-08 18:29:12,908 [INFO] RtosManager:555 - Registered RTOS mode: class=CMSIS, group=RTOS, mode=CMSIS_V1, owner=FREERTOS
2024-05-08 18:29:12,908 [INFO] RtosManager:555 - Registered RTOS mode: class=CMSIS, group=RTOS2, mode=CMSIS_V2, owner=FREERTOS
2024-05-08 18:29:12,908 [INFO] RtosManager:555 - Registered RTOS mode: class=RTOS, group=Core, mode=CMSIS_V1, owner=FREERTOS
2024-05-08 18:29:12,908 [INFO] RtosManager:555 - Registered RTOS mode: class=RTOS, group=Core, mode=CMSIS_V2, owner=FREERTOS
2024-05-08 18:29:12,909 [WARN] ModelIntegratedComponent:184 - Missing modes for component STMicroelectronics:FreeRTOS:0.0.1:STMicroelectronics:RTOS:FreeRTOS:Core:::10.2.0:
2024-05-08 18:29:12,937 [WARN] ModelIntegratedComponent:63 - No mode defined for component null
2024-05-08 18:29:12,937 [WARN] ModelIntegratedComponent:63 - No mode defined for component null
2024-05-08 18:29:12,937 [WARN] ModelIntegratedComponent:63 - No mode defined for component null
2024-05-08 18:29:12,937 [WARN] ModelIntegratedComponent:63 - No mode defined for component null
2024-05-08 18:29:12,937 [WARN] ModelIntegratedComponent:63 - No mode defined for component null
2024-05-08 18:29:12,937 [WARN] ModelIntegratedComponent:63 - No mode defined for component null
2024-05-08 18:29:12,938 [WARN] ModelIntegratedComponent:63 - No mode defined for component null
2024-05-08 18:29:12,938 [WARN] ModelIntegratedComponent:63 - No mode defined for component null
2024-05-08 18:29:12,938 [WARN] ModelIntegratedComponent:63 - No mode defined for component null
2024-05-08 18:29:12,938 [WARN] ModelIntegratedComponent:63 - No mode defined for component null
2024-05-08 18:29:12,938 [WARN] ModelIntegratedComponent:63 - No mode defined for component null
2024-05-08 18:29:12,938 [WARN] ModelIntegratedComponent:63 - No mode defined for component null
2024-05-08 18:29:12,938 [WARN] ModelIntegratedComponent:63 - No mode defined for component null
2024-05-08 18:29:12,938 [WARN] ModelIntegratedComponent:63 - No mode defined for component null
2024-05-08 18:29:12,938 [WARN] ModelIntegratedComponent:63 - No mode defined for component null
2024-05-08 18:29:12,938 [WARN] ModelIntegratedComponent:63 - No mode defined for component null
2024-05-08 18:29:12,938 [WARN] ModelIntegratedComponent:63 - No mode defined for component null
2024-05-08 18:29:12,938 [WARN] ModelIntegratedComponent:63 - No mode defined for component null
2024-05-08 18:29:12,938 [WARN] ModelIntegratedComponent:63 - No mode defined for component null
2024-05-08 18:29:12,938 [WARN] ModelIntegratedComponent:63 - No mode defined for component null
2024-05-08 18:29:12,938 [WARN] ModelIntegratedComponent:63 - No mode defined for component null
2024-05-08 18:29:12,938 [WARN] ModelIntegratedComponent:63 - No mode defined for component null
2024-05-08 18:29:12,938 [WARN] ModelIntegratedComponent:63 - No mode defined for component null
2024-05-08 18:29:12,938 [WARN] ModelIntegratedComponent:63 - No mode defined for component null
2024-05-08 18:29:12,939 [WARN] ModelIntegratedComponent:63 - No mode defined for component null
2024-05-08 18:29:12,940 [WARN] ModelIntegratedComponent:63 - No mode defined for component null
2024-05-08 18:29:12,940 [WARN] ModelIntegratedComponent:63 - No mode defined for component null
2024-05-08 18:29:12,940 [WARN] ModelIntegratedComponent:63 - No mode defined for component null
2024-05-08 18:29:12,941 [WARN] ModelIntegratedComponent:63 - No mode defined for component null
2024-05-08 18:29:12,941 [WARN] ModelIntegratedComponent:63 - No mode defined for component null
2024-05-08 18:29:12,941 [WARN] ModelIntegratedComponent:63 - No mode defined for component null
2024-05-08 18:29:12,941 [WARN] ModelIntegratedComponent:63 - No mode defined for component null
2024-05-08 18:29:12,941 [WARN] ModelIntegratedComponent:63 - No mode defined for component null
2024-05-08 18:29:12,941 [WARN] ModelIntegratedComponent:63 - No mode defined for component null
2024-05-08 18:29:13,096 [INFO] ThirdPartyModel:298 - Start build external matchings
2024-05-08 18:29:13,545 [INFO] ThirdPartyModel:316 - End build external matchings
2024-05-08 18:29:14,020 [INFO] UtilMem:75 - End LoadConfig() Used Memory: 930154328 Bytes (1073741824)
2024-05-08 18:29:14,075 [WARN] ThirdParty:833 - waiting for thirdparty lock release [change project]
2024-05-08 18:29:14,075 [INFO] ThirdParty:835 - entering critical section [change project]
2024-05-08 18:29:14,075 [INFO] ThirdParty:1030 - CMSIS Pack Vendor :STMicroelectronics USBPD 4.1
2024-05-08 18:29:14,075 [INFO] ThirdParty:1030 - CMSIS Pack Vendor :STMicroelectronics X-CUBE-GNSS1 6.0.0
2024-05-08 18:29:14,075 [INFO] ThirdParty:1030 - CMSIS Pack Vendor :STMicroelectronics USB_HOST 2.0.0
2024-05-08 18:29:14,075 [INFO] ThirdParty:1030 - CMSIS Pack Vendor :STMicroelectronics FP-SNS-MOTENVWB1 1.4.0
2024-05-08 18:29:14,075 [INFO] ThirdParty:1030 - CMSIS Pack Vendor :STMicroelectronics X-CUBE-AZRTOS-F4 1.1.0
2024-05-08 18:29:14,075 [INFO] ThirdParty:1030 - CMSIS Pack Vendor :STMicroelectronics LIBJPEG 8.0.0
2024-05-08 18:29:14,075 [INFO] ThirdParty:1030 - CMSIS Pack Vendor :STMicroelectronics X-CUBE-SMBUS 2.1.0
2024-05-08 18:29:14,075 [INFO] ThirdParty:1030 - CMSIS Pack Vendor :STMicroelectronics USB_DEVICE 3.0.0
2024-05-08 18:29:14,075 [INFO] ThirdParty:1030 - CMSIS Pack Vendor :STMicroelectronics X-CUBE-TCPP 4.1.0
2024-05-08 18:29:14,075 [INFO] ThirdParty:1030 - CMSIS Pack Vendor :STMicroelectronics X-CUBE-FREERTOS 1.2.0
2024-05-08 18:29:14,075 [INFO] ThirdParty:1030 - CMSIS Pack Vendor :STMicroelectronics X-CUBE-AZRTOS-WB 2.0.0
2024-05-08 18:29:14,075 [INFO] ThirdParty:1030 - CMSIS Pack Vendor :wolfSSL I-CUBE-wolfSSL 5.6.6
2024-05-08 18:29:14,075 [INFO] ThirdParty:1030 - CMSIS Pack Vendor :STMicroelectronics X-CUBE-TOUCHGFX 4.23.1
2024-05-08 18:29:14,075 [INFO] ThirdParty:1030 - CMSIS Pack Vendor :STMicroelectronics X-CUBE-TOUCHGFX 4.23.0
2024-05-08 18:29:14,075 [INFO] ThirdParty:1030 - CMSIS Pack Vendor :STMicroelectronics X-CUBE-TOUCHGFX 4.23.2
2024-05-08 18:29:14,075 [INFO] ThirdParty:1030 - CMSIS Pack Vendor :STMicroelectronics X-CUBE-AZRTOS-F7 1.1.0
2024-05-08 18:29:14,075 [INFO] ThirdParty:1030 - CMSIS Pack Vendor :STMicroelectronics X-CUBE-AZRTOS-L5 2.0.0
2024-05-08 18:29:14,076 [INFO] ThirdParty:1030 - CMSIS Pack Vendor :STMicroelectronics USB_DEVICE 2.0.0
2024-05-08 18:29:14,076 [INFO] ThirdParty:1030 - CMSIS Pack Vendor :STMicroelectronics X-CUBE-NFC6 3.1.0
2024-05-08 18:29:14,076 [INFO] ThirdParty:1030 - CMSIS Pack Vendor :ITTIA_DB I-CUBE-ITTIADB 8.8.0
2024-05-08 18:29:14,076 [INFO] ThirdParty:1030 - CMSIS Pack Vendor :STMicroelectronics FP-SNS-MOTENV1 4.3.2
2024-05-08 18:29:14,076 [INFO] ThirdParty:1030 - CMSIS Pack Vendor :STMicroelectronics X-CUBE-ALGOBUILD 1.3.0
2024-05-08 18:29:14,076 [INFO] ThirdParty:1030 - CMSIS Pack Vendor :STMicroelectronics FreeRTOS 0.0.1
2024-05-08 18:29:14,076 [INFO] ThirdParty:1030 - CMSIS Pack Vendor :STMicroelectronics X-CUBE-AZRTOS-G0 1.1.0
2024-05-08 18:29:14,076 [INFO] ThirdParty:1030 - CMSIS Pack Vendor :STMicroelectronics X-CUBE-SAFEA1 1.2.2
2024-05-08 18:29:14,076 [INFO] ThirdParty:1030 - CMSIS Pack Vendor :STMicroelectronics X-CUBE-NFC4 3.0.0
2024-05-08 18:29:14,076 [INFO] ThirdParty:1030 - CMSIS Pack Vendor :STMicroelectronics X-CUBE-SUBG2 5.0.0
2024-05-08 18:29:14,076 [INFO] ThirdParty:1030 - CMSIS Pack Vendor :STMicroelectronics STM32_WPAN 1.0.0
2024-05-08 18:29:14,076 [INFO] ThirdParty:1030 - CMSIS Pack Vendor :STMicroelectronics lwIP 2.0.3
2024-05-08 18:29:14,076 [INFO] ThirdParty:1030 - CMSIS Pack Vendor :STMicroelectronics FP-SNS-FLIGHT1 5.0.2
2024-05-08 18:29:14,076 [INFO] ThirdParty:1030 - CMSIS Pack Vendor :STMicroelectronics USB_HOST 1.0.0
2024-05-08 18:29:14,076 [INFO] ThirdParty:1030 - CMSIS Pack Vendor :STMicroelectronics X-CUBE-AI 9.0.0
2024-05-08 18:29:14,076 [INFO] ThirdParty:1030 - CMSIS Pack Vendor :STMicroelectronics X-CUBE-AZRTOS-G4 2.0.0
2024-05-08 18:29:14,076 [INFO] ThirdParty:1030 - CMSIS Pack Vendor :STMicroelectronics PDM2PCM 3.1.0
2024-05-08 18:29:14,076 [INFO] ThirdParty:1030 - CMSIS Pack Vendor :Infineon AIROC-Wi-Fi-Bluetooth-STM32 1.5.1
2024-05-08 18:29:14,076 [INFO] ThirdParty:1030 - CMSIS Pack Vendor :STMicroelectronics PDM2PCM 3.3.0
2024-05-08 18:29:14,076 [INFO] ThirdParty:1030 - CMSIS Pack Vendor :STMicroelectronics X-CUBE-DISPLAY 3.0.0
2024-05-08 18:29:14,076 [INFO] ThirdParty:1030 - CMSIS Pack Vendor :STMicroelectronics FP-SNS-MOTENVWB1 1.3.1
2024-05-08 18:29:14,076 [INFO] ThirdParty:1030 - CMSIS Pack Vendor :STMicroelectronics X-CUBE-BLE1 7.0.0
2024-05-08 18:29:14,076 [INFO] ThirdParty:1030 - CMSIS Pack Vendor :STMicroelectronics FP-ATR-SIGFOX1 3.2.0
2024-05-08 18:29:14,076 [INFO] ThirdParty:1030 - CMSIS Pack Vendor :STMicroelectronics X-CUBE-ISPU 2.0.0
2024-05-08 18:29:14,076 [INFO] ThirdParty:1030 - CMSIS Pack Vendor :STMicroelectronics X-CUBE-EEPRMA1 5.1.0
2024-05-08 18:29:14,076 [INFO] ThirdParty:1030 - CMSIS Pack Vendor :STMicroelectronics HAL Drivers 0.0.0
2024-05-08 18:29:14,076 [INFO] ThirdParty:1030 - CMSIS Pack Vendor :STMicroelectronics MBEDTLS 2.16.2
2024-05-08 18:29:14,076 [INFO] ThirdParty:1030 - CMSIS Pack Vendor :emotas I-CUBE-CANOPEN 1.3.0
2024-05-08 18:29:14,076 [INFO] ThirdParty:1030 - CMSIS Pack Vendor :STMicroelectronics X-CUBE-MEMS1 10.0.0
2024-05-08 18:29:14,076 [INFO] ThirdParty:1030 - CMSIS Pack Vendor :STMicroelectronics X-CUBE-FREERTOS 1.1.0
2024-05-08 18:29:14,076 [INFO] ThirdParty:1030 - CMSIS Pack Vendor :STMicroelectronics X-CUBE-NFC7 1.0.1
2024-05-08 18:29:14,076 [INFO] ThirdParty:1030 - CMSIS Pack Vendor :STMicroelectronics MBEDTLS 2.14.1
2024-05-08 18:29:14,076 [INFO] ThirdParty:1030 - CMSIS Pack Vendor :portGmbH I-Cube-SoM-uGOAL 1.1.0
2024-05-08 18:29:14,076 [INFO] ThirdParty:1030 - CMSIS Pack Vendor :STMicroelectronics X-CUBE-ALS 1.0.1
2024-05-08 18:29:14,076 [INFO] ThirdParty:1030 - CMSIS Pack Vendor :STMicroelectronics X-CUBE-BLEMGR 3.1.0
2024-05-08 18:29:14,076 [INFO] ThirdParty:1030 - CMSIS Pack Vendor :STMicroelectronics ThreadX 1.0.0
2024-05-08 18:29:14,076 [INFO] ThirdParty:1030 - CMSIS Pack Vendor :STMicroelectronics FP-SNS-SMARTAG2 1.2.0
2024-05-08 18:29:14,077 [INFO] ThirdParty:1030 - CMSIS Pack Vendor :STMicroelectronics X-CUBE-AZRTOS-WL 2.0.0
2024-05-08 18:29:14,077 [INFO] ThirdParty:1030 - CMSIS Pack Vendor :SEGGER I-CUBE-embOS 1.3.1
2024-05-08 18:29:14,077 [INFO] ThirdParty:1030 - CMSIS Pack Vendor :STMicroelectronics FP-SNS-MOTENV1 5.0.0
2024-05-08 18:29:14,077 [INFO] ThirdParty:1030 - CMSIS Pack Vendor :STMicroelectronics USB_DEVICE 1.0.0
2024-05-08 18:29:14,077 [INFO] ThirdParty:1030 - CMSIS Pack Vendor :STMicroelectronics X-CUBE-AI 8.1.0
2024-05-08 18:29:14,077 [INFO] ThirdParty:1030 - CMSIS Pack Vendor :STMicroelectronics X-CUBE-AZRTOS-H7RS 1.0.0
2024-05-08 18:29:14,077 [INFO] ThirdParty:1030 - CMSIS Pack Vendor :STMicroelectronics X-CUBE-AZRTOS-L4 2.0.0
2024-05-08 18:29:14,077 [INFO] ThirdParty:1030 - CMSIS Pack Vendor :STMicroelectronics ThreadX 0.0.2
2024-05-08 18:29:14,077 [INFO] ThirdParty:1030 - CMSIS Pack Vendor :WES I-CUBE-Cesium 1.3.0
2024-05-08 18:29:14,077 [INFO] ThirdParty:1030 - CMSIS Pack Vendor :STMicroelectronics FP-ATR-ASTRA1 2.0.0
2024-05-08 18:29:14,077 [INFO] ThirdParty:1030 - CMSIS Pack Vendor :STMicroelectronics lwIP 2.1.2
2024-05-08 18:29:14,078 [INFO] ThirdParty:1030 - CMSIS Pack Vendor :STMicroelectronics X-CUBE-SFXS2LP1 4.0.0
2024-05-08 18:29:14,078 [INFO] ThirdParty:1030 - CMSIS Pack Vendor :STMicroelectronics X-CUBE-BLE2 3.3.0
2024-05-08 18:29:14,078 [INFO] ThirdParty:1030 - CMSIS Pack Vendor :STMicroelectronics X-CUBE-TOF1 3.4.1
2024-05-08 18:29:14,093 [INFO] ThirdParty:1030 - CMSIS Pack Vendor :STMicroelectronics X-CUBE-AZRTOS-H7 3.2.0
2024-05-08 18:29:14,093 [INFO] ThirdParty:1030 - CMSIS Pack Vendor :STMicroelectronics PDM2PCM 3.2.0
2024-05-08 18:29:14,093 [INFO] ThirdParty:841 - exiting critical section [change project]
2024-05-08 18:29:15,029 [INFO] PinOutPanel:1561 - setPackage(No Configuration,No Configuration)
2024-05-08 18:29:15,033 [INFO] PinOutPanel:1561 - setPackage(STM32F303CCTx,LQFP48)
2024-05-08 18:29:15,959 [INFO] UtilMem:75 - Before build in PCC Used Memory: 870080720 Bytes (1073741824)
2024-05-08 18:29:18,515 [INFO] UtilMem:75 - After build in PCC Used Memory: 876754440 Bytes (1073741824)
2024-05-08 18:29:18,584 [INFO] IPUIPlugin:80 - create IPUIPlugin
2024-05-08 18:29:18,585 [INFO] IPUIPlugin:80 - create IPUIPlugin
2024-05-08 18:29:18,585 [INFO] IPUIPlugin:80 - create IPUIPlugin
2024-05-08 18:29:18,585 [INFO] IPUIPlugin:80 - create IPUIPlugin
2024-05-08 18:29:18,585 [INFO] IPUIPlugin:80 - create IPUIPlugin
2024-05-08 18:29:18,585 [INFO] IPUIPlugin:80 - create IPUIPlugin
2024-05-08 18:29:18,585 [INFO] IPUIPlugin:80 - create IPUIPlugin
2024-05-08 18:29:18,586 [INFO] IPUIPlugin:80 - create IPUIPlugin
2024-05-08 18:29:18,586 [INFO] IPUIPlugin:80 - create IPUIPlugin
2024-05-08 18:29:18,586 [INFO] IPUIPlugin:80 - create IPUIPlugin
2024-05-08 18:29:18,586 [INFO] IPUIPlugin:80 - create IPUIPlugin
2024-05-08 18:29:18,586 [INFO] IPUIPlugin:80 - create IPUIPlugin
2024-05-08 18:29:18,588 [INFO] IPUIPlugin:80 - create IPUIPlugin
2024-05-08 18:29:18,588 [INFO] IPUIPlugin:80 - create IPUIPlugin
2024-05-08 18:29:18,589 [INFO] IPUIPlugin:80 - create IPUIPlugin
2024-05-08 18:29:18,589 [INFO] IPUIPlugin:80 - create IPUIPlugin
2024-05-08 18:29:18,590 [INFO] IPUIPlugin:80 - create IPUIPlugin
2024-05-08 18:29:18,594 [INFO] IPUIPlugin:80 - create IPUIPlugin
2024-05-08 18:29:18,595 [INFO] IPUIPlugin:80 - create IPUIPlugin
2024-05-08 18:29:18,595 [INFO] IPUIPlugin:80 - create IPUIPlugin
2024-05-08 18:29:18,595 [INFO] IPUIPlugin:80 - create IPUIPlugin
2024-05-08 18:29:18,596 [INFO] IPUIPlugin:80 - create IPUIPlugin
2024-05-08 18:29:18,596 [INFO] IPUIPlugin:80 - create IPUIPlugin
2024-05-08 18:29:18,597 [INFO] IPUIPlugin:80 - create IPUIPlugin
2024-05-08 18:29:18,600 [INFO] IPUIPlugin:80 - create IPUIPlugin
2024-05-08 18:29:18,600 [INFO] IPUIPlugin:80 - create IPUIPlugin
2024-05-08 18:29:18,601 [INFO] IPUIPlugin:80 - create IPUIPlugin
2024-05-08 18:29:18,601 [INFO] IPUIPlugin:80 - create IPUIPlugin
2024-05-08 18:29:18,602 [INFO] IPUIPlugin:80 - create IPUIPlugin
2024-05-08 18:29:18,602 [INFO] IPUIPlugin:80 - create IPUIPlugin
2024-05-08 18:29:18,603 [INFO] IPUIPlugin:80 - create IPUIPlugin
2024-05-08 18:29:18,603 [INFO] IPUIPlugin:80 - create IPUIPlugin
2024-05-08 18:29:18,604 [INFO] IPUIPlugin:80 - create IPUIPlugin
2024-05-08 18:29:18,604 [INFO] IPUIPlugin:80 - create IPUIPlugin
2024-05-08 18:29:18,605 [INFO] IPUIPlugin:80 - create IPUIPlugin
2024-05-08 18:29:18,605 [INFO] IPUIPlugin:80 - create IPUIPlugin
2024-05-08 18:29:18,607 [INFO] IPUIPlugin:80 - create IPUIPlugin
2024-05-08 18:29:18,607 [INFO] IPUIPlugin:80 - create IPUIPlugin
2024-05-08 18:29:18,607 [INFO] IPUIPlugin:80 - create IPUIPlugin
2024-05-08 18:29:18,608 [INFO] IPUIPlugin:80 - create IPUIPlugin
2024-05-08 18:29:18,609 [INFO] IPUIPlugin:80 - create IPUIPlugin
2024-05-08 18:29:18,609 [INFO] IPUIPlugin:80 - create IPUIPlugin
2024-05-08 18:29:18,609 [INFO] IPUIPlugin:80 - create IPUIPlugin
2024-05-08 18:29:18,610 [INFO] IPUIPlugin:80 - create IPUIPlugin
2024-05-08 18:29:18,610 [INFO] IPUIPlugin:80 - create IPUIPlugin
2024-05-08 18:29:18,611 [INFO] IPUIPlugin:80 - create IPUIPlugin
2024-05-08 18:29:18,611 [INFO] IPUIPlugin:80 - create IPUIPlugin
2024-05-08 18:29:18,613 [INFO] IPUIPlugin:80 - create IPUIPlugin
2024-05-08 18:29:18,613 [INFO] IPUIPlugin:80 - create IPUIPlugin
2024-05-08 18:29:18,614 [INFO] IPUIPlugin:80 - create IPUIPlugin
2024-05-08 18:29:18,615 [INFO] IPUIPlugin:80 - create IPUIPlugin
2024-05-08 18:29:18,615 [INFO] IPUIPlugin:80 - create IPUIPlugin
2024-05-08 18:29:18,616 [INFO] IPUIPlugin:80 - create IPUIPlugin
2024-05-08 18:29:19,028 [INFO] CADModel:165 - CPN selected for project levelSTM32F303CCT6
2024-05-08 18:29:19,029 [INFO] CADModel:114 - Register for checkConnection events
2024-05-08 18:29:19,103 [INFO] OpenFileManager:343 - Restore cursor
2024-05-08 18:29:20,981 [INFO] UtilMem:75 - End SaveConfig() Used Memory: 862498504 Bytes (1073741824)
2024-05-08 18:29:21,142 [INFO] UtilMem:75 - End SaveConfig() Used Memory: 881926184 Bytes (1073741824)
2024-05-08 18:29:22,451 [INFO] BlockDiagram:2759 - set Specific Code input for plugin: RCC
2024-05-08 18:29:22,451 [INFO] BlockDiagram:2759 - set Specific Code input for plugin: NVIC
2024-05-08 18:29:22,454 [INFO] CodeGenerator:807 - code generatio: config db path: C:\ST\STM32CubeIDE_1.15.0\STM32CubeIDE\plugins\com.st.stm32cube.common.mx_6.11.0.202403141607\\db\
2024-05-08 18:29:22,855 [INFO] CodeEngine:255 - oldGeneratedFile, C:\Users\shrey\STM32CubeIDE\nano-board-lcd-sw\Examples\011_USB_VCOM\MXTmpFiles\license.tmp_save
2024-05-08 18:29:23,840 [INFO] CodeEngine:279 - Generated code: C:\Users\shrey\STM32CubeIDE\nano-board-lcd-sw\Examples\011_USB_VCOM\MXTmpFiles\license.tmp
2024-05-08 18:29:23,886 [INFO] CodeEngine:255 - oldGeneratedFile, C:\Users\shrey\STM32CubeIDE\nano-board-lcd-sw\Examples\011_USB_VCOM\Core\Src\stm32f3xx_it.c_save
2024-05-08 18:29:24,315 [INFO] CodeEngine:279 - Generated code: C:\Users\shrey\STM32CubeIDE\nano-board-lcd-sw\Examples\011_USB_VCOM\Core\Src\stm32f3xx_it.c
2024-05-08 18:29:24,355 [INFO] CodeEngine:255 - oldGeneratedFile, C:\Users\shrey\STM32CubeIDE\nano-board-lcd-sw\Examples\011_USB_VCOM\Core\Inc\stm32f3xx_it.h_save
2024-05-08 18:29:24,774 [INFO] CodeEngine:279 - Generated code: C:\Users\shrey\STM32CubeIDE\nano-board-lcd-sw\Examples\011_USB_VCOM\Core\Inc\stm32f3xx_it.h
2024-05-08 18:29:24,980 [INFO] CodeEngine:255 - oldGeneratedFile, C:\Users\shrey\STM32CubeIDE\nano-board-lcd-sw\Examples\011_USB_VCOM\Core\Src\stm32f3xx_hal_msp.c_save
2024-05-08 18:29:25,389 [INFO] CodeEngine:279 - Generated code: C:\Users\shrey\STM32CubeIDE\nano-board-lcd-sw\Examples\011_USB_VCOM\Core\Src\stm32f3xx_hal_msp.c
2024-05-08 18:29:25,404 [INFO] CodeEngine:255 - oldGeneratedFile, C:\Users\shrey\STM32CubeIDE\nano-board-lcd-sw\Examples\011_USB_VCOM\MXTmpFiles\system.tmp_save
2024-05-08 18:29:25,545 [INFO] CodeEngine:279 - Generated code: C:\Users\shrey\STM32CubeIDE\nano-board-lcd-sw\Examples\011_USB_VCOM\MXTmpFiles\system.tmp
2024-05-08 18:29:25,572 [INFO] CodeEngine:311 - oldGeneratedFile, C:\Users\shrey\STM32CubeIDE\nano-board-lcd-sw\Examples\011_USB_VCOM\Core\Inc\stm32f3xx_hal_conf.h_save
2024-05-08 18:29:25,755 [INFO] CodeEngine:335 - Generated code: C:\Users\shrey\STM32CubeIDE\nano-board-lcd-sw\Examples\011_USB_VCOM\Core\Inc\stm32f3xx_hal_conf.h
2024-05-08 18:29:25,857 [INFO] CodeEngine:255 - oldGeneratedFile, C:\Users\shrey\STM32CubeIDE\nano-board-lcd-sw\Examples\011_USB_VCOM\Core\Inc\main.h_save
2024-05-08 18:29:26,119 [INFO] CodeEngine:279 - Generated code: C:\Users\shrey\STM32CubeIDE\nano-board-lcd-sw\Examples\011_USB_VCOM\Core\Inc\main.h
2024-05-08 18:29:26,137 [INFO] CodeEngine:255 - oldGeneratedFile, C:\Users\shrey\STM32CubeIDE\nano-board-lcd-sw\Examples\011_USB_VCOM\Core\Src\main.c_save
2024-05-08 18:29:26,589 [INFO] CodeEngine:279 - Generated code: C:\Users\shrey\STM32CubeIDE\nano-board-lcd-sw\Examples\011_USB_VCOM\Core\Src\main.c
2024-05-08 18:29:27,361 [INFO] ProjectBuilder:3163 - Time for Copy HAL[1] : 310mS.
2024-05-08 18:29:27,372 [INFO] ProjectBuilder:4736 - Project Generator version: 4.3.0-B58
2024-05-08 18:29:27,579 [INFO] ConfigFileManager:1503 - The Die is : DIE422
2024-05-08 18:29:27,601 [INFO] ApiDbMcu:508 - Load IP Config File for FATFS
2024-05-08 18:29:27,627 [INFO] ApiDbMcu:508 - Load IP Config File for FREERTOS
2024-05-08 18:29:27,674 [INFO] ApiDbMcu:508 - Load IP Config File for TOUCHSENSING
2024-05-08 18:29:27,701 [INFO] ApiDbMcu:508 - Load IP Config File for USB_DEVICE
2024-05-08 18:29:29,264 [INFO] LogOutputStream:77 - [STDOUT_REDIRECT] 
2024-05-08 18:29:34,467 [INFO] ProjectBuilder:5002 - Time for Generating toolchain IDE Files: 7095mS.
2024-05-08 18:29:34,468 [INFO] ProjectBuilder:3034 - Time for Copy CMSIS : 1mS.
2024-05-08 18:29:34,471 [INFO] ProjectBuilder:3034 - Time for Copy CMSIS : 0mS.
2024-05-08 18:29:37,810 [INFO] McuFinderGlobals:76 - Set McuFinderConnectedMode to true
2024-05-08 18:29:37,814 [INFO] ApiDb:448 - Save user favorites file C:\Users\shrey/.stm32cubeide/favorites.mcus.txt: 1 item(s)
2024-05-08 18:29:37,815 [INFO] ApiDb:452 - User favorites MCUs=[STM32F303CCT6]
2024-05-08 18:29:37,817 [INFO] ApiDb:448 - Save user favorites file C:\Users\shrey/.stm32cubeide/favorites.boards.txt: 0 item(s)
2024-05-08 18:29:37,817 [INFO] ApiDb:452 - User favorites Boards=[]
2024-05-08 18:30:40,468 [WARN] IP:2120 - lpm_enable not found: check if there is a RefParameter without a condition.
2024-05-08 18:30:40,552 [WARN] IP:2120 - lpm_enable not found: check if there is a RefParameter without a condition.
2024-05-08 18:30:40,622 [WARN] IP:2120 - lpm_enable not found: check if there is a RefParameter without a condition.
2024-05-08 18:30:40,623 [WARN] IP:2120 - lpm_enable not found: check if there is a RefParameter without a condition.
2024-05-08 18:30:40,833 [WARN] IP:2120 - lpm_enable not found: check if there is a RefParameter without a condition.
2024-05-08 18:30:40,833 [WARN] IP:2120 - lpm_enable not found: check if there is a RefParameter without a condition.
2024-05-08 18:30:52,161 [INFO] NvicIntPanel:101 - NVIC parent = com.st.microxplorer.plugins.ip.nvic.MultiNvicIntPanel[,0,0,512x237,layout=javax.swing.BoxLayout,alignmentX=0.0,alignmentY=0.0,border=,flags=9,maximumSize=,minimumSize=,preferredSize=]
2024-05-08 18:30:54,261 [WARN] IP:2120 - lpm_enable not found: check if there is a RefParameter without a condition.
2024-05-08 18:32:58,653 [INFO] UtilMem:75 - End SaveConfig() Used Memory: 688216496 Bytes (1073741824)
2024-05-08 18:33:00,700 [INFO] UtilMem:75 - End SaveConfig() Used Memory: 713212688 Bytes (1073741824)
2024-05-08 18:33:01,776 [ERROR] FilesUtils:113 - C:\Users\shrey\.stmcube\.STM32CUBEMX_PLUGIN6.11.0Repository.ser (Access is denied)
2024-05-08 18:33:17,464 [INFO] UtilMem:75 - End SaveConfig() Used Memory: 780491184 Bytes (1073741824)
2024-05-08 18:33:17,620 [INFO] ProjectBuilder:2313 - IP not ready for code generation: Clock
2024-05-08 18:33:43,671 [INFO] NvicIntPanel:101 - NVIC parent = com.st.microxplorer.plugins.ip.nvic.MultiNvicIntPanel[,0,0,0x0,invalid,layout=javax.swing.BoxLayout,alignmentX=0.0,alignmentY=0.0,border=,flags=9,maximumSize=,minimumSize=,preferredSize=]
2024-05-08 18:33:46,499 [INFO] NvicIntPanel:101 - NVIC parent = com.st.microxplorer.plugins.ip.nvic.MultiNvicIntPanel[,0,0,0x0,invalid,layout=javax.swing.BoxLayout,alignmentX=0.0,alignmentY=0.0,border=,flags=9,maximumSize=,minimumSize=,preferredSize=]
2024-05-08 18:37:33,122 [INFO] UtilMem:75 - End SaveConfig() Used Memory: 845243960 Bytes (1073741824)
2024-05-08 18:37:34,542 [INFO] UtilMem:75 - End SaveConfig() Used Memory: 872789080 Bytes (1073741824)
2024-05-08 18:37:36,540 [INFO] UtilMem:75 - End SaveConfig() Used Memory: 935859448 Bytes (1073741824)
2024-05-08 18:37:36,701 [INFO] ProjectBuilder:2313 - IP not ready for code generation: Clock
2024-05-08 18:37:39,288 [INFO] BlockDiagram:2759 - set Specific Code input for plugin: USB_DEVICE
2024-05-08 18:37:39,288 [INFO] BlockDiagram:2759 - set Specific Code input for plugin: SYS
2024-05-08 18:37:39,288 [INFO] BlockDiagram:2759 - set Specific Code input for plugin: RCC
2024-05-08 18:37:39,288 [INFO] BlockDiagram:2759 - set Specific Code input for plugin: NVIC
2024-05-08 18:37:39,288 [INFO] BlockDiagram:2759 - set Specific Code input for plugin: USB
2024-05-08 18:37:39,289 [INFO] BlockDiagram:2759 - set Specific Code input for plugin: GPIO
2024-05-08 18:37:39,290 [INFO] CodeGenerator:807 - code generatio: config db path: C:\ST\STM32CubeIDE_1.15.0\STM32CubeIDE\plugins\com.st.stm32cube.common.mx_6.11.0.202403141607\\db\
2024-05-08 18:37:39,306 [WARN] IP:2120 - lpm_enable not found: check if there is a RefParameter without a condition.
2024-05-08 18:37:39,368 [INFO] CodeEngine:255 - oldGeneratedFile, C:\Users\shrey\STM32CubeIDE\nano-board-lcd-sw\Examples\011_USB_VCOM\MXTmpFiles\license.tmp_save
2024-05-08 18:37:39,562 [INFO] CodeEngine:279 - Generated code: C:\Users\shrey\STM32CubeIDE\nano-board-lcd-sw\Examples\011_USB_VCOM\MXTmpFiles\license.tmp
2024-05-08 18:37:39,646 [INFO] CodeEngine:255 - oldGeneratedFile, C:\Users\shrey\STM32CubeIDE\nano-board-lcd-sw\Examples\011_USB_VCOM\MXTmpFiles\gpio.tmp_save
2024-05-08 18:37:39,829 [INFO] CodeEngine:279 - Generated code: C:\Users\shrey\STM32CubeIDE\nano-board-lcd-sw\Examples\011_USB_VCOM\MXTmpFiles\gpio.tmp
2024-05-08 18:37:39,936 [INFO] CodeEngine:255 - oldGeneratedFile, C:\Users\shrey\STM32CubeIDE\nano-board-lcd-sw\Examples\011_USB_VCOM\MXTmpFiles\usb_vars.tmp_save
2024-05-08 18:37:40,129 [INFO] CodeEngine:279 - Generated code: C:\Users\shrey\STM32CubeIDE\nano-board-lcd-sw\Examples\011_USB_VCOM\MXTmpFiles\usb_vars.tmp
2024-05-08 18:37:40,161 [INFO] CodeEngine:255 - oldGeneratedFile, C:\Users\shrey\STM32CubeIDE\nano-board-lcd-sw\Examples\011_USB_VCOM\MXTmpFiles\usb_inc.tmp_save
2024-05-08 18:37:40,310 [INFO] CodeEngine:279 - Generated code: C:\Users\shrey\STM32CubeIDE\nano-board-lcd-sw\Examples\011_USB_VCOM\MXTmpFiles\usb_inc.tmp
2024-05-08 18:37:40,389 [INFO] CodeEngine:255 - oldGeneratedFile, C:\Users\shrey\STM32CubeIDE\nano-board-lcd-sw\Examples\011_USB_VCOM\MXTmpFiles\usb_HalInit.tmp_save
2024-05-08 18:37:40,622 [INFO] CodeEngine:279 - Generated code: C:\Users\shrey\STM32CubeIDE\nano-board-lcd-sw\Examples\011_USB_VCOM\MXTmpFiles\usb_HalInit.tmp
2024-05-08 18:37:40,652 [INFO] CodeEngine:255 - oldGeneratedFile, C:\Users\shrey\STM32CubeIDE\nano-board-lcd-sw\Examples\011_USB_VCOM\MXTmpFiles\usb_Msp.tmp_save
2024-05-08 18:37:41,005 [INFO] CodeEngine:279 - Generated code: C:\Users\shrey\STM32CubeIDE\nano-board-lcd-sw\Examples\011_USB_VCOM\MXTmpFiles\usb_Msp.tmp
2024-05-08 18:37:41,101 [INFO] Middleware:1439 - No code input for Bsp Dependency
2024-05-08 18:37:41,113 [INFO] Middleware:1439 - No code input for Bsp Dependency
2024-05-08 18:37:41,143 [INFO] CodeEngine:255 - oldGeneratedFile, C:\Users\shrey\STM32CubeIDE\nano-board-lcd-sw\Examples\011_USB_VCOM\USB_DEVICE\App\usb_device.c_save
2024-05-08 18:37:41,436 [INFO] CodeEngine:279 - Generated code: C:\Users\shrey\STM32CubeIDE\nano-board-lcd-sw\Examples\011_USB_VCOM\USB_DEVICE\App\usb_device.c
2024-05-08 18:37:41,454 [INFO] CodeEngine:255 - oldGeneratedFile, C:\Users\shrey\STM32CubeIDE\nano-board-lcd-sw\Examples\011_USB_VCOM\USB_DEVICE\App\usb_device.h_save
2024-05-08 18:37:41,593 [INFO] CodeEngine:279 - Generated code: C:\Users\shrey\STM32CubeIDE\nano-board-lcd-sw\Examples\011_USB_VCOM\USB_DEVICE\App\usb_device.h
2024-05-08 18:37:41,615 [INFO] CodeEngine:255 - oldGeneratedFile, C:\Users\shrey\STM32CubeIDE\nano-board-lcd-sw\Examples\011_USB_VCOM\USB_DEVICE\Target\usbd_conf.h_save
2024-05-08 18:37:41,782 [INFO] CodeEngine:279 - Generated code: C:\Users\shrey\STM32CubeIDE\nano-board-lcd-sw\Examples\011_USB_VCOM\USB_DEVICE\Target\usbd_conf.h
2024-05-08 18:37:41,799 [INFO] CodeEngine:255 - oldGeneratedFile, C:\Users\shrey\STM32CubeIDE\nano-board-lcd-sw\Examples\011_USB_VCOM\USB_DEVICE\Target\usbd_conf.c_save
2024-05-08 18:37:41,943 [INFO] CodeEngine:279 - Generated code: C:\Users\shrey\STM32CubeIDE\nano-board-lcd-sw\Examples\011_USB_VCOM\USB_DEVICE\Target\usbd_conf.c
2024-05-08 18:37:41,975 [INFO] CodeEngine:255 - oldGeneratedFile, C:\Users\shrey\STM32CubeIDE\nano-board-lcd-sw\Examples\011_USB_VCOM\USB_DEVICE\App\usbd_desc.h_save
2024-05-08 18:37:42,097 [INFO] CodeEngine:279 - Generated code: C:\Users\shrey\STM32CubeIDE\nano-board-lcd-sw\Examples\011_USB_VCOM\USB_DEVICE\App\usbd_desc.h
2024-05-08 18:37:42,112 [INFO] CodeEngine:255 - oldGeneratedFile, C:\Users\shrey\STM32CubeIDE\nano-board-lcd-sw\Examples\011_USB_VCOM\USB_DEVICE\App\usbd_desc.c_save
2024-05-08 18:37:42,239 [INFO] CodeEngine:279 - Generated code: C:\Users\shrey\STM32CubeIDE\nano-board-lcd-sw\Examples\011_USB_VCOM\USB_DEVICE\App\usbd_desc.c
2024-05-08 18:37:42,271 [INFO] CodeEngine:255 - oldGeneratedFile, C:\Users\shrey\STM32CubeIDE\nano-board-lcd-sw\Examples\011_USB_VCOM\USB_DEVICE\App\usbd_cdc_if.h_save
2024-05-08 18:37:42,367 [INFO] CodeEngine:279 - Generated code: C:\Users\shrey\STM32CubeIDE\nano-board-lcd-sw\Examples\011_USB_VCOM\USB_DEVICE\App\usbd_cdc_if.h
2024-05-08 18:37:42,383 [INFO] CodeEngine:255 - oldGeneratedFile, C:\Users\shrey\STM32CubeIDE\nano-board-lcd-sw\Examples\011_USB_VCOM\USB_DEVICE\App\usbd_cdc_if.c_save
2024-05-08 18:37:42,527 [INFO] CodeEngine:279 - Generated code: C:\Users\shrey\STM32CubeIDE\nano-board-lcd-sw\Examples\011_USB_VCOM\USB_DEVICE\App\usbd_cdc_if.c
2024-05-08 18:37:42,597 [INFO] CodeEngine:255 - oldGeneratedFile, C:\Users\shrey\STM32CubeIDE\nano-board-lcd-sw\Examples\011_USB_VCOM\Core\Src\stm32f3xx_it.c_save
2024-05-08 18:37:42,874 [INFO] CodeEngine:279 - Generated code: C:\Users\shrey\STM32CubeIDE\nano-board-lcd-sw\Examples\011_USB_VCOM\Core\Src\stm32f3xx_it.c
2024-05-08 18:37:42,885 [INFO] CodeEngine:255 - oldGeneratedFile, C:\Users\shrey\STM32CubeIDE\nano-board-lcd-sw\Examples\011_USB_VCOM\Core\Inc\stm32f3xx_it.h_save
2024-05-08 18:37:42,983 [INFO] CodeEngine:279 - Generated code: C:\Users\shrey\STM32CubeIDE\nano-board-lcd-sw\Examples\011_USB_VCOM\Core\Inc\stm32f3xx_it.h
2024-05-08 18:37:43,021 [INFO] CodeEngine:255 - oldGeneratedFile, C:\Users\shrey\STM32CubeIDE\nano-board-lcd-sw\Examples\011_USB_VCOM\Core\Src\stm32f3xx_hal_msp.c_save
2024-05-08 18:37:43,166 [INFO] CodeEngine:279 - Generated code: C:\Users\shrey\STM32CubeIDE\nano-board-lcd-sw\Examples\011_USB_VCOM\Core\Src\stm32f3xx_hal_msp.c
2024-05-08 18:37:43,172 [INFO] CodeEngine:255 - oldGeneratedFile, C:\Users\shrey\STM32CubeIDE\nano-board-lcd-sw\Examples\011_USB_VCOM\MXTmpFiles\system.tmp_save
2024-05-08 18:37:43,250 [INFO] CodeEngine:279 - Generated code: C:\Users\shrey\STM32CubeIDE\nano-board-lcd-sw\Examples\011_USB_VCOM\MXTmpFiles\system.tmp
2024-05-08 18:37:43,294 [INFO] CodeEngine:311 - oldGeneratedFile, C:\Users\shrey\STM32CubeIDE\nano-board-lcd-sw\Examples\011_USB_VCOM\Core\Inc\stm32f3xx_hal_conf.h_save
2024-05-08 18:37:43,468 [INFO] CodeEngine:335 - Generated code: C:\Users\shrey\STM32CubeIDE\nano-board-lcd-sw\Examples\011_USB_VCOM\Core\Inc\stm32f3xx_hal_conf.h
2024-05-08 18:37:43,573 [INFO] CodeEngine:255 - oldGeneratedFile, C:\Users\shrey\STM32CubeIDE\nano-board-lcd-sw\Examples\011_USB_VCOM\Core\Inc\main.h_save
2024-05-08 18:37:43,728 [INFO] CodeEngine:279 - Generated code: C:\Users\shrey\STM32CubeIDE\nano-board-lcd-sw\Examples\011_USB_VCOM\Core\Inc\main.h
2024-05-08 18:37:43,753 [INFO] CodeEngine:255 - oldGeneratedFile, C:\Users\shrey\STM32CubeIDE\nano-board-lcd-sw\Examples\011_USB_VCOM\Core\Src\main.c_save
2024-05-08 18:37:43,928 [INFO] CodeEngine:279 - Generated code: C:\Users\shrey\STM32CubeIDE\nano-board-lcd-sw\Examples\011_USB_VCOM\Core\Src\main.c
2024-05-08 18:37:44,602 [INFO] ProjectBuilder:3163 - Time for Copy HAL[1] : 302mS.
2024-05-08 18:37:44,615 [INFO] ProjectBuilder:4736 - Project Generator version: 4.3.0-B58
2024-05-08 18:37:44,737 [INFO] ConfigFileManager:1503 - The Die is : DIE422
2024-05-08 18:37:47,655 [INFO] ProjectBuilder:5002 - Time for Generating toolchain IDE Files: 3040mS.
2024-05-08 18:37:47,656 [INFO] ProjectBuilder:3034 - Time for Copy CMSIS : 1mS.
2024-05-08 18:37:47,663 [INFO] ProjectBuilder:3034 - Time for Copy CMSIS : 0mS.
