2024-06-15 12:12:15,278 [INFO] Activator:176 - 


2024-06-15 12:12:15,290 [INFO] Activator:177 - !SESSION log4j initialized
2024-06-15 12:12:30,904 [INFO] LogOutputStream:77 - [STDOUT_REDIRECT] 
2024-06-15 12:12:43,857 [INFO] ApplicationProperties:184 - Using Application install path: C:\ST\STM32CubeIDE_1.15.0\STM32CubeIDE\plugins\com.st.stm32cube.common.mx_6.11.1.202404110753
2024-06-15 12:12:43,888 [INFO] DbMcusXml:78 - Set database path to: C:\ST\STM32CubeIDE_1.15.0\STM32CubeIDE\plugins\com.st.stm32cube.common.mx_6.11.1.202404110753\\db\/mcu/
2024-06-15 12:12:43,888 [INFO] ApiDb:274 - Set plugin database path to: C:\ST\STM32CubeIDE_1.15.0\STM32CubeIDE\plugins\com.st.stm32cube.common.mx_6.11.1.202404110753\\db\/plugins/boardmanager/
2024-06-15 12:12:43,888 [WARN] ApiDb:259 - Overriding images path with different value:  => C:\ST\STM32CubeIDE_1.15.0\STM32CubeIDE\plugins\com.st.stm32cube.common.mx_6.11.1.202404110753\\db\/plugins/mcufinder/images/
2024-06-15 12:12:43,904 [INFO] ApiDb:250 - Set database path to: C:\Users\shrey\.stmcufinder\plugins\mcufinder//mcu/
2024-06-15 12:12:43,904 [INFO] DbMcusAds:125 - Set database path to: C:\Users\shrey\.stmcufinder\plugins\mcufinder//mcu/
2024-06-15 12:12:43,951 [INFO] CrossReferenceDbSqlite:203 - Set database path to: C:\Users\shrey\.stmcufinder\plugins\mcufinder//mcu/cs/
2024-06-15 12:12:44,123 [INFO] RulesReader:64 - Compatibility file has been processed (297 Rules)
2024-06-15 12:12:44,249 [INFO] DbMcusXml:78 - Set database path to: C:\ST\STM32CubeIDE_1.15.0\STM32CubeIDE\plugins\com.st.stm32cube.common.mx_6.11.1.202404110753\\db\/mcu/
2024-06-15 12:12:44,249 [INFO] ApiDb:274 - Set plugin database path to: C:\ST\STM32CubeIDE_1.15.0\STM32CubeIDE\plugins\com.st.stm32cube.common.mx_6.11.1.202404110753\\db\/plugins/boardmanager/
2024-06-15 12:12:44,249 [INFO] ApiDb:261 - Set plugin images path to: C:\ST\STM32CubeIDE_1.15.0\STM32CubeIDE\plugins\com.st.stm32cube.common.mx_6.11.1.202404110753\\db\/plugins/mcufinder/images/
2024-06-15 12:12:44,249 [WARN] DbFile:41 - Overriding database path with different value: C:\Users\shrey\.stmcufinder\plugins\mcufinder/ => C:\Users\shrey\.stmcufinder\plugins\mcufinder
2024-06-15 12:12:44,249 [INFO] ApiDb:250 - Set database path to: C:\Users\shrey\.stmcufinder\plugins\mcufinder//mcu/
2024-06-15 12:12:44,249 [WARN] DbFile:41 - Overriding database path with different value: C:\Users\shrey\.stmcufinder\plugins\mcufinder/ => C:\Users\shrey\.stmcufinder\plugins\mcufinder
2024-06-15 12:12:44,249 [INFO] DbMcusAds:125 - Set database path to: C:\Users\shrey\.stmcufinder\plugins\mcufinder//mcu/
2024-06-15 12:12:44,249 [WARN] DbFile:41 - Overriding database path with different value: C:\Users\shrey\.stmcufinder\plugins\mcufinder/ => C:\Users\shrey\.stmcufinder\plugins\mcufinder
2024-06-15 12:12:44,249 [WARN] DbFile:41 - Overriding database path with different value: C:\Users\shrey\.stmcufinder\plugins\mcufinder/ => C:\Users\shrey\.stmcufinder\plugins\mcufinder
2024-06-15 12:12:44,249 [INFO] CrossReferenceDbSqlite:203 - Set database path to: C:\Users\shrey\.stmcufinder\plugins\mcufinder//mcu/cs/
2024-06-15 12:12:44,375 [INFO] MainPanel:264 - HeapMemory: 268435456
2024-06-15 12:12:44,547 [INFO] DbMcusXml:78 - Set database path to: C:\ST\STM32CubeIDE_1.15.0\STM32CubeIDE\plugins\com.st.stm32cube.common.mx_6.11.1.202404110753\\db\/mcu/
2024-06-15 12:12:44,547 [INFO] ApiDb:274 - Set plugin database path to: C:\ST\STM32CubeIDE_1.15.0\STM32CubeIDE\plugins\com.st.stm32cube.common.mx_6.11.1.202404110753\\db\/plugins/boardmanager/
2024-06-15 12:12:44,547 [INFO] ApiDb:261 - Set plugin images path to: C:\ST\STM32CubeIDE_1.15.0\STM32CubeIDE\plugins\com.st.stm32cube.common.mx_6.11.1.202404110753\\db\/plugins/mcufinder/images/
2024-06-15 12:12:44,547 [WARN] DbFile:41 - Overriding database path with different value: C:\Users\shrey\.stmcufinder\plugins\mcufinder/ => C:\Users\shrey\.stmcufinder\plugins\mcufinder
2024-06-15 12:12:44,547 [INFO] ApiDb:250 - Set database path to: C:\Users\shrey\.stmcufinder\plugins\mcufinder//mcu/
2024-06-15 12:12:44,547 [WARN] DbFile:41 - Overriding database path with different value: C:\Users\shrey\.stmcufinder\plugins\mcufinder/ => C:\Users\shrey\.stmcufinder\plugins\mcufinder
2024-06-15 12:12:44,547 [INFO] DbMcusAds:125 - Set database path to: C:\Users\shrey\.stmcufinder\plugins\mcufinder//mcu/
2024-06-15 12:12:44,547 [WARN] DbFile:41 - Overriding database path with different value: C:\Users\shrey\.stmcufinder\plugins\mcufinder/ => C:\Users\shrey\.stmcufinder\plugins\mcufinder
2024-06-15 12:12:44,547 [WARN] DbFile:41 - Overriding database path with different value: C:\Users\shrey\.stmcufinder\plugins\mcufinder/ => C:\Users\shrey\.stmcufinder\plugins\mcufinder
2024-06-15 12:12:44,547 [INFO] CrossReferenceDbSqlite:203 - Set database path to: C:\Users\shrey\.stmcufinder\plugins\mcufinder//mcu/cs/
2024-06-15 12:12:44,578 [INFO] ApplicationProperties:184 - Using Application install path: C:\ST\STM32CubeIDE_1.15.0\STM32CubeIDE\plugins\com.st.stm32cube.common.mx_6.11.1.202404110753
2024-06-15 12:12:44,578 [INFO] PluginManage:196 - Search for loadable plugins [exclusion list=, ]
2024-06-15 12:12:44,594 [INFO] PluginManage:310 - Check plugin analytics
2024-06-15 12:12:44,836 [INFO] AnalyticsPlugin:253 - Accepted Software Licenses: 
2024-06-15 12:12:44,845 [INFO] AnalyticsPlugin:255 - Accepted CMSIS Pack Licenses: 
2024-06-15 12:12:44,845 [INFO] AnalyticsPlugin:257 - Accepted Firmware Licenses: FW.F4.1.28.0
2024-06-15 12:12:44,845 [INFO] PluginManage:359 - Loaded plugin analytics (category:tool,tabindex:-1)
2024-06-15 12:12:44,845 [INFO] PluginManage:310 - Check plugin cadmodel
2024-06-15 12:12:44,924 [INFO] CADModel:105 - Init CAD model plugin
2024-06-15 12:12:44,924 [INFO] PluginManage:359 - Loaded plugin cadmodel (category:power,tabindex:5)
2024-06-15 12:12:44,924 [INFO] PluginManage:310 - Check plugin clock
2024-06-15 12:12:44,958 [INFO] PluginManage:359 - Loaded plugin clock (category:base,tabindex:2)
2024-06-15 12:12:44,958 [INFO] PluginManage:310 - Check plugin ddr
2024-06-15 12:12:44,966 [INFO] PluginManage:359 - Loaded plugin ddr (category:tool,tabindex:6)
2024-06-15 12:12:44,966 [INFO] PluginManage:310 - Check plugin filemanager
2024-06-15 12:12:45,208 [INFO] PluginManage:359 - Loaded plugin filemanager (category:base,tabindex:10)
2024-06-15 12:12:45,208 [INFO] PluginManage:310 - Check plugin ipmanager
2024-06-15 12:12:45,224 [INFO] PluginManage:359 - Loaded plugin ipmanager (category:base,tabindex:5)
2024-06-15 12:12:45,224 [INFO] PluginManage:310 - Check plugin lpbam
2024-06-15 12:12:45,255 [INFO] PluginManage:359 - Loaded plugin lpbam (category:base,tabindex:0)
2024-06-15 12:12:45,255 [INFO] PluginManage:310 - Check plugin memorymap
2024-06-15 12:12:45,286 [INFO] PluginManage:359 - Loaded plugin memorymap (category:base,tabindex:4)
2024-06-15 12:12:45,286 [INFO] PluginManage:310 - Check plugin pinoutandconfiguration
2024-06-15 12:12:45,318 [INFO] PluginManage:359 - Loaded plugin pinoutandconfiguration (category:base,tabindex:1)
2024-06-15 12:12:45,319 [INFO] PluginManage:310 - Check plugin pinoutconfig
2024-06-15 12:12:45,474 [WARN] SupportedApi:132 - Cannot load RTOS API schema: s4s-elt-must-match.1: The content of 'definitions' must match (annotation?, (simpleType | complexType)?, (unique | key | keyref)*)). A problem was found starting at: attribute.
2024-06-15 12:12:45,725 [INFO] PluginManage:359 - Loaded plugin pinoutconfig (category:base,tabindex:0)
2024-06-15 12:12:45,725 [INFO] PluginManage:310 - Check plugin power
2024-06-15 12:12:45,757 [INFO] PluginManage:359 - Loaded plugin power (category:power,tabindex:4)
2024-06-15 12:12:45,757 [INFO] PluginManage:310 - Check plugin projectmanager
2024-06-15 12:12:45,788 [INFO] PluginManage:359 - Loaded plugin projectmanager (category:projectmanager,tabindex:3)
2024-06-15 12:12:45,788 [INFO] PluginManage:310 - Check plugin thirdparty
2024-06-15 12:12:46,243 [INFO] PluginManage:359 - Loaded plugin thirdparty (category:base,tabindex:-1)
2024-06-15 12:12:46,243 [WARN] IntegrityCheckThread:84 - waiting for thirdparty lock release [integrity check]
2024-06-15 12:12:46,243 [INFO] PluginManage:310 - Check plugin tools
2024-06-15 12:12:46,243 [INFO] IntegrityCheckThread:86 - entering critical section [integrity check]
2024-06-15 12:12:46,243 [INFO] ThirdPartyUpdaterWithRetryManager:70 - Updater plugin not ready yet. [1/15]
2024-06-15 12:12:46,290 [INFO] PluginManage:359 - Loaded plugin tools (category:base,tabindex:7)
2024-06-15 12:12:46,290 [INFO] PluginManage:310 - Check plugin tutovideos
2024-06-15 12:12:46,635 [INFO] PluginManage:359 - Loaded plugin tutovideos (category:base,tabindex:-1)
2024-06-15 12:12:46,650 [INFO] PluginManage:310 - Check plugin updater
2024-06-15 12:12:46,667 [INFO] PluginManage:359 - Loaded plugin updater (category:base,tabindex:12)
2024-06-15 12:12:46,667 [INFO] PluginManage:310 - Check plugin userauth
2024-06-15 12:12:46,667 [INFO] UserAuth:114 - Init User Auth plugin
2024-06-15 12:12:46,667 [INFO] PluginManage:359 - Loaded plugin userauth (category:base,tabindex:14)
2024-06-15 12:12:46,667 [INFO] PluginManage:283 - PluginManage : Loaded plugins [17]
2024-06-15 12:12:47,049 [INFO] PinOutPanel:1561 - setPackage(No Configuration,No Configuration)
2024-06-15 12:12:47,154 [INFO] CADModel:165 - CPN selected for project level
2024-06-15 12:12:47,154 [INFO] CADModel:114 - Register for checkConnection events
2024-06-15 12:12:47,185 [INFO] IPUIPlugin:80 - create IPUIPlugin
2024-06-15 12:12:47,185 [INFO] PluginManager:220 - loadIPPluginJar : add adc
2024-06-15 12:12:47,232 [INFO] IPUIPlugin:80 - create IPUIPlugin
2024-06-15 12:12:47,232 [INFO] PluginManager:220 - loadIPPluginJar : add aes
2024-06-15 12:12:47,279 [INFO] IPUIPlugin:80 - create IPUIPlugin
2024-06-15 12:12:47,279 [INFO] PluginManager:220 - loadIPPluginJar : add can
2024-06-15 12:12:47,310 [INFO] IPUIPlugin:80 - create IPUIPlugin
2024-06-15 12:12:47,310 [INFO] PluginManager:220 - loadIPPluginJar : add comp
2024-06-15 12:12:47,342 [INFO] IPUIPlugin:80 - create IPUIPlugin
2024-06-15 12:12:47,342 [INFO] PluginManager:220 - loadIPPluginJar : add cryp
2024-06-15 12:12:47,405 [INFO] IPUIPlugin:80 - create IPUIPlugin
2024-06-15 12:12:47,405 [INFO] PluginManager:220 - loadIPPluginJar : add dfsdm
2024-06-15 12:12:47,420 [INFO] IPUIPlugin:80 - create IPUIPlugin
2024-06-15 12:12:47,420 [INFO] PluginManager:220 - loadIPPluginJar : add dma
2024-06-15 12:12:47,467 [INFO] IPUIPlugin:80 - create IPUIPlugin
2024-06-15 12:12:47,467 [INFO] PluginManager:220 - loadIPPluginJar : add dma3
2024-06-15 12:12:47,545 [INFO] IPUIPlugin:80 - create IPUIPlugin
2024-06-15 12:12:47,545 [INFO] PluginManager:220 - loadIPPluginJar : add extmemmanager
2024-06-15 12:12:47,561 [INFO] IPUIPlugin:80 - create IPUIPlugin
2024-06-15 12:12:47,561 [INFO] PluginManager:220 - loadIPPluginJar : add fatfs
2024-06-15 12:12:47,623 [INFO] IPUIPlugin:80 - create IPUIPlugin
2024-06-15 12:12:47,623 [INFO] PluginManager:220 - loadIPPluginJar : add fmc
2024-06-15 12:12:47,639 [INFO] IPUIPlugin:80 - create IPUIPlugin
2024-06-15 12:12:47,639 [INFO] PluginManager:220 - loadIPPluginJar : add freertos
2024-06-15 12:12:47,670 [INFO] IPUIPlugin:80 - create IPUIPlugin
2024-06-15 12:12:47,670 [INFO] PluginManager:220 - loadIPPluginJar : add genericplugin
2024-06-15 12:12:47,795 [INFO] IPUIPlugin:80 - create IPUIPlugin
2024-06-15 12:12:47,795 [INFO] PluginManager:220 - loadIPPluginJar : add gfxmmu
2024-06-15 12:12:47,952 [INFO] IPUIPlugin:80 - create IPUIPlugin
2024-06-15 12:12:47,952 [INFO] PluginManager:220 - loadIPPluginJar : add gic
2024-06-15 12:12:47,967 [INFO] IPUIPlugin:80 - create IPUIPlugin
2024-06-15 12:12:47,967 [INFO] PluginManager:220 - loadIPPluginJar : add gpio
2024-06-15 12:12:48,094 [INFO] IPUIPlugin:80 - create IPUIPlugin
2024-06-15 12:12:48,094 [INFO] PluginManager:220 - loadIPPluginJar : add gtzc
2024-06-15 12:12:48,125 [INFO] IPUIPlugin:80 - create IPUIPlugin
2024-06-15 12:12:48,125 [INFO] PluginManager:220 - loadIPPluginJar : add hash
2024-06-15 12:12:48,219 [INFO] IPUIPlugin:80 - create IPUIPlugin
2024-06-15 12:12:48,219 [INFO] PluginManager:220 - loadIPPluginJar : add i2c
2024-06-15 12:12:48,292 [INFO] IPUIPlugin:80 - create IPUIPlugin
2024-06-15 12:12:48,292 [INFO] PluginManager:220 - loadIPPluginJar : add i2s
2024-06-15 12:12:48,359 [INFO] IPUIPlugin:80 - create IPUIPlugin
2024-06-15 12:12:48,359 [INFO] PluginManager:220 - loadIPPluginJar : add i3c
2024-06-15 12:12:48,464 [INFO] IPUIPlugin:80 - create IPUIPlugin
2024-06-15 12:12:48,464 [INFO] PluginManager:220 - loadIPPluginJar : add ipddr
2024-06-15 12:12:48,573 [INFO] IPUIPlugin:80 - create IPUIPlugin
2024-06-15 12:12:48,573 [INFO] PluginManager:220 - loadIPPluginJar : add linkedlist
2024-06-15 12:12:48,605 [INFO] IPUIPlugin:80 - create IPUIPlugin
2024-06-15 12:12:48,605 [INFO] PluginManager:220 - loadIPPluginJar : add lorawan
2024-06-15 12:12:48,670 [INFO] IPUIPlugin:80 - create IPUIPlugin
2024-06-15 12:12:48,670 [INFO] PluginManager:220 - loadIPPluginJar : add ltdc
2024-06-15 12:12:48,688 [INFO] IPUIPlugin:80 - create IPUIPlugin
2024-06-15 12:12:48,689 [INFO] PluginManager:220 - loadIPPluginJar : add mdma
2024-06-15 12:12:48,704 [INFO] IPUIPlugin:80 - create IPUIPlugin
2024-06-15 12:12:48,704 [INFO] PluginManager:220 - loadIPPluginJar : add nvic
2024-06-15 12:12:48,743 [INFO] IPUIPlugin:80 - create IPUIPlugin
2024-06-15 12:12:48,744 [INFO] PluginManager:220 - loadIPPluginJar : add opamp
2024-06-15 12:12:48,827 [INFO] IPUIPlugin:80 - create IPUIPlugin
2024-06-15 12:12:48,827 [INFO] PluginManager:220 - loadIPPluginJar : add openamp
2024-06-15 12:12:48,891 [INFO] IPUIPlugin:80 - create IPUIPlugin
2024-06-15 12:12:48,891 [INFO] PluginManager:220 - loadIPPluginJar : add pdm2pcm
2024-06-15 12:12:48,911 [INFO] IPUIPlugin:80 - create IPUIPlugin
2024-06-15 12:12:48,911 [INFO] PluginManager:220 - loadIPPluginJar : add plateformsettings
2024-06-15 12:12:48,938 [INFO] IPUIPlugin:80 - create IPUIPlugin
2024-06-15 12:12:48,938 [INFO] PluginManager:220 - loadIPPluginJar : add quadspi
2024-06-15 12:12:48,963 [INFO] IPUIPlugin:80 - create IPUIPlugin
2024-06-15 12:12:48,963 [INFO] PluginManager:220 - loadIPPluginJar : add resmgrutility
2024-06-15 12:12:49,017 [INFO] IPUIPlugin:80 - create IPUIPlugin
2024-06-15 12:12:49,018 [INFO] PluginManager:220 - loadIPPluginJar : add sai
2024-06-15 12:12:49,070 [INFO] IPUIPlugin:80 - create IPUIPlugin
2024-06-15 12:12:49,070 [INFO] PluginManager:220 - loadIPPluginJar : add spi
2024-06-15 12:12:49,160 [INFO] IPUIPlugin:80 - create IPUIPlugin
2024-06-15 12:12:49,160 [INFO] PluginManager:220 - loadIPPluginJar : add stm32_wpan
2024-06-15 12:12:49,193 [INFO] IPUIPlugin:80 - create IPUIPlugin
2024-06-15 12:12:49,193 [INFO] PluginManager:220 - loadIPPluginJar : add tim
2024-06-15 12:12:49,253 [INFO] ThirdPartyUpdaterWithRetryManager:70 - Updater plugin not ready yet. [2/15]
2024-06-15 12:12:49,278 [INFO] IPUIPlugin:80 - create IPUIPlugin
2024-06-15 12:12:49,278 [INFO] PluginManager:220 - loadIPPluginJar : add touchsensing
2024-06-15 12:12:49,310 [INFO] IPUIPlugin:80 - create IPUIPlugin
2024-06-15 12:12:49,311 [INFO] PluginManager:220 - loadIPPluginJar : add tracer_emb
2024-06-15 12:12:49,344 [INFO] IPUIPlugin:80 - create IPUIPlugin
2024-06-15 12:12:49,345 [INFO] PluginManager:220 - loadIPPluginJar : add ts
2024-06-15 12:12:49,376 [INFO] IPUIPlugin:80 - create IPUIPlugin
2024-06-15 12:12:49,376 [INFO] PluginManager:220 - loadIPPluginJar : add tsc
2024-06-15 12:12:49,406 [INFO] IPUIPlugin:80 - create IPUIPlugin
2024-06-15 12:12:49,406 [INFO] PluginManager:220 - loadIPPluginJar : add ucpd
2024-06-15 12:12:49,458 [INFO] IPUIPlugin:80 - create IPUIPlugin
2024-06-15 12:12:49,459 [INFO] PluginManager:220 - loadIPPluginJar : add usart
2024-06-15 12:12:49,513 [INFO] IPUIPlugin:80 - create IPUIPlugin
2024-06-15 12:12:49,513 [INFO] PluginManager:220 - loadIPPluginJar : add usbx
2024-06-15 12:12:49,658 [INFO] CADModel:165 - CPN selected for project level
2024-06-15 12:12:49,658 [INFO] CADModel:114 - Register for checkConnection events
2024-06-15 12:12:49,658 [FATAL] Updater:308 - Updater called before beeing initialized
2024-06-15 12:12:49,659 [ERROR] CADModel:125 - Updater not yet initialized, retry later 
2024-06-15 12:12:49,886 [INFO] CADModel:165 - CPN selected for project level
2024-06-15 12:12:49,886 [INFO] CADModel:114 - Register for checkConnection events
2024-06-15 12:12:49,886 [FATAL] Updater:308 - Updater called before beeing initialized
2024-06-15 12:12:49,886 [ERROR] CADModel:125 - Updater not yet initialized, retry later 
2024-06-15 12:12:49,891 [FATAL] Updater:308 - Updater called before beeing initialized
2024-06-15 12:12:50,059 [FATAL] Updater:308 - Updater called before beeing initialized
2024-06-15 12:12:50,070 [INFO] DbMcusAds:53 - JSON generation date=Thu May 16 14:52:00 IST 2024 (1715851320667)
2024-06-15 12:12:50,070 [FATAL] Updater:308 - Updater called before beeing initialized
2024-06-15 12:12:50,189 [WARN] DetailPanel:346 - Failed to get advertising image, set to default
2024-06-15 12:12:50,303 [FATAL] Updater:308 - Updater called before beeing initialized
2024-06-15 12:12:50,303 [FATAL] Updater:308 - Updater called before beeing initialized
2024-06-15 12:12:50,303 [FATAL] Updater:308 - Updater called before beeing initialized
2024-06-15 12:12:50,303 [WARN] DetailPanel:346 - Failed to get advertising image, set to default
2024-06-15 12:12:50,303 [FATAL] Updater:308 - Updater called before beeing initialized
2024-06-15 12:12:50,389 [ERROR] Updater:1120 - MainUpdater not yet initialized. External WinMGr cannot be set.
2024-06-15 12:12:50,404 [INFO] Updater:1056 - Updater Version found : 6.11.1
2024-06-15 12:12:50,438 [INFO] ApplicationProperties:184 - Using Application install path: C:\ST\STM32CubeIDE_1.15.0\STM32CubeIDE\plugins\com.st.stm32cube.common.mx_6.11.1.202404110753
2024-06-15 12:12:52,058 [ERROR] LogOutputStream:75 - [STDERR_REDIRECT] Jun 15, 2024 12:12:52 PM java.util.prefs.WindowsPreferences <init>
2024-06-15 12:12:52,058 [ERROR] LogOutputStream:75 - [STDERR_REDIRECT] WARNING: Could not open/create prefs root node Software\JavaSoft\Prefs at root 0xffffffff80000002. Windows RegCreateKeyEx(...) returned error code 5.
2024-06-15 12:12:52,058 [ERROR] LogOutputStream:75 - [STDERR_REDIRECT] 
2024-06-15 12:12:52,261 [INFO] ThirdPartyUpdaterWithRetryManager:70 - Updater plugin not ready yet. [3/15]
2024-06-15 12:12:52,733 [INFO] MainUpdater:2873 - connection check result : 10
2024-06-15 12:12:52,733 [INFO] MainUpdater:290 - Updater Check For Update Now.
2024-06-15 12:12:52,733 [INFO] MicroXplorer:498 - Change Database Version : DB.6.0.111
2024-06-15 12:12:52,749 [INFO] McuFinderGlobals:63 - Set McuFinder mode to 2 (CubeIDE integrated)
2024-06-15 12:12:52,772 [INFO] UserAuth:415 - Internet connection configuration mode: 1
2024-06-15 12:12:52,815 [INFO] JxBrowserEngine:152 - Initiate JxBrowser Engine with user profile folder
2024-06-15 12:12:53,004 [INFO] CheckServerUpdateThread:120 - End of CheckServer Thread
2024-06-15 12:12:55,529 [WARN] PackLoader:240 - Cannot read IP mode file for STMicroelectronics.FP-SNS-MOTENVWB1.1.4.0
2024-06-15 12:12:55,545 [WARN] PackLoader:240 - Cannot read IP mode file for STMicroelectronics.X-CUBE-SMBUS.2.1.0
2024-06-15 12:12:55,576 [WARN] PackLoader:240 - Cannot read IP mode file for STMicroelectronics.X-CUBE-TOUCHGFX.4.23.1
2024-06-15 12:12:55,598 [WARN] PackLoader:240 - Cannot read IP mode file for STMicroelectronics.X-CUBE-TOUCHGFX.4.23.0
2024-06-15 12:12:55,608 [WARN] PackLoader:240 - Cannot read IP mode file for STMicroelectronics.X-CUBE-TOUCHGFX.4.23.2
2024-06-15 12:12:55,718 [WARN] PackLoader:240 - Cannot read IP mode file for STMicroelectronics.X-CUBE-AZRTOS-F7.1.1.0
2024-06-15 12:12:55,765 [WARN] PackLoader:240 - Cannot read IP mode file for STMicroelectronics.FP-SNS-MOTENV1.4.3.2
2024-06-15 12:12:55,796 [WARN] PackLoader:240 - Cannot read IP mode file for STMicroelectronics.FP-SNS-FLIGHT1.5.0.2
2024-06-15 12:12:55,827 [WARN] PackLoader:240 - Cannot read IP mode file for STMicroelectronics.X-CUBE-DISPLAY.3.0.0
2024-06-15 12:12:55,874 [WARN] PackLoader:240 - Cannot read IP mode file for STMicroelectronics.X-CUBE-BLE1.7.0.0
2024-06-15 12:12:55,906 [WARN] PackLoader:240 - Cannot read IP mode file for emotas.I-CUBE-CANOPEN.1.3.0
2024-06-15 12:12:55,940 [WARN] PackLoader:240 - Cannot read IP mode file for STMicroelectronics.X-CUBE-BLEMGR.3.1.0
2024-06-15 12:12:55,969 [WARN] PackLoader:240 - Cannot read IP mode file for STMicroelectronics.FP-SNS-SMARTAG2.1.2.0
2024-06-15 12:12:56,016 [INFO] LogOutputStream:77 - [STDOUT_REDIRECT] 1 : Invalid condition id : UX_CORESTACK_Condition cause : null
2024-06-15 12:12:56,016 [INFO] LogOutputStream:77 - [STDOUT_REDIRECT] 1 : Invalid condition id : UX_CORESTACK_Condition cause : null
2024-06-15 12:12:56,016 [INFO] LogOutputStream:77 - [STDOUT_REDIRECT] 1 : Invalid condition id : UX_CORESTACK_Condition cause : null
2024-06-15 12:12:56,016 [INFO] LogOutputStream:77 - [STDOUT_REDIRECT] 1 : Invalid condition id : UX_CORESTACK_Condition cause : null
2024-06-15 12:12:56,016 [INFO] LogOutputStream:77 - [STDOUT_REDIRECT] 1 : Invalid condition id : UX_CORESTACK_Condition cause : null
2024-06-15 12:12:56,031 [WARN] PackLoader:240 - Cannot read IP mode file for STMicroelectronics.X-CUBE-AZRTOS-WL.2.0.0
2024-06-15 12:12:56,063 [WARN] PackLoader:240 - Cannot read IP mode file for STMicroelectronics.FP-SNS-MOTENV1.5.0.0
2024-06-15 12:12:56,094 [WARN] PackLoader:240 - Cannot read IP mode file for WES.I-CUBE-Cesium.1.3.0
2024-06-15 12:12:56,110 [WARN] PackLoader:240 - Cannot read IP mode file for STMicroelectronics.X-CUBE-BLE2.3.3.0
2024-06-15 12:12:56,126 [WARN] PackLoader:240 - Cannot read IP mode file for STMicroelectronics.X-CUBE-TCPP.4.1.0
2024-06-15 12:12:56,157 [WARN] PackLoader:240 - Cannot read IP mode file for STMicroelectronics.X-CUBE-ALGOBUILD.1.3.0
2024-06-15 12:12:56,240 [WARN] PackLoader:240 - Cannot read IP mode file for STMicroelectronics.X-CUBE-AZRTOS-G0.1.1.0
2024-06-15 12:12:56,267 [WARN] PackLoader:240 - Cannot read IP mode file for STMicroelectronics.X-CUBE-SAFEA1.1.2.2
2024-06-15 12:12:56,302 [WARN] PackLoader:240 - Cannot read IP mode file for STMicroelectronics.X-CUBE-NFC4.3.0.0
2024-06-15 12:12:56,346 [WARN] PackLoader:240 - Cannot read IP mode file for wolfSSL.I-CUBE-wolfMQTT.1.18.0
2024-06-15 12:12:56,362 [WARN] PackLoader:240 - Cannot read IP mode file for STMicroelectronics.FP-ATR-SIGFOX1.3.2.0
2024-06-15 12:12:56,394 [WARN] PackLoader:240 - Cannot read IP mode file for STMicroelectronics.X-CUBE-EEPRMA1.5.1.0
2024-06-15 12:12:56,488 [WARN] PackLoader:240 - Cannot read IP mode file for SEGGER.I-CUBE-embOS.1.3.1
2024-06-15 12:12:56,941 [WARN] PackLoader:240 - Cannot read IP mode file for STMicroelectronics.X-CUBE-ALGOBUILD.1.4.0
2024-06-15 12:12:56,967 [WARN] PackLoader:240 - Cannot read IP mode file for STMicroelectronics.X-CUBE-GNSS1.6.0.0
2024-06-15 12:12:57,079 [WARN] PackLoader:240 - Cannot read IP mode file for STMicroelectronics.X-CUBE-AZRTOS-F4.1.1.0
2024-06-15 12:12:57,126 [WARN] PackLoader:240 - Cannot read IP mode file for STMicroelectronics.X-CUBE-FREERTOS.1.2.0
2024-06-15 12:12:57,166 [WARN] PackLoader:240 - Cannot read IP mode file for wolfSSL.I-CUBE-wolfSSL.5.6.6
2024-06-15 12:12:57,251 [WARN] PackLoader:240 - Cannot read IP mode file for STMicroelectronics.X-CUBE-AZRTOS-L5.2.0.0
2024-06-15 12:12:57,312 [WARN] PackLoader:240 - Cannot read IP mode file for STMicroelectronics.X-CUBE-NFC6.3.1.0
2024-06-15 12:12:57,410 [WARN] PackLoader:240 - Cannot read IP mode file for ITTIA_DB.I-CUBE-ITTIADB.8.8.0
2024-06-15 12:12:57,475 [WARN] PackLoader:240 - Cannot read IP mode file for STMicroelectronics.X-CUBE-AI.9.0.0
2024-06-15 12:12:57,537 [WARN] PackLoader:240 - Cannot read IP mode file for STMicroelectronics.X-CUBE-NFC7.1.0.1
2024-06-15 12:12:57,763 [WARN] PackLoader:240 - Cannot read IP mode file for STMicroelectronics.X-CUBE-AI.8.1.0
2024-06-15 12:12:57,889 [WARN] ConditionMgr:438 - getConditionDescription Invalid condition id : LAN8742 Phy interface Condition cause : null
2024-06-15 12:12:57,908 [WARN] PackLoader:240 - Cannot read IP mode file for STMicroelectronics.X-CUBE-AZRTOS-L4.2.0.0
2024-06-15 12:12:57,911 [WARN] ConditionMgr:1039 - genDependencies : Invalid condition id : LAN8742 Phy interface Condition cause : null
2024-06-15 12:12:57,911 [WARN] ConditionMgr:1039 - genDependencies : Invalid condition id : LAN8742 Phy interface Condition cause : null
2024-06-15 12:12:57,912 [WARN] ConditionMgr:1039 - genDependencies : Invalid condition id : LAN8742 Phy interface Condition cause : null
2024-06-15 12:12:57,957 [WARN] PackLoader:240 - Cannot read IP mode file for STMicroelectronics.X-CUBE-SFXS2LP1.4.0.0
2024-06-15 12:12:57,998 [WARN] ConditionMgr:438 - getConditionDescription Invalid condition id : UX DEVICE CLASS RTOS Condition cause : null
2024-06-15 12:12:57,999 [WARN] ConditionMgr:438 - getConditionDescription Invalid condition id : UX DEVICE CLASS RTOS Condition cause : null
2024-06-15 12:12:58,002 [WARN] PackLoader:240 - Cannot read IP mode file for STMicroelectronics.X-CUBE-AZRTOS-WB.2.0.0
2024-06-15 12:12:58,003 [WARN] ConditionMgr:1039 - genDependencies : Invalid condition id : UX DEVICE CLASS RTOS Condition cause : null
2024-06-15 12:12:58,003 [WARN] ConditionMgr:1039 - genDependencies : Invalid condition id : UX DEVICE CLASS RTOS Condition cause : null
2024-06-15 12:12:58,004 [WARN] ConditionMgr:1039 - genDependencies : Invalid condition id : UX DEVICE CLASS RTOS Condition cause : null
2024-06-15 12:12:58,004 [WARN] ConditionMgr:1039 - genDependencies : Invalid condition id : UX DEVICE CLASS RTOS Condition cause : null
2024-06-15 12:12:58,004 [WARN] ConditionMgr:1039 - genDependencies : Invalid condition id : UX DEVICE CLASS RTOS Condition cause : null
2024-06-15 12:12:58,039 [WARN] PackLoader:240 - Cannot read IP mode file for STMicroelectronics.X-CUBE-SUBG2.5.0.0
2024-06-15 12:12:58,088 [WARN] PackLoader:240 - Cannot read IP mode file for STMicroelectronics.X-CUBE-AZRTOS-G4.2.0.0
2024-06-15 12:12:58,129 [WARN] PackLoader:240 - Cannot read IP mode file for Infineon.AIROC-Wi-Fi-Bluetooth-STM32.1.5.1
2024-06-15 12:12:58,161 [WARN] PackLoader:240 - Cannot read IP mode file for STMicroelectronics.FP-SNS-MOTENVWB1.1.3.1
2024-06-15 12:12:58,188 [WARN] PackLoader:240 - Cannot read IP mode file for STMicroelectronics.X-CUBE-ISPU.2.0.0
2024-06-15 12:12:58,209 [WARN] PackLoader:240 - Cannot read IP mode file for STMicroelectronics.X-CUBE-ALS.1.0.2
2024-06-15 12:12:58,324 [WARN] PackLoader:240 - Cannot read IP mode file for STMicroelectronics.X-CUBE-MEMS1.10.0.0
2024-06-15 12:12:58,586 [WARN] PackLoader:240 - Cannot read IP mode file for STMicroelectronics.X-CUBE-FREERTOS.1.1.0
2024-06-15 12:12:58,611 [WARN] PackLoader:240 - Cannot read IP mode file for portGmbH.I-Cube-SoM-uGOAL.1.1.0
2024-06-15 12:12:58,633 [WARN] PackLoader:240 - Cannot read IP mode file for STMicroelectronics.X-CUBE-ALS.1.0.1
2024-06-15 12:12:58,811 [WARN] PackLoader:240 - Cannot read IP mode file for STMicroelectronics.X-CUBE-AZRTOS-H7RS.1.0.0
2024-06-15 12:12:58,963 [WARN] PackLoader:240 - Cannot read IP mode file for STMicroelectronics.FP-ATR-ASTRA1.2.0.0
2024-06-15 12:12:59,009 [WARN] PackLoader:240 - Cannot read IP mode file for STMicroelectronics.X-CUBE-TOF1.3.4.1
2024-06-15 12:12:59,244 [WARN] PackLoader:240 - Cannot read IP mode file for STMicroelectronics.X-CUBE-AZRTOS-H7.3.2.0
2024-06-15 12:12:59,259 [INFO] ThirdParty:978 - Integrity check success = true
2024-06-15 12:12:59,265 [INFO] IntegrityCheckThread:100 - exiting critical section [integrity check]
2024-06-15 12:12:59,265 [INFO] IntegrityCheckThread:103 - End integrity checks thread
2024-06-15 12:13:03,352 [INFO] WebApp:161 - Instantiating new browser for Auth
2024-06-15 12:13:05,412 [INFO] WebApp:779 - Register for checkConnection events
2024-06-15 12:13:05,412 [INFO] WebApp:414 - Apply proxy settings
2024-06-15 12:13:05,413 [INFO] WebApp:499 - Chromium requires no authentication
2024-06-15 12:13:05,430 [INFO] WebApp:442 - Direct internet connection detected
2024-06-15 12:13:05,745 [INFO] WebApp:192 - Starting web application
2024-06-15 12:13:05,745 [INFO] WebApp:544 - Web application path used C:\ST\STM32CubeIDE_1.15.0\STM32CubeIDE\plugins\com.st.stm32cube.common.mx_6.11.1.202404110753\db\plugins\mcufinder\reactClient1\index.html
2024-06-15 18:37:17,572 [INFO] WebApp:354 - JxBrowser engine has been closed 
