2024-06-14 10:08:45,124 [INFO] Activator:176 - 


2024-06-14 10:08:45,133 [INFO] Activator:177 - !SESSION log4j initialized
2024-06-14 10:08:53,438 [INFO] LogOutputStream:77 - [STDOUT_REDIRECT] 
2024-06-14 10:09:02,251 [INFO] ApplicationProperties:184 - Using Application install path: C:\ST\STM32CubeIDE_1.15.0\STM32CubeIDE\plugins\com.st.stm32cube.common.mx_6.11.1.202404110753
2024-06-14 10:09:02,273 [INFO] DbMcusXml:78 - Set database path to: C:\ST\STM32CubeIDE_1.15.0\STM32CubeIDE\plugins\com.st.stm32cube.common.mx_6.11.1.202404110753\\db\/mcu/
2024-06-14 10:09:02,274 [INFO] ApiDb:274 - Set plugin database path to: C:\ST\STM32CubeIDE_1.15.0\STM32CubeIDE\plugins\com.st.stm32cube.common.mx_6.11.1.202404110753\\db\/plugins/boardmanager/
2024-06-14 10:09:02,275 [WARN] ApiDb:259 - Overriding images path with different value:  => C:\ST\STM32CubeIDE_1.15.0\STM32CubeIDE\plugins\com.st.stm32cube.common.mx_6.11.1.202404110753\\db\/plugins/mcufinder/images/
2024-06-14 10:09:02,279 [INFO] ApiDb:250 - Set database path to: C:\Users\shrey\.stmcufinder\plugins\mcufinder//mcu/
2024-06-14 10:09:02,280 [INFO] DbMcusAds:125 - Set database path to: C:\Users\shrey\.stmcufinder\plugins\mcufinder//mcu/
2024-06-14 10:09:02,282 [INFO] CrossReferenceDbSqlite:203 - Set database path to: C:\Users\shrey\.stmcufinder\plugins\mcufinder//mcu/cs/
2024-06-14 10:09:02,404 [INFO] RulesReader:64 - Compatibility file has been processed (297 Rules)
2024-06-14 10:09:02,531 [INFO] DbMcusXml:78 - Set database path to: C:\ST\STM32CubeIDE_1.15.0\STM32CubeIDE\plugins\com.st.stm32cube.common.mx_6.11.1.202404110753\\db\/mcu/
2024-06-14 10:09:02,532 [INFO] ApiDb:274 - Set plugin database path to: C:\ST\STM32CubeIDE_1.15.0\STM32CubeIDE\plugins\com.st.stm32cube.common.mx_6.11.1.202404110753\\db\/plugins/boardmanager/
2024-06-14 10:09:02,532 [INFO] ApiDb:261 - Set plugin images path to: C:\ST\STM32CubeIDE_1.15.0\STM32CubeIDE\plugins\com.st.stm32cube.common.mx_6.11.1.202404110753\\db\/plugins/mcufinder/images/
2024-06-14 10:09:02,532 [WARN] DbFile:41 - Overriding database path with different value: C:\Users\shrey\.stmcufinder\plugins\mcufinder/ => C:\Users\shrey\.stmcufinder\plugins\mcufinder
2024-06-14 10:09:02,533 [INFO] ApiDb:250 - Set database path to: C:\Users\shrey\.stmcufinder\plugins\mcufinder//mcu/
2024-06-14 10:09:02,533 [WARN] DbFile:41 - Overriding database path with different value: C:\Users\shrey\.stmcufinder\plugins\mcufinder/ => C:\Users\shrey\.stmcufinder\plugins\mcufinder
2024-06-14 10:09:02,533 [INFO] DbMcusAds:125 - Set database path to: C:\Users\shrey\.stmcufinder\plugins\mcufinder//mcu/
2024-06-14 10:09:02,533 [WARN] DbFile:41 - Overriding database path with different value: C:\Users\shrey\.stmcufinder\plugins\mcufinder/ => C:\Users\shrey\.stmcufinder\plugins\mcufinder
2024-06-14 10:09:02,533 [WARN] DbFile:41 - Overriding database path with different value: C:\Users\shrey\.stmcufinder\plugins\mcufinder/ => C:\Users\shrey\.stmcufinder\plugins\mcufinder
2024-06-14 10:09:02,533 [INFO] CrossReferenceDbSqlite:203 - Set database path to: C:\Users\shrey\.stmcufinder\plugins\mcufinder//mcu/cs/
2024-06-14 10:09:02,653 [INFO] MainPanel:264 - HeapMemory: 268435456
2024-06-14 10:09:02,814 [INFO] DbMcusXml:78 - Set database path to: C:\ST\STM32CubeIDE_1.15.0\STM32CubeIDE\plugins\com.st.stm32cube.common.mx_6.11.1.202404110753\\db\/mcu/
2024-06-14 10:09:02,814 [INFO] ApiDb:274 - Set plugin database path to: C:\ST\STM32CubeIDE_1.15.0\STM32CubeIDE\plugins\com.st.stm32cube.common.mx_6.11.1.202404110753\\db\/plugins/boardmanager/
2024-06-14 10:09:02,815 [INFO] ApiDb:261 - Set plugin images path to: C:\ST\STM32CubeIDE_1.15.0\STM32CubeIDE\plugins\com.st.stm32cube.common.mx_6.11.1.202404110753\\db\/plugins/mcufinder/images/
2024-06-14 10:09:02,815 [WARN] DbFile:41 - Overriding database path with different value: C:\Users\shrey\.stmcufinder\plugins\mcufinder/ => C:\Users\shrey\.stmcufinder\plugins\mcufinder
2024-06-14 10:09:02,815 [INFO] ApiDb:250 - Set database path to: C:\Users\shrey\.stmcufinder\plugins\mcufinder//mcu/
2024-06-14 10:09:02,815 [WARN] DbFile:41 - Overriding database path with different value: C:\Users\shrey\.stmcufinder\plugins\mcufinder/ => C:\Users\shrey\.stmcufinder\plugins\mcufinder
2024-06-14 10:09:02,816 [INFO] DbMcusAds:125 - Set database path to: C:\Users\shrey\.stmcufinder\plugins\mcufinder//mcu/
2024-06-14 10:09:02,816 [WARN] DbFile:41 - Overriding database path with different value: C:\Users\shrey\.stmcufinder\plugins\mcufinder/ => C:\Users\shrey\.stmcufinder\plugins\mcufinder
2024-06-14 10:09:02,816 [WARN] DbFile:41 - Overriding database path with different value: C:\Users\shrey\.stmcufinder\plugins\mcufinder/ => C:\Users\shrey\.stmcufinder\plugins\mcufinder
2024-06-14 10:09:02,816 [INFO] CrossReferenceDbSqlite:203 - Set database path to: C:\Users\shrey\.stmcufinder\plugins\mcufinder//mcu/cs/
2024-06-14 10:09:02,843 [INFO] ApplicationProperties:184 - Using Application install path: C:\ST\STM32CubeIDE_1.15.0\STM32CubeIDE\plugins\com.st.stm32cube.common.mx_6.11.1.202404110753
2024-06-14 10:09:02,844 [INFO] PluginManage:196 - Search for loadable plugins [exclusion list=, ]
2024-06-14 10:09:02,847 [INFO] PluginManage:310 - Check plugin analytics
2024-06-14 10:09:03,073 [INFO] AnalyticsPlugin:253 - Accepted Software Licenses: 
2024-06-14 10:09:03,073 [INFO] AnalyticsPlugin:255 - Accepted CMSIS Pack Licenses: 
2024-06-14 10:09:03,074 [INFO] AnalyticsPlugin:257 - Accepted Firmware Licenses: FW.F4.1.28.0
2024-06-14 10:09:03,077 [INFO] PluginManage:359 - Loaded plugin analytics (category:tool,tabindex:-1)
2024-06-14 10:09:03,078 [INFO] PluginManage:310 - Check plugin cadmodel
2024-06-14 10:09:03,119 [INFO] CADModel:105 - Init CAD model plugin
2024-06-14 10:09:03,119 [INFO] PluginManage:359 - Loaded plugin cadmodel (category:power,tabindex:5)
2024-06-14 10:09:03,119 [INFO] PluginManage:310 - Check plugin clock
2024-06-14 10:09:03,130 [INFO] PluginManage:359 - Loaded plugin clock (category:base,tabindex:2)
2024-06-14 10:09:03,130 [INFO] PluginManage:310 - Check plugin ddr
2024-06-14 10:09:03,134 [INFO] PluginManage:359 - Loaded plugin ddr (category:tool,tabindex:6)
2024-06-14 10:09:03,134 [INFO] PluginManage:310 - Check plugin filemanager
2024-06-14 10:09:03,333 [INFO] PluginManage:359 - Loaded plugin filemanager (category:base,tabindex:10)
2024-06-14 10:09:03,334 [INFO] PluginManage:310 - Check plugin ipmanager
2024-06-14 10:09:03,342 [INFO] PluginManage:359 - Loaded plugin ipmanager (category:base,tabindex:5)
2024-06-14 10:09:03,343 [INFO] PluginManage:310 - Check plugin lpbam
2024-06-14 10:09:03,384 [INFO] PluginManage:359 - Loaded plugin lpbam (category:base,tabindex:0)
2024-06-14 10:09:03,384 [INFO] PluginManage:310 - Check plugin memorymap
2024-06-14 10:09:03,401 [INFO] PluginManage:359 - Loaded plugin memorymap (category:base,tabindex:4)
2024-06-14 10:09:03,401 [INFO] PluginManage:310 - Check plugin pinoutandconfiguration
2024-06-14 10:09:03,411 [INFO] PluginManage:359 - Loaded plugin pinoutandconfiguration (category:base,tabindex:1)
2024-06-14 10:09:03,412 [INFO] PluginManage:310 - Check plugin pinoutconfig
2024-06-14 10:09:03,528 [WARN] SupportedApi:132 - Cannot load RTOS API schema: s4s-elt-must-match.1: The content of 'definitions' must match (annotation?, (simpleType | complexType)?, (unique | key | keyref)*)). A problem was found starting at: attribute.
2024-06-14 10:09:03,725 [INFO] PluginManage:359 - Loaded plugin pinoutconfig (category:base,tabindex:0)
2024-06-14 10:09:03,726 [INFO] PluginManage:310 - Check plugin power
2024-06-14 10:09:03,742 [INFO] PluginManage:359 - Loaded plugin power (category:power,tabindex:4)
2024-06-14 10:09:03,743 [INFO] PluginManage:310 - Check plugin projectmanager
2024-06-14 10:09:03,766 [INFO] PluginManage:359 - Loaded plugin projectmanager (category:projectmanager,tabindex:3)
2024-06-14 10:09:03,766 [INFO] PluginManage:310 - Check plugin thirdparty
2024-06-14 10:09:03,923 [INFO] PluginManage:359 - Loaded plugin thirdparty (category:base,tabindex:-1)
2024-06-14 10:09:03,923 [INFO] PluginManage:310 - Check plugin tools
2024-06-14 10:09:03,923 [WARN] IntegrityCheckThread:84 - waiting for thirdparty lock release [integrity check]
2024-06-14 10:09:03,924 [INFO] IntegrityCheckThread:86 - entering critical section [integrity check]
2024-06-14 10:09:03,924 [INFO] ThirdPartyUpdaterWithRetryManager:70 - Updater plugin not ready yet. [1/15]
2024-06-14 10:09:03,926 [INFO] PluginManage:359 - Loaded plugin tools (category:base,tabindex:7)
2024-06-14 10:09:03,926 [INFO] PluginManage:310 - Check plugin tutovideos
2024-06-14 10:09:04,145 [INFO] PluginManage:359 - Loaded plugin tutovideos (category:base,tabindex:-1)
2024-06-14 10:09:04,145 [INFO] PluginManage:310 - Check plugin updater
2024-06-14 10:09:04,158 [INFO] PluginManage:359 - Loaded plugin updater (category:base,tabindex:12)
2024-06-14 10:09:04,158 [INFO] PluginManage:310 - Check plugin userauth
2024-06-14 10:09:04,165 [INFO] UserAuth:114 - Init User Auth plugin
2024-06-14 10:09:04,165 [INFO] PluginManage:359 - Loaded plugin userauth (category:base,tabindex:14)
2024-06-14 10:09:04,166 [INFO] PluginManage:283 - PluginManage : Loaded plugins [17]
2024-06-14 10:09:04,458 [INFO] PinOutPanel:1561 - setPackage(No Configuration,No Configuration)
2024-06-14 10:09:04,566 [INFO] CADModel:165 - CPN selected for project level
2024-06-14 10:09:04,567 [INFO] CADModel:114 - Register for checkConnection events
2024-06-14 10:09:04,589 [INFO] IPUIPlugin:80 - create IPUIPlugin
2024-06-14 10:09:04,590 [INFO] PluginManager:220 - loadIPPluginJar : add adc
2024-06-14 10:09:04,592 [INFO] IPUIPlugin:80 - create IPUIPlugin
2024-06-14 10:09:04,593 [INFO] PluginManager:220 - loadIPPluginJar : add aes
2024-06-14 10:09:04,596 [INFO] IPUIPlugin:80 - create IPUIPlugin
2024-06-14 10:09:04,596 [INFO] PluginManager:220 - loadIPPluginJar : add can
2024-06-14 10:09:04,597 [INFO] IPUIPlugin:80 - create IPUIPlugin
2024-06-14 10:09:04,598 [INFO] PluginManager:220 - loadIPPluginJar : add comp
2024-06-14 10:09:04,600 [INFO] IPUIPlugin:80 - create IPUIPlugin
2024-06-14 10:09:04,600 [INFO] PluginManager:220 - loadIPPluginJar : add cryp
2024-06-14 10:09:04,603 [INFO] IPUIPlugin:80 - create IPUIPlugin
2024-06-14 10:09:04,603 [INFO] PluginManager:220 - loadIPPluginJar : add dfsdm
2024-06-14 10:09:04,609 [INFO] IPUIPlugin:80 - create IPUIPlugin
2024-06-14 10:09:04,610 [INFO] PluginManager:220 - loadIPPluginJar : add dma
2024-06-14 10:09:04,612 [INFO] IPUIPlugin:80 - create IPUIPlugin
2024-06-14 10:09:04,612 [INFO] PluginManager:220 - loadIPPluginJar : add dma3
2024-06-14 10:09:04,615 [INFO] IPUIPlugin:80 - create IPUIPlugin
2024-06-14 10:09:04,615 [INFO] PluginManager:220 - loadIPPluginJar : add extmemmanager
2024-06-14 10:09:04,617 [INFO] IPUIPlugin:80 - create IPUIPlugin
2024-06-14 10:09:04,617 [INFO] PluginManager:220 - loadIPPluginJar : add fatfs
2024-06-14 10:09:04,623 [INFO] IPUIPlugin:80 - create IPUIPlugin
2024-06-14 10:09:04,623 [INFO] PluginManager:220 - loadIPPluginJar : add fmc
2024-06-14 10:09:04,631 [INFO] IPUIPlugin:80 - create IPUIPlugin
2024-06-14 10:09:04,631 [INFO] PluginManager:220 - loadIPPluginJar : add freertos
2024-06-14 10:09:04,633 [INFO] IPUIPlugin:80 - create IPUIPlugin
2024-06-14 10:09:04,634 [INFO] PluginManager:220 - loadIPPluginJar : add genericplugin
2024-06-14 10:09:04,637 [INFO] IPUIPlugin:80 - create IPUIPlugin
2024-06-14 10:09:04,637 [INFO] PluginManager:220 - loadIPPluginJar : add gfxmmu
2024-06-14 10:09:04,645 [INFO] IPUIPlugin:80 - create IPUIPlugin
2024-06-14 10:09:04,645 [INFO] PluginManager:220 - loadIPPluginJar : add gic
2024-06-14 10:09:04,651 [INFO] IPUIPlugin:80 - create IPUIPlugin
2024-06-14 10:09:04,652 [INFO] PluginManager:220 - loadIPPluginJar : add gpio
2024-06-14 10:09:04,656 [INFO] IPUIPlugin:80 - create IPUIPlugin
2024-06-14 10:09:04,656 [INFO] PluginManager:220 - loadIPPluginJar : add gtzc
2024-06-14 10:09:04,660 [INFO] IPUIPlugin:80 - create IPUIPlugin
2024-06-14 10:09:04,660 [INFO] PluginManager:220 - loadIPPluginJar : add hash
2024-06-14 10:09:04,664 [INFO] IPUIPlugin:80 - create IPUIPlugin
2024-06-14 10:09:04,664 [INFO] PluginManager:220 - loadIPPluginJar : add i2c
2024-06-14 10:09:04,668 [INFO] IPUIPlugin:80 - create IPUIPlugin
2024-06-14 10:09:04,668 [INFO] PluginManager:220 - loadIPPluginJar : add i2s
2024-06-14 10:09:04,673 [INFO] IPUIPlugin:80 - create IPUIPlugin
2024-06-14 10:09:04,673 [INFO] PluginManager:220 - loadIPPluginJar : add i3c
2024-06-14 10:09:04,677 [INFO] IPUIPlugin:80 - create IPUIPlugin
2024-06-14 10:09:04,677 [INFO] PluginManager:220 - loadIPPluginJar : add ipddr
2024-06-14 10:09:04,685 [INFO] IPUIPlugin:80 - create IPUIPlugin
2024-06-14 10:09:04,685 [INFO] PluginManager:220 - loadIPPluginJar : add linkedlist
2024-06-14 10:09:04,689 [INFO] IPUIPlugin:80 - create IPUIPlugin
2024-06-14 10:09:04,689 [INFO] PluginManager:220 - loadIPPluginJar : add lorawan
2024-06-14 10:09:04,690 [INFO] IPUIPlugin:80 - create IPUIPlugin
2024-06-14 10:09:04,691 [INFO] PluginManager:220 - loadIPPluginJar : add ltdc
2024-06-14 10:09:04,697 [INFO] IPUIPlugin:80 - create IPUIPlugin
2024-06-14 10:09:04,697 [INFO] PluginManager:220 - loadIPPluginJar : add mdma
2024-06-14 10:09:04,701 [INFO] IPUIPlugin:80 - create IPUIPlugin
2024-06-14 10:09:04,701 [INFO] PluginManager:220 - loadIPPluginJar : add nvic
2024-06-14 10:09:04,704 [INFO] IPUIPlugin:80 - create IPUIPlugin
2024-06-14 10:09:04,704 [INFO] PluginManager:220 - loadIPPluginJar : add opamp
2024-06-14 10:09:04,707 [INFO] IPUIPlugin:80 - create IPUIPlugin
2024-06-14 10:09:04,708 [INFO] PluginManager:220 - loadIPPluginJar : add openamp
2024-06-14 10:09:04,710 [INFO] IPUIPlugin:80 - create IPUIPlugin
2024-06-14 10:09:04,710 [INFO] PluginManager:220 - loadIPPluginJar : add pdm2pcm
2024-06-14 10:09:04,716 [INFO] IPUIPlugin:80 - create IPUIPlugin
2024-06-14 10:09:04,719 [INFO] PluginManager:220 - loadIPPluginJar : add plateformsettings
2024-06-14 10:09:04,720 [INFO] IPUIPlugin:80 - create IPUIPlugin
2024-06-14 10:09:04,720 [INFO] PluginManager:220 - loadIPPluginJar : add quadspi
2024-06-14 10:09:04,723 [INFO] IPUIPlugin:80 - create IPUIPlugin
2024-06-14 10:09:04,723 [INFO] PluginManager:220 - loadIPPluginJar : add resmgrutility
2024-06-14 10:09:04,726 [INFO] IPUIPlugin:80 - create IPUIPlugin
2024-06-14 10:09:04,726 [INFO] PluginManager:220 - loadIPPluginJar : add sai
2024-06-14 10:09:04,727 [INFO] IPUIPlugin:80 - create IPUIPlugin
2024-06-14 10:09:04,728 [INFO] PluginManager:220 - loadIPPluginJar : add spi
2024-06-14 10:09:04,732 [INFO] IPUIPlugin:80 - create IPUIPlugin
2024-06-14 10:09:04,732 [INFO] PluginManager:220 - loadIPPluginJar : add stm32_wpan
2024-06-14 10:09:04,734 [INFO] IPUIPlugin:80 - create IPUIPlugin
2024-06-14 10:09:04,734 [INFO] PluginManager:220 - loadIPPluginJar : add tim
2024-06-14 10:09:04,737 [INFO] IPUIPlugin:80 - create IPUIPlugin
2024-06-14 10:09:04,737 [INFO] PluginManager:220 - loadIPPluginJar : add touchsensing
2024-06-14 10:09:04,739 [INFO] IPUIPlugin:80 - create IPUIPlugin
2024-06-14 10:09:04,739 [INFO] PluginManager:220 - loadIPPluginJar : add tracer_emb
2024-06-14 10:09:04,740 [INFO] IPUIPlugin:80 - create IPUIPlugin
2024-06-14 10:09:04,740 [INFO] PluginManager:220 - loadIPPluginJar : add ts
2024-06-14 10:09:04,742 [INFO] IPUIPlugin:80 - create IPUIPlugin
2024-06-14 10:09:04,742 [INFO] PluginManager:220 - loadIPPluginJar : add tsc
2024-06-14 10:09:04,743 [INFO] IPUIPlugin:80 - create IPUIPlugin
2024-06-14 10:09:04,744 [INFO] PluginManager:220 - loadIPPluginJar : add ucpd
2024-06-14 10:09:04,747 [INFO] IPUIPlugin:80 - create IPUIPlugin
2024-06-14 10:09:04,747 [INFO] PluginManager:220 - loadIPPluginJar : add usart
2024-06-14 10:09:04,750 [INFO] IPUIPlugin:80 - create IPUIPlugin
2024-06-14 10:09:04,750 [INFO] PluginManager:220 - loadIPPluginJar : add usbx
2024-06-14 10:09:04,888 [INFO] CADModel:165 - CPN selected for project level
2024-06-14 10:09:04,888 [INFO] CADModel:114 - Register for checkConnection events
2024-06-14 10:09:04,888 [FATAL] Updater:308 - Updater called before beeing initialized
2024-06-14 10:09:04,889 [ERROR] CADModel:125 - Updater not yet initialized, retry later 
2024-06-14 10:09:05,074 [INFO] CADModel:165 - CPN selected for project level
2024-06-14 10:09:05,075 [INFO] CADModel:114 - Register for checkConnection events
2024-06-14 10:09:05,075 [FATAL] Updater:308 - Updater called before beeing initialized
2024-06-14 10:09:05,075 [ERROR] CADModel:125 - Updater not yet initialized, retry later 
2024-06-14 10:09:05,078 [FATAL] Updater:308 - Updater called before beeing initialized
2024-06-14 10:09:05,221 [FATAL] Updater:308 - Updater called before beeing initialized
2024-06-14 10:09:05,227 [INFO] DbMcusAds:53 - JSON generation date=Thu May 16 14:52:00 IST 2024 (1715851320667)
2024-06-14 10:09:05,227 [FATAL] Updater:308 - Updater called before beeing initialized
2024-06-14 10:09:05,277 [WARN] DetailPanel:346 - Failed to get advertising image, set to default
2024-06-14 10:09:05,381 [FATAL] Updater:308 - Updater called before beeing initialized
2024-06-14 10:09:05,383 [FATAL] Updater:308 - Updater called before beeing initialized
2024-06-14 10:09:05,383 [FATAL] Updater:308 - Updater called before beeing initialized
2024-06-14 10:09:05,383 [WARN] DetailPanel:346 - Failed to get advertising image, set to default
2024-06-14 10:09:05,384 [FATAL] Updater:308 - Updater called before beeing initialized
2024-06-14 10:09:05,437 [ERROR] Updater:1120 - MainUpdater not yet initialized. External WinMGr cannot be set.
2024-06-14 10:09:05,440 [INFO] Updater:1056 - Updater Version found : 6.11.1
2024-06-14 10:09:05,461 [INFO] ApplicationProperties:184 - Using Application install path: C:\ST\STM32CubeIDE_1.15.0\STM32CubeIDE\plugins\com.st.stm32cube.common.mx_6.11.1.202404110753
2024-06-14 10:09:06,926 [INFO] ThirdPartyUpdaterWithRetryManager:70 - Updater plugin not ready yet. [2/15]
2024-06-14 10:09:07,040 [ERROR] LogOutputStream:75 - [STDERR_REDIRECT] Jun 14, 2024 10:09:07 AM java.util.prefs.WindowsPreferences <init>
2024-06-14 10:09:07,042 [ERROR] LogOutputStream:75 - [STDERR_REDIRECT] WARNING: Could not open/create prefs root node Software\JavaSoft\Prefs at root 0xffffffff80000002. Windows RegCreateKeyEx(...) returned error code 5.
2024-06-14 10:09:07,042 [ERROR] LogOutputStream:75 - [STDERR_REDIRECT] 
2024-06-14 10:09:07,509 [INFO] MainUpdater:2873 - connection check result : 10
2024-06-14 10:09:07,511 [INFO] MainUpdater:290 - Updater Check For Update Now.
2024-06-14 10:09:07,511 [INFO] MicroXplorer:498 - Change Database Version : DB.6.0.111
2024-06-14 10:09:07,517 [INFO] McuFinderGlobals:63 - Set McuFinder mode to 2 (CubeIDE integrated)
2024-06-14 10:09:07,525 [INFO] UserAuth:415 - Internet connection configuration mode: 1
2024-06-14 10:09:07,550 [INFO] JxBrowserEngine:152 - Initiate JxBrowser Engine with user profile folder
2024-06-14 10:09:07,752 [INFO] CheckServerUpdateThread:120 - End of CheckServer Thread
2024-06-14 10:09:10,355 [WARN] PackLoader:240 - Cannot read IP mode file for STMicroelectronics.FP-SNS-MOTENVWB1.1.4.0
2024-06-14 10:09:10,369 [WARN] PackLoader:240 - Cannot read IP mode file for STMicroelectronics.X-CUBE-SMBUS.2.1.0
2024-06-14 10:09:10,377 [WARN] PackLoader:240 - Cannot read IP mode file for STMicroelectronics.X-CUBE-TOUCHGFX.4.23.1
2024-06-14 10:09:10,381 [WARN] PackLoader:240 - Cannot read IP mode file for STMicroelectronics.X-CUBE-TOUCHGFX.4.23.0
2024-06-14 10:09:10,386 [WARN] PackLoader:240 - Cannot read IP mode file for STMicroelectronics.X-CUBE-TOUCHGFX.4.23.2
2024-06-14 10:09:10,429 [WARN] PackLoader:240 - Cannot read IP mode file for STMicroelectronics.X-CUBE-AZRTOS-F7.1.1.0
2024-06-14 10:09:10,446 [WARN] PackLoader:240 - Cannot read IP mode file for STMicroelectronics.FP-SNS-MOTENV1.4.3.2
2024-06-14 10:09:10,455 [WARN] PackLoader:240 - Cannot read IP mode file for STMicroelectronics.FP-SNS-FLIGHT1.5.0.2
2024-06-14 10:09:10,466 [WARN] PackLoader:240 - Cannot read IP mode file for STMicroelectronics.X-CUBE-DISPLAY.3.0.0
2024-06-14 10:09:10,481 [WARN] PackLoader:240 - Cannot read IP mode file for STMicroelectronics.X-CUBE-BLE1.7.0.0
2024-06-14 10:09:10,488 [WARN] PackLoader:240 - Cannot read IP mode file for emotas.I-CUBE-CANOPEN.1.3.0
2024-06-14 10:09:10,503 [WARN] PackLoader:240 - Cannot read IP mode file for STMicroelectronics.X-CUBE-BLEMGR.3.1.0
2024-06-14 10:09:10,517 [WARN] PackLoader:240 - Cannot read IP mode file for STMicroelectronics.FP-SNS-SMARTAG2.1.2.0
2024-06-14 10:09:10,536 [INFO] LogOutputStream:77 - [STDOUT_REDIRECT] 1 : Invalid condition id : UX_CORESTACK_Condition cause : null
2024-06-14 10:09:10,537 [INFO] LogOutputStream:77 - [STDOUT_REDIRECT] 1 : Invalid condition id : UX_CORESTACK_Condition cause : null
2024-06-14 10:09:10,540 [INFO] LogOutputStream:77 - [STDOUT_REDIRECT] 1 : Invalid condition id : UX_CORESTACK_Condition cause : null
2024-06-14 10:09:10,541 [INFO] LogOutputStream:77 - [STDOUT_REDIRECT] 1 : Invalid condition id : UX_CORESTACK_Condition cause : null
2024-06-14 10:09:10,542 [INFO] LogOutputStream:77 - [STDOUT_REDIRECT] 1 : Invalid condition id : UX_CORESTACK_Condition cause : null
2024-06-14 10:09:10,549 [WARN] PackLoader:240 - Cannot read IP mode file for STMicroelectronics.X-CUBE-AZRTOS-WL.2.0.0
2024-06-14 10:09:10,557 [WARN] PackLoader:240 - Cannot read IP mode file for STMicroelectronics.FP-SNS-MOTENV1.5.0.0
2024-06-14 10:09:10,576 [WARN] PackLoader:240 - Cannot read IP mode file for WES.I-CUBE-Cesium.1.3.0
2024-06-14 10:09:10,583 [WARN] PackLoader:240 - Cannot read IP mode file for STMicroelectronics.X-CUBE-BLE2.3.3.0
2024-06-14 10:09:10,591 [WARN] PackLoader:240 - Cannot read IP mode file for STMicroelectronics.X-CUBE-TCPP.4.1.0
2024-06-14 10:09:10,602 [WARN] PackLoader:240 - Cannot read IP mode file for STMicroelectronics.X-CUBE-ALGOBUILD.1.3.0
2024-06-14 10:09:10,625 [WARN] PackLoader:240 - Cannot read IP mode file for STMicroelectronics.X-CUBE-AZRTOS-G0.1.1.0
2024-06-14 10:09:10,637 [WARN] PackLoader:240 - Cannot read IP mode file for STMicroelectronics.X-CUBE-SAFEA1.1.2.2
2024-06-14 10:09:10,646 [WARN] PackLoader:240 - Cannot read IP mode file for STMicroelectronics.X-CUBE-NFC4.3.0.0
2024-06-14 10:09:10,655 [WARN] PackLoader:240 - Cannot read IP mode file for wolfSSL.I-CUBE-wolfMQTT.1.18.0
2024-06-14 10:09:10,661 [WARN] PackLoader:240 - Cannot read IP mode file for STMicroelectronics.FP-ATR-SIGFOX1.3.2.0
2024-06-14 10:09:10,671 [WARN] PackLoader:240 - Cannot read IP mode file for STMicroelectronics.X-CUBE-EEPRMA1.5.1.0
2024-06-14 10:09:10,729 [WARN] PackLoader:240 - Cannot read IP mode file for SEGGER.I-CUBE-embOS.1.3.1
2024-06-14 10:09:10,790 [WARN] PackLoader:240 - Cannot read IP mode file for STMicroelectronics.X-CUBE-ALGOBUILD.1.4.0
2024-06-14 10:09:10,797 [WARN] PackLoader:240 - Cannot read IP mode file for STMicroelectronics.X-CUBE-GNSS1.6.0.0
2024-06-14 10:09:10,823 [WARN] PackLoader:240 - Cannot read IP mode file for STMicroelectronics.X-CUBE-AZRTOS-F4.1.1.0
2024-06-14 10:09:10,835 [WARN] PackLoader:240 - Cannot read IP mode file for STMicroelectronics.X-CUBE-FREERTOS.1.2.0
2024-06-14 10:09:10,840 [WARN] PackLoader:240 - Cannot read IP mode file for wolfSSL.I-CUBE-wolfSSL.5.6.6
2024-06-14 10:09:10,861 [WARN] PackLoader:240 - Cannot read IP mode file for STMicroelectronics.X-CUBE-AZRTOS-L5.2.0.0
2024-06-14 10:09:10,874 [WARN] PackLoader:240 - Cannot read IP mode file for STMicroelectronics.X-CUBE-NFC6.3.1.0
2024-06-14 10:09:10,885 [WARN] PackLoader:240 - Cannot read IP mode file for ITTIA_DB.I-CUBE-ITTIADB.8.8.0
2024-06-14 10:09:10,891 [WARN] PackLoader:240 - Cannot read IP mode file for STMicroelectronics.X-CUBE-AI.9.0.0
2024-06-14 10:09:10,898 [WARN] PackLoader:240 - Cannot read IP mode file for STMicroelectronics.X-CUBE-NFC7.1.0.1
2024-06-14 10:09:10,905 [WARN] PackLoader:240 - Cannot read IP mode file for STMicroelectronics.X-CUBE-AI.8.1.0
2024-06-14 10:09:10,932 [WARN] ConditionMgr:438 - getConditionDescription Invalid condition id : LAN8742 Phy interface Condition cause : null
2024-06-14 10:09:10,933 [WARN] PackLoader:240 - Cannot read IP mode file for STMicroelectronics.X-CUBE-AZRTOS-L4.2.0.0
2024-06-14 10:09:10,935 [WARN] ConditionMgr:1039 - genDependencies : Invalid condition id : LAN8742 Phy interface Condition cause : null
2024-06-14 10:09:10,935 [WARN] ConditionMgr:1039 - genDependencies : Invalid condition id : LAN8742 Phy interface Condition cause : null
2024-06-14 10:09:10,937 [WARN] ConditionMgr:1039 - genDependencies : Invalid condition id : LAN8742 Phy interface Condition cause : null
2024-06-14 10:09:10,946 [WARN] PackLoader:240 - Cannot read IP mode file for STMicroelectronics.X-CUBE-SFXS2LP1.4.0.0
2024-06-14 10:09:10,997 [WARN] ConditionMgr:438 - getConditionDescription Invalid condition id : UX DEVICE CLASS RTOS Condition cause : null
2024-06-14 10:09:10,997 [WARN] ConditionMgr:438 - getConditionDescription Invalid condition id : UX DEVICE CLASS RTOS Condition cause : null
2024-06-14 10:09:11,000 [WARN] PackLoader:240 - Cannot read IP mode file for STMicroelectronics.X-CUBE-AZRTOS-WB.2.0.0
2024-06-14 10:09:11,000 [WARN] ConditionMgr:1039 - genDependencies : Invalid condition id : UX DEVICE CLASS RTOS Condition cause : null
2024-06-14 10:09:11,001 [WARN] ConditionMgr:1039 - genDependencies : Invalid condition id : UX DEVICE CLASS RTOS Condition cause : null
2024-06-14 10:09:11,001 [WARN] ConditionMgr:1039 - genDependencies : Invalid condition id : UX DEVICE CLASS RTOS Condition cause : null
2024-06-14 10:09:11,002 [WARN] ConditionMgr:1039 - genDependencies : Invalid condition id : UX DEVICE CLASS RTOS Condition cause : null
2024-06-14 10:09:11,002 [WARN] ConditionMgr:1039 - genDependencies : Invalid condition id : UX DEVICE CLASS RTOS Condition cause : null
2024-06-14 10:09:11,014 [WARN] PackLoader:240 - Cannot read IP mode file for STMicroelectronics.X-CUBE-SUBG2.5.0.0
2024-06-14 10:09:11,046 [WARN] PackLoader:240 - Cannot read IP mode file for STMicroelectronics.X-CUBE-AZRTOS-G4.2.0.0
2024-06-14 10:09:11,067 [WARN] PackLoader:240 - Cannot read IP mode file for Infineon.AIROC-Wi-Fi-Bluetooth-STM32.1.5.1
2024-06-14 10:09:11,074 [WARN] PackLoader:240 - Cannot read IP mode file for STMicroelectronics.FP-SNS-MOTENVWB1.1.3.1
2024-06-14 10:09:11,080 [WARN] PackLoader:240 - Cannot read IP mode file for STMicroelectronics.X-CUBE-ISPU.2.0.0
2024-06-14 10:09:11,087 [WARN] PackLoader:240 - Cannot read IP mode file for STMicroelectronics.X-CUBE-ALS.1.0.2
2024-06-14 10:09:11,092 [INFO] WebApp:161 - Instantiating new browser for Auth
2024-06-14 10:09:11,131 [WARN] PackLoader:240 - Cannot read IP mode file for STMicroelectronics.X-CUBE-MEMS1.10.0.0
2024-06-14 10:09:11,298 [WARN] PackLoader:240 - Cannot read IP mode file for STMicroelectronics.X-CUBE-FREERTOS.1.1.0
2024-06-14 10:09:11,306 [WARN] PackLoader:240 - Cannot read IP mode file for portGmbH.I-Cube-SoM-uGOAL.1.1.0
2024-06-14 10:09:11,310 [WARN] PackLoader:240 - Cannot read IP mode file for STMicroelectronics.X-CUBE-ALS.1.0.1
2024-06-14 10:09:11,333 [WARN] PackLoader:240 - Cannot read IP mode file for STMicroelectronics.X-CUBE-AZRTOS-H7RS.1.0.0
2024-06-14 10:09:11,341 [WARN] PackLoader:240 - Cannot read IP mode file for STMicroelectronics.FP-ATR-ASTRA1.2.0.0
2024-06-14 10:09:11,356 [WARN] PackLoader:240 - Cannot read IP mode file for STMicroelectronics.X-CUBE-TOF1.3.4.1
2024-06-14 10:09:11,397 [WARN] PackLoader:240 - Cannot read IP mode file for STMicroelectronics.X-CUBE-AZRTOS-H7.3.2.0
2024-06-14 10:09:11,402 [INFO] ThirdParty:978 - Integrity check success = true
2024-06-14 10:09:11,403 [INFO] IntegrityCheckThread:100 - exiting critical section [integrity check]
2024-06-14 10:09:11,403 [INFO] IntegrityCheckThread:103 - End integrity checks thread
2024-06-14 10:09:13,000 [INFO] WebApp:779 - Register for checkConnection events
2024-06-14 10:09:13,000 [INFO] WebApp:414 - Apply proxy settings
2024-06-14 10:09:13,000 [INFO] WebApp:499 - Chromium requires no authentication
2024-06-14 10:09:13,012 [INFO] WebApp:442 - Direct internet connection detected
2024-06-14 10:09:13,216 [INFO] WebApp:192 - Starting web application
2024-06-14 10:09:13,216 [INFO] WebApp:544 - Web application path used C:\ST\STM32CubeIDE_1.15.0\STM32CubeIDE\plugins\com.st.stm32cube.common.mx_6.11.1.202404110753\db\plugins\mcufinder\reactClient1\index.html
2024-06-14 19:15:43,505 [INFO] WebApp:354 - JxBrowser engine has been closed 
